running egg_info
writing ../../../build/arduino_communication/arduino_communication.egg-info/PKG-INFO
writing dependency_links to ../../../build/arduino_communication/arduino_communication.egg-info/dependency_links.txt
writing entry points to ../../../build/arduino_communication/arduino_communication.egg-info/entry_points.txt
writing requirements to ../../../build/arduino_communication/arduino_communication.egg-info/requires.txt
writing top-level names to ../../../build/arduino_communication/arduino_communication.egg-info/top_level.txt
reading manifest file '../../../build/arduino_communication/arduino_communication.egg-info/SOURCES.txt'
writing manifest file '../../../build/arduino_communication/arduino_communication.egg-info/SOURCES.txt'
running build
running build_py
running install
running install_lib
running install_data
running install_egg_info
removing '/home/spider/gwpspider_ws/install/arduino_communication/lib/python3.10/site-packages/arduino_communication-0.0.0-py3.10.egg-info' (and everything under it)
Copying ../../../build/arduino_communication/arduino_communication.egg-info to /home/spider/gwpspider_ws/install/arduino_communication/lib/python3.10/site-packages/arduino_communication-0.0.0-py3.10.egg-info
/usr/lib/python3/dist-packages/setuptools/command/install.py:34: SetuptoolsDeprecationWarning: setup.py install is deprecated. Use build and pip and other standards-based tools.
  warnings.warn(
running install_scripts
Installing grippers_controller script to /home/spider/gwpspider_ws/install/arduino_communication/lib/arduino_communication
Installing water_pumps_bno_controller script to /home/spider/gwpspider_ws/install/arduino_communication/lib/arduino_communication
writing list of installed files to '/home/spider/gwpspider_ws/build/arduino_communication/install.log'
