[0.977s] Invoking command in '/home/spider/gwpspider_ws/build/gwpspider_interfaces': CMAKE_PREFIX_PATH=${CMAKE_PREFIX_PATH}:/home/spider/gwpspider_ws/install/utils:/home/spider/gwpspider_ws/install/planning:/home/spider/gwpspider_ws/install/dynamixel_interface:/home/spider/gwpspider_ws/install/configuration:/home/spider/gwpspider_ws/install/calculations:/home/spider/gwpspider_ws/install/arduino_communication:/opt/ros/humble /home/spider/.local/bin/cmake --build /home/spider/gwpspider_ws/build/gwpspider_interfaces -- -j8 -l8
[1.461s] -- Found ament_cmake: 1.3.4 (/opt/ros/humble/share/ament_cmake/cmake)
[1.462s] -- Found rosidl_default_generators: 1.2.0 (/opt/ros/humble/share/rosidl_default_generators/cmake)
[1.462s] -- Using all available rosidl_typesupport_c: rosidl_typesupport_fastrtps_c;rosidl_typesupport_introspection_c
[1.462s] -- Found rosidl_adapter: 3.1.4 (/opt/ros/humble/share/rosidl_adapter/cmake)
[1.462s] -- Using all available rosidl_typesupport_cpp: rosidl_typesupport_fastrtps_cpp;rosidl_typesupport_introspection_cpp
[1.463s] -- Found std_msgs: 4.2.3 (/opt/ros/humble/share/std_msgs/cmake)
[1.719s] -- Found ament_cmake_ros: 0.10.0 (/opt/ros/humble/share/ament_cmake_ros/cmake)
[2.098s] -- Using all available rosidl_typesupport_c: rosidl_typesupport_fastrtps_c;rosidl_typesupport_introspection_c
[2.646s] -- Using all available rosidl_typesupport_cpp: rosidl_typesupport_fastrtps_cpp;rosidl_typesupport_introspection_cpp
[2.668s] -- Found python_cmake_module: 0.10.0 (/opt/ros/humble/share/python_cmake_module/cmake)
[2.690s] -- Using PYTHON_EXECUTABLE: /usr/bin/python3
[2.691s] -- Using PYTHON_INCLUDE_DIRS: /usr/include/python3.10
[2.691s] -- Using PYTHON_LIBRARIES: /usr/lib/x86_64-linux-gnu/libpython3.10.so
[2.718s] -- Found ament_lint_auto: 0.12.6 (/opt/ros/humble/share/ament_lint_auto/cmake)
[2.726s] -- Added test 'lint_cmake' to check CMake code style
[2.727s] -- Added test 'xmllint' to check XML markup files
[2.728s] -- Configuring done
[2.772s] -- Generating done
[2.774s] -- Build files have been written to: /home/spider/gwpspider_ws/build/gwpspider_interfaces
[2.795s] [  1%] [34m[1mGenerating C code for ROS interfaces[0m
[2.803s] [  1%] [34m[1mGenerating C++ code for ROS interfaces[0m
[2.813s] [  1%] Built target ament_cmake_python_copy_gwpspider_interfaces
[3.063s] running egg_info
[3.064s] writing gwpspider_interfaces.egg-info/PKG-INFO
[3.064s] writing dependency_links to gwpspider_interfaces.egg-info/dependency_links.txt
[3.064s] writing top-level names to gwpspider_interfaces.egg-info/top_level.txt
[3.067s] reading manifest file 'gwpspider_interfaces.egg-info/SOURCES.txt'
[3.067s] writing manifest file 'gwpspider_interfaces.egg-info/SOURCES.txt'
[3.090s] [  1%] Built target ament_cmake_python_build_gwpspider_interfaces_egg
[3.810s] [  1%] Built target gwpspider_interfaces__cpp
[3.822s] [  2%] [34m[1mGenerating C++ type support dispatch for ROS interfaces[0m
[3.822s] [  3%] [34m[1mGenerating C++ introspection for ROS interfaces[0m
[3.822s] [  3%] [34m[1mGenerating C++ type support for eProsima Fast-RTPS[0m
[4.220s] [35m[1mConsolidate compiler generated dependencies of target gwpspider_interfaces__rosidl_generator_c[0m
[4.241s] [  5%] [32mBuilding C object CMakeFiles/gwpspider_interfaces__rosidl_generator_c.dir/rosidl_generator_c/gwpspider_interfaces/msg/detail/water_pump_command__functions.c.o[0m
[4.241s] [  5%] [32mBuilding C object CMakeFiles/gwpspider_interfaces__rosidl_generator_c.dir/rosidl_generator_c/gwpspider_interfaces/msg/detail/bno_data__functions.c.o[0m
[4.242s] [  6%] [32mBuilding C object CMakeFiles/gwpspider_interfaces__rosidl_generator_c.dir/rosidl_generator_c/gwpspider_interfaces/msg/detail/gripper_command__functions.c.o[0m
[4.249s] [  7%] [32mBuilding C object CMakeFiles/gwpspider_interfaces__rosidl_generator_c.dir/rosidl_generator_c/gwpspider_interfaces/msg/detail/dynamixel_motors_data__functions.c.o[0m
[4.250s] [  8%] [32mBuilding C object CMakeFiles/gwpspider_interfaces__rosidl_generator_c.dir/rosidl_generator_c/gwpspider_interfaces/srv/detail/move_gripper__functions.c.o[0m
[4.322s] [  9%] [32mBuilding C object CMakeFiles/gwpspider_interfaces__rosidl_generator_c.dir/rosidl_generator_c/gwpspider_interfaces/srv/detail/control_water_pump__functions.c.o[0m
[4.355s] [ 10%] [32mBuilding C object CMakeFiles/gwpspider_interfaces__rosidl_generator_c.dir/rosidl_generator_c/gwpspider_interfaces/srv/detail/init_bno__functions.c.o[0m
[4.363s] [ 11%] [32mBuilding C object CMakeFiles/gwpspider_interfaces__rosidl_generator_c.dir/rosidl_generator_c/gwpspider_interfaces/srv/detail/set_bus_watchdog__functions.c.o[0m
[4.369s] [ 11%] [32mBuilding C object CMakeFiles/gwpspider_interfaces__rosidl_generator_c.dir/rosidl_generator_c/gwpspider_interfaces/srv/detail/toggle_motors_torque__functions.c.o[0m
[4.397s] [ 12%] [32mBuilding C object CMakeFiles/gwpspider_interfaces__rosidl_generator_c.dir/rosidl_generator_c/gwpspider_interfaces/srv/detail/get_walking_instructions__functions.c.o[0m
[4.453s] [ 13%] [32mBuilding C object CMakeFiles/gwpspider_interfaces__rosidl_generator_c.dir/rosidl_generator_c/gwpspider_interfaces/srv/detail/get_modified_walking_instructions__functions.c.o[0m
[4.548s] [ 14%] [32m[1mLinking C shared library libgwpspider_interfaces__rosidl_generator_c.so[0m
[4.605s] [ 14%] Built target gwpspider_interfaces__rosidl_generator_c
[4.621s] [ 15%] [34m[1mGenerating C introspection for ROS interfaces[0m
[4.621s] [ 16%] [34m[1mGenerating C type support dispatch for ROS interfaces[0m
[4.631s] [ 17%] [34m[1mGenerating C type support for eProsima Fast-RTPS[0m
[4.787s] [35m[1mConsolidate compiler generated dependencies of target gwpspider_interfaces__rosidl_typesupport_cpp[0m
[4.814s] [ 18%] [32mBuilding CXX object CMakeFiles/gwpspider_interfaces__rosidl_typesupport_cpp.dir/rosidl_typesupport_cpp/gwpspider_interfaces/msg/gripper_command__type_support.cpp.o[0m
[4.823s] [ 19%] [32mBuilding CXX object CMakeFiles/gwpspider_interfaces__rosidl_typesupport_cpp.dir/rosidl_typesupport_cpp/gwpspider_interfaces/msg/water_pump_command__type_support.cpp.o[0m
[4.835s] [ 20%] [32mBuilding CXX object CMakeFiles/gwpspider_interfaces__rosidl_typesupport_cpp.dir/rosidl_typesupport_cpp/gwpspider_interfaces/msg/bno_data__type_support.cpp.o[0m
[5.284s] [ 21%] [32mBuilding CXX object CMakeFiles/gwpspider_interfaces__rosidl_typesupport_cpp.dir/rosidl_typesupport_cpp/gwpspider_interfaces/msg/dynamixel_motors_data__type_support.cpp.o[0m
[5.393s] [ 22%] [32mBuilding CXX object CMakeFiles/gwpspider_interfaces__rosidl_typesupport_cpp.dir/rosidl_typesupport_cpp/gwpspider_interfaces/srv/move_gripper__type_support.cpp.o[0m
[5.436s] [35m[1mConsolidate compiler generated dependencies of target gwpspider_interfaces__rosidl_typesupport_introspection_cpp[0m
[5.513s] [ 23%] [32mBuilding CXX object CMakeFiles/gwpspider_interfaces__rosidl_typesupport_cpp.dir/rosidl_typesupport_cpp/gwpspider_interfaces/srv/control_water_pump__type_support.cpp.o[0m
[5.545s] [ 24%] [32mBuilding CXX object CMakeFiles/gwpspider_interfaces__rosidl_typesupport_introspection_cpp.dir/rosidl_typesupport_introspection_cpp/gwpspider_interfaces/msg/detail/gripper_command__type_support.cpp.o[0m
[5.607s] [35m[1mConsolidate compiler generated dependencies of target gwpspider_interfaces__rosidl_typesupport_fastrtps_cpp[0m
[5.653s] [ 25%] [32mBuilding CXX object CMakeFiles/gwpspider_interfaces__rosidl_typesupport_fastrtps_cpp.dir/rosidl_typesupport_fastrtps_cpp/gwpspider_interfaces/msg/detail/dds_fastrtps/gripper_command__type_support.cpp.o[0m
[5.746s] [35m[1mConsolidate compiler generated dependencies of target gwpspider_interfaces__rosidl_typesupport_c[0m
[5.795s] [ 26%] [32mBuilding CXX object CMakeFiles/gwpspider_interfaces__rosidl_typesupport_fastrtps_cpp.dir/rosidl_typesupport_fastrtps_cpp/gwpspider_interfaces/msg/detail/dds_fastrtps/water_pump_command__type_support.cpp.o[0m
[5.805s] [ 27%] [32mBuilding CXX object CMakeFiles/gwpspider_interfaces__rosidl_typesupport_c.dir/rosidl_typesupport_c/gwpspider_interfaces/msg/gripper_command__type_support.cpp.o[0m
[5.921s] [ 28%] [32mBuilding CXX object CMakeFiles/gwpspider_interfaces__rosidl_typesupport_c.dir/rosidl_typesupport_c/gwpspider_interfaces/msg/water_pump_command__type_support.cpp.o[0m
[5.980s] [ 29%] [32mBuilding CXX object CMakeFiles/gwpspider_interfaces__rosidl_typesupport_cpp.dir/rosidl_typesupport_cpp/gwpspider_interfaces/srv/init_bno__type_support.cpp.o[0m
[6.008s] [ 29%] [32mBuilding CXX object CMakeFiles/gwpspider_interfaces__rosidl_typesupport_introspection_cpp.dir/rosidl_typesupport_introspection_cpp/gwpspider_interfaces/msg/detail/water_pump_command__type_support.cpp.o[0m
[6.045s] [ 29%] [32mBuilding CXX object CMakeFiles/gwpspider_interfaces__rosidl_typesupport_c.dir/rosidl_typesupport_c/gwpspider_interfaces/msg/bno_data__type_support.cpp.o[0m
[6.153s] [ 30%] [32mBuilding CXX object CMakeFiles/gwpspider_interfaces__rosidl_typesupport_c.dir/rosidl_typesupport_c/gwpspider_interfaces/msg/dynamixel_motors_data__type_support.cpp.o[0m
[6.236s] [ 31%] [32mBuilding CXX object CMakeFiles/gwpspider_interfaces__rosidl_typesupport_c.dir/rosidl_typesupport_c/gwpspider_interfaces/srv/move_gripper__type_support.cpp.o[0m
[6.260s] [ 31%] [32mBuilding CXX object CMakeFiles/gwpspider_interfaces__rosidl_typesupport_cpp.dir/rosidl_typesupport_cpp/gwpspider_interfaces/srv/toggle_motors_torque__type_support.cpp.o[0m
[6.298s] [ 32%] [32mBuilding CXX object CMakeFiles/gwpspider_interfaces__rosidl_typesupport_c.dir/rosidl_typesupport_c/gwpspider_interfaces/srv/control_water_pump__type_support.cpp.o[0m
[6.381s] [ 33%] [32mBuilding CXX object CMakeFiles/gwpspider_interfaces__rosidl_typesupport_c.dir/rosidl_typesupport_c/gwpspider_interfaces/srv/init_bno__type_support.cpp.o[0m
[6.420s] [ 34%] [32mBuilding CXX object CMakeFiles/gwpspider_interfaces__rosidl_typesupport_cpp.dir/rosidl_typesupport_cpp/gwpspider_interfaces/srv/set_bus_watchdog__type_support.cpp.o[0m
[6.433s] [ 35%] [32mBuilding CXX object CMakeFiles/gwpspider_interfaces__rosidl_typesupport_introspection_cpp.dir/rosidl_typesupport_introspection_cpp/gwpspider_interfaces/msg/detail/bno_data__type_support.cpp.o[0m
[6.434s] [ 36%] [32mBuilding CXX object CMakeFiles/gwpspider_interfaces__rosidl_typesupport_c.dir/rosidl_typesupport_c/gwpspider_interfaces/srv/toggle_motors_torque__type_support.cpp.o[0m
[6.504s] [ 37%] [32mBuilding CXX object CMakeFiles/gwpspider_interfaces__rosidl_typesupport_c.dir/rosidl_typesupport_c/gwpspider_interfaces/srv/set_bus_watchdog__type_support.cpp.o[0m
[6.512s] [ 38%] [32mBuilding CXX object CMakeFiles/gwpspider_interfaces__rosidl_typesupport_fastrtps_cpp.dir/rosidl_typesupport_fastrtps_cpp/gwpspider_interfaces/msg/detail/dds_fastrtps/bno_data__type_support.cpp.o[0m
[6.539s] [35m[1mConsolidate compiler generated dependencies of target gwpspider_interfaces__rosidl_typesupport_introspection_c[0m
[6.560s] [ 39%] [32mBuilding CXX object CMakeFiles/gwpspider_interfaces__rosidl_typesupport_c.dir/rosidl_typesupport_c/gwpspider_interfaces/srv/get_walking_instructions__type_support.cpp.o[0m
[6.571s] [ 40%] [32mBuilding C object CMakeFiles/gwpspider_interfaces__rosidl_typesupport_introspection_c.dir/rosidl_typesupport_introspection_c/gwpspider_interfaces/msg/detail/gripper_command__type_support.c.o[0m
[6.577s] [35m[1mConsolidate compiler generated dependencies of target gwpspider_interfaces__rosidl_typesupport_fastrtps_c[0m
[6.621s] [ 41%] [32mBuilding C object CMakeFiles/gwpspider_interfaces__rosidl_typesupport_introspection_c.dir/rosidl_typesupport_introspection_c/gwpspider_interfaces/msg/detail/water_pump_command__type_support.c.o[0m
[6.629s] [ 42%] [32mBuilding CXX object CMakeFiles/gwpspider_interfaces__rosidl_typesupport_fastrtps_c.dir/rosidl_typesupport_fastrtps_c/gwpspider_interfaces/msg/detail/gripper_command__type_support_c.cpp.o[0m
[6.668s] [ 43%] [32mBuilding CXX object CMakeFiles/gwpspider_interfaces__rosidl_typesupport_c.dir/rosidl_typesupport_c/gwpspider_interfaces/srv/get_modified_walking_instructions__type_support.cpp.o[0m
[6.708s] [ 44%] [32mBuilding C object CMakeFiles/gwpspider_interfaces__rosidl_typesupport_introspection_c.dir/rosidl_typesupport_introspection_c/gwpspider_interfaces/msg/detail/bno_data__type_support.c.o[0m
[6.750s] [ 45%] [32m[1mLinking CXX shared library libgwpspider_interfaces__rosidl_typesupport_c.so[0m
[6.792s] [ 46%] [32mBuilding C object CMakeFiles/gwpspider_interfaces__rosidl_typesupport_introspection_c.dir/rosidl_typesupport_introspection_c/gwpspider_interfaces/msg/detail/dynamixel_motors_data__type_support.c.o[0m
[6.823s] [ 47%] [32mBuilding CXX object CMakeFiles/gwpspider_interfaces__rosidl_typesupport_fastrtps_c.dir/rosidl_typesupport_fastrtps_c/gwpspider_interfaces/msg/detail/water_pump_command__type_support_c.cpp.o[0m
[6.887s] [ 47%] Built target gwpspider_interfaces__rosidl_typesupport_c
[6.898s] [ 48%] [32mBuilding CXX object CMakeFiles/gwpspider_interfaces__rosidl_typesupport_introspection_cpp.dir/rosidl_typesupport_introspection_cpp/gwpspider_interfaces/msg/detail/dynamixel_motors_data__type_support.cpp.o[0m
[6.904s] [ 49%] [32mBuilding CXX object CMakeFiles/gwpspider_interfaces__rosidl_typesupport_introspection_cpp.dir/rosidl_typesupport_introspection_cpp/gwpspider_interfaces/srv/detail/move_gripper__type_support.cpp.o[0m
[6.917s] [ 50%] [32mBuilding C object CMakeFiles/gwpspider_interfaces__rosidl_typesupport_introspection_c.dir/rosidl_typesupport_introspection_c/gwpspider_interfaces/srv/detail/move_gripper__type_support.c.o[0m
[6.942s] [ 51%] [32mBuilding CXX object CMakeFiles/gwpspider_interfaces__rosidl_typesupport_cpp.dir/rosidl_typesupport_cpp/gwpspider_interfaces/srv/get_walking_instructions__type_support.cpp.o[0m
[7.041s] [ 52%] [32mBuilding C object CMakeFiles/gwpspider_interfaces__rosidl_typesupport_introspection_c.dir/rosidl_typesupport_introspection_c/gwpspider_interfaces/srv/detail/control_water_pump__type_support.c.o[0m
[7.179s] [ 52%] [32mBuilding C object CMakeFiles/gwpspider_interfaces__rosidl_typesupport_introspection_c.dir/rosidl_typesupport_introspection_c/gwpspider_interfaces/srv/detail/init_bno__type_support.c.o[0m
[7.227s] [ 53%] [32mBuilding CXX object CMakeFiles/gwpspider_interfaces__rosidl_typesupport_fastrtps_cpp.dir/rosidl_typesupport_fastrtps_cpp/gwpspider_interfaces/msg/detail/dds_fastrtps/dynamixel_motors_data__type_support.cpp.o[0m
[7.261s] [ 54%] [32mBuilding C object CMakeFiles/gwpspider_interfaces__rosidl_typesupport_introspection_c.dir/rosidl_typesupport_introspection_c/gwpspider_interfaces/srv/detail/toggle_motors_torque__type_support.c.o[0m
[7.292s] [ 55%] [32mBuilding CXX object CMakeFiles/gwpspider_interfaces__rosidl_typesupport_fastrtps_cpp.dir/rosidl_typesupport_fastrtps_cpp/gwpspider_interfaces/srv/detail/dds_fastrtps/move_gripper__type_support.cpp.o[0m
[7.329s] [ 56%] [32mBuilding CXX object CMakeFiles/gwpspider_interfaces__rosidl_typesupport_fastrtps_c.dir/rosidl_typesupport_fastrtps_c/gwpspider_interfaces/msg/detail/bno_data__type_support_c.cpp.o[0m
[7.379s] [ 57%] [32mBuilding C object CMakeFiles/gwpspider_interfaces__rosidl_typesupport_introspection_c.dir/rosidl_typesupport_introspection_c/gwpspider_interfaces/srv/detail/set_bus_watchdog__type_support.c.o[0m
[7.401s] [ 58%] [32mBuilding CXX object CMakeFiles/gwpspider_interfaces__rosidl_typesupport_cpp.dir/rosidl_typesupport_cpp/gwpspider_interfaces/srv/get_modified_walking_instructions__type_support.cpp.o[0m
[7.465s] [ 59%] [32mBuilding C object CMakeFiles/gwpspider_interfaces__rosidl_typesupport_introspection_c.dir/rosidl_typesupport_introspection_c/gwpspider_interfaces/srv/detail/get_walking_instructions__type_support.c.o[0m
[7.509s] [ 60%] [32mBuilding CXX object CMakeFiles/gwpspider_interfaces__rosidl_typesupport_introspection_cpp.dir/rosidl_typesupport_introspection_cpp/gwpspider_interfaces/srv/detail/control_water_pump__type_support.cpp.o[0m
[7.597s] [ 61%] [32mBuilding C object CMakeFiles/gwpspider_interfaces__rosidl_typesupport_introspection_c.dir/rosidl_typesupport_introspection_c/gwpspider_interfaces/srv/detail/get_modified_walking_instructions__type_support.c.o[0m
[7.703s] [ 62%] [32mBuilding CXX object CMakeFiles/gwpspider_interfaces__rosidl_typesupport_fastrtps_c.dir/rosidl_typesupport_fastrtps_c/gwpspider_interfaces/msg/detail/dynamixel_motors_data__type_support_c.cpp.o[0m
[7.733s] [ 63%] [32m[1mLinking C shared library libgwpspider_interfaces__rosidl_typesupport_introspection_c.so[0m
[7.766s] [ 64%] [32mBuilding CXX object CMakeFiles/gwpspider_interfaces__rosidl_typesupport_introspection_cpp.dir/rosidl_typesupport_introspection_cpp/gwpspider_interfaces/srv/detail/init_bno__type_support.cpp.o[0m
[7.812s] [ 64%] Built target gwpspider_interfaces__rosidl_typesupport_introspection_c
[7.821s] [ 65%] [32mBuilding CXX object CMakeFiles/gwpspider_interfaces__rosidl_typesupport_introspection_cpp.dir/rosidl_typesupport_introspection_cpp/gwpspider_interfaces/srv/detail/toggle_motors_torque__type_support.cpp.o[0m
[7.934s] [ 66%] [32m[1mLinking CXX shared library libgwpspider_interfaces__rosidl_typesupport_cpp.so[0m
[7.953s] [ 67%] [32mBuilding CXX object CMakeFiles/gwpspider_interfaces__rosidl_typesupport_fastrtps_cpp.dir/rosidl_typesupport_fastrtps_cpp/gwpspider_interfaces/srv/detail/dds_fastrtps/control_water_pump__type_support.cpp.o[0m
[7.962s] [ 67%] [32mBuilding CXX object CMakeFiles/gwpspider_interfaces__rosidl_typesupport_fastrtps_c.dir/rosidl_typesupport_fastrtps_c/gwpspider_interfaces/srv/detail/move_gripper__type_support_c.cpp.o[0m
[8.075s] [ 67%] Built target gwpspider_interfaces__rosidl_typesupport_cpp
[8.101s] [ 68%] [32mBuilding CXX object CMakeFiles/gwpspider_interfaces__rosidl_typesupport_fastrtps_c.dir/rosidl_typesupport_fastrtps_c/gwpspider_interfaces/srv/detail/control_water_pump__type_support_c.cpp.o[0m
[8.169s] [ 69%] [32mBuilding CXX object CMakeFiles/gwpspider_interfaces__rosidl_typesupport_introspection_cpp.dir/rosidl_typesupport_introspection_cpp/gwpspider_interfaces/srv/detail/set_bus_watchdog__type_support.cpp.o[0m
[8.177s] [ 70%] [32mBuilding CXX object CMakeFiles/gwpspider_interfaces__rosidl_typesupport_fastrtps_cpp.dir/rosidl_typesupport_fastrtps_cpp/gwpspider_interfaces/srv/detail/dds_fastrtps/init_bno__type_support.cpp.o[0m
[8.296s] [ 71%] [32mBuilding CXX object CMakeFiles/gwpspider_interfaces__rosidl_typesupport_introspection_cpp.dir/rosidl_typesupport_introspection_cpp/gwpspider_interfaces/srv/detail/get_walking_instructions__type_support.cpp.o[0m
[8.557s] [ 72%] [32mBuilding CXX object CMakeFiles/gwpspider_interfaces__rosidl_typesupport_introspection_cpp.dir/rosidl_typesupport_introspection_cpp/gwpspider_interfaces/srv/detail/get_modified_walking_instructions__type_support.cpp.o[0m
[8.592s] [ 73%] [32mBuilding CXX object CMakeFiles/gwpspider_interfaces__rosidl_typesupport_fastrtps_c.dir/rosidl_typesupport_fastrtps_c/gwpspider_interfaces/srv/detail/init_bno__type_support_c.cpp.o[0m
[8.601s] [ 74%] [32mBuilding CXX object CMakeFiles/gwpspider_interfaces__rosidl_typesupport_fastrtps_c.dir/rosidl_typesupport_fastrtps_c/gwpspider_interfaces/srv/detail/toggle_motors_torque__type_support_c.cpp.o[0m
[8.706s] [ 75%] [32mBuilding CXX object CMakeFiles/gwpspider_interfaces__rosidl_typesupport_fastrtps_cpp.dir/rosidl_typesupport_fastrtps_cpp/gwpspider_interfaces/srv/detail/dds_fastrtps/toggle_motors_torque__type_support.cpp.o[0m
[8.745s] [ 76%] [32mBuilding CXX object CMakeFiles/gwpspider_interfaces__rosidl_typesupport_fastrtps_c.dir/rosidl_typesupport_fastrtps_c/gwpspider_interfaces/srv/detail/set_bus_watchdog__type_support_c.cpp.o[0m
[8.958s] [ 77%] [32mBuilding CXX object CMakeFiles/gwpspider_interfaces__rosidl_typesupport_fastrtps_c.dir/rosidl_typesupport_fastrtps_c/gwpspider_interfaces/srv/detail/get_walking_instructions__type_support_c.cpp.o[0m
[9.078s] [ 78%] [32mBuilding CXX object CMakeFiles/gwpspider_interfaces__rosidl_typesupport_fastrtps_cpp.dir/rosidl_typesupport_fastrtps_cpp/gwpspider_interfaces/srv/detail/dds_fastrtps/set_bus_watchdog__type_support.cpp.o[0m
[9.148s] [ 78%] [32mBuilding CXX object CMakeFiles/gwpspider_interfaces__rosidl_typesupport_fastrtps_cpp.dir/rosidl_typesupport_fastrtps_cpp/gwpspider_interfaces/srv/detail/dds_fastrtps/get_walking_instructions__type_support.cpp.o[0m
[9.293s] [ 79%] [32mBuilding CXX object CMakeFiles/gwpspider_interfaces__rosidl_typesupport_fastrtps_c.dir/rosidl_typesupport_fastrtps_c/gwpspider_interfaces/srv/detail/get_modified_walking_instructions__type_support_c.cpp.o[0m
[9.303s] [ 80%] [32mBuilding CXX object CMakeFiles/gwpspider_interfaces__rosidl_typesupport_fastrtps_cpp.dir/rosidl_typesupport_fastrtps_cpp/gwpspider_interfaces/srv/detail/dds_fastrtps/get_modified_walking_instructions__type_support.cpp.o[0m
[9.353s] [ 81%] [32m[1mLinking CXX shared library libgwpspider_interfaces__rosidl_typesupport_introspection_cpp.so[0m
[9.458s] [ 81%] Built target gwpspider_interfaces__rosidl_typesupport_introspection_cpp
[9.721s] [ 82%] [32m[1mLinking CXX shared library libgwpspider_interfaces__rosidl_typesupport_fastrtps_c.so[0m
[9.791s] [ 82%] Built target gwpspider_interfaces__rosidl_typesupport_fastrtps_c
[9.879s] [ 83%] [32m[1mLinking CXX shared library libgwpspider_interfaces__rosidl_typesupport_fastrtps_cpp.so[0m
[9.946s] [ 83%] Built target gwpspider_interfaces__rosidl_typesupport_fastrtps_cpp
[9.961s] [ 83%] Built target gwpspider_interfaces
[9.977s] [ 84%] [34m[1mGenerating Python code for ROS interfaces[0m
[11.601s] [ 84%] Built target gwpspider_interfaces__py
[11.612s] [35m[1mConsolidate compiler generated dependencies of target gwpspider_interfaces__rosidl_generator_py[0m
[11.632s] [ 86%] [32mBuilding C object CMakeFiles/gwpspider_interfaces__rosidl_generator_py.dir/rosidl_generator_py/gwpspider_interfaces/msg/_bno_data_s.c.o[0m
[11.632s] [ 87%] [32mBuilding C object CMakeFiles/gwpspider_interfaces__rosidl_generator_py.dir/rosidl_generator_py/gwpspider_interfaces/msg/_water_pump_command_s.c.o[0m
[11.632s] [ 87%] [32mBuilding C object CMakeFiles/gwpspider_interfaces__rosidl_generator_py.dir/rosidl_generator_py/gwpspider_interfaces/msg/_dynamixel_motors_data_s.c.o[0m
[11.635s] [ 88%] [32mBuilding C object CMakeFiles/gwpspider_interfaces__rosidl_generator_py.dir/rosidl_generator_py/gwpspider_interfaces/msg/_gripper_command_s.c.o[0m
[11.636s] [ 88%] [32mBuilding C object CMakeFiles/gwpspider_interfaces__rosidl_generator_py.dir/rosidl_generator_py/gwpspider_interfaces/srv/_control_water_pump_s.c.o[0m
[11.636s] [ 89%] [32mBuilding C object CMakeFiles/gwpspider_interfaces__rosidl_generator_py.dir/rosidl_generator_py/gwpspider_interfaces/srv/_init_bno_s.c.o[0m
[11.641s] [ 90%] [32mBuilding C object CMakeFiles/gwpspider_interfaces__rosidl_generator_py.dir/rosidl_generator_py/gwpspider_interfaces/srv/_toggle_motors_torque_s.c.o[0m
[11.643s] [ 91%] [32mBuilding C object CMakeFiles/gwpspider_interfaces__rosidl_generator_py.dir/rosidl_generator_py/gwpspider_interfaces/srv/_move_gripper_s.c.o[0m
[11.791s] [ 92%] [32mBuilding C object CMakeFiles/gwpspider_interfaces__rosidl_generator_py.dir/rosidl_generator_py/gwpspider_interfaces/srv/_set_bus_watchdog_s.c.o[0m
[11.816s] [ 93%] [32mBuilding C object CMakeFiles/gwpspider_interfaces__rosidl_generator_py.dir/rosidl_generator_py/gwpspider_interfaces/srv/_get_walking_instructions_s.c.o[0m
[11.824s] [ 94%] [32mBuilding C object CMakeFiles/gwpspider_interfaces__rosidl_generator_py.dir/rosidl_generator_py/gwpspider_interfaces/srv/_get_modified_walking_instructions_s.c.o[0m
[11.967s] [ 95%] [32m[1mLinking C shared library rosidl_generator_py/gwpspider_interfaces/libgwpspider_interfaces__rosidl_generator_py.so[0m
[12.002s] [ 95%] Built target gwpspider_interfaces__rosidl_generator_py
[12.010s] [35m[1mConsolidate compiler generated dependencies of target gwpspider_interfaces__rosidl_typesupport_introspection_c__pyext[0m
[12.010s] [35m[1mConsolidate compiler generated dependencies of target gwpspider_interfaces__rosidl_typesupport_c__pyext[0m
[12.010s] [35m[1mConsolidate compiler generated dependencies of target gwpspider_interfaces__rosidl_typesupport_fastrtps_c__pyext[0m
[12.021s] [ 96%] [32mBuilding C object CMakeFiles/gwpspider_interfaces__rosidl_typesupport_fastrtps_c__pyext.dir/rosidl_generator_py/gwpspider_interfaces/_gwpspider_interfaces_s.ep.rosidl_typesupport_fastrtps_c.c.o[0m
[12.022s] [ 97%] [32mBuilding C object CMakeFiles/gwpspider_interfaces__rosidl_typesupport_introspection_c__pyext.dir/rosidl_generator_py/gwpspider_interfaces/_gwpspider_interfaces_s.ep.rosidl_typesupport_introspection_c.c.o[0m
[12.024s] [ 97%] [32mBuilding C object CMakeFiles/gwpspider_interfaces__rosidl_typesupport_c__pyext.dir/rosidl_generator_py/gwpspider_interfaces/_gwpspider_interfaces_s.ep.rosidl_typesupport_c.c.o[0m
[12.177s] [ 98%] [32m[1mLinking C shared library rosidl_generator_py/gwpspider_interfaces/gwpspider_interfaces_s__rosidl_typesupport_introspection_c.cpython-310-x86_64-linux-gnu.so[0m
[12.221s] [ 98%] Built target gwpspider_interfaces__rosidl_typesupport_introspection_c__pyext
[12.241s] [ 99%] [32m[1mLinking C shared library rosidl_generator_py/gwpspider_interfaces/gwpspider_interfaces_s__rosidl_typesupport_fastrtps_c.cpython-310-x86_64-linux-gnu.so[0m
[12.242s] [100%] [32m[1mLinking C shared library rosidl_generator_py/gwpspider_interfaces/gwpspider_interfaces_s__rosidl_typesupport_c.cpython-310-x86_64-linux-gnu.so[0m
[12.282s] [100%] Built target gwpspider_interfaces__rosidl_typesupport_c__pyext
[12.282s] [100%] Built target gwpspider_interfaces__rosidl_typesupport_fastrtps_c__pyext
[12.295s] Invoked command in '/home/spider/gwpspider_ws/build/gwpspider_interfaces' returned '0': CMAKE_PREFIX_PATH=${CMAKE_PREFIX_PATH}:/home/spider/gwpspider_ws/install/utils:/home/spider/gwpspider_ws/install/planning:/home/spider/gwpspider_ws/install/dynamixel_interface:/home/spider/gwpspider_ws/install/configuration:/home/spider/gwpspider_ws/install/calculations:/home/spider/gwpspider_ws/install/arduino_communication:/opt/ros/humble /home/spider/.local/bin/cmake --build /home/spider/gwpspider_ws/build/gwpspider_interfaces -- -j8 -l8
[12.514s] Invoking command in '/home/spider/gwpspider_ws/build/gwpspider_interfaces': CMAKE_PREFIX_PATH=${CMAKE_PREFIX_PATH}:/home/spider/gwpspider_ws/install/utils:/home/spider/gwpspider_ws/install/planning:/home/spider/gwpspider_ws/install/dynamixel_interface:/home/spider/gwpspider_ws/install/configuration:/home/spider/gwpspider_ws/install/calculations:/home/spider/gwpspider_ws/install/arduino_communication:/opt/ros/humble /home/spider/.local/bin/cmake --install /home/spider/gwpspider_ws/build/gwpspider_interfaces
[12.541s] -- Install configuration: ""
[12.542s] -- Installing: /home/spider/gwpspider_ws/install/gwpspider_interfaces/share/ament_index/resource_index/rosidl_interfaces/gwpspider_interfaces
[12.542s] -- Up-to-date: /home/spider/gwpspider_ws/install/gwpspider_interfaces/include/gwpspider_interfaces/gwpspider_interfaces
[12.542s] -- Up-to-date: /home/spider/gwpspider_ws/install/gwpspider_interfaces/include/gwpspider_interfaces/gwpspider_interfaces/srv
[12.542s] -- Installing: /home/spider/gwpspider_ws/install/gwpspider_interfaces/include/gwpspider_interfaces/gwpspider_interfaces/srv/get_walking_instructions.h
[12.542s] -- Up-to-date: /home/spider/gwpspider_ws/install/gwpspider_interfaces/include/gwpspider_interfaces/gwpspider_interfaces/srv/detail
[12.542s] -- Installing: /home/spider/gwpspider_ws/install/gwpspider_interfaces/include/gwpspider_interfaces/gwpspider_interfaces/srv/detail/set_bus_watchdog__struct.h
[12.542s] -- Installing: /home/spider/gwpspider_ws/install/gwpspider_interfaces/include/gwpspider_interfaces/gwpspider_interfaces/srv/detail/control_water_pump__struct.h
[12.542s] -- Installing: /home/spider/gwpspider_ws/install/gwpspider_interfaces/include/gwpspider_interfaces/gwpspider_interfaces/srv/detail/toggle_motors_torque__type_support.h
[12.542s] -- Installing: /home/spider/gwpspider_ws/install/gwpspider_interfaces/include/gwpspider_interfaces/gwpspider_interfaces/srv/detail/get_walking_instructions__functions.c
[12.542s] -- Installing: /home/spider/gwpspider_ws/install/gwpspider_interfaces/include/gwpspider_interfaces/gwpspider_interfaces/srv/detail/get_modified_walking_instructions__functions.h
[12.543s] -- Installing: /home/spider/gwpspider_ws/install/gwpspider_interfaces/include/gwpspider_interfaces/gwpspider_interfaces/srv/detail/set_bus_watchdog__functions.h
[12.543s] -- Installing: /home/spider/gwpspider_ws/install/gwpspider_interfaces/include/gwpspider_interfaces/gwpspider_interfaces/srv/detail/move_gripper__functions.c
[12.543s] -- Installing: /home/spider/gwpspider_ws/install/gwpspider_interfaces/include/gwpspider_interfaces/gwpspider_interfaces/srv/detail/get_walking_instructions__functions.h
[12.543s] -- Installing: /home/spider/gwpspider_ws/install/gwpspider_interfaces/include/gwpspider_interfaces/gwpspider_interfaces/srv/detail/init_bno__functions.h
[12.543s] -- Installing: /home/spider/gwpspider_ws/install/gwpspider_interfaces/include/gwpspider_interfaces/gwpspider_interfaces/srv/detail/get_modified_walking_instructions__functions.c
[12.543s] -- Installing: /home/spider/gwpspider_ws/install/gwpspider_interfaces/include/gwpspider_interfaces/gwpspider_interfaces/srv/detail/set_bus_watchdog__type_support.h
[12.543s] -- Installing: /home/spider/gwpspider_ws/install/gwpspider_interfaces/include/gwpspider_interfaces/gwpspider_interfaces/srv/detail/get_modified_walking_instructions__type_support.h
[12.544s] -- Installing: /home/spider/gwpspider_ws/install/gwpspider_interfaces/include/gwpspider_interfaces/gwpspider_interfaces/srv/detail/init_bno__type_support.h
[12.544s] -- Installing: /home/spider/gwpspider_ws/install/gwpspider_interfaces/include/gwpspider_interfaces/gwpspider_interfaces/srv/detail/toggle_motors_torque__functions.c
[12.544s] -- Installing: /home/spider/gwpspider_ws/install/gwpspider_interfaces/include/gwpspider_interfaces/gwpspider_interfaces/srv/detail/control_water_pump__type_support.h
[12.544s] -- Installing: /home/spider/gwpspider_ws/install/gwpspider_interfaces/include/gwpspider_interfaces/gwpspider_interfaces/srv/detail/get_walking_instructions__type_support.h
[12.544s] -- Installing: /home/spider/gwpspider_ws/install/gwpspider_interfaces/include/gwpspider_interfaces/gwpspider_interfaces/srv/detail/get_walking_instructions__struct.h
[12.544s] -- Installing: /home/spider/gwpspider_ws/install/gwpspider_interfaces/include/gwpspider_interfaces/gwpspider_interfaces/srv/detail/set_bus_watchdog__functions.c
[12.544s] -- Installing: /home/spider/gwpspider_ws/install/gwpspider_interfaces/include/gwpspider_interfaces/gwpspider_interfaces/srv/detail/init_bno__functions.c
[12.545s] -- Installing: /home/spider/gwpspider_ws/install/gwpspider_interfaces/include/gwpspider_interfaces/gwpspider_interfaces/srv/detail/toggle_motors_torque__struct.h
[12.545s] -- Installing: /home/spider/gwpspider_ws/install/gwpspider_interfaces/include/gwpspider_interfaces/gwpspider_interfaces/srv/detail/move_gripper__struct.h
[12.545s] -- Installing: /home/spider/gwpspider_ws/install/gwpspider_interfaces/include/gwpspider_interfaces/gwpspider_interfaces/srv/detail/control_water_pump__functions.c
[12.545s] -- Installing: /home/spider/gwpspider_ws/install/gwpspider_interfaces/include/gwpspider_interfaces/gwpspider_interfaces/srv/detail/move_gripper__type_support.h
[12.545s] -- Installing: /home/spider/gwpspider_ws/install/gwpspider_interfaces/include/gwpspider_interfaces/gwpspider_interfaces/srv/detail/init_bno__struct.h
[12.545s] -- Installing: /home/spider/gwpspider_ws/install/gwpspider_interfaces/include/gwpspider_interfaces/gwpspider_interfaces/srv/detail/toggle_motors_torque__functions.h
[12.545s] -- Installing: /home/spider/gwpspider_ws/install/gwpspider_interfaces/include/gwpspider_interfaces/gwpspider_interfaces/srv/detail/move_gripper__functions.h
[12.545s] -- Installing: /home/spider/gwpspider_ws/install/gwpspider_interfaces/include/gwpspider_interfaces/gwpspider_interfaces/srv/detail/get_modified_walking_instructions__struct.h
[12.546s] -- Installing: /home/spider/gwpspider_ws/install/gwpspider_interfaces/include/gwpspider_interfaces/gwpspider_interfaces/srv/detail/control_water_pump__functions.h
[12.546s] -- Installing: /home/spider/gwpspider_ws/install/gwpspider_interfaces/include/gwpspider_interfaces/gwpspider_interfaces/srv/get_modified_walking_instructions.h
[12.546s] -- Installing: /home/spider/gwpspider_ws/install/gwpspider_interfaces/include/gwpspider_interfaces/gwpspider_interfaces/srv/control_water_pump.h
[12.546s] -- Installing: /home/spider/gwpspider_ws/install/gwpspider_interfaces/include/gwpspider_interfaces/gwpspider_interfaces/srv/toggle_motors_torque.h
[12.546s] -- Installing: /home/spider/gwpspider_ws/install/gwpspider_interfaces/include/gwpspider_interfaces/gwpspider_interfaces/srv/move_gripper.h
[12.546s] -- Installing: /home/spider/gwpspider_ws/install/gwpspider_interfaces/include/gwpspider_interfaces/gwpspider_interfaces/srv/set_bus_watchdog.h
[12.546s] -- Installing: /home/spider/gwpspider_ws/install/gwpspider_interfaces/include/gwpspider_interfaces/gwpspider_interfaces/srv/init_bno.h
[12.546s] -- Up-to-date: /home/spider/gwpspider_ws/install/gwpspider_interfaces/include/gwpspider_interfaces/gwpspider_interfaces/msg
[12.546s] -- Up-to-date: /home/spider/gwpspider_ws/install/gwpspider_interfaces/include/gwpspider_interfaces/gwpspider_interfaces/msg/detail
[12.547s] -- Installing: /home/spider/gwpspider_ws/install/gwpspider_interfaces/include/gwpspider_interfaces/gwpspider_interfaces/msg/detail/water_pump_command__functions.c
[12.547s] -- Installing: /home/spider/gwpspider_ws/install/gwpspider_interfaces/include/gwpspider_interfaces/gwpspider_interfaces/msg/detail/water_pump_command__struct.h
[12.547s] -- Installing: /home/spider/gwpspider_ws/install/gwpspider_interfaces/include/gwpspider_interfaces/gwpspider_interfaces/msg/detail/bno_data__type_support.h
[12.547s] -- Installing: /home/spider/gwpspider_ws/install/gwpspider_interfaces/include/gwpspider_interfaces/gwpspider_interfaces/msg/detail/bno_data__functions.c
[12.547s] -- Installing: /home/spider/gwpspider_ws/install/gwpspider_interfaces/include/gwpspider_interfaces/gwpspider_interfaces/msg/detail/water_pump_command__functions.h
[12.547s] -- Installing: /home/spider/gwpspider_ws/install/gwpspider_interfaces/include/gwpspider_interfaces/gwpspider_interfaces/msg/detail/gripper_command__functions.h
[12.547s] -- Installing: /home/spider/gwpspider_ws/install/gwpspider_interfaces/include/gwpspider_interfaces/gwpspider_interfaces/msg/detail/gripper_command__functions.c
[12.547s] -- Installing: /home/spider/gwpspider_ws/install/gwpspider_interfaces/include/gwpspider_interfaces/gwpspider_interfaces/msg/detail/bno_data__struct.h
[12.547s] -- Installing: /home/spider/gwpspider_ws/install/gwpspider_interfaces/include/gwpspider_interfaces/gwpspider_interfaces/msg/detail/gripper_command__type_support.h
[12.548s] -- Installing: /home/spider/gwpspider_ws/install/gwpspider_interfaces/include/gwpspider_interfaces/gwpspider_interfaces/msg/detail/bno_data__functions.h
[12.548s] -- Installing: /home/spider/gwpspider_ws/install/gwpspider_interfaces/include/gwpspider_interfaces/gwpspider_interfaces/msg/detail/dynamixel_motors_data__functions.c
[12.548s] -- Installing: /home/spider/gwpspider_ws/install/gwpspider_interfaces/include/gwpspider_interfaces/gwpspider_interfaces/msg/detail/dynamixel_motors_data__functions.h
[12.548s] -- Installing: /home/spider/gwpspider_ws/install/gwpspider_interfaces/include/gwpspider_interfaces/gwpspider_interfaces/msg/detail/dynamixel_motors_data__type_support.h
[12.548s] -- Installing: /home/spider/gwpspider_ws/install/gwpspider_interfaces/include/gwpspider_interfaces/gwpspider_interfaces/msg/detail/dynamixel_motors_data__struct.h
[12.548s] -- Installing: /home/spider/gwpspider_ws/install/gwpspider_interfaces/include/gwpspider_interfaces/gwpspider_interfaces/msg/detail/gripper_command__struct.h
[12.548s] -- Installing: /home/spider/gwpspider_ws/install/gwpspider_interfaces/include/gwpspider_interfaces/gwpspider_interfaces/msg/detail/water_pump_command__type_support.h
[12.548s] -- Installing: /home/spider/gwpspider_ws/install/gwpspider_interfaces/include/gwpspider_interfaces/gwpspider_interfaces/msg/bno_data.h
[12.549s] -- Installing: /home/spider/gwpspider_ws/install/gwpspider_interfaces/include/gwpspider_interfaces/gwpspider_interfaces/msg/dynamixel_motors_data.h
[12.549s] -- Up-to-date: /home/spider/gwpspider_ws/install/gwpspider_interfaces/include/gwpspider_interfaces/gwpspider_interfaces/msg/rosidl_generator_c__visibility_control.h
[12.549s] -- Installing: /home/spider/gwpspider_ws/install/gwpspider_interfaces/include/gwpspider_interfaces/gwpspider_interfaces/msg/gripper_command.h
[12.549s] -- Installing: /home/spider/gwpspider_ws/install/gwpspider_interfaces/include/gwpspider_interfaces/gwpspider_interfaces/msg/water_pump_command.h
[12.549s] -- Up-to-date: /home/spider/gwpspider_ws/install/gwpspider_interfaces/share/gwpspider_interfaces/environment/library_path.sh
[12.549s] -- Installing: /home/spider/gwpspider_ws/install/gwpspider_interfaces/share/gwpspider_interfaces/environment/library_path.dsv
[12.549s] -- Installing: /home/spider/gwpspider_ws/install/gwpspider_interfaces/lib/libgwpspider_interfaces__rosidl_generator_c.so
[12.550s] -- Set runtime path of "/home/spider/gwpspider_ws/install/gwpspider_interfaces/lib/libgwpspider_interfaces__rosidl_generator_c.so" to ""
[12.550s] -- Up-to-date: /home/spider/gwpspider_ws/install/gwpspider_interfaces/include/gwpspider_interfaces/gwpspider_interfaces
[12.550s] -- Up-to-date: /home/spider/gwpspider_ws/install/gwpspider_interfaces/include/gwpspider_interfaces/gwpspider_interfaces/srv
[12.550s] -- Up-to-date: /home/spider/gwpspider_ws/install/gwpspider_interfaces/include/gwpspider_interfaces/gwpspider_interfaces/srv/detail
[12.550s] -- Installing: /home/spider/gwpspider_ws/install/gwpspider_interfaces/include/gwpspider_interfaces/gwpspider_interfaces/srv/detail/toggle_motors_torque__rosidl_typesupport_fastrtps_c.h
[12.550s] -- Installing: /home/spider/gwpspider_ws/install/gwpspider_interfaces/include/gwpspider_interfaces/gwpspider_interfaces/srv/detail/control_water_pump__rosidl_typesupport_fastrtps_c.h
[12.550s] -- Installing: /home/spider/gwpspider_ws/install/gwpspider_interfaces/include/gwpspider_interfaces/gwpspider_interfaces/srv/detail/set_bus_watchdog__rosidl_typesupport_fastrtps_c.h
[12.550s] -- Installing: /home/spider/gwpspider_ws/install/gwpspider_interfaces/include/gwpspider_interfaces/gwpspider_interfaces/srv/detail/init_bno__rosidl_typesupport_fastrtps_c.h
[12.551s] -- Installing: /home/spider/gwpspider_ws/install/gwpspider_interfaces/include/gwpspider_interfaces/gwpspider_interfaces/srv/detail/get_modified_walking_instructions__rosidl_typesupport_fastrtps_c.h
[12.551s] -- Installing: /home/spider/gwpspider_ws/install/gwpspider_interfaces/include/gwpspider_interfaces/gwpspider_interfaces/srv/detail/move_gripper__rosidl_typesupport_fastrtps_c.h
[12.551s] -- Installing: /home/spider/gwpspider_ws/install/gwpspider_interfaces/include/gwpspider_interfaces/gwpspider_interfaces/srv/detail/get_walking_instructions__rosidl_typesupport_fastrtps_c.h
[12.551s] -- Up-to-date: /home/spider/gwpspider_ws/install/gwpspider_interfaces/include/gwpspider_interfaces/gwpspider_interfaces/msg
[12.551s] -- Up-to-date: /home/spider/gwpspider_ws/install/gwpspider_interfaces/include/gwpspider_interfaces/gwpspider_interfaces/msg/rosidl_typesupport_fastrtps_c__visibility_control.h
[12.551s] -- Up-to-date: /home/spider/gwpspider_ws/install/gwpspider_interfaces/include/gwpspider_interfaces/gwpspider_interfaces/msg/detail
[12.551s] -- Installing: /home/spider/gwpspider_ws/install/gwpspider_interfaces/include/gwpspider_interfaces/gwpspider_interfaces/msg/detail/gripper_command__rosidl_typesupport_fastrtps_c.h
[12.551s] -- Installing: /home/spider/gwpspider_ws/install/gwpspider_interfaces/include/gwpspider_interfaces/gwpspider_interfaces/msg/detail/bno_data__rosidl_typesupport_fastrtps_c.h
[12.551s] -- Installing: /home/spider/gwpspider_ws/install/gwpspider_interfaces/include/gwpspider_interfaces/gwpspider_interfaces/msg/detail/water_pump_command__rosidl_typesupport_fastrtps_c.h
[12.551s] -- Installing: /home/spider/gwpspider_ws/install/gwpspider_interfaces/include/gwpspider_interfaces/gwpspider_interfaces/msg/detail/dynamixel_motors_data__rosidl_typesupport_fastrtps_c.h
[12.552s] -- Installing: /home/spider/gwpspider_ws/install/gwpspider_interfaces/lib/libgwpspider_interfaces__rosidl_typesupport_fastrtps_c.so
[12.552s] -- Set runtime path of "/home/spider/gwpspider_ws/install/gwpspider_interfaces/lib/libgwpspider_interfaces__rosidl_typesupport_fastrtps_c.so" to ""
[12.552s] -- Up-to-date: /home/spider/gwpspider_ws/install/gwpspider_interfaces/include/gwpspider_interfaces/gwpspider_interfaces
[12.552s] -- Up-to-date: /home/spider/gwpspider_ws/install/gwpspider_interfaces/include/gwpspider_interfaces/gwpspider_interfaces/srv
[12.552s] -- Up-to-date: /home/spider/gwpspider_ws/install/gwpspider_interfaces/include/gwpspider_interfaces/gwpspider_interfaces/srv/detail
[12.552s] -- Installing: /home/spider/gwpspider_ws/install/gwpspider_interfaces/include/gwpspider_interfaces/gwpspider_interfaces/srv/detail/get_walking_instructions__rosidl_typesupport_introspection_c.h
[12.553s] -- Installing: /home/spider/gwpspider_ws/install/gwpspider_interfaces/include/gwpspider_interfaces/gwpspider_interfaces/srv/detail/toggle_motors_torque__type_support.c
[12.553s] -- Installing: /home/spider/gwpspider_ws/install/gwpspider_interfaces/include/gwpspider_interfaces/gwpspider_interfaces/srv/detail/toggle_motors_torque__rosidl_typesupport_introspection_c.h
[12.553s] -- Installing: /home/spider/gwpspider_ws/install/gwpspider_interfaces/include/gwpspider_interfaces/gwpspider_interfaces/srv/detail/control_water_pump__rosidl_typesupport_introspection_c.h
[12.553s] -- Installing: /home/spider/gwpspider_ws/install/gwpspider_interfaces/include/gwpspider_interfaces/gwpspider_interfaces/srv/detail/init_bno__rosidl_typesupport_introspection_c.h
[12.553s] -- Installing: /home/spider/gwpspider_ws/install/gwpspider_interfaces/include/gwpspider_interfaces/gwpspider_interfaces/srv/detail/move_gripper__type_support.c
[12.553s] -- Installing: /home/spider/gwpspider_ws/install/gwpspider_interfaces/include/gwpspider_interfaces/gwpspider_interfaces/srv/detail/init_bno__type_support.c
[12.553s] -- Installing: /home/spider/gwpspider_ws/install/gwpspider_interfaces/include/gwpspider_interfaces/gwpspider_interfaces/srv/detail/get_walking_instructions__type_support.c
[12.553s] -- Installing: /home/spider/gwpspider_ws/install/gwpspider_interfaces/include/gwpspider_interfaces/gwpspider_interfaces/srv/detail/get_modified_walking_instructions__rosidl_typesupport_introspection_c.h
[12.554s] -- Installing: /home/spider/gwpspider_ws/install/gwpspider_interfaces/include/gwpspider_interfaces/gwpspider_interfaces/srv/detail/move_gripper__rosidl_typesupport_introspection_c.h
[12.554s] -- Installing: /home/spider/gwpspider_ws/install/gwpspider_interfaces/include/gwpspider_interfaces/gwpspider_interfaces/srv/detail/get_modified_walking_instructions__type_support.c
[12.554s] -- Installing: /home/spider/gwpspider_ws/install/gwpspider_interfaces/include/gwpspider_interfaces/gwpspider_interfaces/srv/detail/set_bus_watchdog__type_support.c
[12.554s] -- Installing: /home/spider/gwpspider_ws/install/gwpspider_interfaces/include/gwpspider_interfaces/gwpspider_interfaces/srv/detail/control_water_pump__type_support.c
[12.554s] -- Installing: /home/spider/gwpspider_ws/install/gwpspider_interfaces/include/gwpspider_interfaces/gwpspider_interfaces/srv/detail/set_bus_watchdog__rosidl_typesupport_introspection_c.h
[12.554s] -- Up-to-date: /home/spider/gwpspider_ws/install/gwpspider_interfaces/include/gwpspider_interfaces/gwpspider_interfaces/msg
[12.554s] -- Up-to-date: /home/spider/gwpspider_ws/install/gwpspider_interfaces/include/gwpspider_interfaces/gwpspider_interfaces/msg/detail
[12.554s] -- Installing: /home/spider/gwpspider_ws/install/gwpspider_interfaces/include/gwpspider_interfaces/gwpspider_interfaces/msg/detail/bno_data__rosidl_typesupport_introspection_c.h
[12.554s] -- Installing: /home/spider/gwpspider_ws/install/gwpspider_interfaces/include/gwpspider_interfaces/gwpspider_interfaces/msg/detail/dynamixel_motors_data__rosidl_typesupport_introspection_c.h
[12.555s] -- Installing: /home/spider/gwpspider_ws/install/gwpspider_interfaces/include/gwpspider_interfaces/gwpspider_interfaces/msg/detail/gripper_command__type_support.c
[12.555s] -- Installing: /home/spider/gwpspider_ws/install/gwpspider_interfaces/include/gwpspider_interfaces/gwpspider_interfaces/msg/detail/gripper_command__rosidl_typesupport_introspection_c.h
[12.555s] -- Installing: /home/spider/gwpspider_ws/install/gwpspider_interfaces/include/gwpspider_interfaces/gwpspider_interfaces/msg/detail/bno_data__type_support.c
[12.555s] -- Installing: /home/spider/gwpspider_ws/install/gwpspider_interfaces/include/gwpspider_interfaces/gwpspider_interfaces/msg/detail/water_pump_command__type_support.c
[12.555s] -- Installing: /home/spider/gwpspider_ws/install/gwpspider_interfaces/include/gwpspider_interfaces/gwpspider_interfaces/msg/detail/dynamixel_motors_data__type_support.c
[12.555s] -- Installing: /home/spider/gwpspider_ws/install/gwpspider_interfaces/include/gwpspider_interfaces/gwpspider_interfaces/msg/detail/water_pump_command__rosidl_typesupport_introspection_c.h
[12.555s] -- Up-to-date: /home/spider/gwpspider_ws/install/gwpspider_interfaces/include/gwpspider_interfaces/gwpspider_interfaces/msg/rosidl_typesupport_introspection_c__visibility_control.h
[12.556s] -- Installing: /home/spider/gwpspider_ws/install/gwpspider_interfaces/lib/libgwpspider_interfaces__rosidl_typesupport_introspection_c.so
[12.556s] -- Set runtime path of "/home/spider/gwpspider_ws/install/gwpspider_interfaces/lib/libgwpspider_interfaces__rosidl_typesupport_introspection_c.so" to ""
[12.556s] -- Installing: /home/spider/gwpspider_ws/install/gwpspider_interfaces/lib/libgwpspider_interfaces__rosidl_typesupport_c.so
[12.556s] -- Set runtime path of "/home/spider/gwpspider_ws/install/gwpspider_interfaces/lib/libgwpspider_interfaces__rosidl_typesupport_c.so" to ""
[12.557s] -- Up-to-date: /home/spider/gwpspider_ws/install/gwpspider_interfaces/include/gwpspider_interfaces/gwpspider_interfaces
[12.557s] -- Up-to-date: /home/spider/gwpspider_ws/install/gwpspider_interfaces/include/gwpspider_interfaces/gwpspider_interfaces/srv
[12.557s] -- Installing: /home/spider/gwpspider_ws/install/gwpspider_interfaces/include/gwpspider_interfaces/gwpspider_interfaces/srv/set_bus_watchdog.hpp
[12.557s] -- Up-to-date: /home/spider/gwpspider_ws/install/gwpspider_interfaces/include/gwpspider_interfaces/gwpspider_interfaces/srv/detail
[12.557s] -- Installing: /home/spider/gwpspider_ws/install/gwpspider_interfaces/include/gwpspider_interfaces/gwpspider_interfaces/srv/detail/move_gripper__traits.hpp
[12.557s] -- Installing: /home/spider/gwpspider_ws/install/gwpspider_interfaces/include/gwpspider_interfaces/gwpspider_interfaces/srv/detail/control_water_pump__struct.hpp
[12.557s] -- Installing: /home/spider/gwpspider_ws/install/gwpspider_interfaces/include/gwpspider_interfaces/gwpspider_interfaces/srv/detail/init_bno__struct.hpp
[12.557s] -- Installing: /home/spider/gwpspider_ws/install/gwpspider_interfaces/include/gwpspider_interfaces/gwpspider_interfaces/srv/detail/toggle_motors_torque__builder.hpp
[12.557s] -- Installing: /home/spider/gwpspider_ws/install/gwpspider_interfaces/include/gwpspider_interfaces/gwpspider_interfaces/srv/detail/get_modified_walking_instructions__builder.hpp
[12.557s] -- Installing: /home/spider/gwpspider_ws/install/gwpspider_interfaces/include/gwpspider_interfaces/gwpspider_interfaces/srv/detail/toggle_motors_torque__traits.hpp
[12.558s] -- Installing: /home/spider/gwpspider_ws/install/gwpspider_interfaces/include/gwpspider_interfaces/gwpspider_interfaces/srv/detail/move_gripper__struct.hpp
[12.558s] -- Installing: /home/spider/gwpspider_ws/install/gwpspider_interfaces/include/gwpspider_interfaces/gwpspider_interfaces/srv/detail/move_gripper__builder.hpp
[12.558s] -- Installing: /home/spider/gwpspider_ws/install/gwpspider_interfaces/include/gwpspider_interfaces/gwpspider_interfaces/srv/detail/get_modified_walking_instructions__struct.hpp
[12.558s] -- Installing: /home/spider/gwpspider_ws/install/gwpspider_interfaces/include/gwpspider_interfaces/gwpspider_interfaces/srv/detail/set_bus_watchdog__builder.hpp
[12.558s] -- Installing: /home/spider/gwpspider_ws/install/gwpspider_interfaces/include/gwpspider_interfaces/gwpspider_interfaces/srv/detail/init_bno__builder.hpp
[12.558s] -- Installing: /home/spider/gwpspider_ws/install/gwpspider_interfaces/include/gwpspider_interfaces/gwpspider_interfaces/srv/detail/get_walking_instructions__builder.hpp
[12.558s] -- Installing: /home/spider/gwpspider_ws/install/gwpspider_interfaces/include/gwpspider_interfaces/gwpspider_interfaces/srv/detail/init_bno__traits.hpp
[12.558s] -- Installing: /home/spider/gwpspider_ws/install/gwpspider_interfaces/include/gwpspider_interfaces/gwpspider_interfaces/srv/detail/set_bus_watchdog__struct.hpp
[12.559s] -- Installing: /home/spider/gwpspider_ws/install/gwpspider_interfaces/include/gwpspider_interfaces/gwpspider_interfaces/srv/detail/get_walking_instructions__traits.hpp
[12.559s] -- Installing: /home/spider/gwpspider_ws/install/gwpspider_interfaces/include/gwpspider_interfaces/gwpspider_interfaces/srv/detail/toggle_motors_torque__struct.hpp
[12.559s] -- Installing: /home/spider/gwpspider_ws/install/gwpspider_interfaces/include/gwpspider_interfaces/gwpspider_interfaces/srv/detail/control_water_pump__traits.hpp
[12.559s] -- Installing: /home/spider/gwpspider_ws/install/gwpspider_interfaces/include/gwpspider_interfaces/gwpspider_interfaces/srv/detail/get_walking_instructions__struct.hpp
[12.559s] -- Installing: /home/spider/gwpspider_ws/install/gwpspider_interfaces/include/gwpspider_interfaces/gwpspider_interfaces/srv/detail/set_bus_watchdog__traits.hpp
[12.559s] -- Installing: /home/spider/gwpspider_ws/install/gwpspider_interfaces/include/gwpspider_interfaces/gwpspider_interfaces/srv/detail/control_water_pump__builder.hpp
[12.559s] -- Installing: /home/spider/gwpspider_ws/install/gwpspider_interfaces/include/gwpspider_interfaces/gwpspider_interfaces/srv/detail/get_modified_walking_instructions__traits.hpp
[12.559s] -- Installing: /home/spider/gwpspider_ws/install/gwpspider_interfaces/include/gwpspider_interfaces/gwpspider_interfaces/srv/toggle_motors_torque.hpp
[12.560s] -- Installing: /home/spider/gwpspider_ws/install/gwpspider_interfaces/include/gwpspider_interfaces/gwpspider_interfaces/srv/move_gripper.hpp
[12.560s] -- Installing: /home/spider/gwpspider_ws/install/gwpspider_interfaces/include/gwpspider_interfaces/gwpspider_interfaces/srv/init_bno.hpp
[12.560s] -- Installing: /home/spider/gwpspider_ws/install/gwpspider_interfaces/include/gwpspider_interfaces/gwpspider_interfaces/srv/control_water_pump.hpp
[12.560s] -- Installing: /home/spider/gwpspider_ws/install/gwpspider_interfaces/include/gwpspider_interfaces/gwpspider_interfaces/srv/get_walking_instructions.hpp
[12.560s] -- Installing: /home/spider/gwpspider_ws/install/gwpspider_interfaces/include/gwpspider_interfaces/gwpspider_interfaces/srv/get_modified_walking_instructions.hpp
[12.560s] -- Up-to-date: /home/spider/gwpspider_ws/install/gwpspider_interfaces/include/gwpspider_interfaces/gwpspider_interfaces/msg
[12.560s] -- Installing: /home/spider/gwpspider_ws/install/gwpspider_interfaces/include/gwpspider_interfaces/gwpspider_interfaces/msg/gripper_command.hpp
[12.560s] -- Up-to-date: /home/spider/gwpspider_ws/install/gwpspider_interfaces/include/gwpspider_interfaces/gwpspider_interfaces/msg/detail
[12.560s] -- Installing: /home/spider/gwpspider_ws/install/gwpspider_interfaces/include/gwpspider_interfaces/gwpspider_interfaces/msg/detail/bno_data__traits.hpp
[12.561s] -- Installing: /home/spider/gwpspider_ws/install/gwpspider_interfaces/include/gwpspider_interfaces/gwpspider_interfaces/msg/detail/water_pump_command__struct.hpp
[12.561s] -- Installing: /home/spider/gwpspider_ws/install/gwpspider_interfaces/include/gwpspider_interfaces/gwpspider_interfaces/msg/detail/dynamixel_motors_data__builder.hpp
[12.561s] -- Installing: /home/spider/gwpspider_ws/install/gwpspider_interfaces/include/gwpspider_interfaces/gwpspider_interfaces/msg/detail/dynamixel_motors_data__traits.hpp
[12.561s] -- Installing: /home/spider/gwpspider_ws/install/gwpspider_interfaces/include/gwpspider_interfaces/gwpspider_interfaces/msg/detail/dynamixel_motors_data__struct.hpp
[12.561s] -- Installing: /home/spider/gwpspider_ws/install/gwpspider_interfaces/include/gwpspider_interfaces/gwpspider_interfaces/msg/detail/gripper_command__traits.hpp
[12.561s] -- Installing: /home/spider/gwpspider_ws/install/gwpspider_interfaces/include/gwpspider_interfaces/gwpspider_interfaces/msg/detail/bno_data__struct.hpp
[12.561s] -- Installing: /home/spider/gwpspider_ws/install/gwpspider_interfaces/include/gwpspider_interfaces/gwpspider_interfaces/msg/detail/gripper_command__struct.hpp
[12.561s] -- Installing: /home/spider/gwpspider_ws/install/gwpspider_interfaces/include/gwpspider_interfaces/gwpspider_interfaces/msg/detail/bno_data__builder.hpp
[12.562s] -- Installing: /home/spider/gwpspider_ws/install/gwpspider_interfaces/include/gwpspider_interfaces/gwpspider_interfaces/msg/detail/gripper_command__builder.hpp
[12.562s] -- Installing: /home/spider/gwpspider_ws/install/gwpspider_interfaces/include/gwpspider_interfaces/gwpspider_interfaces/msg/detail/water_pump_command__traits.hpp
[12.562s] -- Installing: /home/spider/gwpspider_ws/install/gwpspider_interfaces/include/gwpspider_interfaces/gwpspider_interfaces/msg/detail/water_pump_command__builder.hpp
[12.562s] -- Installing: /home/spider/gwpspider_ws/install/gwpspider_interfaces/include/gwpspider_interfaces/gwpspider_interfaces/msg/dynamixel_motors_data.hpp
[12.562s] -- Installing: /home/spider/gwpspider_ws/install/gwpspider_interfaces/include/gwpspider_interfaces/gwpspider_interfaces/msg/bno_data.hpp
[12.562s] -- Installing: /home/spider/gwpspider_ws/install/gwpspider_interfaces/include/gwpspider_interfaces/gwpspider_interfaces/msg/water_pump_command.hpp
[12.562s] -- Up-to-date: /home/spider/gwpspider_ws/install/gwpspider_interfaces/include/gwpspider_interfaces/gwpspider_interfaces
[12.562s] -- Up-to-date: /home/spider/gwpspider_ws/install/gwpspider_interfaces/include/gwpspider_interfaces/gwpspider_interfaces/srv
[12.562s] -- Up-to-date: /home/spider/gwpspider_ws/install/gwpspider_interfaces/include/gwpspider_interfaces/gwpspider_interfaces/srv/detail
[12.563s] -- Installing: /home/spider/gwpspider_ws/install/gwpspider_interfaces/include/gwpspider_interfaces/gwpspider_interfaces/srv/detail/toggle_motors_torque__rosidl_typesupport_fastrtps_cpp.hpp
[12.563s] -- Installing: /home/spider/gwpspider_ws/install/gwpspider_interfaces/include/gwpspider_interfaces/gwpspider_interfaces/srv/detail/move_gripper__rosidl_typesupport_fastrtps_cpp.hpp
[12.563s] -- Installing: /home/spider/gwpspider_ws/install/gwpspider_interfaces/include/gwpspider_interfaces/gwpspider_interfaces/srv/detail/get_walking_instructions__rosidl_typesupport_fastrtps_cpp.hpp
[12.563s] -- Installing: /home/spider/gwpspider_ws/install/gwpspider_interfaces/include/gwpspider_interfaces/gwpspider_interfaces/srv/detail/init_bno__rosidl_typesupport_fastrtps_cpp.hpp
[12.563s] -- Installing: /home/spider/gwpspider_ws/install/gwpspider_interfaces/include/gwpspider_interfaces/gwpspider_interfaces/srv/detail/control_water_pump__rosidl_typesupport_fastrtps_cpp.hpp
[12.563s] -- Installing: /home/spider/gwpspider_ws/install/gwpspider_interfaces/include/gwpspider_interfaces/gwpspider_interfaces/srv/detail/set_bus_watchdog__rosidl_typesupport_fastrtps_cpp.hpp
[12.563s] -- Installing: /home/spider/gwpspider_ws/install/gwpspider_interfaces/include/gwpspider_interfaces/gwpspider_interfaces/srv/detail/get_modified_walking_instructions__rosidl_typesupport_fastrtps_cpp.hpp
[12.563s] -- Up-to-date: /home/spider/gwpspider_ws/install/gwpspider_interfaces/include/gwpspider_interfaces/gwpspider_interfaces/srv/detail/dds_fastrtps
[12.563s] -- Up-to-date: /home/spider/gwpspider_ws/install/gwpspider_interfaces/include/gwpspider_interfaces/gwpspider_interfaces/msg
[12.564s] -- Up-to-date: /home/spider/gwpspider_ws/install/gwpspider_interfaces/include/gwpspider_interfaces/gwpspider_interfaces/msg/rosidl_typesupport_fastrtps_cpp__visibility_control.h
[12.564s] -- Up-to-date: /home/spider/gwpspider_ws/install/gwpspider_interfaces/include/gwpspider_interfaces/gwpspider_interfaces/msg/detail
[12.564s] -- Installing: /home/spider/gwpspider_ws/install/gwpspider_interfaces/include/gwpspider_interfaces/gwpspider_interfaces/msg/detail/dynamixel_motors_data__rosidl_typesupport_fastrtps_cpp.hpp
[12.564s] -- Installing: /home/spider/gwpspider_ws/install/gwpspider_interfaces/include/gwpspider_interfaces/gwpspider_interfaces/msg/detail/bno_data__rosidl_typesupport_fastrtps_cpp.hpp
[12.564s] -- Installing: /home/spider/gwpspider_ws/install/gwpspider_interfaces/include/gwpspider_interfaces/gwpspider_interfaces/msg/detail/water_pump_command__rosidl_typesupport_fastrtps_cpp.hpp
[12.564s] -- Up-to-date: /home/spider/gwpspider_ws/install/gwpspider_interfaces/include/gwpspider_interfaces/gwpspider_interfaces/msg/detail/dds_fastrtps
[12.564s] -- Installing: /home/spider/gwpspider_ws/install/gwpspider_interfaces/include/gwpspider_interfaces/gwpspider_interfaces/msg/detail/gripper_command__rosidl_typesupport_fastrtps_cpp.hpp
[12.564s] -- Installing: /home/spider/gwpspider_ws/install/gwpspider_interfaces/lib/libgwpspider_interfaces__rosidl_typesupport_fastrtps_cpp.so
[12.565s] -- Set runtime path of "/home/spider/gwpspider_ws/install/gwpspider_interfaces/lib/libgwpspider_interfaces__rosidl_typesupport_fastrtps_cpp.so" to ""
[12.565s] -- Up-to-date: /home/spider/gwpspider_ws/install/gwpspider_interfaces/include/gwpspider_interfaces/gwpspider_interfaces
[12.565s] -- Up-to-date: /home/spider/gwpspider_ws/install/gwpspider_interfaces/include/gwpspider_interfaces/gwpspider_interfaces/srv
[12.565s] -- Up-to-date: /home/spider/gwpspider_ws/install/gwpspider_interfaces/include/gwpspider_interfaces/gwpspider_interfaces/srv/detail
[12.566s] -- Installing: /home/spider/gwpspider_ws/install/gwpspider_interfaces/include/gwpspider_interfaces/gwpspider_interfaces/srv/detail/init_bno__type_support.cpp
[12.566s] -- Installing: /home/spider/gwpspider_ws/install/gwpspider_interfaces/include/gwpspider_interfaces/gwpspider_interfaces/srv/detail/get_modified_walking_instructions__rosidl_typesupport_introspection_cpp.hpp
[12.566s] -- Installing: /home/spider/gwpspider_ws/install/gwpspider_interfaces/include/gwpspider_interfaces/gwpspider_interfaces/srv/detail/move_gripper__rosidl_typesupport_introspection_cpp.hpp
[12.566s] -- Installing: /home/spider/gwpspider_ws/install/gwpspider_interfaces/include/gwpspider_interfaces/gwpspider_interfaces/srv/detail/set_bus_watchdog__type_support.cpp
[12.566s] -- Installing: /home/spider/gwpspider_ws/install/gwpspider_interfaces/include/gwpspider_interfaces/gwpspider_interfaces/srv/detail/control_water_pump__rosidl_typesupport_introspection_cpp.hpp
[12.566s] -- Installing: /home/spider/gwpspider_ws/install/gwpspider_interfaces/include/gwpspider_interfaces/gwpspider_interfaces/srv/detail/init_bno__rosidl_typesupport_introspection_cpp.hpp
[12.566s] -- Installing: /home/spider/gwpspider_ws/install/gwpspider_interfaces/include/gwpspider_interfaces/gwpspider_interfaces/srv/detail/control_water_pump__type_support.cpp
[12.566s] -- Installing: /home/spider/gwpspider_ws/install/gwpspider_interfaces/include/gwpspider_interfaces/gwpspider_interfaces/srv/detail/toggle_motors_torque__type_support.cpp
[12.566s] -- Installing: /home/spider/gwpspider_ws/install/gwpspider_interfaces/include/gwpspider_interfaces/gwpspider_interfaces/srv/detail/set_bus_watchdog__rosidl_typesupport_introspection_cpp.hpp
[12.567s] -- Installing: /home/spider/gwpspider_ws/install/gwpspider_interfaces/include/gwpspider_interfaces/gwpspider_interfaces/srv/detail/move_gripper__type_support.cpp
[12.567s] -- Installing: /home/spider/gwpspider_ws/install/gwpspider_interfaces/include/gwpspider_interfaces/gwpspider_interfaces/srv/detail/get_modified_walking_instructions__type_support.cpp
[12.567s] -- Installing: /home/spider/gwpspider_ws/install/gwpspider_interfaces/include/gwpspider_interfaces/gwpspider_interfaces/srv/detail/toggle_motors_torque__rosidl_typesupport_introspection_cpp.hpp
[12.567s] -- Installing: /home/spider/gwpspider_ws/install/gwpspider_interfaces/include/gwpspider_interfaces/gwpspider_interfaces/srv/detail/get_walking_instructions__type_support.cpp
[12.567s] -- Installing: /home/spider/gwpspider_ws/install/gwpspider_interfaces/include/gwpspider_interfaces/gwpspider_interfaces/srv/detail/get_walking_instructions__rosidl_typesupport_introspection_cpp.hpp
[12.567s] -- Up-to-date: /home/spider/gwpspider_ws/install/gwpspider_interfaces/include/gwpspider_interfaces/gwpspider_interfaces/msg
[12.567s] -- Up-to-date: /home/spider/gwpspider_ws/install/gwpspider_interfaces/include/gwpspider_interfaces/gwpspider_interfaces/msg/detail
[12.567s] -- Installing: /home/spider/gwpspider_ws/install/gwpspider_interfaces/include/gwpspider_interfaces/gwpspider_interfaces/msg/detail/bno_data__type_support.cpp
[12.568s] -- Installing: /home/spider/gwpspider_ws/install/gwpspider_interfaces/include/gwpspider_interfaces/gwpspider_interfaces/msg/detail/gripper_command__type_support.cpp
[12.568s] -- Installing: /home/spider/gwpspider_ws/install/gwpspider_interfaces/include/gwpspider_interfaces/gwpspider_interfaces/msg/detail/dynamixel_motors_data__type_support.cpp
[12.568s] -- Installing: /home/spider/gwpspider_ws/install/gwpspider_interfaces/include/gwpspider_interfaces/gwpspider_interfaces/msg/detail/dynamixel_motors_data__rosidl_typesupport_introspection_cpp.hpp
[12.568s] -- Installing: /home/spider/gwpspider_ws/install/gwpspider_interfaces/include/gwpspider_interfaces/gwpspider_interfaces/msg/detail/gripper_command__rosidl_typesupport_introspection_cpp.hpp
[12.568s] -- Installing: /home/spider/gwpspider_ws/install/gwpspider_interfaces/include/gwpspider_interfaces/gwpspider_interfaces/msg/detail/water_pump_command__rosidl_typesupport_introspection_cpp.hpp
[12.568s] -- Installing: /home/spider/gwpspider_ws/install/gwpspider_interfaces/include/gwpspider_interfaces/gwpspider_interfaces/msg/detail/bno_data__rosidl_typesupport_introspection_cpp.hpp
[12.569s] -- Installing: /home/spider/gwpspider_ws/install/gwpspider_interfaces/include/gwpspider_interfaces/gwpspider_interfaces/msg/detail/water_pump_command__type_support.cpp
[12.569s] -- Installing: /home/spider/gwpspider_ws/install/gwpspider_interfaces/lib/libgwpspider_interfaces__rosidl_typesupport_introspection_cpp.so
[12.570s] -- Set runtime path of "/home/spider/gwpspider_ws/install/gwpspider_interfaces/lib/libgwpspider_interfaces__rosidl_typesupport_introspection_cpp.so" to ""
[12.570s] -- Installing: /home/spider/gwpspider_ws/install/gwpspider_interfaces/lib/libgwpspider_interfaces__rosidl_typesupport_cpp.so
[12.571s] -- Set runtime path of "/home/spider/gwpspider_ws/install/gwpspider_interfaces/lib/libgwpspider_interfaces__rosidl_typesupport_cpp.so" to ""
[12.571s] -- Up-to-date: /home/spider/gwpspider_ws/install/gwpspider_interfaces/share/gwpspider_interfaces/environment/pythonpath.sh
[12.571s] -- Installing: /home/spider/gwpspider_ws/install/gwpspider_interfaces/share/gwpspider_interfaces/environment/pythonpath.dsv
[12.571s] -- Up-to-date: /home/spider/gwpspider_ws/install/gwpspider_interfaces/local/lib/python3.10/dist-packages/gwpspider_interfaces-0.0.0-py3.10.egg-info
[12.571s] -- Installing: /home/spider/gwpspider_ws/install/gwpspider_interfaces/local/lib/python3.10/dist-packages/gwpspider_interfaces-0.0.0-py3.10.egg-info/dependency_links.txt
[12.571s] -- Installing: /home/spider/gwpspider_ws/install/gwpspider_interfaces/local/lib/python3.10/dist-packages/gwpspider_interfaces-0.0.0-py3.10.egg-info/top_level.txt
[12.571s] -- Installing: /home/spider/gwpspider_ws/install/gwpspider_interfaces/local/lib/python3.10/dist-packages/gwpspider_interfaces-0.0.0-py3.10.egg-info/SOURCES.txt
[12.571s] -- Installing: /home/spider/gwpspider_ws/install/gwpspider_interfaces/local/lib/python3.10/dist-packages/gwpspider_interfaces-0.0.0-py3.10.egg-info/PKG-INFO
[12.571s] -- Up-to-date: /home/spider/gwpspider_ws/install/gwpspider_interfaces/local/lib/python3.10/dist-packages/gwpspider_interfaces
[12.572s] -- Installing: /home/spider/gwpspider_ws/install/gwpspider_interfaces/local/lib/python3.10/dist-packages/gwpspider_interfaces/_gwpspider_interfaces_s.ep.rosidl_typesupport_c.c
[12.572s] -- Installing: /home/spider/gwpspider_ws/install/gwpspider_interfaces/local/lib/python3.10/dist-packages/gwpspider_interfaces/_gwpspider_interfaces_s.ep.rosidl_typesupport_fastrtps_c.c
[12.572s] -- Installing: /home/spider/gwpspider_ws/install/gwpspider_interfaces/local/lib/python3.10/dist-packages/gwpspider_interfaces/libgwpspider_interfaces__rosidl_generator_py.so
[12.572s] -- Installing: /home/spider/gwpspider_ws/install/gwpspider_interfaces/local/lib/python3.10/dist-packages/gwpspider_interfaces/gwpspider_interfaces_s__rosidl_typesupport_fastrtps_c.cpython-310-x86_64-linux-gnu.so
[12.576s] -- Installing: /home/spider/gwpspider_ws/install/gwpspider_interfaces/local/lib/python3.10/dist-packages/gwpspider_interfaces/_gwpspider_interfaces_s.ep.rosidl_typesupport_introspection_c.c
[12.577s] -- Installing: /home/spider/gwpspider_ws/install/gwpspider_interfaces/local/lib/python3.10/dist-packages/gwpspider_interfaces/__init__.py
[12.577s] -- Up-to-date: /home/spider/gwpspider_ws/install/gwpspider_interfaces/local/lib/python3.10/dist-packages/gwpspider_interfaces/srv
[12.577s] -- Installing: /home/spider/gwpspider_ws/install/gwpspider_interfaces/local/lib/python3.10/dist-packages/gwpspider_interfaces/srv/_toggle_motors_torque.py
[12.577s] -- Installing: /home/spider/gwpspider_ws/install/gwpspider_interfaces/local/lib/python3.10/dist-packages/gwpspider_interfaces/srv/_set_bus_watchdog.py
[12.577s] -- Installing: /home/spider/gwpspider_ws/install/gwpspider_interfaces/local/lib/python3.10/dist-packages/gwpspider_interfaces/srv/_init_bno.py
[12.577s] -- Installing: /home/spider/gwpspider_ws/install/gwpspider_interfaces/local/lib/python3.10/dist-packages/gwpspider_interfaces/srv/_control_water_pump.py
[12.577s] -- Installing: /home/spider/gwpspider_ws/install/gwpspider_interfaces/local/lib/python3.10/dist-packages/gwpspider_interfaces/srv/_move_gripper_s.c
[12.577s] -- Installing: /home/spider/gwpspider_ws/install/gwpspider_interfaces/local/lib/python3.10/dist-packages/gwpspider_interfaces/srv/__init__.py
[12.577s] -- Installing: /home/spider/gwpspider_ws/install/gwpspider_interfaces/local/lib/python3.10/dist-packages/gwpspider_interfaces/srv/_set_bus_watchdog_s.c
[12.577s] -- Installing: /home/spider/gwpspider_ws/install/gwpspider_interfaces/local/lib/python3.10/dist-packages/gwpspider_interfaces/srv/_get_walking_instructions.py
[12.577s] -- Installing: /home/spider/gwpspider_ws/install/gwpspider_interfaces/local/lib/python3.10/dist-packages/gwpspider_interfaces/srv/_init_bno_s.c
[12.577s] -- Installing: /home/spider/gwpspider_ws/install/gwpspider_interfaces/local/lib/python3.10/dist-packages/gwpspider_interfaces/srv/_move_gripper.py
[12.578s] -- Installing: /home/spider/gwpspider_ws/install/gwpspider_interfaces/local/lib/python3.10/dist-packages/gwpspider_interfaces/srv/_toggle_motors_torque_s.c
[12.578s] -- Installing: /home/spider/gwpspider_ws/install/gwpspider_interfaces/local/lib/python3.10/dist-packages/gwpspider_interfaces/srv/_get_modified_walking_instructions_s.c
[12.578s] -- Installing: /home/spider/gwpspider_ws/install/gwpspider_interfaces/local/lib/python3.10/dist-packages/gwpspider_interfaces/srv/_control_water_pump_s.c
[12.578s] -- Installing: /home/spider/gwpspider_ws/install/gwpspider_interfaces/local/lib/python3.10/dist-packages/gwpspider_interfaces/srv/_get_modified_walking_instructions.py
[12.578s] -- Installing: /home/spider/gwpspider_ws/install/gwpspider_interfaces/local/lib/python3.10/dist-packages/gwpspider_interfaces/srv/_get_walking_instructions_s.c
[12.578s] -- Installing: /home/spider/gwpspider_ws/install/gwpspider_interfaces/local/lib/python3.10/dist-packages/gwpspider_interfaces/gwpspider_interfaces_s__rosidl_typesupport_introspection_c.cpython-310-x86_64-linux-gnu.so
[12.578s] -- Installing: /home/spider/gwpspider_ws/install/gwpspider_interfaces/local/lib/python3.10/dist-packages/gwpspider_interfaces/gwpspider_interfaces_s__rosidl_typesupport_c.cpython-310-x86_64-linux-gnu.so
[12.578s] -- Up-to-date: /home/spider/gwpspider_ws/install/gwpspider_interfaces/local/lib/python3.10/dist-packages/gwpspider_interfaces/msg
[12.578s] -- Installing: /home/spider/gwpspider_ws/install/gwpspider_interfaces/local/lib/python3.10/dist-packages/gwpspider_interfaces/msg/_bno_data.py
[12.578s] -- Installing: /home/spider/gwpspider_ws/install/gwpspider_interfaces/local/lib/python3.10/dist-packages/gwpspider_interfaces/msg/_bno_data_s.c
[12.578s] -- Installing: /home/spider/gwpspider_ws/install/gwpspider_interfaces/local/lib/python3.10/dist-packages/gwpspider_interfaces/msg/_gripper_command.py
[12.578s] -- Installing: /home/spider/gwpspider_ws/install/gwpspider_interfaces/local/lib/python3.10/dist-packages/gwpspider_interfaces/msg/_dynamixel_motors_data_s.c
[12.578s] -- Installing: /home/spider/gwpspider_ws/install/gwpspider_interfaces/local/lib/python3.10/dist-packages/gwpspider_interfaces/msg/_water_pump_command_s.c
[12.578s] -- Installing: /home/spider/gwpspider_ws/install/gwpspider_interfaces/local/lib/python3.10/dist-packages/gwpspider_interfaces/msg/_water_pump_command.py
[12.579s] -- Installing: /home/spider/gwpspider_ws/install/gwpspider_interfaces/local/lib/python3.10/dist-packages/gwpspider_interfaces/msg/_dynamixel_motors_data.py
[12.579s] -- Installing: /home/spider/gwpspider_ws/install/gwpspider_interfaces/local/lib/python3.10/dist-packages/gwpspider_interfaces/msg/__init__.py
[12.579s] -- Installing: /home/spider/gwpspider_ws/install/gwpspider_interfaces/local/lib/python3.10/dist-packages/gwpspider_interfaces/msg/_gripper_command_s.c
[12.654s] Listing '/home/spider/gwpspider_ws/install/gwpspider_interfaces/local/lib/python3.10/dist-packages/gwpspider_interfaces'...
[12.654s] Compiling '/home/spider/gwpspider_ws/install/gwpspider_interfaces/local/lib/python3.10/dist-packages/gwpspider_interfaces/__init__.py'...
[12.654s] Listing '/home/spider/gwpspider_ws/install/gwpspider_interfaces/local/lib/python3.10/dist-packages/gwpspider_interfaces/msg'...
[12.654s] Compiling '/home/spider/gwpspider_ws/install/gwpspider_interfaces/local/lib/python3.10/dist-packages/gwpspider_interfaces/msg/__init__.py'...
[12.654s] Compiling '/home/spider/gwpspider_ws/install/gwpspider_interfaces/local/lib/python3.10/dist-packages/gwpspider_interfaces/msg/_bno_data.py'...
[12.654s] Compiling '/home/spider/gwpspider_ws/install/gwpspider_interfaces/local/lib/python3.10/dist-packages/gwpspider_interfaces/msg/_dynamixel_motors_data.py'...
[12.654s] Compiling '/home/spider/gwpspider_ws/install/gwpspider_interfaces/local/lib/python3.10/dist-packages/gwpspider_interfaces/msg/_gripper_command.py'...
[12.654s] Compiling '/home/spider/gwpspider_ws/install/gwpspider_interfaces/local/lib/python3.10/dist-packages/gwpspider_interfaces/msg/_water_pump_command.py'...
[12.654s] Listing '/home/spider/gwpspider_ws/install/gwpspider_interfaces/local/lib/python3.10/dist-packages/gwpspider_interfaces/srv'...
[12.654s] Compiling '/home/spider/gwpspider_ws/install/gwpspider_interfaces/local/lib/python3.10/dist-packages/gwpspider_interfaces/srv/__init__.py'...
[12.654s] Compiling '/home/spider/gwpspider_ws/install/gwpspider_interfaces/local/lib/python3.10/dist-packages/gwpspider_interfaces/srv/_control_water_pump.py'...
[12.654s] Compiling '/home/spider/gwpspider_ws/install/gwpspider_interfaces/local/lib/python3.10/dist-packages/gwpspider_interfaces/srv/_get_modified_walking_instructions.py'...
[12.654s] Compiling '/home/spider/gwpspider_ws/install/gwpspider_interfaces/local/lib/python3.10/dist-packages/gwpspider_interfaces/srv/_get_walking_instructions.py'...
[12.655s] Compiling '/home/spider/gwpspider_ws/install/gwpspider_interfaces/local/lib/python3.10/dist-packages/gwpspider_interfaces/srv/_init_bno.py'...
[12.655s] Compiling '/home/spider/gwpspider_ws/install/gwpspider_interfaces/local/lib/python3.10/dist-packages/gwpspider_interfaces/srv/_move_gripper.py'...
[12.655s] Compiling '/home/spider/gwpspider_ws/install/gwpspider_interfaces/local/lib/python3.10/dist-packages/gwpspider_interfaces/srv/_set_bus_watchdog.py'...
[12.655s] Compiling '/home/spider/gwpspider_ws/install/gwpspider_interfaces/local/lib/python3.10/dist-packages/gwpspider_interfaces/srv/_toggle_motors_torque.py'...
[12.658s] -- Installing: /home/spider/gwpspider_ws/install/gwpspider_interfaces/local/lib/python3.10/dist-packages/gwpspider_interfaces/gwpspider_interfaces_s__rosidl_typesupport_fastrtps_c.cpython-310-x86_64-linux-gnu.so
[12.659s] -- Set runtime path of "/home/spider/gwpspider_ws/install/gwpspider_interfaces/local/lib/python3.10/dist-packages/gwpspider_interfaces/gwpspider_interfaces_s__rosidl_typesupport_fastrtps_c.cpython-310-x86_64-linux-gnu.so" to ""
[12.659s] -- Installing: /home/spider/gwpspider_ws/install/gwpspider_interfaces/local/lib/python3.10/dist-packages/gwpspider_interfaces/gwpspider_interfaces_s__rosidl_typesupport_introspection_c.cpython-310-x86_64-linux-gnu.so
[12.660s] -- Set runtime path of "/home/spider/gwpspider_ws/install/gwpspider_interfaces/local/lib/python3.10/dist-packages/gwpspider_interfaces/gwpspider_interfaces_s__rosidl_typesupport_introspection_c.cpython-310-x86_64-linux-gnu.so" to ""
[12.660s] -- Installing: /home/spider/gwpspider_ws/install/gwpspider_interfaces/local/lib/python3.10/dist-packages/gwpspider_interfaces/gwpspider_interfaces_s__rosidl_typesupport_c.cpython-310-x86_64-linux-gnu.so
[12.660s] -- Set runtime path of "/home/spider/gwpspider_ws/install/gwpspider_interfaces/local/lib/python3.10/dist-packages/gwpspider_interfaces/gwpspider_interfaces_s__rosidl_typesupport_c.cpython-310-x86_64-linux-gnu.so" to ""
[12.660s] -- Installing: /home/spider/gwpspider_ws/install/gwpspider_interfaces/lib/libgwpspider_interfaces__rosidl_generator_py.so
[12.661s] -- Set runtime path of "/home/spider/gwpspider_ws/install/gwpspider_interfaces/lib/libgwpspider_interfaces__rosidl_generator_py.so" to ""
[12.661s] -- Up-to-date: /home/spider/gwpspider_ws/install/gwpspider_interfaces/share/gwpspider_interfaces/msg/GripperCommand.idl
[12.661s] -- Up-to-date: /home/spider/gwpspider_ws/install/gwpspider_interfaces/share/gwpspider_interfaces/msg/WaterPumpCommand.idl
[12.661s] -- Up-to-date: /home/spider/gwpspider_ws/install/gwpspider_interfaces/share/gwpspider_interfaces/msg/BnoData.idl
[12.661s] -- Up-to-date: /home/spider/gwpspider_ws/install/gwpspider_interfaces/share/gwpspider_interfaces/msg/DynamixelMotorsData.idl
[12.662s] -- Up-to-date: /home/spider/gwpspider_ws/install/gwpspider_interfaces/share/gwpspider_interfaces/srv/MoveGripper.idl
[12.662s] -- Up-to-date: /home/spider/gwpspider_ws/install/gwpspider_interfaces/share/gwpspider_interfaces/srv/ControlWaterPump.idl
[12.662s] -- Up-to-date: /home/spider/gwpspider_ws/install/gwpspider_interfaces/share/gwpspider_interfaces/srv/InitBno.idl
[12.662s] -- Up-to-date: /home/spider/gwpspider_ws/install/gwpspider_interfaces/share/gwpspider_interfaces/srv/ToggleMotorsTorque.idl
[12.662s] -- Up-to-date: /home/spider/gwpspider_ws/install/gwpspider_interfaces/share/gwpspider_interfaces/srv/SetBusWatchdog.idl
[12.662s] -- Up-to-date: /home/spider/gwpspider_ws/install/gwpspider_interfaces/share/gwpspider_interfaces/srv/GetWalkingInstructions.idl
[12.662s] -- Installing: /home/spider/gwpspider_ws/install/gwpspider_interfaces/share/gwpspider_interfaces/srv/GetModifiedWalkingInstructions.idl
[12.662s] -- Up-to-date: /home/spider/gwpspider_ws/install/gwpspider_interfaces/share/gwpspider_interfaces/msg/GripperCommand.msg
[12.663s] -- Up-to-date: /home/spider/gwpspider_ws/install/gwpspider_interfaces/share/gwpspider_interfaces/msg/WaterPumpCommand.msg
[12.663s] -- Up-to-date: /home/spider/gwpspider_ws/install/gwpspider_interfaces/share/gwpspider_interfaces/msg/BnoData.msg
[12.663s] -- Up-to-date: /home/spider/gwpspider_ws/install/gwpspider_interfaces/share/gwpspider_interfaces/msg/DynamixelMotorsData.msg
[12.663s] -- Up-to-date: /home/spider/gwpspider_ws/install/gwpspider_interfaces/share/gwpspider_interfaces/srv/MoveGripper.srv
[12.663s] -- Up-to-date: /home/spider/gwpspider_ws/install/gwpspider_interfaces/share/gwpspider_interfaces/srv/MoveGripper_Request.msg
[12.663s] -- Up-to-date: /home/spider/gwpspider_ws/install/gwpspider_interfaces/share/gwpspider_interfaces/srv/MoveGripper_Response.msg
[12.663s] -- Up-to-date: /home/spider/gwpspider_ws/install/gwpspider_interfaces/share/gwpspider_interfaces/srv/ControlWaterPump.srv
[12.663s] -- Up-to-date: /home/spider/gwpspider_ws/install/gwpspider_interfaces/share/gwpspider_interfaces/srv/ControlWaterPump_Request.msg
[12.664s] -- Up-to-date: /home/spider/gwpspider_ws/install/gwpspider_interfaces/share/gwpspider_interfaces/srv/ControlWaterPump_Response.msg
[12.664s] -- Up-to-date: /home/spider/gwpspider_ws/install/gwpspider_interfaces/share/gwpspider_interfaces/srv/InitBno.srv
[12.664s] -- Up-to-date: /home/spider/gwpspider_ws/install/gwpspider_interfaces/share/gwpspider_interfaces/srv/InitBno_Request.msg
[12.664s] -- Up-to-date: /home/spider/gwpspider_ws/install/gwpspider_interfaces/share/gwpspider_interfaces/srv/InitBno_Response.msg
[12.664s] -- Up-to-date: /home/spider/gwpspider_ws/install/gwpspider_interfaces/share/gwpspider_interfaces/srv/ToggleMotorsTorque.srv
[12.664s] -- Up-to-date: /home/spider/gwpspider_ws/install/gwpspider_interfaces/share/gwpspider_interfaces/srv/ToggleMotorsTorque_Request.msg
[12.664s] -- Up-to-date: /home/spider/gwpspider_ws/install/gwpspider_interfaces/share/gwpspider_interfaces/srv/ToggleMotorsTorque_Response.msg
[12.664s] -- Up-to-date: /home/spider/gwpspider_ws/install/gwpspider_interfaces/share/gwpspider_interfaces/srv/SetBusWatchdog.srv
[12.665s] -- Up-to-date: /home/spider/gwpspider_ws/install/gwpspider_interfaces/share/gwpspider_interfaces/srv/SetBusWatchdog_Request.msg
[12.665s] -- Up-to-date: /home/spider/gwpspider_ws/install/gwpspider_interfaces/share/gwpspider_interfaces/srv/SetBusWatchdog_Response.msg
[12.665s] -- Up-to-date: /home/spider/gwpspider_ws/install/gwpspider_interfaces/share/gwpspider_interfaces/srv/GetWalkingInstructions.srv
[12.665s] -- Up-to-date: /home/spider/gwpspider_ws/install/gwpspider_interfaces/share/gwpspider_interfaces/srv/GetWalkingInstructions_Request.msg
[12.665s] -- Up-to-date: /home/spider/gwpspider_ws/install/gwpspider_interfaces/share/gwpspider_interfaces/srv/GetWalkingInstructions_Response.msg
[12.665s] -- Installing: /home/spider/gwpspider_ws/install/gwpspider_interfaces/share/gwpspider_interfaces/srv/GetModifiedWalkingInstructions.srv
[12.665s] -- Installing: /home/spider/gwpspider_ws/install/gwpspider_interfaces/share/gwpspider_interfaces/srv/GetModifiedWalkingInstructions_Request.msg
[12.665s] -- Installing: /home/spider/gwpspider_ws/install/gwpspider_interfaces/share/gwpspider_interfaces/srv/GetModifiedWalkingInstructions_Response.msg
[12.666s] -- Up-to-date: /home/spider/gwpspider_ws/install/gwpspider_interfaces/share/ament_index/resource_index/package_run_dependencies/gwpspider_interfaces
[12.666s] -- Installing: /home/spider/gwpspider_ws/install/gwpspider_interfaces/share/ament_index/resource_index/parent_prefix_path/gwpspider_interfaces
[12.666s] -- Up-to-date: /home/spider/gwpspider_ws/install/gwpspider_interfaces/share/gwpspider_interfaces/environment/ament_prefix_path.sh
[12.666s] -- Installing: /home/spider/gwpspider_ws/install/gwpspider_interfaces/share/gwpspider_interfaces/environment/ament_prefix_path.dsv
[12.666s] -- Up-to-date: /home/spider/gwpspider_ws/install/gwpspider_interfaces/share/gwpspider_interfaces/environment/path.sh
[12.666s] -- Installing: /home/spider/gwpspider_ws/install/gwpspider_interfaces/share/gwpspider_interfaces/environment/path.dsv
[12.666s] -- Up-to-date: /home/spider/gwpspider_ws/install/gwpspider_interfaces/share/gwpspider_interfaces/local_setup.bash
[12.666s] -- Up-to-date: /home/spider/gwpspider_ws/install/gwpspider_interfaces/share/gwpspider_interfaces/local_setup.sh
[12.667s] -- Up-to-date: /home/spider/gwpspider_ws/install/gwpspider_interfaces/share/gwpspider_interfaces/local_setup.zsh
[12.667s] -- Installing: /home/spider/gwpspider_ws/install/gwpspider_interfaces/share/gwpspider_interfaces/local_setup.dsv
[12.667s] -- Installing: /home/spider/gwpspider_ws/install/gwpspider_interfaces/share/gwpspider_interfaces/package.dsv
[12.667s] -- Up-to-date: /home/spider/gwpspider_ws/install/gwpspider_interfaces/share/ament_index/resource_index/packages/gwpspider_interfaces
[12.667s] -- Up-to-date: /home/spider/gwpspider_ws/install/gwpspider_interfaces/share/gwpspider_interfaces/cmake/export_gwpspider_interfaces__rosidl_generator_cExport.cmake
[12.667s] -- Up-to-date: /home/spider/gwpspider_ws/install/gwpspider_interfaces/share/gwpspider_interfaces/cmake/export_gwpspider_interfaces__rosidl_generator_cExport-noconfig.cmake
[12.667s] -- Up-to-date: /home/spider/gwpspider_ws/install/gwpspider_interfaces/share/gwpspider_interfaces/cmake/export_gwpspider_interfaces__rosidl_typesupport_fastrtps_cExport.cmake
[12.667s] -- Up-to-date: /home/spider/gwpspider_ws/install/gwpspider_interfaces/share/gwpspider_interfaces/cmake/export_gwpspider_interfaces__rosidl_typesupport_fastrtps_cExport-noconfig.cmake
[12.667s] -- Up-to-date: /home/spider/gwpspider_ws/install/gwpspider_interfaces/share/gwpspider_interfaces/cmake/gwpspider_interfaces__rosidl_typesupport_introspection_cExport.cmake
[12.668s] -- Up-to-date: /home/spider/gwpspider_ws/install/gwpspider_interfaces/share/gwpspider_interfaces/cmake/gwpspider_interfaces__rosidl_typesupport_introspection_cExport-noconfig.cmake
[12.668s] -- Up-to-date: /home/spider/gwpspider_ws/install/gwpspider_interfaces/share/gwpspider_interfaces/cmake/gwpspider_interfaces__rosidl_typesupport_cExport.cmake
[12.668s] -- Up-to-date: /home/spider/gwpspider_ws/install/gwpspider_interfaces/share/gwpspider_interfaces/cmake/gwpspider_interfaces__rosidl_typesupport_cExport-noconfig.cmake
[12.668s] -- Up-to-date: /home/spider/gwpspider_ws/install/gwpspider_interfaces/share/gwpspider_interfaces/cmake/export_gwpspider_interfaces__rosidl_generator_cppExport.cmake
[12.668s] -- Up-to-date: /home/spider/gwpspider_ws/install/gwpspider_interfaces/share/gwpspider_interfaces/cmake/export_gwpspider_interfaces__rosidl_typesupport_fastrtps_cppExport.cmake
[12.668s] -- Up-to-date: /home/spider/gwpspider_ws/install/gwpspider_interfaces/share/gwpspider_interfaces/cmake/export_gwpspider_interfaces__rosidl_typesupport_fastrtps_cppExport-noconfig.cmake
[12.668s] -- Up-to-date: /home/spider/gwpspider_ws/install/gwpspider_interfaces/share/gwpspider_interfaces/cmake/gwpspider_interfaces__rosidl_typesupport_introspection_cppExport.cmake
[12.668s] -- Up-to-date: /home/spider/gwpspider_ws/install/gwpspider_interfaces/share/gwpspider_interfaces/cmake/gwpspider_interfaces__rosidl_typesupport_introspection_cppExport-noconfig.cmake
[12.668s] -- Up-to-date: /home/spider/gwpspider_ws/install/gwpspider_interfaces/share/gwpspider_interfaces/cmake/gwpspider_interfaces__rosidl_typesupport_cppExport.cmake
[12.668s] -- Up-to-date: /home/spider/gwpspider_ws/install/gwpspider_interfaces/share/gwpspider_interfaces/cmake/gwpspider_interfaces__rosidl_typesupport_cppExport-noconfig.cmake
[12.669s] -- Up-to-date: /home/spider/gwpspider_ws/install/gwpspider_interfaces/share/gwpspider_interfaces/cmake/export_gwpspider_interfaces__rosidl_generator_pyExport.cmake
[12.669s] -- Up-to-date: /home/spider/gwpspider_ws/install/gwpspider_interfaces/share/gwpspider_interfaces/cmake/export_gwpspider_interfaces__rosidl_generator_pyExport-noconfig.cmake
[12.669s] -- Installing: /home/spider/gwpspider_ws/install/gwpspider_interfaces/share/gwpspider_interfaces/cmake/rosidl_cmake-extras.cmake
[12.669s] -- Up-to-date: /home/spider/gwpspider_ws/install/gwpspider_interfaces/share/gwpspider_interfaces/cmake/ament_cmake_export_dependencies-extras.cmake
[12.669s] -- Up-to-date: /home/spider/gwpspider_ws/install/gwpspider_interfaces/share/gwpspider_interfaces/cmake/ament_cmake_export_include_directories-extras.cmake
[12.669s] -- Up-to-date: /home/spider/gwpspider_ws/install/gwpspider_interfaces/share/gwpspider_interfaces/cmake/ament_cmake_export_libraries-extras.cmake
[12.669s] -- Up-to-date: /home/spider/gwpspider_ws/install/gwpspider_interfaces/share/gwpspider_interfaces/cmake/ament_cmake_export_targets-extras.cmake
[12.669s] -- Up-to-date: /home/spider/gwpspider_ws/install/gwpspider_interfaces/share/gwpspider_interfaces/cmake/rosidl_cmake_export_typesupport_targets-extras.cmake
[12.669s] -- Up-to-date: /home/spider/gwpspider_ws/install/gwpspider_interfaces/share/gwpspider_interfaces/cmake/rosidl_cmake_export_typesupport_libraries-extras.cmake
[12.669s] -- Up-to-date: /home/spider/gwpspider_ws/install/gwpspider_interfaces/share/gwpspider_interfaces/cmake/gwpspider_interfacesConfig.cmake
[12.669s] -- Up-to-date: /home/spider/gwpspider_ws/install/gwpspider_interfaces/share/gwpspider_interfaces/cmake/gwpspider_interfacesConfig-version.cmake
[12.670s] -- Up-to-date: /home/spider/gwpspider_ws/install/gwpspider_interfaces/share/gwpspider_interfaces/package.xml
[12.676s] Invoked command in '/home/spider/gwpspider_ws/build/gwpspider_interfaces' returned '0': CMAKE_PREFIX_PATH=${CMAKE_PREFIX_PATH}:/home/spider/gwpspider_ws/install/utils:/home/spider/gwpspider_ws/install/planning:/home/spider/gwpspider_ws/install/dynamixel_interface:/home/spider/gwpspider_ws/install/configuration:/home/spider/gwpspider_ws/install/calculations:/home/spider/gwpspider_ws/install/arduino_communication:/opt/ros/humble /home/spider/.local/bin/cmake --install /home/spider/gwpspider_ws/build/gwpspider_interfaces
