[2.432s] Invoking command in '/home/spider/gwpspider_ws/src/gwpspider/controller': PYTHONPATH=/home/spider/gwpspider_ws/build/controller/prefix_override:/home/spider/gwpspider_ws/install/controller/lib/python3.10/site-packages:${PYTHONPATH} /usr/bin/python3 setup.py egg_info --egg-base ../../../build/controller build --build-base /home/spider/gwpspider_ws/build/controller/build install --record /home/spider/gwpspider_ws/build/controller/install.log --single-version-externally-managed
[2.983s] running egg_info
[2.984s] writing ../../../build/controller/controller.egg-info/PKG-INFO
[2.985s] writing dependency_links to ../../../build/controller/controller.egg-info/dependency_links.txt
[2.993s] writing entry points to ../../../build/controller/controller.egg-info/entry_points.txt
[2.993s] writing requirements to ../../../build/controller/controller.egg-info/requires.txt
[2.993s] writing top-level names to ../../../build/controller/controller.egg-info/top_level.txt
[2.996s] reading manifest file '../../../build/controller/controller.egg-info/SOURCES.txt'
[2.998s] writing manifest file '../../../build/controller/controller.egg-info/SOURCES.txt'
[2.998s] running build
[2.998s] running build_py
[2.998s] running install
[2.999s] /usr/lib/python3/dist-packages/setuptools/command/install.py:34: SetuptoolsDeprecationWarning: setup.py install is deprecated. Use build and pip and other standards-based tools.
[2.999s]   warnings.warn(
[2.999s] running install_lib
[3.001s] running install_data
[3.002s] running install_egg_info
[3.040s] removing '/home/spider/gwpspider_ws/install/controller/lib/python3.10/site-packages/controller-0.0.0-py3.10.egg-info' (and everything under it)
[3.043s] Copying ../../../build/controller/controller.egg-info to /home/spider/gwpspider_ws/install/controller/lib/python3.10/site-packages/controller-0.0.0-py3.10.egg-info
[3.044s] running install_scripts
[3.079s] Installing joint_velocity_controller script to /home/spider/gwpspider_ws/install/controller/lib/controller
[3.079s] Installing legs_states_publisher script to /home/spider/gwpspider_ws/install/controller/lib/controller
[3.079s] writing list of installed files to '/home/spider/gwpspider_ws/build/controller/install.log'
[3.165s] Invoked command in '/home/spider/gwpspider_ws/src/gwpspider/controller' returned '0': PYTHONPATH=/home/spider/gwpspider_ws/build/controller/prefix_override:/home/spider/gwpspider_ws/install/controller/lib/python3.10/site-packages:${PYTHONPATH} /usr/bin/python3 setup.py egg_info --egg-base ../../../build/controller build --build-base /home/spider/gwpspider_ws/build/controller/build install --record /home/spider/gwpspider_ws/build/controller/install.log --single-version-externally-managed
