[1.460s] Invoking command in '/home/spider/gwpspider_ws/build/gwpspider_interfaces': CMAKE_PREFIX_PATH=${CMAKE_PREFIX_PATH}:/home/spider/gwpspider_ws/install/utils:/home/spider/gwpspider_ws/install/planning:/home/spider/gwpspider_ws/install/dynamixel_interface:/home/spider/gwpspider_ws/install/controller:/home/spider/gwpspider_ws/install/configuration:/home/spider/gwpspider_ws/install/calculations:/home/spider/gwpspider_ws/install/arduino_communication:/home/spider/gwpspider_ws/install/application:/opt/ros/humble /home/spider/.local/bin/cmake /home/spider/gwpspider_ws/src/gwpspider/gwpspider_interfaces -DCMAKE_INSTALL_PREFIX=/home/spider/gwpspider_ws/install/gwpspider_interfaces
[1.580s] -- The C compiler identification is GNU 11.3.0
[1.674s] -- The CXX compiler identification is GNU 11.3.0
[1.691s] -- Detecting C compiler ABI info
[1.795s] -- Detecting C compiler ABI info - done
[1.815s] -- Check for working C compiler: /usr/bin/cc - skipped
[1.815s] -- Detecting C compile features
[1.816s] -- Detecting C compile features - done
[1.821s] -- Detecting CXX compiler ABI info
[1.940s] -- Detecting CXX compiler ABI info - done
[1.956s] -- Check for working CXX compiler: /usr/bin/c++ - skipped
[1.957s] -- Detecting CXX compile features
[1.957s] -- Detecting CXX compile features - done
[1.965s] -- Found ament_cmake: 1.3.4 (/opt/ros/humble/share/ament_cmake/cmake)
[2.456s] -- Found Python3: /usr/bin/python3.10 (found version "3.10.6") found components: Interpreter 
[2.612s] -- Found rclcpp: 16.0.4 (/opt/ros/humble/share/rclcpp/cmake)
[2.711s] -- Found rosidl_generator_c: 3.1.4 (/opt/ros/humble/share/rosidl_generator_c/cmake)
[2.733s] -- Found rosidl_adapter: 3.1.4 (/opt/ros/humble/share/rosidl_adapter/cmake)
[2.739s] -- Found rosidl_generator_cpp: 3.1.4 (/opt/ros/humble/share/rosidl_generator_cpp/cmake)
[2.762s] -- Using all available rosidl_typesupport_c: rosidl_typesupport_fastrtps_c;rosidl_typesupport_introspection_c
[2.794s] -- Using all available rosidl_typesupport_cpp: rosidl_typesupport_fastrtps_cpp;rosidl_typesupport_introspection_cpp
[2.880s] -- Found rmw_implementation_cmake: 6.1.1 (/opt/ros/humble/share/rmw_implementation_cmake/cmake)
[2.884s] -- Found rmw_fastrtps_cpp: 6.2.2 (/opt/ros/humble/share/rmw_fastrtps_cpp/cmake)
[2.980s] -- Found OpenSSL: /usr/lib/x86_64-linux-gnu/libcrypto.so (found version "3.0.2")  
[3.023s] -- Found FastRTPS: /opt/ros/humble/include  
[3.091s] -- Using RMW implementation 'rmw_fastrtps_cpp' as default
[3.104s] -- Performing Test CMAKE_HAVE_LIBC_PTHREAD
[3.157s] -- Performing Test CMAKE_HAVE_LIBC_PTHREAD - Success
[3.159s] -- Found Threads: TRUE  
[3.350s] -- Found rclpy: 3.3.8 (/opt/ros/humble/share/rclpy/cmake)
[3.352s] -- Found rosidl_default_generators: 1.2.0 (/opt/ros/humble/share/rosidl_default_generators/cmake)
[3.813s] -- Found ament_cmake_ros: 0.10.0 (/opt/ros/humble/share/ament_cmake_ros/cmake)
[4.064s] -- Using all available rosidl_typesupport_c: rosidl_typesupport_fastrtps_c;rosidl_typesupport_introspection_c
[4.157s] -- Using all available rosidl_typesupport_cpp: rosidl_typesupport_fastrtps_cpp;rosidl_typesupport_introspection_cpp
[4.181s] -- Found PythonInterp: /usr/bin/python3 (found suitable version "3.10.6", minimum required is "3.6") 
[4.182s] -- Found python_cmake_module: 0.10.0 (/opt/ros/humble/share/python_cmake_module/cmake)
[4.210s] -- Found PythonLibs: /usr/lib/x86_64-linux-gnu/libpython3.10.so (found suitable version "3.10.6", minimum required is "3.5") 
[4.210s] -- Using PYTHON_EXECUTABLE: /usr/bin/python3
[4.210s] -- Using PYTHON_INCLUDE_DIRS: /usr/include/python3.10
[4.210s] -- Using PYTHON_LIBRARIES: /usr/lib/x86_64-linux-gnu/libpython3.10.so
[4.232s] -- Found PythonExtra: .so  
[4.294s] [31mCMake Error at /opt/ros/humble/share/ament_cmake_python/cmake/ament_python_install_package.cmake:122 (add_custom_target):
[4.294s]   add_custom_target cannot create target
[4.294s]   "ament_cmake_python_copy_gwpspider_interfaces" because another target with
[4.294s]   the same name already exists.  The existing target is a custom target
[4.294s]   created in source directory
[4.294s]   "/home/spider/gwpspider_ws/src/gwpspider/gwpspider_interfaces".  See
[4.294s]   documentation for policy CMP0002 for more details.
[4.294s] Call Stack (most recent call first):
[4.294s]   /opt/ros/humble/share/ament_cmake_python/cmake/ament_python_install_package.cmake:39 (_ament_cmake_python_install_package)
[4.294s]   CMakeLists.txt:56 (ament_python_install_package)
[4.294s] 
[4.294s] [0m
[4.294s] [31mCMake Error at /opt/ros/humble/share/ament_cmake_python/cmake/ament_python_install_package.cmake:141 (add_custom_target):
[4.294s]   add_custom_target cannot create target
[4.294s]   "ament_cmake_python_build_gwpspider_interfaces_egg" because another target
[4.295s]   with the same name already exists.  The existing target is a custom target
[4.295s]   created in source directory
[4.295s]   "/home/spider/gwpspider_ws/src/gwpspider/gwpspider_interfaces".  See
[4.295s]   documentation for policy CMP0002 for more details.
[4.295s] Call Stack (most recent call first):
[4.295s]   /opt/ros/humble/share/ament_cmake_python/cmake/ament_python_install_package.cmake:39 (_ament_cmake_python_install_package)
[4.295s]   CMakeLists.txt:56 (ament_python_install_package)
[4.295s] 
[4.295s] [0m
[4.295s] -- Found ament_lint_auto: 0.12.6 (/opt/ros/humble/share/ament_lint_auto/cmake)
[4.316s] -- Added test 'flake8' to check Python code syntax and style conventions
[4.317s] -- Added test 'lint_cmake' to check CMake code style
[4.317s] -- Added test 'pep257' to check Python code against some of the docstring style conventions in PEP 257
[4.320s] -- Added test 'xmllint' to check XML markup files
[4.323s] -- Configuring incomplete, errors occurred!
[4.334s] Invoked command in '/home/spider/gwpspider_ws/build/gwpspider_interfaces' returned '1': CMAKE_PREFIX_PATH=${CMAKE_PREFIX_PATH}:/home/spider/gwpspider_ws/install/utils:/home/spider/gwpspider_ws/install/planning:/home/spider/gwpspider_ws/install/dynamixel_interface:/home/spider/gwpspider_ws/install/controller:/home/spider/gwpspider_ws/install/configuration:/home/spider/gwpspider_ws/install/calculations:/home/spider/gwpspider_ws/install/arduino_communication:/home/spider/gwpspider_ws/install/application:/opt/ros/humble /home/spider/.local/bin/cmake /home/spider/gwpspider_ws/src/gwpspider/gwpspider_interfaces -DCMAKE_INSTALL_PREFIX=/home/spider/gwpspider_ws/install/gwpspider_interfaces
