[1.486s] Invoking command in '/home/spider/gwpspider_ws/build/gwpspider_launch': CMAKE_PREFIX_PATH=${CMAKE_PREFIX_PATH}:/home/spider/gwpspider_ws/install/utils:/home/spider/gwpspider_ws/install/safety_layer:/home/spider/gwpspider_ws/install/planning:/home/spider/gwpspider_ws/install/offset_prediction_model:/home/spider/gwpspider_ws/install/dynamixel_interface:/home/spider/gwpspider_ws/install/controller:/home/spider/gwpspider_ws/install/configuration:/home/spider/gwpspider_ws/install/calculations:/home/spider/gwpspider_ws/install/arduino_communication:/home/spider/gwpspider_ws/install/application:/opt/ros/humble /home/spider/.local/bin/cmake --build /home/spider/gwpspider_ws/build/gwpspider_launch -- -j8 -l8
[1.545s] Invoked command in '/home/spider/gwpspider_ws/build/gwpspider_launch' returned '0': CMAKE_PREFIX_PATH=${CMAKE_PREFIX_PATH}:/home/spider/gwpspider_ws/install/utils:/home/spider/gwpspider_ws/install/safety_layer:/home/spider/gwpspider_ws/install/planning:/home/spider/gwpspider_ws/install/offset_prediction_model:/home/spider/gwpspider_ws/install/dynamixel_interface:/home/spider/gwpspider_ws/install/controller:/home/spider/gwpspider_ws/install/configuration:/home/spider/gwpspider_ws/install/calculations:/home/spider/gwpspider_ws/install/arduino_communication:/home/spider/gwpspider_ws/install/application:/opt/ros/humble /home/spider/.local/bin/cmake --build /home/spider/gwpspider_ws/build/gwpspider_launch -- -j8 -l8
[1.749s] Invoking command in '/home/spider/gwpspider_ws/build/gwpspider_launch': CMAKE_PREFIX_PATH=${CMAKE_PREFIX_PATH}:/home/spider/gwpspider_ws/install/utils:/home/spider/gwpspider_ws/install/safety_layer:/home/spider/gwpspider_ws/install/planning:/home/spider/gwpspider_ws/install/offset_prediction_model:/home/spider/gwpspider_ws/install/dynamixel_interface:/home/spider/gwpspider_ws/install/controller:/home/spider/gwpspider_ws/install/configuration:/home/spider/gwpspider_ws/install/calculations:/home/spider/gwpspider_ws/install/arduino_communication:/home/spider/gwpspider_ws/install/application:/opt/ros/humble /home/spider/.local/bin/cmake --install /home/spider/gwpspider_ws/build/gwpspider_launch
[1.800s] -- Install configuration: ""
[1.800s] -- Up-to-date: /home/spider/gwpspider_ws/install/gwpspider_launch/share/gwpspider_launch//launch
[1.801s] -- Up-to-date: /home/spider/gwpspider_ws/install/gwpspider_launch/share/gwpspider_launch//launch/move_spider_launch.py
[1.801s] -- Up-to-date: /home/spider/gwpspider_ws/install/gwpspider_launch/share/ament_index/resource_index/package_run_dependencies/gwpspider_launch
[1.802s] -- Up-to-date: /home/spider/gwpspider_ws/install/gwpspider_launch/share/ament_index/resource_index/parent_prefix_path/gwpspider_launch
[1.803s] -- Up-to-date: /home/spider/gwpspider_ws/install/gwpspider_launch/share/gwpspider_launch/environment/ament_prefix_path.sh
[1.803s] -- Up-to-date: /home/spider/gwpspider_ws/install/gwpspider_launch/share/gwpspider_launch/environment/ament_prefix_path.dsv
[1.811s] -- Up-to-date: /home/spider/gwpspider_ws/install/gwpspider_launch/share/gwpspider_launch/environment/path.sh
[1.811s] -- Up-to-date: /home/spider/gwpspider_ws/install/gwpspider_launch/share/gwpspider_launch/environment/path.dsv
[1.811s] -- Up-to-date: /home/spider/gwpspider_ws/install/gwpspider_launch/share/gwpspider_launch/local_setup.bash
[1.811s] -- Up-to-date: /home/spider/gwpspider_ws/install/gwpspider_launch/share/gwpspider_launch/local_setup.sh
[1.811s] -- Up-to-date: /home/spider/gwpspider_ws/install/gwpspider_launch/share/gwpspider_launch/local_setup.zsh
[1.811s] -- Up-to-date: /home/spider/gwpspider_ws/install/gwpspider_launch/share/gwpspider_launch/local_setup.dsv
[1.811s] -- Installing: /home/spider/gwpspider_ws/install/gwpspider_launch/share/gwpspider_launch/package.dsv
[1.811s] -- Up-to-date: /home/spider/gwpspider_ws/install/gwpspider_launch/share/ament_index/resource_index/packages/gwpspider_launch
[1.812s] -- Up-to-date: /home/spider/gwpspider_ws/install/gwpspider_launch/share/gwpspider_launch/cmake/gwpspider_launchConfig.cmake
[1.812s] -- Up-to-date: /home/spider/gwpspider_ws/install/gwpspider_launch/share/gwpspider_launch/cmake/gwpspider_launchConfig-version.cmake
[1.812s] -- Up-to-date: /home/spider/gwpspider_ws/install/gwpspider_launch/share/gwpspider_launch/package.xml
[1.812s] Invoked command in '/home/spider/gwpspider_ws/build/gwpspider_launch' returned '0': CMAKE_PREFIX_PATH=${CMAKE_PREFIX_PATH}:/home/spider/gwpspider_ws/install/utils:/home/spider/gwpspider_ws/install/safety_layer:/home/spider/gwpspider_ws/install/planning:/home/spider/gwpspider_ws/install/offset_prediction_model:/home/spider/gwpspider_ws/install/dynamixel_interface:/home/spider/gwpspider_ws/install/controller:/home/spider/gwpspider_ws/install/configuration:/home/spider/gwpspider_ws/install/calculations:/home/spider/gwpspider_ws/install/arduino_communication:/home/spider/gwpspider_ws/install/application:/opt/ros/humble /home/spider/.local/bin/cmake --install /home/spider/gwpspider_ws/build/gwpspider_launch
