[2.118s] Invoking command in '/home/spider/gwpspider_ws/src/gwpspider/configuration': PYTHONPATH=/home/spider/gwpspider_ws/build/configuration/prefix_override:/home/spider/gwpspider_ws/install/configuration/lib/python3.10/site-packages:${PYTHONPATH} /usr/bin/python3 setup.py egg_info --egg-base ../../../build/configuration build --build-base /home/spider/gwpspider_ws/build/configuration/build install --record /home/spider/gwpspider_ws/build/configuration/install.log --single-version-externally-managed
[2.591s] running egg_info
[2.593s] writing ../../../build/configuration/configuration.egg-info/PKG-INFO
[2.594s] writing dependency_links to ../../../build/configuration/configuration.egg-info/dependency_links.txt
[2.595s] writing entry points to ../../../build/configuration/configuration.egg-info/entry_points.txt
[2.596s] writing requirements to ../../../build/configuration/configuration.egg-info/requires.txt
[2.596s] writing top-level names to ../../../build/configuration/configuration.egg-info/top_level.txt
[2.600s] reading manifest file '../../../build/configuration/configuration.egg-info/SOURCES.txt'
[2.601s] writing manifest file '../../../build/configuration/configuration.egg-info/SOURCES.txt'
[2.602s] running build
[2.602s] running build_py
[2.603s] copying configuration/spider.py -> /home/spider/gwpspider_ws/build/configuration/build/lib/configuration
[2.603s] running install
[2.604s] /usr/lib/python3/dist-packages/setuptools/command/install.py:34: SetuptoolsDeprecationWarning: setup.py install is deprecated. Use build and pip and other standards-based tools.
[2.604s]   warnings.warn(
[2.604s] running install_lib
[2.605s] copying /home/spider/gwpspider_ws/build/configuration/build/lib/configuration/spider.py -> /home/spider/gwpspider_ws/install/configuration/lib/python3.10/site-packages/configuration
[2.606s] byte-compiling /home/spider/gwpspider_ws/install/configuration/lib/python3.10/site-packages/configuration/spider.py to spider.cpython-310.pyc
[2.608s] running install_data
[2.614s] running install_egg_info
[2.617s] removing '/home/spider/gwpspider_ws/install/configuration/lib/python3.10/site-packages/configuration-0.0.0-py3.10.egg-info' (and everything under it)
[2.624s] Copying ../../../build/configuration/configuration.egg-info to /home/spider/gwpspider_ws/install/configuration/lib/python3.10/site-packages/configuration-0.0.0-py3.10.egg-info
[2.629s] running install_scripts
[2.666s] writing list of installed files to '/home/spider/gwpspider_ws/build/configuration/install.log'
[2.762s] Invoked command in '/home/spider/gwpspider_ws/src/gwpspider/configuration' returned '0': PYTHONPATH=/home/spider/gwpspider_ws/build/configuration/prefix_override:/home/spider/gwpspider_ws/install/configuration/lib/python3.10/site-packages:${PYTHONPATH} /usr/bin/python3 setup.py egg_info --egg-base ../../../build/configuration build --build-base /home/spider/gwpspider_ws/build/configuration/build install --record /home/spider/gwpspider_ws/build/configuration/install.log --single-version-externally-managed
