[2.095s] Invoking command in '/home/spider/gwpspider_ws/src/gwpspider/controller': PYTHONPATH=/home/spider/gwpspider_ws/build/controller/prefix_override:/home/spider/gwpspider_ws/install/controller/lib/python3.10/site-packages:${PYTHONPATH} /usr/bin/python3 setup.py egg_info --egg-base ../../../build/controller build --build-base /home/spider/gwpspider_ws/build/controller/build install --record /home/spider/gwpspider_ws/build/controller/install.log --single-version-externally-managed
[2.568s] running egg_info
[2.574s] writing ../../../build/controller/controller.egg-info/PKG-INFO
[2.574s] writing dependency_links to ../../../build/controller/controller.egg-info/dependency_links.txt
[2.574s] writing entry points to ../../../build/controller/controller.egg-info/entry_points.txt
[2.574s] writing requirements to ../../../build/controller/controller.egg-info/requires.txt
[2.574s] writing top-level names to ../../../build/controller/controller.egg-info/top_level.txt
[2.584s] reading manifest file '../../../build/controller/controller.egg-info/SOURCES.txt'
[2.585s] writing manifest file '../../../build/controller/controller.egg-info/SOURCES.txt'
[2.585s] running build
[2.586s] running build_py
[2.586s] running install
[2.587s] running install_lib
[2.593s] /usr/lib/python3/dist-packages/setuptools/command/install.py:34: SetuptoolsDeprecationWarning: setup.py install is deprecated. Use build and pip and other standards-based tools.
[2.593s]   warnings.warn(
[2.599s] running install_data
[2.600s] running install_egg_info
[2.602s] removing '/home/spider/gwpspider_ws/install/controller/lib/python3.10/site-packages/controller-0.0.0-py3.10.egg-info' (and everything under it)
[2.602s] Copying ../../../build/controller/controller.egg-info to /home/spider/gwpspider_ws/install/controller/lib/python3.10/site-packages/controller-0.0.0-py3.10.egg-info
[2.603s] running install_scripts
[2.671s] Installing joint_velocity_controller script to /home/spider/gwpspider_ws/install/controller/lib/controller
[2.671s] Installing legs_states_publisher script to /home/spider/gwpspider_ws/install/controller/lib/controller
[2.672s] writing list of installed files to '/home/spider/gwpspider_ws/build/controller/install.log'
[2.789s] Invoked command in '/home/spider/gwpspider_ws/src/gwpspider/controller' returned '0': PYTHONPATH=/home/spider/gwpspider_ws/build/controller/prefix_override:/home/spider/gwpspider_ws/install/controller/lib/python3.10/site-packages:${PYTHONPATH} /usr/bin/python3 setup.py egg_info --egg-base ../../../build/controller build --build-base /home/spider/gwpspider_ws/build/controller/build install --record /home/spider/gwpspider_ws/build/controller/install.log --single-version-externally-managed
