[3.087s] Invoking command in '/home/spider/gwpspider_ws/src/gwpspider/configuration': PYTHONPATH=/home/spider/gwpspider_ws/build/configuration/prefix_override:/home/spider/gwpspider_ws/install/configuration/lib/python3.10/site-packages:${PYTHONPATH} /usr/bin/python3 setup.py egg_info --egg-base ../../../build/configuration build --build-base /home/spider/gwpspider_ws/build/configuration/build install --record /home/spider/gwpspider_ws/build/configuration/install.log --single-version-externally-managed
[3.905s] running egg_info
[3.907s] writing ../../../build/configuration/configuration.egg-info/PKG-INFO
[3.908s] writing dependency_links to ../../../build/configuration/configuration.egg-info/dependency_links.txt
[3.909s] writing entry points to ../../../build/configuration/configuration.egg-info/entry_points.txt
[3.910s] writing requirements to ../../../build/configuration/configuration.egg-info/requires.txt
[3.910s] writing top-level names to ../../../build/configuration/configuration.egg-info/top_level.txt
[3.912s] reading manifest file '../../../build/configuration/configuration.egg-info/SOURCES.txt'
[3.914s] writing manifest file '../../../build/configuration/configuration.egg-info/SOURCES.txt'
[3.915s] running build
[3.916s] running build_py
[3.917s] running install
[3.918s] /usr/lib/python3/dist-packages/setuptools/command/install.py:34: SetuptoolsDeprecationWarning: setup.py install is deprecated. Use build and pip and other standards-based tools.
[3.918s]   warnings.warn(
[3.918s] running install_lib
[3.924s] running install_data
[3.924s] running install_egg_info
[3.924s] removing '/home/spider/gwpspider_ws/install/configuration/lib/python3.10/site-packages/configuration-0.0.0-py3.10.egg-info' (and everything under it)
[3.931s] Copying ../../../build/configuration/configuration.egg-info to /home/spider/gwpspider_ws/install/configuration/lib/python3.10/site-packages/configuration-0.0.0-py3.10.egg-info
[3.932s] running install_scripts
[3.991s] writing list of installed files to '/home/spider/gwpspider_ws/build/configuration/install.log'
[4.260s] Invoked command in '/home/spider/gwpspider_ws/src/gwpspider/configuration' returned '0': PYTHONPATH=/home/spider/gwpspider_ws/build/configuration/prefix_override:/home/spider/gwpspider_ws/install/configuration/lib/python3.10/site-packages:${PYTHONPATH} /usr/bin/python3 setup.py egg_info --egg-base ../../../build/configuration build --build-base /home/spider/gwpspider_ws/build/configuration/build install --record /home/spider/gwpspider_ws/build/configuration/install.log --single-version-externally-managed
