[1.037s] Invoking command in '/home/spider/gwpspider_ws/src/gwpspider/configuration': PYTHONPATH=/home/spider/gwpspider_ws/build/configuration/prefix_override:/home/spider/gwpspider_ws/install/configuration/lib/python3.10/site-packages:${PYTHONPATH} /usr/bin/python3 setup.py egg_info --egg-base ../../../build/configuration build --build-base /home/spider/gwpspider_ws/build/configuration/build install --record /home/spider/gwpspider_ws/build/configuration/install.log --single-version-externally-managed
[1.268s] running egg_info
[1.269s] writing ../../../build/configuration/configuration.egg-info/PKG-INFO
[1.270s] writing dependency_links to ../../../build/configuration/configuration.egg-info/dependency_links.txt
[1.270s] writing entry points to ../../../build/configuration/configuration.egg-info/entry_points.txt
[1.270s] writing requirements to ../../../build/configuration/configuration.egg-info/requires.txt
[1.270s] writing top-level names to ../../../build/configuration/configuration.egg-info/top_level.txt
[1.272s] reading manifest file '../../../build/configuration/configuration.egg-info/SOURCES.txt'
[1.273s] writing manifest file '../../../build/configuration/configuration.egg-info/SOURCES.txt'
[1.273s] running build
[1.273s] running build_py
[1.274s] copying configuration/spider.py -> /home/spider/gwpspider_ws/build/configuration/build/lib/configuration
[1.274s] running install
[1.274s] /usr/lib/python3/dist-packages/setuptools/command/install.py:34: SetuptoolsDeprecationWarning: setup.py install is deprecated. Use build and pip and other standards-based tools.
[1.274s]   warnings.warn(
[1.274s] running install_lib
[1.275s] copying /home/spider/gwpspider_ws/build/configuration/build/lib/configuration/spider.py -> /home/spider/gwpspider_ws/install/configuration/lib/python3.10/site-packages/configuration
[1.276s] byte-compiling /home/spider/gwpspider_ws/install/configuration/lib/python3.10/site-packages/configuration/spider.py to spider.cpython-310.pyc
[1.277s] running install_data
[1.277s] running install_egg_info
[1.279s] removing '/home/spider/gwpspider_ws/install/configuration/lib/python3.10/site-packages/configuration-0.0.0-py3.10.egg-info' (and everything under it)
[1.279s] Copying ../../../build/configuration/configuration.egg-info to /home/spider/gwpspider_ws/install/configuration/lib/python3.10/site-packages/configuration-0.0.0-py3.10.egg-info
[1.280s] running install_scripts
[1.302s] writing list of installed files to '/home/spider/gwpspider_ws/build/configuration/install.log'
[1.336s] Invoked command in '/home/spider/gwpspider_ws/src/gwpspider/configuration' returned '0': PYTHONPATH=/home/spider/gwpspider_ws/build/configuration/prefix_override:/home/spider/gwpspider_ws/install/configuration/lib/python3.10/site-packages:${PYTHONPATH} /usr/bin/python3 setup.py egg_info --egg-base ../../../build/configuration build --build-base /home/spider/gwpspider_ws/build/configuration/build install --record /home/spider/gwpspider_ws/build/configuration/install.log --single-version-externally-managed
