[2.186s] Invoking command in '/home/spider/gwpspider_ws/src/gwpspider/configuration': PYTHONPATH=/home/spider/gwpspider_ws/build/configuration/prefix_override:/home/spider/gwpspider_ws/install/configuration/lib/python3.10/site-packages:${PYTHONPATH} /usr/bin/python3 setup.py egg_info --egg-base ../../../build/configuration build --build-base /home/spider/gwpspider_ws/build/configuration/build install --record /home/spider/gwpspider_ws/build/configuration/install.log --single-version-externally-managed
[2.675s] running egg_info
[2.677s] writing ../../../build/configuration/configuration.egg-info/PKG-INFO
[2.678s] writing dependency_links to ../../../build/configuration/configuration.egg-info/dependency_links.txt
[2.683s] writing entry points to ../../../build/configuration/configuration.egg-info/entry_points.txt
[2.684s] writing requirements to ../../../build/configuration/configuration.egg-info/requires.txt
[2.685s] writing top-level names to ../../../build/configuration/configuration.egg-info/top_level.txt
[2.689s] reading manifest file '../../../build/configuration/configuration.egg-info/SOURCES.txt'
[2.691s] writing manifest file '../../../build/configuration/configuration.egg-info/SOURCES.txt'
[2.692s] running build
[2.692s] running build_py
[2.694s] running install
[2.694s] /usr/lib/python3/dist-packages/setuptools/command/install.py:34: SetuptoolsDeprecationWarning: setup.py install is deprecated. Use build and pip and other standards-based tools.
[2.695s]   warnings.warn(
[2.697s] running install_lib
[2.700s] running install_data
[2.702s] running install_egg_info
[2.705s] removing '/home/spider/gwpspider_ws/install/configuration/lib/python3.10/site-packages/configuration-0.0.0-py3.10.egg-info' (and everything under it)
[2.710s] Copying ../../../build/configuration/configuration.egg-info to /home/spider/gwpspider_ws/install/configuration/lib/python3.10/site-packages/configuration-0.0.0-py3.10.egg-info
[2.722s] running install_scripts
[2.819s] writing list of installed files to '/home/spider/gwpspider_ws/build/configuration/install.log'
[3.030s] Invoked command in '/home/spider/gwpspider_ws/src/gwpspider/configuration' returned '0': PYTHONPATH=/home/spider/gwpspider_ws/build/configuration/prefix_override:/home/spider/gwpspider_ws/install/configuration/lib/python3.10/site-packages:${PYTHONPATH} /usr/bin/python3 setup.py egg_info --egg-base ../../../build/configuration build --build-base /home/spider/gwpspider_ws/build/configuration/build install --record /home/spider/gwpspider_ws/build/configuration/install.log --single-version-externally-managed
