[1.675s] Invoking command in '/home/spider/gwpspider_ws/src/gwpspider/offset_prediction_model': PYTHONPATH=/home/spider/gwpspider_ws/build/offset_prediction_model/prefix_override:/home/spider/gwpspider_ws/install/offset_prediction_model/lib/python3.10/site-packages:${PYTHONPATH} /usr/bin/python3 setup.py egg_info --egg-base ../../../build/offset_prediction_model build --build-base /home/spider/gwpspider_ws/build/offset_prediction_model/build install --record /home/spider/gwpspider_ws/build/offset_prediction_model/install.log --single-version-externally-managed
[2.014s] running egg_info
[2.016s] writing ../../../build/offset_prediction_model/offset_prediction_model.egg-info/PKG-INFO
[2.016s] writing dependency_links to ../../../build/offset_prediction_model/offset_prediction_model.egg-info/dependency_links.txt
[2.017s] writing entry points to ../../../build/offset_prediction_model/offset_prediction_model.egg-info/entry_points.txt
[2.017s] writing requirements to ../../../build/offset_prediction_model/offset_prediction_model.egg-info/requires.txt
[2.017s] writing top-level names to ../../../build/offset_prediction_model/offset_prediction_model.egg-info/top_level.txt
[2.020s] reading manifest file '../../../build/offset_prediction_model/offset_prediction_model.egg-info/SOURCES.txt'
[2.022s] writing manifest file '../../../build/offset_prediction_model/offset_prediction_model.egg-info/SOURCES.txt'
[2.022s] running build
[2.022s] running build_py
[2.023s] running install
[2.023s] /usr/lib/python3/dist-packages/setuptools/command/install.py:34: SetuptoolsDeprecationWarning: setup.py install is deprecated. Use build and pip and other standards-based tools.
[2.023s]   warnings.warn(
[2.024s] running install_lib
[2.026s] running install_data
[2.027s] running install_egg_info
[2.029s] removing '/home/spider/gwpspider_ws/install/offset_prediction_model/lib/python3.10/site-packages/offset_prediction_model-0.0.0-py3.10.egg-info' (and everything under it)
[2.031s] Copying ../../../build/offset_prediction_model/offset_prediction_model.egg-info to /home/spider/gwpspider_ws/install/offset_prediction_model/lib/python3.10/site-packages/offset_prediction_model-0.0.0-py3.10.egg-info
[2.033s] running install_scripts
[2.056s] Installing offset_predictor script to /home/spider/gwpspider_ws/install/offset_prediction_model/lib/offset_prediction_model
[2.057s] writing list of installed files to '/home/spider/gwpspider_ws/build/offset_prediction_model/install.log'
[2.090s] Invoked command in '/home/spider/gwpspider_ws/src/gwpspider/offset_prediction_model' returned '0': PYTHONPATH=/home/spider/gwpspider_ws/build/offset_prediction_model/prefix_override:/home/spider/gwpspider_ws/install/offset_prediction_model/lib/python3.10/site-packages:${PYTHONPATH} /usr/bin/python3 setup.py egg_info --egg-base ../../../build/offset_prediction_model build --build-base /home/spider/gwpspider_ws/build/offset_prediction_model/build install --record /home/spider/gwpspider_ws/build/offset_prediction_model/install.log --single-version-externally-managed
