[0.567s] Invoking command in '/home/spider/gwpspider_ws/src/gwpspider/safety_layer': PYTHONPATH=/home/spider/gwpspider_ws/build/safety_layer/prefix_override:/home/spider/gwpspider_ws/install/safety_layer/lib/python3.10/site-packages:${PYTHONPATH} /usr/bin/python3 setup.py egg_info --egg-base ../../../build/safety_layer build --build-base /home/spider/gwpspider_ws/build/safety_layer/build install --record /home/spider/gwpspider_ws/build/safety_layer/install.log --single-version-externally-managed
[0.791s] running egg_info
[0.791s] writing ../../../build/safety_layer/safety_layer.egg-info/PKG-INFO
[0.791s] writing dependency_links to ../../../build/safety_layer/safety_layer.egg-info/dependency_links.txt
[0.791s] writing entry points to ../../../build/safety_layer/safety_layer.egg-info/entry_points.txt
[0.792s] writing requirements to ../../../build/safety_layer/safety_layer.egg-info/requires.txt
[0.792s] writing top-level names to ../../../build/safety_layer/safety_layer.egg-info/top_level.txt
[0.793s] reading manifest file '../../../build/safety_layer/safety_layer.egg-info/SOURCES.txt'
[0.794s] writing manifest file '../../../build/safety_layer/safety_layer.egg-info/SOURCES.txt'
[0.794s] running build
[0.794s] running build_py
[0.794s] copying safety_layer/safety.py -> /home/spider/gwpspider_ws/build/safety_layer/build/lib/safety_layer
[0.794s] running install
[0.794s] /usr/lib/python3/dist-packages/setuptools/command/install.py:34: SetuptoolsDeprecationWarning: setup.py install is deprecated. Use build and pip and other standards-based tools.
[0.794s]   warnings.warn(
[0.795s] running install_lib
[0.795s] copying /home/spider/gwpspider_ws/build/safety_layer/build/lib/safety_layer/safety.py -> /home/spider/gwpspider_ws/install/safety_layer/lib/python3.10/site-packages/safety_layer
[0.796s] byte-compiling /home/spider/gwpspider_ws/install/safety_layer/lib/python3.10/site-packages/safety_layer/safety.py to safety.cpython-310.pyc
[0.797s] running install_data
[0.797s] running install_egg_info
[0.799s] removing '/home/spider/gwpspider_ws/install/safety_layer/lib/python3.10/site-packages/safety_layer-0.0.0-py3.10.egg-info' (and everything under it)
[0.799s] Copying ../../../build/safety_layer/safety_layer.egg-info to /home/spider/gwpspider_ws/install/safety_layer/lib/python3.10/site-packages/safety_layer-0.0.0-py3.10.egg-info
[0.799s] running install_scripts
[0.819s] Installing safety script to /home/spider/gwpspider_ws/install/safety_layer/lib/safety_layer
[0.820s] writing list of installed files to '/home/spider/gwpspider_ws/build/safety_layer/install.log'
[0.840s] Invoked command in '/home/spider/gwpspider_ws/src/gwpspider/safety_layer' returned '0': PYTHONPATH=/home/spider/gwpspider_ws/build/safety_layer/prefix_override:/home/spider/gwpspider_ws/install/safety_layer/lib/python3.10/site-packages:${PYTHONPATH} /usr/bin/python3 setup.py egg_info --egg-base ../../../build/safety_layer build --build-base /home/spider/gwpspider_ws/build/safety_layer/build install --record /home/spider/gwpspider_ws/build/safety_layer/install.log --single-version-externally-managed
