[3.909s] Invoking command in '/home/spider/gwpspider_ws/src/gwpspider/controller': PYTHONPATH=/home/spider/gwpspider_ws/build/controller/prefix_override:/home/spider/gwpspider_ws/install/controller/lib/python3.10/site-packages:${PYTHONPATH} /usr/bin/python3 setup.py egg_info --egg-base ../../../build/controller build --build-base /home/spider/gwpspider_ws/build/controller/build install --record /home/spider/gwpspider_ws/build/controller/install.log --single-version-externally-managed
[4.704s] running egg_info
[4.704s] writing ../../../build/controller/controller.egg-info/PKG-INFO
[4.704s] writing dependency_links to ../../../build/controller/controller.egg-info/dependency_links.txt
[4.704s] writing entry points to ../../../build/controller/controller.egg-info/entry_points.txt
[4.704s] writing requirements to ../../../build/controller/controller.egg-info/requires.txt
[4.704s] writing top-level names to ../../../build/controller/controller.egg-info/top_level.txt
[4.706s] reading manifest file '../../../build/controller/controller.egg-info/SOURCES.txt'
[4.707s] writing manifest file '../../../build/controller/controller.egg-info/SOURCES.txt'
[4.707s] running build
[4.708s] running build_py
[4.708s] running install
[4.709s] /usr/lib/python3/dist-packages/setuptools/command/install.py:34: SetuptoolsDeprecationWarning: setup.py install is deprecated. Use build and pip and other standards-based tools.
[4.709s]   warnings.warn(
[4.709s] running install_lib
[4.711s] running install_data
[4.712s] running install_egg_info
[4.714s] removing '/home/spider/gwpspider_ws/install/controller/lib/python3.10/site-packages/controller-0.0.0-py3.10.egg-info' (and everything under it)
[4.731s] Copying ../../../build/controller/controller.egg-info to /home/spider/gwpspider_ws/install/controller/lib/python3.10/site-packages/controller-0.0.0-py3.10.egg-info
[4.732s] running install_scripts
[4.766s] Installing joint_velocity_controller script to /home/spider/gwpspider_ws/install/controller/lib/controller
[4.766s] Installing legs_states_publisher script to /home/spider/gwpspider_ws/install/controller/lib/controller
[4.767s] writing list of installed files to '/home/spider/gwpspider_ws/build/controller/install.log'
[4.840s] Invoked command in '/home/spider/gwpspider_ws/src/gwpspider/controller' returned '0': PYTHONPATH=/home/spider/gwpspider_ws/build/controller/prefix_override:/home/spider/gwpspider_ws/install/controller/lib/python3.10/site-packages:${PYTHONPATH} /usr/bin/python3 setup.py egg_info --egg-base ../../../build/controller build --build-base /home/spider/gwpspider_ws/build/controller/build install --record /home/spider/gwpspider_ws/build/controller/install.log --single-version-externally-managed
