[3.149s] Invoking command in '/home/spider/gwpspider_ws/src/gwpspider/controller': PYTHONPATH=/home/spider/gwpspider_ws/build/controller/prefix_override:/home/spider/gwpspider_ws/install/controller/lib/python3.10/site-packages:${PYTHONPATH} /usr/bin/python3 setup.py egg_info --egg-base ../../../build/controller build --build-base /home/spider/gwpspider_ws/build/controller/build install --record /home/spider/gwpspider_ws/build/controller/install.log --single-version-externally-managed
[4.028s] running egg_info
[4.029s] writing ../../../build/controller/controller.egg-info/PKG-INFO
[4.029s] writing dependency_links to ../../../build/controller/controller.egg-info/dependency_links.txt
[4.029s] writing entry points to ../../../build/controller/controller.egg-info/entry_points.txt
[4.029s] writing requirements to ../../../build/controller/controller.egg-info/requires.txt
[4.029s] writing top-level names to ../../../build/controller/controller.egg-info/top_level.txt
[4.029s] reading manifest file '../../../build/controller/controller.egg-info/SOURCES.txt'
[4.036s] writing manifest file '../../../build/controller/controller.egg-info/SOURCES.txt'
[4.038s] running build
[4.038s] running build_py
[4.038s] copying controller/joint_velocity_controller.py -> /home/spider/gwpspider_ws/build/controller/build/lib/controller
[4.038s] running install
[4.038s] /usr/lib/python3/dist-packages/setuptools/command/install.py:34: SetuptoolsDeprecationWarning: setup.py install is deprecated. Use build and pip and other standards-based tools.
[4.039s]   warnings.warn(
[4.039s] running install_lib
[4.043s] copying /home/spider/gwpspider_ws/build/controller/build/lib/controller/joint_velocity_controller.py -> /home/spider/gwpspider_ws/install/controller/lib/python3.10/site-packages/controller
[4.043s] byte-compiling /home/spider/gwpspider_ws/install/controller/lib/python3.10/site-packages/controller/joint_velocity_controller.py to joint_velocity_controller.cpython-310.pyc
[4.064s] running install_data
[4.065s] running install_egg_info
[4.065s] removing '/home/spider/gwpspider_ws/install/controller/lib/python3.10/site-packages/controller-0.0.0-py3.10.egg-info' (and everything under it)
[4.065s] Copying ../../../build/controller/controller.egg-info to /home/spider/gwpspider_ws/install/controller/lib/python3.10/site-packages/controller-0.0.0-py3.10.egg-info
[4.065s] running install_scripts
[4.104s] Installing joint_velocity_controller script to /home/spider/gwpspider_ws/install/controller/lib/controller
[4.104s] Installing legs_states_publisher script to /home/spider/gwpspider_ws/install/controller/lib/controller
[4.104s] writing list of installed files to '/home/spider/gwpspider_ws/build/controller/install.log'
[4.266s] Invoked command in '/home/spider/gwpspider_ws/src/gwpspider/controller' returned '0': PYTHONPATH=/home/spider/gwpspider_ws/build/controller/prefix_override:/home/spider/gwpspider_ws/install/controller/lib/python3.10/site-packages:${PYTHONPATH} /usr/bin/python3 setup.py egg_info --egg-base ../../../build/controller build --build-base /home/spider/gwpspider_ws/build/controller/build install --record /home/spider/gwpspider_ws/build/controller/install.log --single-version-externally-managed
