[0.948s] Invoking command in '/home/spider/gwpspider_ws/build/gwpspider_interfaces': CMAKE_PREFIX_PATH=/opt/ros/humble /home/spider/.local/bin/cmake --build /home/spider/gwpspider_ws/build/gwpspider_interfaces -- -j8 -l8
[1.412s] -- Found ament_cmake: 1.3.4 (/opt/ros/humble/share/ament_cmake/cmake)
[1.413s] -- Found rosidl_default_generators: 1.2.0 (/opt/ros/humble/share/rosidl_default_generators/cmake)
[1.413s] -- Using all available rosidl_typesupport_c: rosidl_typesupport_fastrtps_c;rosidl_typesupport_introspection_c
[1.413s] -- Found rosidl_adapter: 3.1.4 (/opt/ros/humble/share/rosidl_adapter/cmake)
[1.413s] -- Using all available rosidl_typesupport_cpp: rosidl_typesupport_fastrtps_cpp;rosidl_typesupport_introspection_cpp
[1.413s] -- Found std_msgs: 4.2.3 (/opt/ros/humble/share/std_msgs/cmake)
[1.680s] -- Found ament_cmake_ros: 0.10.0 (/opt/ros/humble/share/ament_cmake_ros/cmake)
[1.901s] -- Using all available rosidl_typesupport_c: rosidl_typesupport_fastrtps_c;rosidl_typesupport_introspection_c
[2.337s] -- Using all available rosidl_typesupport_cpp: rosidl_typesupport_fastrtps_cpp;rosidl_typesupport_introspection_cpp
[2.361s] -- Found python_cmake_module: 0.10.0 (/opt/ros/humble/share/python_cmake_module/cmake)
[2.385s] -- Using PYTHON_EXECUTABLE: /usr/bin/python3
[2.385s] -- Using PYTHON_INCLUDE_DIRS: /usr/include/python3.10
[2.385s] -- Using PYTHON_LIBRARIES: /usr/lib/x86_64-linux-gnu/libpython3.10.so
[2.410s] -- Found ament_lint_auto: 0.12.6 (/opt/ros/humble/share/ament_lint_auto/cmake)
[2.424s] -- Added test 'lint_cmake' to check CMake code style
[2.426s] -- Added test 'xmllint' to check XML markup files
[2.429s] -- Configuring done
[2.476s] -- Generating done
[2.479s] -- Build files have been written to: /home/spider/gwpspider_ws/build/gwpspider_interfaces
[2.499s] [  1%] [34m[1mGenerating C code for ROS interfaces[0m
[2.507s] [  1%] [34m[1mGenerating C++ code for ROS interfaces[0m
[2.515s] [  1%] Built target ament_cmake_python_copy_gwpspider_interfaces
[2.735s] running egg_info
[2.736s] writing gwpspider_interfaces.egg-info/PKG-INFO
[2.736s] writing dependency_links to gwpspider_interfaces.egg-info/dependency_links.txt
[2.736s] writing top-level names to gwpspider_interfaces.egg-info/top_level.txt
[2.738s] reading manifest file 'gwpspider_interfaces.egg-info/SOURCES.txt'
[2.739s] writing manifest file 'gwpspider_interfaces.egg-info/SOURCES.txt'
[2.761s] [  1%] Built target ament_cmake_python_build_gwpspider_interfaces_egg
[3.432s] [  1%] Built target gwpspider_interfaces__cpp
[3.450s] [  2%] [34m[1mGenerating C++ type support for eProsima Fast-RTPS[0m
[3.453s] [  3%] [34m[1mGenerating C++ type support dispatch for ROS interfaces[0m
[3.454s] [  4%] [34m[1mGenerating C++ introspection for ROS interfaces[0m
[3.619s] [35m[1mConsolidate compiler generated dependencies of target gwpspider_interfaces__rosidl_generator_c[0m
[3.639s] [  5%] [32mBuilding C object CMakeFiles/gwpspider_interfaces__rosidl_generator_c.dir/rosidl_generator_c/gwpspider_interfaces/msg/detail/water_pump_command__functions.c.o[0m
[3.641s] [  6%] [32mBuilding C object CMakeFiles/gwpspider_interfaces__rosidl_generator_c.dir/rosidl_generator_c/gwpspider_interfaces/msg/detail/gripper_command__functions.c.o[0m
[3.641s] [  7%] [32mBuilding C object CMakeFiles/gwpspider_interfaces__rosidl_generator_c.dir/rosidl_generator_c/gwpspider_interfaces/msg/detail/dynamixel_motors_data__functions.c.o[0m
[3.655s] [  8%] [32mBuilding C object CMakeFiles/gwpspider_interfaces__rosidl_generator_c.dir/rosidl_generator_c/gwpspider_interfaces/srv/detail/move_gripper__functions.c.o[0m
[3.659s] [  9%] [32mBuilding C object CMakeFiles/gwpspider_interfaces__rosidl_generator_c.dir/rosidl_generator_c/gwpspider_interfaces/msg/detail/bno_data__functions.c.o[0m
[3.776s] [ 11%] [32mBuilding C object CMakeFiles/gwpspider_interfaces__rosidl_generator_c.dir/rosidl_generator_c/gwpspider_interfaces/srv/detail/init_bno__functions.c.o[0m
[3.779s] [ 11%] [32mBuilding C object CMakeFiles/gwpspider_interfaces__rosidl_generator_c.dir/rosidl_generator_c/gwpspider_interfaces/srv/detail/control_water_pump__functions.c.o[0m
[3.780s] [ 12%] [32mBuilding C object CMakeFiles/gwpspider_interfaces__rosidl_generator_c.dir/rosidl_generator_c/gwpspider_interfaces/srv/detail/get_walking_instructions__functions.c.o[0m
[3.782s] [ 13%] [32mBuilding C object CMakeFiles/gwpspider_interfaces__rosidl_generator_c.dir/rosidl_generator_c/gwpspider_interfaces/srv/detail/toggle_motors_torque__functions.c.o[0m
[3.785s] [ 14%] [32mBuilding C object CMakeFiles/gwpspider_interfaces__rosidl_generator_c.dir/rosidl_generator_c/gwpspider_interfaces/srv/detail/set_bus_watchdog__functions.c.o[0m
[3.946s] [ 15%] [32m[1mLinking C shared library libgwpspider_interfaces__rosidl_generator_c.so[0m
[4.028s] [ 15%] Built target gwpspider_interfaces__rosidl_generator_c
[4.040s] [ 17%] [34m[1mGenerating C type support for eProsima Fast-RTPS[0m
[4.040s] [ 17%] [34m[1mGenerating C type support dispatch for ROS interfaces[0m
[4.041s] [ 18%] [34m[1mGenerating C introspection for ROS interfaces[0m
[4.403s] [35m[1mConsolidate compiler generated dependencies of target gwpspider_interfaces__rosidl_typesupport_cpp[0m
[4.430s] [ 19%] [32mBuilding CXX object CMakeFiles/gwpspider_interfaces__rosidl_typesupport_cpp.dir/rosidl_typesupport_cpp/gwpspider_interfaces/msg/gripper_command__type_support.cpp.o[0m
[4.444s] [ 20%] [32mBuilding CXX object CMakeFiles/gwpspider_interfaces__rosidl_typesupport_cpp.dir/rosidl_typesupport_cpp/gwpspider_interfaces/msg/water_pump_command__type_support.cpp.o[0m
[4.489s] [ 21%] [32mBuilding CXX object CMakeFiles/gwpspider_interfaces__rosidl_typesupport_cpp.dir/rosidl_typesupport_cpp/gwpspider_interfaces/msg/bno_data__type_support.cpp.o[0m
[4.877s] [35m[1mConsolidate compiler generated dependencies of target gwpspider_interfaces__rosidl_typesupport_introspection_cpp[0m
[4.930s] [ 22%] [32mBuilding CXX object CMakeFiles/gwpspider_interfaces__rosidl_typesupport_introspection_cpp.dir/rosidl_typesupport_introspection_cpp/gwpspider_interfaces/msg/detail/gripper_command__type_support.cpp.o[0m
[5.060s] [35m[1mConsolidate compiler generated dependencies of target gwpspider_interfaces__rosidl_typesupport_c[0m
[5.083s] [ 23%] [32mBuilding CXX object CMakeFiles/gwpspider_interfaces__rosidl_typesupport_c.dir/rosidl_typesupport_c/gwpspider_interfaces/msg/gripper_command__type_support.cpp.o[0m
[5.088s] [35m[1mConsolidate compiler generated dependencies of target gwpspider_interfaces__rosidl_typesupport_fastrtps_cpp[0m
[5.090s] [ 24%] [32mBuilding CXX object CMakeFiles/gwpspider_interfaces__rosidl_typesupport_c.dir/rosidl_typesupport_c/gwpspider_interfaces/msg/water_pump_command__type_support.cpp.o[0m
[5.101s] [ 25%] [32mBuilding CXX object CMakeFiles/gwpspider_interfaces__rosidl_typesupport_cpp.dir/rosidl_typesupport_cpp/gwpspider_interfaces/msg/dynamixel_motors_data__type_support.cpp.o[0m
[5.104s] [ 26%] [32mBuilding CXX object CMakeFiles/gwpspider_interfaces__rosidl_typesupport_c.dir/rosidl_typesupport_c/gwpspider_interfaces/msg/bno_data__type_support.cpp.o[0m
[5.131s] [ 27%] [32mBuilding CXX object CMakeFiles/gwpspider_interfaces__rosidl_typesupport_fastrtps_cpp.dir/rosidl_typesupport_fastrtps_cpp/gwpspider_interfaces/msg/detail/dds_fastrtps/gripper_command__type_support.cpp.o[0m
[5.139s] [ 28%] [32mBuilding CXX object CMakeFiles/gwpspider_interfaces__rosidl_typesupport_c.dir/rosidl_typesupport_c/gwpspider_interfaces/msg/dynamixel_motors_data__type_support.cpp.o[0m
[5.178s] [ 29%] [32mBuilding CXX object CMakeFiles/gwpspider_interfaces__rosidl_typesupport_c.dir/rosidl_typesupport_c/gwpspider_interfaces/srv/move_gripper__type_support.cpp.o[0m
[5.193s] [ 30%] [32mBuilding CXX object CMakeFiles/gwpspider_interfaces__rosidl_typesupport_c.dir/rosidl_typesupport_c/gwpspider_interfaces/srv/init_bno__type_support.cpp.o[0m
[5.214s] [ 31%] [32mBuilding CXX object CMakeFiles/gwpspider_interfaces__rosidl_typesupport_c.dir/rosidl_typesupport_c/gwpspider_interfaces/srv/control_water_pump__type_support.cpp.o[0m
[5.233s] [ 32%] [32mBuilding CXX object CMakeFiles/gwpspider_interfaces__rosidl_typesupport_c.dir/rosidl_typesupport_c/gwpspider_interfaces/srv/toggle_motors_torque__type_support.cpp.o[0m
[5.275s] [ 33%] [32mBuilding CXX object CMakeFiles/gwpspider_interfaces__rosidl_typesupport_c.dir/rosidl_typesupport_c/gwpspider_interfaces/srv/get_walking_instructions__type_support.cpp.o[0m
[5.298s] [ 33%] [32mBuilding CXX object CMakeFiles/gwpspider_interfaces__rosidl_typesupport_c.dir/rosidl_typesupport_c/gwpspider_interfaces/srv/set_bus_watchdog__type_support.cpp.o[0m
[5.330s] [ 34%] [32mBuilding CXX object CMakeFiles/gwpspider_interfaces__rosidl_typesupport_fastrtps_cpp.dir/rosidl_typesupport_fastrtps_cpp/gwpspider_interfaces/msg/detail/dds_fastrtps/water_pump_command__type_support.cpp.o[0m
[5.358s] [ 35%] [32m[1mLinking CXX shared library libgwpspider_interfaces__rosidl_typesupport_c.so[0m
[5.384s] [ 35%] [32mBuilding CXX object CMakeFiles/gwpspider_interfaces__rosidl_typesupport_fastrtps_cpp.dir/rosidl_typesupport_fastrtps_cpp/gwpspider_interfaces/msg/detail/dds_fastrtps/bno_data__type_support.cpp.o[0m
[5.391s] [35m[1mConsolidate compiler generated dependencies of target gwpspider_interfaces__rosidl_typesupport_introspection_c[0m
[5.450s] [ 36%] [32mBuilding C object CMakeFiles/gwpspider_interfaces__rosidl_typesupport_introspection_c.dir/rosidl_typesupport_introspection_c/gwpspider_interfaces/msg/detail/gripper_command__type_support.c.o[0m
[5.465s] [ 36%] Built target gwpspider_interfaces__rosidl_typesupport_c
[5.507s] [ 37%] [32mBuilding C object CMakeFiles/gwpspider_interfaces__rosidl_typesupport_introspection_c.dir/rosidl_typesupport_introspection_c/gwpspider_interfaces/msg/detail/water_pump_command__type_support.c.o[0m
[5.560s] [ 38%] [32mBuilding CXX object CMakeFiles/gwpspider_interfaces__rosidl_typesupport_cpp.dir/rosidl_typesupport_cpp/gwpspider_interfaces/srv/move_gripper__type_support.cpp.o[0m
[5.646s] [35m[1mConsolidate compiler generated dependencies of target gwpspider_interfaces__rosidl_typesupport_fastrtps_c[0m
[5.690s] [ 39%] [32mBuilding C object CMakeFiles/gwpspider_interfaces__rosidl_typesupport_introspection_c.dir/rosidl_typesupport_introspection_c/gwpspider_interfaces/msg/detail/bno_data__type_support.c.o[0m
[5.721s] [ 40%] [32mBuilding CXX object CMakeFiles/gwpspider_interfaces__rosidl_typesupport_fastrtps_cpp.dir/rosidl_typesupport_fastrtps_cpp/gwpspider_interfaces/msg/detail/dds_fastrtps/dynamixel_motors_data__type_support.cpp.o[0m
[5.736s] [ 41%] [32mBuilding CXX object CMakeFiles/gwpspider_interfaces__rosidl_typesupport_fastrtps_c.dir/rosidl_typesupport_fastrtps_c/gwpspider_interfaces/msg/detail/gripper_command__type_support_c.cpp.o[0m
[5.775s] [ 42%] [32mBuilding CXX object CMakeFiles/gwpspider_interfaces__rosidl_typesupport_introspection_cpp.dir/rosidl_typesupport_introspection_cpp/gwpspider_interfaces/msg/detail/water_pump_command__type_support.cpp.o[0m
[5.791s] [ 43%] [32mBuilding C object CMakeFiles/gwpspider_interfaces__rosidl_typesupport_introspection_c.dir/rosidl_typesupport_introspection_c/gwpspider_interfaces/msg/detail/dynamixel_motors_data__type_support.c.o[0m
[5.851s] [ 44%] [32mBuilding CXX object CMakeFiles/gwpspider_interfaces__rosidl_typesupport_fastrtps_c.dir/rosidl_typesupport_fastrtps_c/gwpspider_interfaces/msg/detail/water_pump_command__type_support_c.cpp.o[0m
[5.957s] [ 45%] [32mBuilding C object CMakeFiles/gwpspider_interfaces__rosidl_typesupport_introspection_c.dir/rosidl_typesupport_introspection_c/gwpspider_interfaces/srv/detail/move_gripper__type_support.c.o[0m
[5.992s] [ 46%] [32mBuilding CXX object CMakeFiles/gwpspider_interfaces__rosidl_typesupport_fastrtps_cpp.dir/rosidl_typesupport_fastrtps_cpp/gwpspider_interfaces/srv/detail/dds_fastrtps/move_gripper__type_support.cpp.o[0m
[6.071s] [ 47%] [32mBuilding C object CMakeFiles/gwpspider_interfaces__rosidl_typesupport_introspection_c.dir/rosidl_typesupport_introspection_c/gwpspider_interfaces/srv/detail/control_water_pump__type_support.c.o[0m
[6.098s] [ 48%] [32mBuilding CXX object CMakeFiles/gwpspider_interfaces__rosidl_typesupport_fastrtps_cpp.dir/rosidl_typesupport_fastrtps_cpp/gwpspider_interfaces/srv/detail/dds_fastrtps/control_water_pump__type_support.cpp.o[0m
[6.121s] [ 49%] [32mBuilding C object CMakeFiles/gwpspider_interfaces__rosidl_typesupport_introspection_c.dir/rosidl_typesupport_introspection_c/gwpspider_interfaces/srv/detail/init_bno__type_support.c.o[0m
[6.186s] [ 50%] [32mBuilding CXX object CMakeFiles/gwpspider_interfaces__rosidl_typesupport_cpp.dir/rosidl_typesupport_cpp/gwpspider_interfaces/srv/control_water_pump__type_support.cpp.o[0m
[6.277s] [ 51%] [32mBuilding C object CMakeFiles/gwpspider_interfaces__rosidl_typesupport_introspection_c.dir/rosidl_typesupport_introspection_c/gwpspider_interfaces/srv/detail/toggle_motors_torque__type_support.c.o[0m
[6.446s] [ 52%] [32mBuilding CXX object CMakeFiles/gwpspider_interfaces__rosidl_typesupport_fastrtps_c.dir/rosidl_typesupport_fastrtps_c/gwpspider_interfaces/msg/detail/bno_data__type_support_c.cpp.o[0m
[6.478s] [ 53%] [32mBuilding C object CMakeFiles/gwpspider_interfaces__rosidl_typesupport_introspection_c.dir/rosidl_typesupport_introspection_c/gwpspider_interfaces/srv/detail/set_bus_watchdog__type_support.c.o[0m
[6.520s] [ 54%] [32mBuilding CXX object CMakeFiles/gwpspider_interfaces__rosidl_typesupport_fastrtps_cpp.dir/rosidl_typesupport_fastrtps_cpp/gwpspider_interfaces/srv/detail/dds_fastrtps/init_bno__type_support.cpp.o[0m
[6.546s] [ 55%] [32mBuilding C object CMakeFiles/gwpspider_interfaces__rosidl_typesupport_introspection_c.dir/rosidl_typesupport_introspection_c/gwpspider_interfaces/srv/detail/get_walking_instructions__type_support.c.o[0m
[6.597s] [ 56%] [32mBuilding CXX object CMakeFiles/gwpspider_interfaces__rosidl_typesupport_introspection_cpp.dir/rosidl_typesupport_introspection_cpp/gwpspider_interfaces/msg/detail/dynamixel_motors_data__type_support.cpp.o[0m
[6.612s] [ 57%] [32mBuilding CXX object CMakeFiles/gwpspider_interfaces__rosidl_typesupport_introspection_cpp.dir/rosidl_typesupport_introspection_cpp/gwpspider_interfaces/msg/detail/bno_data__type_support.cpp.o[0m
[6.631s] [ 58%] [32m[1mLinking C shared library libgwpspider_interfaces__rosidl_typesupport_introspection_c.so[0m
[6.740s] [ 58%] Built target gwpspider_interfaces__rosidl_typesupport_introspection_c
[6.754s] [ 59%] [32mBuilding CXX object CMakeFiles/gwpspider_interfaces__rosidl_typesupport_cpp.dir/rosidl_typesupport_cpp/gwpspider_interfaces/srv/init_bno__type_support.cpp.o[0m
[6.782s] [ 60%] [32mBuilding CXX object CMakeFiles/gwpspider_interfaces__rosidl_typesupport_fastrtps_c.dir/rosidl_typesupport_fastrtps_c/gwpspider_interfaces/msg/detail/dynamixel_motors_data__type_support_c.cpp.o[0m
[6.807s] [ 61%] [32mBuilding CXX object CMakeFiles/gwpspider_interfaces__rosidl_typesupport_fastrtps_cpp.dir/rosidl_typesupport_fastrtps_cpp/gwpspider_interfaces/srv/detail/dds_fastrtps/toggle_motors_torque__type_support.cpp.o[0m
[6.870s] [ 62%] [32mBuilding CXX object CMakeFiles/gwpspider_interfaces__rosidl_typesupport_fastrtps_cpp.dir/rosidl_typesupport_fastrtps_cpp/gwpspider_interfaces/srv/detail/dds_fastrtps/set_bus_watchdog__type_support.cpp.o[0m
[7.204s] [ 63%] [32mBuilding CXX object CMakeFiles/gwpspider_interfaces__rosidl_typesupport_fastrtps_cpp.dir/rosidl_typesupport_fastrtps_cpp/gwpspider_interfaces/srv/detail/dds_fastrtps/get_walking_instructions__type_support.cpp.o[0m
[7.266s] [ 64%] [32mBuilding CXX object CMakeFiles/gwpspider_interfaces__rosidl_typesupport_cpp.dir/rosidl_typesupport_cpp/gwpspider_interfaces/srv/toggle_motors_torque__type_support.cpp.o[0m
[7.311s] [ 65%] [32mBuilding CXX object CMakeFiles/gwpspider_interfaces__rosidl_typesupport_fastrtps_c.dir/rosidl_typesupport_fastrtps_c/gwpspider_interfaces/srv/detail/move_gripper__type_support_c.cpp.o[0m
[7.366s] [ 66%] [32mBuilding CXX object CMakeFiles/gwpspider_interfaces__rosidl_typesupport_cpp.dir/rosidl_typesupport_cpp/gwpspider_interfaces/srv/set_bus_watchdog__type_support.cpp.o[0m
[7.447s] [ 67%] [32mBuilding CXX object CMakeFiles/gwpspider_interfaces__rosidl_typesupport_introspection_cpp.dir/rosidl_typesupport_introspection_cpp/gwpspider_interfaces/srv/detail/move_gripper__type_support.cpp.o[0m
[7.542s] [ 68%] [32mBuilding CXX object CMakeFiles/gwpspider_interfaces__rosidl_typesupport_introspection_cpp.dir/rosidl_typesupport_introspection_cpp/gwpspider_interfaces/srv/detail/control_water_pump__type_support.cpp.o[0m
[7.622s] [ 69%] [32mBuilding CXX object CMakeFiles/gwpspider_interfaces__rosidl_typesupport_introspection_cpp.dir/rosidl_typesupport_introspection_cpp/gwpspider_interfaces/srv/detail/init_bno__type_support.cpp.o[0m
[7.674s] [ 70%] [32mBuilding CXX object CMakeFiles/gwpspider_interfaces__rosidl_typesupport_introspection_cpp.dir/rosidl_typesupport_introspection_cpp/gwpspider_interfaces/srv/detail/toggle_motors_torque__type_support.cpp.o[0m
[7.863s] [ 71%] [32mBuilding CXX object CMakeFiles/gwpspider_interfaces__rosidl_typesupport_fastrtps_c.dir/rosidl_typesupport_fastrtps_c/gwpspider_interfaces/srv/detail/control_water_pump__type_support_c.cpp.o[0m
[7.877s] [ 72%] [32m[1mLinking CXX shared library libgwpspider_interfaces__rosidl_typesupport_fastrtps_cpp.so[0m
[7.931s] [ 73%] [32mBuilding CXX object CMakeFiles/gwpspider_interfaces__rosidl_typesupport_cpp.dir/rosidl_typesupport_cpp/gwpspider_interfaces/srv/get_walking_instructions__type_support.cpp.o[0m
[8.030s] [ 74%] [32mBuilding CXX object CMakeFiles/gwpspider_interfaces__rosidl_typesupport_introspection_cpp.dir/rosidl_typesupport_introspection_cpp/gwpspider_interfaces/srv/detail/set_bus_watchdog__type_support.cpp.o[0m
[8.062s] [ 75%] [32mBuilding CXX object CMakeFiles/gwpspider_interfaces__rosidl_typesupport_introspection_cpp.dir/rosidl_typesupport_introspection_cpp/gwpspider_interfaces/srv/detail/get_walking_instructions__type_support.cpp.o[0m
[8.115s] [ 75%] Built target gwpspider_interfaces__rosidl_typesupport_fastrtps_cpp
[8.172s] [ 76%] [32mBuilding CXX object CMakeFiles/gwpspider_interfaces__rosidl_typesupport_fastrtps_c.dir/rosidl_typesupport_fastrtps_c/gwpspider_interfaces/srv/detail/init_bno__type_support_c.cpp.o[0m
[8.310s] [ 77%] [32mBuilding CXX object CMakeFiles/gwpspider_interfaces__rosidl_typesupport_fastrtps_c.dir/rosidl_typesupport_fastrtps_c/gwpspider_interfaces/srv/detail/toggle_motors_torque__type_support_c.cpp.o[0m
[8.358s] [ 78%] [32mBuilding CXX object CMakeFiles/gwpspider_interfaces__rosidl_typesupport_fastrtps_c.dir/rosidl_typesupport_fastrtps_c/gwpspider_interfaces/srv/detail/set_bus_watchdog__type_support_c.cpp.o[0m
[8.460s] [ 79%] [32mBuilding CXX object CMakeFiles/gwpspider_interfaces__rosidl_typesupport_fastrtps_c.dir/rosidl_typesupport_fastrtps_c/gwpspider_interfaces/srv/detail/get_walking_instructions__type_support_c.cpp.o[0m
[8.546s] [ 80%] [32m[1mLinking CXX shared library libgwpspider_interfaces__rosidl_typesupport_cpp.so[0m
[8.687s] [ 80%] Built target gwpspider_interfaces__rosidl_typesupport_cpp
[8.796s] [ 81%] [32m[1mLinking CXX shared library libgwpspider_interfaces__rosidl_typesupport_introspection_cpp.so[0m
[8.886s] [ 81%] Built target gwpspider_interfaces__rosidl_typesupport_introspection_cpp
[8.944s] [ 82%] [32m[1mLinking CXX shared library libgwpspider_interfaces__rosidl_typesupport_fastrtps_c.so[0m
[9.036s] [ 82%] Built target gwpspider_interfaces__rosidl_typesupport_fastrtps_c
[9.052s] [ 82%] Built target gwpspider_interfaces
[9.068s] [ 83%] [34m[1mGenerating Python code for ROS interfaces[0m
[10.594s] [ 83%] Built target gwpspider_interfaces__py
[10.605s] [35m[1mConsolidate compiler generated dependencies of target gwpspider_interfaces__rosidl_generator_py[0m
[10.625s] [ 84%] [32mBuilding C object CMakeFiles/gwpspider_interfaces__rosidl_generator_py.dir/rosidl_generator_py/gwpspider_interfaces/msg/_gripper_command_s.c.o[0m
[10.626s] [ 85%] [32mBuilding C object CMakeFiles/gwpspider_interfaces__rosidl_generator_py.dir/rosidl_generator_py/gwpspider_interfaces/msg/_dynamixel_motors_data_s.c.o[0m
[10.626s] [ 86%] [32mBuilding C object CMakeFiles/gwpspider_interfaces__rosidl_generator_py.dir/rosidl_generator_py/gwpspider_interfaces/msg/_water_pump_command_s.c.o[0m
[10.626s] [ 88%] [32mBuilding C object CMakeFiles/gwpspider_interfaces__rosidl_generator_py.dir/rosidl_generator_py/gwpspider_interfaces/msg/_bno_data_s.c.o[0m
[10.626s] [ 88%] [32mBuilding C object CMakeFiles/gwpspider_interfaces__rosidl_generator_py.dir/rosidl_generator_py/gwpspider_interfaces/srv/_move_gripper_s.c.o[0m
[10.626s] [ 89%] [32mBuilding C object CMakeFiles/gwpspider_interfaces__rosidl_generator_py.dir/rosidl_generator_py/gwpspider_interfaces/srv/_control_water_pump_s.c.o[0m
[10.634s] [ 90%] [32mBuilding C object CMakeFiles/gwpspider_interfaces__rosidl_generator_py.dir/rosidl_generator_py/gwpspider_interfaces/srv/_toggle_motors_torque_s.c.o[0m
[10.634s] [ 91%] [32mBuilding C object CMakeFiles/gwpspider_interfaces__rosidl_generator_py.dir/rosidl_generator_py/gwpspider_interfaces/srv/_init_bno_s.c.o[0m
[10.824s] [ 92%] [32mBuilding C object CMakeFiles/gwpspider_interfaces__rosidl_generator_py.dir/rosidl_generator_py/gwpspider_interfaces/srv/_set_bus_watchdog_s.c.o[0m
[10.837s] [ 93%] [32mBuilding C object CMakeFiles/gwpspider_interfaces__rosidl_generator_py.dir/rosidl_generator_py/gwpspider_interfaces/srv/_get_walking_instructions_s.c.o[0m
[10.945s] [ 94%] [32m[1mLinking C shared library rosidl_generator_py/gwpspider_interfaces/libgwpspider_interfaces__rosidl_generator_py.so[0m
[10.982s] [ 94%] Built target gwpspider_interfaces__rosidl_generator_py
[10.990s] [35m[1mConsolidate compiler generated dependencies of target gwpspider_interfaces__rosidl_typesupport_fastrtps_c__pyext[0m
[10.992s] [35m[1mConsolidate compiler generated dependencies of target gwpspider_interfaces__rosidl_typesupport_introspection_c__pyext[0m
[10.992s] [35m[1mConsolidate compiler generated dependencies of target gwpspider_interfaces__rosidl_typesupport_c__pyext[0m
[11.005s] [ 95%] [32mBuilding C object CMakeFiles/gwpspider_interfaces__rosidl_typesupport_c__pyext.dir/rosidl_generator_py/gwpspider_interfaces/_gwpspider_interfaces_s.ep.rosidl_typesupport_c.c.o[0m
[11.006s] [ 96%] [32mBuilding C object CMakeFiles/gwpspider_interfaces__rosidl_typesupport_fastrtps_c__pyext.dir/rosidl_generator_py/gwpspider_interfaces/_gwpspider_interfaces_s.ep.rosidl_typesupport_fastrtps_c.c.o[0m
[11.006s] [ 97%] [32mBuilding C object CMakeFiles/gwpspider_interfaces__rosidl_typesupport_introspection_c__pyext.dir/rosidl_generator_py/gwpspider_interfaces/_gwpspider_interfaces_s.ep.rosidl_typesupport_introspection_c.c.o[0m
[11.166s] [ 98%] [32m[1mLinking C shared library rosidl_generator_py/gwpspider_interfaces/gwpspider_interfaces_s__rosidl_typesupport_c.cpython-310-x86_64-linux-gnu.so[0m
[11.172s] [ 99%] [32m[1mLinking C shared library rosidl_generator_py/gwpspider_interfaces/gwpspider_interfaces_s__rosidl_typesupport_fastrtps_c.cpython-310-x86_64-linux-gnu.so[0m
[11.211s] [ 99%] Built target gwpspider_interfaces__rosidl_typesupport_c__pyext
[11.215s] [100%] [32m[1mLinking C shared library rosidl_generator_py/gwpspider_interfaces/gwpspider_interfaces_s__rosidl_typesupport_introspection_c.cpython-310-x86_64-linux-gnu.so[0m
[11.215s] [100%] Built target gwpspider_interfaces__rosidl_typesupport_fastrtps_c__pyext
[11.253s] [100%] Built target gwpspider_interfaces__rosidl_typesupport_introspection_c__pyext
[11.270s] Invoked command in '/home/spider/gwpspider_ws/build/gwpspider_interfaces' returned '0': CMAKE_PREFIX_PATH=/opt/ros/humble /home/spider/.local/bin/cmake --build /home/spider/gwpspider_ws/build/gwpspider_interfaces -- -j8 -l8
[11.491s] Invoking command in '/home/spider/gwpspider_ws/build/gwpspider_interfaces': CMAKE_PREFIX_PATH=/opt/ros/humble /home/spider/.local/bin/cmake --install /home/spider/gwpspider_ws/build/gwpspider_interfaces
[11.523s] -- Install configuration: ""
[11.523s] -- Installing: /home/spider/gwpspider_ws/install/gwpspider_interfaces/share/ament_index/resource_index/rosidl_interfaces/gwpspider_interfaces
[11.523s] -- Up-to-date: /home/spider/gwpspider_ws/install/gwpspider_interfaces/include/gwpspider_interfaces/gwpspider_interfaces
[11.523s] -- Up-to-date: /home/spider/gwpspider_ws/install/gwpspider_interfaces/include/gwpspider_interfaces/gwpspider_interfaces/srv
[11.523s] -- Installing: /home/spider/gwpspider_ws/install/gwpspider_interfaces/include/gwpspider_interfaces/gwpspider_interfaces/srv/get_walking_instructions.h
[11.523s] -- Up-to-date: /home/spider/gwpspider_ws/install/gwpspider_interfaces/include/gwpspider_interfaces/gwpspider_interfaces/srv/detail
[11.524s] -- Installing: /home/spider/gwpspider_ws/install/gwpspider_interfaces/include/gwpspider_interfaces/gwpspider_interfaces/srv/detail/set_bus_watchdog__struct.h
[11.524s] -- Installing: /home/spider/gwpspider_ws/install/gwpspider_interfaces/include/gwpspider_interfaces/gwpspider_interfaces/srv/detail/control_water_pump__struct.h
[11.524s] -- Installing: /home/spider/gwpspider_ws/install/gwpspider_interfaces/include/gwpspider_interfaces/gwpspider_interfaces/srv/detail/toggle_motors_torque__type_support.h
[11.524s] -- Installing: /home/spider/gwpspider_ws/install/gwpspider_interfaces/include/gwpspider_interfaces/gwpspider_interfaces/srv/detail/get_walking_instructions__functions.c
[11.524s] -- Installing: /home/spider/gwpspider_ws/install/gwpspider_interfaces/include/gwpspider_interfaces/gwpspider_interfaces/srv/detail/set_bus_watchdog__functions.h
[11.524s] -- Installing: /home/spider/gwpspider_ws/install/gwpspider_interfaces/include/gwpspider_interfaces/gwpspider_interfaces/srv/detail/move_gripper__functions.c
[11.524s] -- Installing: /home/spider/gwpspider_ws/install/gwpspider_interfaces/include/gwpspider_interfaces/gwpspider_interfaces/srv/detail/get_walking_instructions__functions.h
[11.524s] -- Installing: /home/spider/gwpspider_ws/install/gwpspider_interfaces/include/gwpspider_interfaces/gwpspider_interfaces/srv/detail/init_bno__functions.h
[11.524s] -- Installing: /home/spider/gwpspider_ws/install/gwpspider_interfaces/include/gwpspider_interfaces/gwpspider_interfaces/srv/detail/set_bus_watchdog__type_support.h
[11.525s] -- Installing: /home/spider/gwpspider_ws/install/gwpspider_interfaces/include/gwpspider_interfaces/gwpspider_interfaces/srv/detail/init_bno__type_support.h
[11.525s] -- Installing: /home/spider/gwpspider_ws/install/gwpspider_interfaces/include/gwpspider_interfaces/gwpspider_interfaces/srv/detail/toggle_motors_torque__functions.c
[11.525s] -- Installing: /home/spider/gwpspider_ws/install/gwpspider_interfaces/include/gwpspider_interfaces/gwpspider_interfaces/srv/detail/control_water_pump__type_support.h
[11.525s] -- Installing: /home/spider/gwpspider_ws/install/gwpspider_interfaces/include/gwpspider_interfaces/gwpspider_interfaces/srv/detail/get_walking_instructions__type_support.h
[11.525s] -- Installing: /home/spider/gwpspider_ws/install/gwpspider_interfaces/include/gwpspider_interfaces/gwpspider_interfaces/srv/detail/get_walking_instructions__struct.h
[11.525s] -- Installing: /home/spider/gwpspider_ws/install/gwpspider_interfaces/include/gwpspider_interfaces/gwpspider_interfaces/srv/detail/set_bus_watchdog__functions.c
[11.525s] -- Installing: /home/spider/gwpspider_ws/install/gwpspider_interfaces/include/gwpspider_interfaces/gwpspider_interfaces/srv/detail/init_bno__functions.c
[11.525s] -- Installing: /home/spider/gwpspider_ws/install/gwpspider_interfaces/include/gwpspider_interfaces/gwpspider_interfaces/srv/detail/toggle_motors_torque__struct.h
[11.526s] -- Installing: /home/spider/gwpspider_ws/install/gwpspider_interfaces/include/gwpspider_interfaces/gwpspider_interfaces/srv/detail/move_gripper__struct.h
[11.526s] -- Installing: /home/spider/gwpspider_ws/install/gwpspider_interfaces/include/gwpspider_interfaces/gwpspider_interfaces/srv/detail/control_water_pump__functions.c
[11.526s] -- Installing: /home/spider/gwpspider_ws/install/gwpspider_interfaces/include/gwpspider_interfaces/gwpspider_interfaces/srv/detail/move_gripper__type_support.h
[11.526s] -- Installing: /home/spider/gwpspider_ws/install/gwpspider_interfaces/include/gwpspider_interfaces/gwpspider_interfaces/srv/detail/init_bno__struct.h
[11.526s] -- Installing: /home/spider/gwpspider_ws/install/gwpspider_interfaces/include/gwpspider_interfaces/gwpspider_interfaces/srv/detail/toggle_motors_torque__functions.h
[11.526s] -- Installing: /home/spider/gwpspider_ws/install/gwpspider_interfaces/include/gwpspider_interfaces/gwpspider_interfaces/srv/detail/move_gripper__functions.h
[11.527s] -- Installing: /home/spider/gwpspider_ws/install/gwpspider_interfaces/include/gwpspider_interfaces/gwpspider_interfaces/srv/detail/control_water_pump__functions.h
[11.527s] -- Installing: /home/spider/gwpspider_ws/install/gwpspider_interfaces/include/gwpspider_interfaces/gwpspider_interfaces/srv/control_water_pump.h
[11.527s] -- Installing: /home/spider/gwpspider_ws/install/gwpspider_interfaces/include/gwpspider_interfaces/gwpspider_interfaces/srv/toggle_motors_torque.h
[11.527s] -- Installing: /home/spider/gwpspider_ws/install/gwpspider_interfaces/include/gwpspider_interfaces/gwpspider_interfaces/srv/move_gripper.h
[11.527s] -- Installing: /home/spider/gwpspider_ws/install/gwpspider_interfaces/include/gwpspider_interfaces/gwpspider_interfaces/srv/set_bus_watchdog.h
[11.527s] -- Installing: /home/spider/gwpspider_ws/install/gwpspider_interfaces/include/gwpspider_interfaces/gwpspider_interfaces/srv/init_bno.h
[11.527s] -- Up-to-date: /home/spider/gwpspider_ws/install/gwpspider_interfaces/include/gwpspider_interfaces/gwpspider_interfaces/msg
[11.528s] -- Up-to-date: /home/spider/gwpspider_ws/install/gwpspider_interfaces/include/gwpspider_interfaces/gwpspider_interfaces/msg/detail
[11.528s] -- Installing: /home/spider/gwpspider_ws/install/gwpspider_interfaces/include/gwpspider_interfaces/gwpspider_interfaces/msg/detail/water_pump_command__functions.c
[11.528s] -- Installing: /home/spider/gwpspider_ws/install/gwpspider_interfaces/include/gwpspider_interfaces/gwpspider_interfaces/msg/detail/water_pump_command__struct.h
[11.528s] -- Installing: /home/spider/gwpspider_ws/install/gwpspider_interfaces/include/gwpspider_interfaces/gwpspider_interfaces/msg/detail/bno_data__type_support.h
[11.528s] -- Installing: /home/spider/gwpspider_ws/install/gwpspider_interfaces/include/gwpspider_interfaces/gwpspider_interfaces/msg/detail/bno_data__functions.c
[11.528s] -- Installing: /home/spider/gwpspider_ws/install/gwpspider_interfaces/include/gwpspider_interfaces/gwpspider_interfaces/msg/detail/water_pump_command__functions.h
[11.528s] -- Installing: /home/spider/gwpspider_ws/install/gwpspider_interfaces/include/gwpspider_interfaces/gwpspider_interfaces/msg/detail/gripper_command__functions.h
[11.528s] -- Installing: /home/spider/gwpspider_ws/install/gwpspider_interfaces/include/gwpspider_interfaces/gwpspider_interfaces/msg/detail/gripper_command__functions.c
[11.528s] -- Installing: /home/spider/gwpspider_ws/install/gwpspider_interfaces/include/gwpspider_interfaces/gwpspider_interfaces/msg/detail/bno_data__struct.h
[11.529s] -- Installing: /home/spider/gwpspider_ws/install/gwpspider_interfaces/include/gwpspider_interfaces/gwpspider_interfaces/msg/detail/gripper_command__type_support.h
[11.529s] -- Installing: /home/spider/gwpspider_ws/install/gwpspider_interfaces/include/gwpspider_interfaces/gwpspider_interfaces/msg/detail/bno_data__functions.h
[11.529s] -- Installing: /home/spider/gwpspider_ws/install/gwpspider_interfaces/include/gwpspider_interfaces/gwpspider_interfaces/msg/detail/dynamixel_motors_data__functions.c
[11.529s] -- Installing: /home/spider/gwpspider_ws/install/gwpspider_interfaces/include/gwpspider_interfaces/gwpspider_interfaces/msg/detail/dynamixel_motors_data__functions.h
[11.529s] -- Installing: /home/spider/gwpspider_ws/install/gwpspider_interfaces/include/gwpspider_interfaces/gwpspider_interfaces/msg/detail/dynamixel_motors_data__type_support.h
[11.529s] -- Installing: /home/spider/gwpspider_ws/install/gwpspider_interfaces/include/gwpspider_interfaces/gwpspider_interfaces/msg/detail/dynamixel_motors_data__struct.h
[11.529s] -- Installing: /home/spider/gwpspider_ws/install/gwpspider_interfaces/include/gwpspider_interfaces/gwpspider_interfaces/msg/detail/gripper_command__struct.h
[11.529s] -- Installing: /home/spider/gwpspider_ws/install/gwpspider_interfaces/include/gwpspider_interfaces/gwpspider_interfaces/msg/detail/water_pump_command__type_support.h
[11.530s] -- Installing: /home/spider/gwpspider_ws/install/gwpspider_interfaces/include/gwpspider_interfaces/gwpspider_interfaces/msg/bno_data.h
[11.530s] -- Installing: /home/spider/gwpspider_ws/install/gwpspider_interfaces/include/gwpspider_interfaces/gwpspider_interfaces/msg/dynamixel_motors_data.h
[11.530s] -- Up-to-date: /home/spider/gwpspider_ws/install/gwpspider_interfaces/include/gwpspider_interfaces/gwpspider_interfaces/msg/rosidl_generator_c__visibility_control.h
[11.530s] -- Installing: /home/spider/gwpspider_ws/install/gwpspider_interfaces/include/gwpspider_interfaces/gwpspider_interfaces/msg/gripper_command.h
[11.530s] -- Installing: /home/spider/gwpspider_ws/install/gwpspider_interfaces/include/gwpspider_interfaces/gwpspider_interfaces/msg/water_pump_command.h
[11.530s] -- Up-to-date: /home/spider/gwpspider_ws/install/gwpspider_interfaces/share/gwpspider_interfaces/environment/library_path.sh
[11.530s] -- Installing: /home/spider/gwpspider_ws/install/gwpspider_interfaces/share/gwpspider_interfaces/environment/library_path.dsv
[11.531s] -- Installing: /home/spider/gwpspider_ws/install/gwpspider_interfaces/lib/libgwpspider_interfaces__rosidl_generator_c.so
[11.531s] -- Set runtime path of "/home/spider/gwpspider_ws/install/gwpspider_interfaces/lib/libgwpspider_interfaces__rosidl_generator_c.so" to ""
[11.531s] -- Up-to-date: /home/spider/gwpspider_ws/install/gwpspider_interfaces/include/gwpspider_interfaces/gwpspider_interfaces
[11.531s] -- Up-to-date: /home/spider/gwpspider_ws/install/gwpspider_interfaces/include/gwpspider_interfaces/gwpspider_interfaces/srv
[11.531s] -- Up-to-date: /home/spider/gwpspider_ws/install/gwpspider_interfaces/include/gwpspider_interfaces/gwpspider_interfaces/srv/detail
[11.532s] -- Installing: /home/spider/gwpspider_ws/install/gwpspider_interfaces/include/gwpspider_interfaces/gwpspider_interfaces/srv/detail/toggle_motors_torque__rosidl_typesupport_fastrtps_c.h
[11.532s] -- Installing: /home/spider/gwpspider_ws/install/gwpspider_interfaces/include/gwpspider_interfaces/gwpspider_interfaces/srv/detail/control_water_pump__rosidl_typesupport_fastrtps_c.h
[11.532s] -- Installing: /home/spider/gwpspider_ws/install/gwpspider_interfaces/include/gwpspider_interfaces/gwpspider_interfaces/srv/detail/set_bus_watchdog__rosidl_typesupport_fastrtps_c.h
[11.532s] -- Installing: /home/spider/gwpspider_ws/install/gwpspider_interfaces/include/gwpspider_interfaces/gwpspider_interfaces/srv/detail/init_bno__rosidl_typesupport_fastrtps_c.h
[11.532s] -- Installing: /home/spider/gwpspider_ws/install/gwpspider_interfaces/include/gwpspider_interfaces/gwpspider_interfaces/srv/detail/move_gripper__rosidl_typesupport_fastrtps_c.h
[11.532s] -- Installing: /home/spider/gwpspider_ws/install/gwpspider_interfaces/include/gwpspider_interfaces/gwpspider_interfaces/srv/detail/get_walking_instructions__rosidl_typesupport_fastrtps_c.h
[11.532s] -- Up-to-date: /home/spider/gwpspider_ws/install/gwpspider_interfaces/include/gwpspider_interfaces/gwpspider_interfaces/msg
[11.532s] -- Up-to-date: /home/spider/gwpspider_ws/install/gwpspider_interfaces/include/gwpspider_interfaces/gwpspider_interfaces/msg/rosidl_typesupport_fastrtps_c__visibility_control.h
[11.533s] -- Up-to-date: /home/spider/gwpspider_ws/install/gwpspider_interfaces/include/gwpspider_interfaces/gwpspider_interfaces/msg/detail
[11.533s] -- Installing: /home/spider/gwpspider_ws/install/gwpspider_interfaces/include/gwpspider_interfaces/gwpspider_interfaces/msg/detail/gripper_command__rosidl_typesupport_fastrtps_c.h
[11.533s] -- Installing: /home/spider/gwpspider_ws/install/gwpspider_interfaces/include/gwpspider_interfaces/gwpspider_interfaces/msg/detail/bno_data__rosidl_typesupport_fastrtps_c.h
[11.533s] -- Installing: /home/spider/gwpspider_ws/install/gwpspider_interfaces/include/gwpspider_interfaces/gwpspider_interfaces/msg/detail/water_pump_command__rosidl_typesupport_fastrtps_c.h
[11.533s] -- Installing: /home/spider/gwpspider_ws/install/gwpspider_interfaces/include/gwpspider_interfaces/gwpspider_interfaces/msg/detail/dynamixel_motors_data__rosidl_typesupport_fastrtps_c.h
[11.533s] -- Installing: /home/spider/gwpspider_ws/install/gwpspider_interfaces/lib/libgwpspider_interfaces__rosidl_typesupport_fastrtps_c.so
[11.533s] -- Set runtime path of "/home/spider/gwpspider_ws/install/gwpspider_interfaces/lib/libgwpspider_interfaces__rosidl_typesupport_fastrtps_c.so" to ""
[11.534s] -- Up-to-date: /home/spider/gwpspider_ws/install/gwpspider_interfaces/include/gwpspider_interfaces/gwpspider_interfaces
[11.534s] -- Up-to-date: /home/spider/gwpspider_ws/install/gwpspider_interfaces/include/gwpspider_interfaces/gwpspider_interfaces/srv
[11.534s] -- Up-to-date: /home/spider/gwpspider_ws/install/gwpspider_interfaces/include/gwpspider_interfaces/gwpspider_interfaces/srv/detail
[11.534s] -- Installing: /home/spider/gwpspider_ws/install/gwpspider_interfaces/include/gwpspider_interfaces/gwpspider_interfaces/srv/detail/get_walking_instructions__rosidl_typesupport_introspection_c.h
[11.534s] -- Installing: /home/spider/gwpspider_ws/install/gwpspider_interfaces/include/gwpspider_interfaces/gwpspider_interfaces/srv/detail/toggle_motors_torque__type_support.c
[11.534s] -- Installing: /home/spider/gwpspider_ws/install/gwpspider_interfaces/include/gwpspider_interfaces/gwpspider_interfaces/srv/detail/toggle_motors_torque__rosidl_typesupport_introspection_c.h
[11.534s] -- Installing: /home/spider/gwpspider_ws/install/gwpspider_interfaces/include/gwpspider_interfaces/gwpspider_interfaces/srv/detail/control_water_pump__rosidl_typesupport_introspection_c.h
[11.534s] -- Installing: /home/spider/gwpspider_ws/install/gwpspider_interfaces/include/gwpspider_interfaces/gwpspider_interfaces/srv/detail/init_bno__rosidl_typesupport_introspection_c.h
[11.535s] -- Installing: /home/spider/gwpspider_ws/install/gwpspider_interfaces/include/gwpspider_interfaces/gwpspider_interfaces/srv/detail/move_gripper__type_support.c
[11.535s] -- Installing: /home/spider/gwpspider_ws/install/gwpspider_interfaces/include/gwpspider_interfaces/gwpspider_interfaces/srv/detail/init_bno__type_support.c
[11.535s] -- Installing: /home/spider/gwpspider_ws/install/gwpspider_interfaces/include/gwpspider_interfaces/gwpspider_interfaces/srv/detail/get_walking_instructions__type_support.c
[11.535s] -- Installing: /home/spider/gwpspider_ws/install/gwpspider_interfaces/include/gwpspider_interfaces/gwpspider_interfaces/srv/detail/move_gripper__rosidl_typesupport_introspection_c.h
[11.535s] -- Installing: /home/spider/gwpspider_ws/install/gwpspider_interfaces/include/gwpspider_interfaces/gwpspider_interfaces/srv/detail/set_bus_watchdog__type_support.c
[11.535s] -- Installing: /home/spider/gwpspider_ws/install/gwpspider_interfaces/include/gwpspider_interfaces/gwpspider_interfaces/srv/detail/control_water_pump__type_support.c
[11.535s] -- Installing: /home/spider/gwpspider_ws/install/gwpspider_interfaces/include/gwpspider_interfaces/gwpspider_interfaces/srv/detail/set_bus_watchdog__rosidl_typesupport_introspection_c.h
[11.535s] -- Up-to-date: /home/spider/gwpspider_ws/install/gwpspider_interfaces/include/gwpspider_interfaces/gwpspider_interfaces/msg
[11.536s] -- Up-to-date: /home/spider/gwpspider_ws/install/gwpspider_interfaces/include/gwpspider_interfaces/gwpspider_interfaces/msg/detail
[11.536s] -- Installing: /home/spider/gwpspider_ws/install/gwpspider_interfaces/include/gwpspider_interfaces/gwpspider_interfaces/msg/detail/bno_data__rosidl_typesupport_introspection_c.h
[11.536s] -- Installing: /home/spider/gwpspider_ws/install/gwpspider_interfaces/include/gwpspider_interfaces/gwpspider_interfaces/msg/detail/dynamixel_motors_data__rosidl_typesupport_introspection_c.h
[11.536s] -- Installing: /home/spider/gwpspider_ws/install/gwpspider_interfaces/include/gwpspider_interfaces/gwpspider_interfaces/msg/detail/gripper_command__type_support.c
[11.536s] -- Installing: /home/spider/gwpspider_ws/install/gwpspider_interfaces/include/gwpspider_interfaces/gwpspider_interfaces/msg/detail/gripper_command__rosidl_typesupport_introspection_c.h
[11.536s] -- Installing: /home/spider/gwpspider_ws/install/gwpspider_interfaces/include/gwpspider_interfaces/gwpspider_interfaces/msg/detail/bno_data__type_support.c
[11.536s] -- Installing: /home/spider/gwpspider_ws/install/gwpspider_interfaces/include/gwpspider_interfaces/gwpspider_interfaces/msg/detail/water_pump_command__type_support.c
[11.536s] -- Installing: /home/spider/gwpspider_ws/install/gwpspider_interfaces/include/gwpspider_interfaces/gwpspider_interfaces/msg/detail/dynamixel_motors_data__type_support.c
[11.537s] -- Installing: /home/spider/gwpspider_ws/install/gwpspider_interfaces/include/gwpspider_interfaces/gwpspider_interfaces/msg/detail/water_pump_command__rosidl_typesupport_introspection_c.h
[11.537s] -- Up-to-date: /home/spider/gwpspider_ws/install/gwpspider_interfaces/include/gwpspider_interfaces/gwpspider_interfaces/msg/rosidl_typesupport_introspection_c__visibility_control.h
[11.537s] -- Installing: /home/spider/gwpspider_ws/install/gwpspider_interfaces/lib/libgwpspider_interfaces__rosidl_typesupport_introspection_c.so
[11.537s] -- Set runtime path of "/home/spider/gwpspider_ws/install/gwpspider_interfaces/lib/libgwpspider_interfaces__rosidl_typesupport_introspection_c.so" to ""
[11.538s] -- Installing: /home/spider/gwpspider_ws/install/gwpspider_interfaces/lib/libgwpspider_interfaces__rosidl_typesupport_c.so
[11.538s] -- Set runtime path of "/home/spider/gwpspider_ws/install/gwpspider_interfaces/lib/libgwpspider_interfaces__rosidl_typesupport_c.so" to ""
[11.538s] -- Up-to-date: /home/spider/gwpspider_ws/install/gwpspider_interfaces/include/gwpspider_interfaces/gwpspider_interfaces
[11.538s] -- Up-to-date: /home/spider/gwpspider_ws/install/gwpspider_interfaces/include/gwpspider_interfaces/gwpspider_interfaces/srv
[11.538s] -- Installing: /home/spider/gwpspider_ws/install/gwpspider_interfaces/include/gwpspider_interfaces/gwpspider_interfaces/srv/set_bus_watchdog.hpp
[11.539s] -- Up-to-date: /home/spider/gwpspider_ws/install/gwpspider_interfaces/include/gwpspider_interfaces/gwpspider_interfaces/srv/detail
[11.539s] -- Installing: /home/spider/gwpspider_ws/install/gwpspider_interfaces/include/gwpspider_interfaces/gwpspider_interfaces/srv/detail/move_gripper__traits.hpp
[11.539s] -- Installing: /home/spider/gwpspider_ws/install/gwpspider_interfaces/include/gwpspider_interfaces/gwpspider_interfaces/srv/detail/control_water_pump__struct.hpp
[11.539s] -- Installing: /home/spider/gwpspider_ws/install/gwpspider_interfaces/include/gwpspider_interfaces/gwpspider_interfaces/srv/detail/init_bno__struct.hpp
[11.539s] -- Installing: /home/spider/gwpspider_ws/install/gwpspider_interfaces/include/gwpspider_interfaces/gwpspider_interfaces/srv/detail/toggle_motors_torque__builder.hpp
[11.539s] -- Installing: /home/spider/gwpspider_ws/install/gwpspider_interfaces/include/gwpspider_interfaces/gwpspider_interfaces/srv/detail/toggle_motors_torque__traits.hpp
[11.539s] -- Installing: /home/spider/gwpspider_ws/install/gwpspider_interfaces/include/gwpspider_interfaces/gwpspider_interfaces/srv/detail/move_gripper__struct.hpp
[11.539s] -- Installing: /home/spider/gwpspider_ws/install/gwpspider_interfaces/include/gwpspider_interfaces/gwpspider_interfaces/srv/detail/move_gripper__builder.hpp
[11.539s] -- Installing: /home/spider/gwpspider_ws/install/gwpspider_interfaces/include/gwpspider_interfaces/gwpspider_interfaces/srv/detail/set_bus_watchdog__builder.hpp
[11.540s] -- Installing: /home/spider/gwpspider_ws/install/gwpspider_interfaces/include/gwpspider_interfaces/gwpspider_interfaces/srv/detail/init_bno__builder.hpp
[11.540s] -- Installing: /home/spider/gwpspider_ws/install/gwpspider_interfaces/include/gwpspider_interfaces/gwpspider_interfaces/srv/detail/get_walking_instructions__builder.hpp
[11.540s] -- Installing: /home/spider/gwpspider_ws/install/gwpspider_interfaces/include/gwpspider_interfaces/gwpspider_interfaces/srv/detail/init_bno__traits.hpp
[11.540s] -- Installing: /home/spider/gwpspider_ws/install/gwpspider_interfaces/include/gwpspider_interfaces/gwpspider_interfaces/srv/detail/set_bus_watchdog__struct.hpp
[11.540s] -- Installing: /home/spider/gwpspider_ws/install/gwpspider_interfaces/include/gwpspider_interfaces/gwpspider_interfaces/srv/detail/get_walking_instructions__traits.hpp
[11.540s] -- Installing: /home/spider/gwpspider_ws/install/gwpspider_interfaces/include/gwpspider_interfaces/gwpspider_interfaces/srv/detail/toggle_motors_torque__struct.hpp
[11.540s] -- Installing: /home/spider/gwpspider_ws/install/gwpspider_interfaces/include/gwpspider_interfaces/gwpspider_interfaces/srv/detail/control_water_pump__traits.hpp
[11.540s] -- Installing: /home/spider/gwpspider_ws/install/gwpspider_interfaces/include/gwpspider_interfaces/gwpspider_interfaces/srv/detail/get_walking_instructions__struct.hpp
[11.541s] -- Installing: /home/spider/gwpspider_ws/install/gwpspider_interfaces/include/gwpspider_interfaces/gwpspider_interfaces/srv/detail/set_bus_watchdog__traits.hpp
[11.541s] -- Installing: /home/spider/gwpspider_ws/install/gwpspider_interfaces/include/gwpspider_interfaces/gwpspider_interfaces/srv/detail/control_water_pump__builder.hpp
[11.541s] -- Installing: /home/spider/gwpspider_ws/install/gwpspider_interfaces/include/gwpspider_interfaces/gwpspider_interfaces/srv/toggle_motors_torque.hpp
[11.541s] -- Installing: /home/spider/gwpspider_ws/install/gwpspider_interfaces/include/gwpspider_interfaces/gwpspider_interfaces/srv/move_gripper.hpp
[11.541s] -- Installing: /home/spider/gwpspider_ws/install/gwpspider_interfaces/include/gwpspider_interfaces/gwpspider_interfaces/srv/init_bno.hpp
[11.541s] -- Installing: /home/spider/gwpspider_ws/install/gwpspider_interfaces/include/gwpspider_interfaces/gwpspider_interfaces/srv/control_water_pump.hpp
[11.541s] -- Installing: /home/spider/gwpspider_ws/install/gwpspider_interfaces/include/gwpspider_interfaces/gwpspider_interfaces/srv/get_walking_instructions.hpp
[11.541s] -- Up-to-date: /home/spider/gwpspider_ws/install/gwpspider_interfaces/include/gwpspider_interfaces/gwpspider_interfaces/msg
[11.542s] -- Installing: /home/spider/gwpspider_ws/install/gwpspider_interfaces/include/gwpspider_interfaces/gwpspider_interfaces/msg/gripper_command.hpp
[11.542s] -- Up-to-date: /home/spider/gwpspider_ws/install/gwpspider_interfaces/include/gwpspider_interfaces/gwpspider_interfaces/msg/detail
[11.542s] -- Installing: /home/spider/gwpspider_ws/install/gwpspider_interfaces/include/gwpspider_interfaces/gwpspider_interfaces/msg/detail/bno_data__traits.hpp
[11.542s] -- Installing: /home/spider/gwpspider_ws/install/gwpspider_interfaces/include/gwpspider_interfaces/gwpspider_interfaces/msg/detail/water_pump_command__struct.hpp
[11.542s] -- Installing: /home/spider/gwpspider_ws/install/gwpspider_interfaces/include/gwpspider_interfaces/gwpspider_interfaces/msg/detail/dynamixel_motors_data__builder.hpp
[11.542s] -- Installing: /home/spider/gwpspider_ws/install/gwpspider_interfaces/include/gwpspider_interfaces/gwpspider_interfaces/msg/detail/dynamixel_motors_data__traits.hpp
[11.542s] -- Installing: /home/spider/gwpspider_ws/install/gwpspider_interfaces/include/gwpspider_interfaces/gwpspider_interfaces/msg/detail/dynamixel_motors_data__struct.hpp
[11.542s] -- Installing: /home/spider/gwpspider_ws/install/gwpspider_interfaces/include/gwpspider_interfaces/gwpspider_interfaces/msg/detail/gripper_command__traits.hpp
[11.542s] -- Installing: /home/spider/gwpspider_ws/install/gwpspider_interfaces/include/gwpspider_interfaces/gwpspider_interfaces/msg/detail/bno_data__struct.hpp
[11.543s] -- Installing: /home/spider/gwpspider_ws/install/gwpspider_interfaces/include/gwpspider_interfaces/gwpspider_interfaces/msg/detail/gripper_command__struct.hpp
[11.543s] -- Installing: /home/spider/gwpspider_ws/install/gwpspider_interfaces/include/gwpspider_interfaces/gwpspider_interfaces/msg/detail/bno_data__builder.hpp
[11.543s] -- Installing: /home/spider/gwpspider_ws/install/gwpspider_interfaces/include/gwpspider_interfaces/gwpspider_interfaces/msg/detail/gripper_command__builder.hpp
[11.543s] -- Installing: /home/spider/gwpspider_ws/install/gwpspider_interfaces/include/gwpspider_interfaces/gwpspider_interfaces/msg/detail/water_pump_command__traits.hpp
[11.543s] -- Installing: /home/spider/gwpspider_ws/install/gwpspider_interfaces/include/gwpspider_interfaces/gwpspider_interfaces/msg/detail/water_pump_command__builder.hpp
[11.543s] -- Installing: /home/spider/gwpspider_ws/install/gwpspider_interfaces/include/gwpspider_interfaces/gwpspider_interfaces/msg/dynamixel_motors_data.hpp
[11.543s] -- Installing: /home/spider/gwpspider_ws/install/gwpspider_interfaces/include/gwpspider_interfaces/gwpspider_interfaces/msg/bno_data.hpp
[11.543s] -- Installing: /home/spider/gwpspider_ws/install/gwpspider_interfaces/include/gwpspider_interfaces/gwpspider_interfaces/msg/water_pump_command.hpp
[11.543s] -- Up-to-date: /home/spider/gwpspider_ws/install/gwpspider_interfaces/include/gwpspider_interfaces/gwpspider_interfaces
[11.544s] -- Up-to-date: /home/spider/gwpspider_ws/install/gwpspider_interfaces/include/gwpspider_interfaces/gwpspider_interfaces/srv
[11.544s] -- Up-to-date: /home/spider/gwpspider_ws/install/gwpspider_interfaces/include/gwpspider_interfaces/gwpspider_interfaces/srv/detail
[11.544s] -- Installing: /home/spider/gwpspider_ws/install/gwpspider_interfaces/include/gwpspider_interfaces/gwpspider_interfaces/srv/detail/toggle_motors_torque__rosidl_typesupport_fastrtps_cpp.hpp
[11.544s] -- Installing: /home/spider/gwpspider_ws/install/gwpspider_interfaces/include/gwpspider_interfaces/gwpspider_interfaces/srv/detail/move_gripper__rosidl_typesupport_fastrtps_cpp.hpp
[11.544s] -- Installing: /home/spider/gwpspider_ws/install/gwpspider_interfaces/include/gwpspider_interfaces/gwpspider_interfaces/srv/detail/get_walking_instructions__rosidl_typesupport_fastrtps_cpp.hpp
[11.544s] -- Installing: /home/spider/gwpspider_ws/install/gwpspider_interfaces/include/gwpspider_interfaces/gwpspider_interfaces/srv/detail/init_bno__rosidl_typesupport_fastrtps_cpp.hpp
[11.544s] -- Installing: /home/spider/gwpspider_ws/install/gwpspider_interfaces/include/gwpspider_interfaces/gwpspider_interfaces/srv/detail/control_water_pump__rosidl_typesupport_fastrtps_cpp.hpp
[11.544s] -- Installing: /home/spider/gwpspider_ws/install/gwpspider_interfaces/include/gwpspider_interfaces/gwpspider_interfaces/srv/detail/set_bus_watchdog__rosidl_typesupport_fastrtps_cpp.hpp
[11.545s] -- Up-to-date: /home/spider/gwpspider_ws/install/gwpspider_interfaces/include/gwpspider_interfaces/gwpspider_interfaces/srv/detail/dds_fastrtps
[11.545s] -- Up-to-date: /home/spider/gwpspider_ws/install/gwpspider_interfaces/include/gwpspider_interfaces/gwpspider_interfaces/msg
[11.545s] -- Up-to-date: /home/spider/gwpspider_ws/install/gwpspider_interfaces/include/gwpspider_interfaces/gwpspider_interfaces/msg/rosidl_typesupport_fastrtps_cpp__visibility_control.h
[11.545s] -- Up-to-date: /home/spider/gwpspider_ws/install/gwpspider_interfaces/include/gwpspider_interfaces/gwpspider_interfaces/msg/detail
[11.545s] -- Installing: /home/spider/gwpspider_ws/install/gwpspider_interfaces/include/gwpspider_interfaces/gwpspider_interfaces/msg/detail/dynamixel_motors_data__rosidl_typesupport_fastrtps_cpp.hpp
[11.545s] -- Installing: /home/spider/gwpspider_ws/install/gwpspider_interfaces/include/gwpspider_interfaces/gwpspider_interfaces/msg/detail/bno_data__rosidl_typesupport_fastrtps_cpp.hpp
[11.545s] -- Installing: /home/spider/gwpspider_ws/install/gwpspider_interfaces/include/gwpspider_interfaces/gwpspider_interfaces/msg/detail/water_pump_command__rosidl_typesupport_fastrtps_cpp.hpp
[11.545s] -- Up-to-date: /home/spider/gwpspider_ws/install/gwpspider_interfaces/include/gwpspider_interfaces/gwpspider_interfaces/msg/detail/dds_fastrtps
[11.545s] -- Installing: /home/spider/gwpspider_ws/install/gwpspider_interfaces/include/gwpspider_interfaces/gwpspider_interfaces/msg/detail/gripper_command__rosidl_typesupport_fastrtps_cpp.hpp
[11.545s] -- Installing: /home/spider/gwpspider_ws/install/gwpspider_interfaces/lib/libgwpspider_interfaces__rosidl_typesupport_fastrtps_cpp.so
[11.546s] -- Set runtime path of "/home/spider/gwpspider_ws/install/gwpspider_interfaces/lib/libgwpspider_interfaces__rosidl_typesupport_fastrtps_cpp.so" to ""
[11.546s] -- Up-to-date: /home/spider/gwpspider_ws/install/gwpspider_interfaces/include/gwpspider_interfaces/gwpspider_interfaces
[11.546s] -- Up-to-date: /home/spider/gwpspider_ws/install/gwpspider_interfaces/include/gwpspider_interfaces/gwpspider_interfaces/srv
[11.546s] -- Up-to-date: /home/spider/gwpspider_ws/install/gwpspider_interfaces/include/gwpspider_interfaces/gwpspider_interfaces/srv/detail
[11.546s] -- Installing: /home/spider/gwpspider_ws/install/gwpspider_interfaces/include/gwpspider_interfaces/gwpspider_interfaces/srv/detail/init_bno__type_support.cpp
[11.546s] -- Installing: /home/spider/gwpspider_ws/install/gwpspider_interfaces/include/gwpspider_interfaces/gwpspider_interfaces/srv/detail/move_gripper__rosidl_typesupport_introspection_cpp.hpp
[11.547s] -- Installing: /home/spider/gwpspider_ws/install/gwpspider_interfaces/include/gwpspider_interfaces/gwpspider_interfaces/srv/detail/set_bus_watchdog__type_support.cpp
[11.547s] -- Installing: /home/spider/gwpspider_ws/install/gwpspider_interfaces/include/gwpspider_interfaces/gwpspider_interfaces/srv/detail/control_water_pump__rosidl_typesupport_introspection_cpp.hpp
[11.547s] -- Installing: /home/spider/gwpspider_ws/install/gwpspider_interfaces/include/gwpspider_interfaces/gwpspider_interfaces/srv/detail/init_bno__rosidl_typesupport_introspection_cpp.hpp
[11.547s] -- Installing: /home/spider/gwpspider_ws/install/gwpspider_interfaces/include/gwpspider_interfaces/gwpspider_interfaces/srv/detail/control_water_pump__type_support.cpp
[11.547s] -- Installing: /home/spider/gwpspider_ws/install/gwpspider_interfaces/include/gwpspider_interfaces/gwpspider_interfaces/srv/detail/toggle_motors_torque__type_support.cpp
[11.547s] -- Installing: /home/spider/gwpspider_ws/install/gwpspider_interfaces/include/gwpspider_interfaces/gwpspider_interfaces/srv/detail/set_bus_watchdog__rosidl_typesupport_introspection_cpp.hpp
[11.547s] -- Installing: /home/spider/gwpspider_ws/install/gwpspider_interfaces/include/gwpspider_interfaces/gwpspider_interfaces/srv/detail/move_gripper__type_support.cpp
[11.547s] -- Installing: /home/spider/gwpspider_ws/install/gwpspider_interfaces/include/gwpspider_interfaces/gwpspider_interfaces/srv/detail/toggle_motors_torque__rosidl_typesupport_introspection_cpp.hpp
[11.548s] -- Installing: /home/spider/gwpspider_ws/install/gwpspider_interfaces/include/gwpspider_interfaces/gwpspider_interfaces/srv/detail/get_walking_instructions__type_support.cpp
[11.548s] -- Installing: /home/spider/gwpspider_ws/install/gwpspider_interfaces/include/gwpspider_interfaces/gwpspider_interfaces/srv/detail/get_walking_instructions__rosidl_typesupport_introspection_cpp.hpp
[11.548s] -- Up-to-date: /home/spider/gwpspider_ws/install/gwpspider_interfaces/include/gwpspider_interfaces/gwpspider_interfaces/msg
[11.548s] -- Up-to-date: /home/spider/gwpspider_ws/install/gwpspider_interfaces/include/gwpspider_interfaces/gwpspider_interfaces/msg/detail
[11.548s] -- Installing: /home/spider/gwpspider_ws/install/gwpspider_interfaces/include/gwpspider_interfaces/gwpspider_interfaces/msg/detail/bno_data__type_support.cpp
[11.548s] -- Installing: /home/spider/gwpspider_ws/install/gwpspider_interfaces/include/gwpspider_interfaces/gwpspider_interfaces/msg/detail/gripper_command__type_support.cpp
[11.548s] -- Installing: /home/spider/gwpspider_ws/install/gwpspider_interfaces/include/gwpspider_interfaces/gwpspider_interfaces/msg/detail/dynamixel_motors_data__type_support.cpp
[11.548s] -- Installing: /home/spider/gwpspider_ws/install/gwpspider_interfaces/include/gwpspider_interfaces/gwpspider_interfaces/msg/detail/dynamixel_motors_data__rosidl_typesupport_introspection_cpp.hpp
[11.549s] -- Installing: /home/spider/gwpspider_ws/install/gwpspider_interfaces/include/gwpspider_interfaces/gwpspider_interfaces/msg/detail/gripper_command__rosidl_typesupport_introspection_cpp.hpp
[11.549s] -- Installing: /home/spider/gwpspider_ws/install/gwpspider_interfaces/include/gwpspider_interfaces/gwpspider_interfaces/msg/detail/water_pump_command__rosidl_typesupport_introspection_cpp.hpp
[11.549s] -- Installing: /home/spider/gwpspider_ws/install/gwpspider_interfaces/include/gwpspider_interfaces/gwpspider_interfaces/msg/detail/bno_data__rosidl_typesupport_introspection_cpp.hpp
[11.549s] -- Installing: /home/spider/gwpspider_ws/install/gwpspider_interfaces/include/gwpspider_interfaces/gwpspider_interfaces/msg/detail/water_pump_command__type_support.cpp
[11.549s] -- Installing: /home/spider/gwpspider_ws/install/gwpspider_interfaces/lib/libgwpspider_interfaces__rosidl_typesupport_introspection_cpp.so
[11.550s] -- Set runtime path of "/home/spider/gwpspider_ws/install/gwpspider_interfaces/lib/libgwpspider_interfaces__rosidl_typesupport_introspection_cpp.so" to ""
[11.550s] -- Installing: /home/spider/gwpspider_ws/install/gwpspider_interfaces/lib/libgwpspider_interfaces__rosidl_typesupport_cpp.so
[11.551s] -- Set runtime path of "/home/spider/gwpspider_ws/install/gwpspider_interfaces/lib/libgwpspider_interfaces__rosidl_typesupport_cpp.so" to ""
[11.551s] -- Up-to-date: /home/spider/gwpspider_ws/install/gwpspider_interfaces/share/gwpspider_interfaces/environment/pythonpath.sh
[11.551s] -- Installing: /home/spider/gwpspider_ws/install/gwpspider_interfaces/share/gwpspider_interfaces/environment/pythonpath.dsv
[11.551s] -- Up-to-date: /home/spider/gwpspider_ws/install/gwpspider_interfaces/local/lib/python3.10/dist-packages/gwpspider_interfaces-0.0.0-py3.10.egg-info
[11.551s] -- Installing: /home/spider/gwpspider_ws/install/gwpspider_interfaces/local/lib/python3.10/dist-packages/gwpspider_interfaces-0.0.0-py3.10.egg-info/dependency_links.txt
[11.551s] -- Installing: /home/spider/gwpspider_ws/install/gwpspider_interfaces/local/lib/python3.10/dist-packages/gwpspider_interfaces-0.0.0-py3.10.egg-info/top_level.txt
[11.551s] -- Installing: /home/spider/gwpspider_ws/install/gwpspider_interfaces/local/lib/python3.10/dist-packages/gwpspider_interfaces-0.0.0-py3.10.egg-info/SOURCES.txt
[11.551s] -- Installing: /home/spider/gwpspider_ws/install/gwpspider_interfaces/local/lib/python3.10/dist-packages/gwpspider_interfaces-0.0.0-py3.10.egg-info/PKG-INFO
[11.552s] -- Up-to-date: /home/spider/gwpspider_ws/install/gwpspider_interfaces/local/lib/python3.10/dist-packages/gwpspider_interfaces
[11.552s] -- Installing: /home/spider/gwpspider_ws/install/gwpspider_interfaces/local/lib/python3.10/dist-packages/gwpspider_interfaces/_gwpspider_interfaces_s.ep.rosidl_typesupport_c.c
[11.552s] -- Installing: /home/spider/gwpspider_ws/install/gwpspider_interfaces/local/lib/python3.10/dist-packages/gwpspider_interfaces/_gwpspider_interfaces_s.ep.rosidl_typesupport_fastrtps_c.c
[11.552s] -- Installing: /home/spider/gwpspider_ws/install/gwpspider_interfaces/local/lib/python3.10/dist-packages/gwpspider_interfaces/libgwpspider_interfaces__rosidl_generator_py.so
[11.552s] -- Installing: /home/spider/gwpspider_ws/install/gwpspider_interfaces/local/lib/python3.10/dist-packages/gwpspider_interfaces/gwpspider_interfaces_s__rosidl_typesupport_fastrtps_c.cpython-310-x86_64-linux-gnu.so
[11.552s] -- Installing: /home/spider/gwpspider_ws/install/gwpspider_interfaces/local/lib/python3.10/dist-packages/gwpspider_interfaces/_gwpspider_interfaces_s.ep.rosidl_typesupport_introspection_c.c
[11.553s] -- Installing: /home/spider/gwpspider_ws/install/gwpspider_interfaces/local/lib/python3.10/dist-packages/gwpspider_interfaces/__init__.py
[11.553s] -- Up-to-date: /home/spider/gwpspider_ws/install/gwpspider_interfaces/local/lib/python3.10/dist-packages/gwpspider_interfaces/srv
[11.553s] -- Installing: /home/spider/gwpspider_ws/install/gwpspider_interfaces/local/lib/python3.10/dist-packages/gwpspider_interfaces/srv/_toggle_motors_torque.py
[11.553s] -- Installing: /home/spider/gwpspider_ws/install/gwpspider_interfaces/local/lib/python3.10/dist-packages/gwpspider_interfaces/srv/_set_bus_watchdog.py
[11.553s] -- Installing: /home/spider/gwpspider_ws/install/gwpspider_interfaces/local/lib/python3.10/dist-packages/gwpspider_interfaces/srv/_init_bno.py
[11.553s] -- Installing: /home/spider/gwpspider_ws/install/gwpspider_interfaces/local/lib/python3.10/dist-packages/gwpspider_interfaces/srv/_control_water_pump.py
[11.553s] -- Installing: /home/spider/gwpspider_ws/install/gwpspider_interfaces/local/lib/python3.10/dist-packages/gwpspider_interfaces/srv/_move_gripper_s.c
[11.553s] -- Installing: /home/spider/gwpspider_ws/install/gwpspider_interfaces/local/lib/python3.10/dist-packages/gwpspider_interfaces/srv/__init__.py
[11.554s] -- Installing: /home/spider/gwpspider_ws/install/gwpspider_interfaces/local/lib/python3.10/dist-packages/gwpspider_interfaces/srv/_set_bus_watchdog_s.c
[11.554s] -- Installing: /home/spider/gwpspider_ws/install/gwpspider_interfaces/local/lib/python3.10/dist-packages/gwpspider_interfaces/srv/_get_walking_instructions.py
[11.554s] -- Installing: /home/spider/gwpspider_ws/install/gwpspider_interfaces/local/lib/python3.10/dist-packages/gwpspider_interfaces/srv/_init_bno_s.c
[11.554s] -- Installing: /home/spider/gwpspider_ws/install/gwpspider_interfaces/local/lib/python3.10/dist-packages/gwpspider_interfaces/srv/_move_gripper.py
[11.554s] -- Installing: /home/spider/gwpspider_ws/install/gwpspider_interfaces/local/lib/python3.10/dist-packages/gwpspider_interfaces/srv/_toggle_motors_torque_s.c
[11.554s] -- Installing: /home/spider/gwpspider_ws/install/gwpspider_interfaces/local/lib/python3.10/dist-packages/gwpspider_interfaces/srv/_control_water_pump_s.c
[11.554s] -- Installing: /home/spider/gwpspider_ws/install/gwpspider_interfaces/local/lib/python3.10/dist-packages/gwpspider_interfaces/srv/_get_walking_instructions_s.c
[11.554s] -- Installing: /home/spider/gwpspider_ws/install/gwpspider_interfaces/local/lib/python3.10/dist-packages/gwpspider_interfaces/gwpspider_interfaces_s__rosidl_typesupport_introspection_c.cpython-310-x86_64-linux-gnu.so
[11.555s] -- Installing: /home/spider/gwpspider_ws/install/gwpspider_interfaces/local/lib/python3.10/dist-packages/gwpspider_interfaces/gwpspider_interfaces_s__rosidl_typesupport_c.cpython-310-x86_64-linux-gnu.so
[11.555s] -- Up-to-date: /home/spider/gwpspider_ws/install/gwpspider_interfaces/local/lib/python3.10/dist-packages/gwpspider_interfaces/msg
[11.555s] -- Installing: /home/spider/gwpspider_ws/install/gwpspider_interfaces/local/lib/python3.10/dist-packages/gwpspider_interfaces/msg/_bno_data.py
[11.555s] -- Installing: /home/spider/gwpspider_ws/install/gwpspider_interfaces/local/lib/python3.10/dist-packages/gwpspider_interfaces/msg/_bno_data_s.c
[11.555s] -- Installing: /home/spider/gwpspider_ws/install/gwpspider_interfaces/local/lib/python3.10/dist-packages/gwpspider_interfaces/msg/_gripper_command.py
[11.555s] -- Installing: /home/spider/gwpspider_ws/install/gwpspider_interfaces/local/lib/python3.10/dist-packages/gwpspider_interfaces/msg/_dynamixel_motors_data_s.c
[11.555s] -- Installing: /home/spider/gwpspider_ws/install/gwpspider_interfaces/local/lib/python3.10/dist-packages/gwpspider_interfaces/msg/_water_pump_command_s.c
[11.555s] -- Installing: /home/spider/gwpspider_ws/install/gwpspider_interfaces/local/lib/python3.10/dist-packages/gwpspider_interfaces/msg/_water_pump_command.py
[11.556s] -- Installing: /home/spider/gwpspider_ws/install/gwpspider_interfaces/local/lib/python3.10/dist-packages/gwpspider_interfaces/msg/_dynamixel_motors_data.py
[11.556s] -- Installing: /home/spider/gwpspider_ws/install/gwpspider_interfaces/local/lib/python3.10/dist-packages/gwpspider_interfaces/msg/__init__.py
[11.556s] -- Installing: /home/spider/gwpspider_ws/install/gwpspider_interfaces/local/lib/python3.10/dist-packages/gwpspider_interfaces/msg/_gripper_command_s.c
[11.602s] Listing '/home/spider/gwpspider_ws/install/gwpspider_interfaces/local/lib/python3.10/dist-packages/gwpspider_interfaces'...
[11.602s] Compiling '/home/spider/gwpspider_ws/install/gwpspider_interfaces/local/lib/python3.10/dist-packages/gwpspider_interfaces/__init__.py'...
[11.602s] Listing '/home/spider/gwpspider_ws/install/gwpspider_interfaces/local/lib/python3.10/dist-packages/gwpspider_interfaces/msg'...
[11.602s] Compiling '/home/spider/gwpspider_ws/install/gwpspider_interfaces/local/lib/python3.10/dist-packages/gwpspider_interfaces/msg/__init__.py'...
[11.602s] Compiling '/home/spider/gwpspider_ws/install/gwpspider_interfaces/local/lib/python3.10/dist-packages/gwpspider_interfaces/msg/_bno_data.py'...
[11.602s] Compiling '/home/spider/gwpspider_ws/install/gwpspider_interfaces/local/lib/python3.10/dist-packages/gwpspider_interfaces/msg/_dynamixel_motors_data.py'...
[11.602s] Compiling '/home/spider/gwpspider_ws/install/gwpspider_interfaces/local/lib/python3.10/dist-packages/gwpspider_interfaces/msg/_gripper_command.py'...
[11.602s] Compiling '/home/spider/gwpspider_ws/install/gwpspider_interfaces/local/lib/python3.10/dist-packages/gwpspider_interfaces/msg/_water_pump_command.py'...
[11.602s] Listing '/home/spider/gwpspider_ws/install/gwpspider_interfaces/local/lib/python3.10/dist-packages/gwpspider_interfaces/srv'...
[11.603s] Compiling '/home/spider/gwpspider_ws/install/gwpspider_interfaces/local/lib/python3.10/dist-packages/gwpspider_interfaces/srv/__init__.py'...
[11.603s] Compiling '/home/spider/gwpspider_ws/install/gwpspider_interfaces/local/lib/python3.10/dist-packages/gwpspider_interfaces/srv/_control_water_pump.py'...
[11.603s] Compiling '/home/spider/gwpspider_ws/install/gwpspider_interfaces/local/lib/python3.10/dist-packages/gwpspider_interfaces/srv/_get_walking_instructions.py'...
[11.603s] Compiling '/home/spider/gwpspider_ws/install/gwpspider_interfaces/local/lib/python3.10/dist-packages/gwpspider_interfaces/srv/_init_bno.py'...
[11.603s] Compiling '/home/spider/gwpspider_ws/install/gwpspider_interfaces/local/lib/python3.10/dist-packages/gwpspider_interfaces/srv/_move_gripper.py'...
[11.603s] Compiling '/home/spider/gwpspider_ws/install/gwpspider_interfaces/local/lib/python3.10/dist-packages/gwpspider_interfaces/srv/_set_bus_watchdog.py'...
[11.603s] Compiling '/home/spider/gwpspider_ws/install/gwpspider_interfaces/local/lib/python3.10/dist-packages/gwpspider_interfaces/srv/_toggle_motors_torque.py'...
[11.606s] -- Installing: /home/spider/gwpspider_ws/install/gwpspider_interfaces/local/lib/python3.10/dist-packages/gwpspider_interfaces/gwpspider_interfaces_s__rosidl_typesupport_fastrtps_c.cpython-310-x86_64-linux-gnu.so
[11.606s] -- Set runtime path of "/home/spider/gwpspider_ws/install/gwpspider_interfaces/local/lib/python3.10/dist-packages/gwpspider_interfaces/gwpspider_interfaces_s__rosidl_typesupport_fastrtps_c.cpython-310-x86_64-linux-gnu.so" to ""
[11.607s] -- Installing: /home/spider/gwpspider_ws/install/gwpspider_interfaces/local/lib/python3.10/dist-packages/gwpspider_interfaces/gwpspider_interfaces_s__rosidl_typesupport_introspection_c.cpython-310-x86_64-linux-gnu.so
[11.607s] -- Set runtime path of "/home/spider/gwpspider_ws/install/gwpspider_interfaces/local/lib/python3.10/dist-packages/gwpspider_interfaces/gwpspider_interfaces_s__rosidl_typesupport_introspection_c.cpython-310-x86_64-linux-gnu.so" to ""
[11.607s] -- Installing: /home/spider/gwpspider_ws/install/gwpspider_interfaces/local/lib/python3.10/dist-packages/gwpspider_interfaces/gwpspider_interfaces_s__rosidl_typesupport_c.cpython-310-x86_64-linux-gnu.so
[11.608s] -- Set runtime path of "/home/spider/gwpspider_ws/install/gwpspider_interfaces/local/lib/python3.10/dist-packages/gwpspider_interfaces/gwpspider_interfaces_s__rosidl_typesupport_c.cpython-310-x86_64-linux-gnu.so" to ""
[11.608s] -- Installing: /home/spider/gwpspider_ws/install/gwpspider_interfaces/lib/libgwpspider_interfaces__rosidl_generator_py.so
[11.609s] -- Set runtime path of "/home/spider/gwpspider_ws/install/gwpspider_interfaces/lib/libgwpspider_interfaces__rosidl_generator_py.so" to ""
[11.609s] -- Up-to-date: /home/spider/gwpspider_ws/install/gwpspider_interfaces/share/gwpspider_interfaces/msg/GripperCommand.idl
[11.609s] -- Up-to-date: /home/spider/gwpspider_ws/install/gwpspider_interfaces/share/gwpspider_interfaces/msg/WaterPumpCommand.idl
[11.609s] -- Up-to-date: /home/spider/gwpspider_ws/install/gwpspider_interfaces/share/gwpspider_interfaces/msg/BnoData.idl
[11.609s] -- Up-to-date: /home/spider/gwpspider_ws/install/gwpspider_interfaces/share/gwpspider_interfaces/msg/DynamixelMotorsData.idl
[11.609s] -- Up-to-date: /home/spider/gwpspider_ws/install/gwpspider_interfaces/share/gwpspider_interfaces/srv/MoveGripper.idl
[11.609s] -- Up-to-date: /home/spider/gwpspider_ws/install/gwpspider_interfaces/share/gwpspider_interfaces/srv/ControlWaterPump.idl
[11.610s] -- Up-to-date: /home/spider/gwpspider_ws/install/gwpspider_interfaces/share/gwpspider_interfaces/srv/InitBno.idl
[11.610s] -- Up-to-date: /home/spider/gwpspider_ws/install/gwpspider_interfaces/share/gwpspider_interfaces/srv/ToggleMotorsTorque.idl
[11.610s] -- Up-to-date: /home/spider/gwpspider_ws/install/gwpspider_interfaces/share/gwpspider_interfaces/srv/SetBusWatchdog.idl
[11.610s] -- Installing: /home/spider/gwpspider_ws/install/gwpspider_interfaces/share/gwpspider_interfaces/srv/GetWalkingInstructions.idl
[11.610s] -- Up-to-date: /home/spider/gwpspider_ws/install/gwpspider_interfaces/share/gwpspider_interfaces/msg/GripperCommand.msg
[11.610s] -- Up-to-date: /home/spider/gwpspider_ws/install/gwpspider_interfaces/share/gwpspider_interfaces/msg/WaterPumpCommand.msg
[11.610s] -- Up-to-date: /home/spider/gwpspider_ws/install/gwpspider_interfaces/share/gwpspider_interfaces/msg/BnoData.msg
[11.610s] -- Up-to-date: /home/spider/gwpspider_ws/install/gwpspider_interfaces/share/gwpspider_interfaces/msg/DynamixelMotorsData.msg
[11.611s] -- Up-to-date: /home/spider/gwpspider_ws/install/gwpspider_interfaces/share/gwpspider_interfaces/srv/MoveGripper.srv
[11.611s] -- Up-to-date: /home/spider/gwpspider_ws/install/gwpspider_interfaces/share/gwpspider_interfaces/srv/MoveGripper_Request.msg
[11.611s] -- Up-to-date: /home/spider/gwpspider_ws/install/gwpspider_interfaces/share/gwpspider_interfaces/srv/MoveGripper_Response.msg
[11.611s] -- Up-to-date: /home/spider/gwpspider_ws/install/gwpspider_interfaces/share/gwpspider_interfaces/srv/ControlWaterPump.srv
[11.611s] -- Up-to-date: /home/spider/gwpspider_ws/install/gwpspider_interfaces/share/gwpspider_interfaces/srv/ControlWaterPump_Request.msg
[11.611s] -- Up-to-date: /home/spider/gwpspider_ws/install/gwpspider_interfaces/share/gwpspider_interfaces/srv/ControlWaterPump_Response.msg
[11.611s] -- Up-to-date: /home/spider/gwpspider_ws/install/gwpspider_interfaces/share/gwpspider_interfaces/srv/InitBno.srv
[11.611s] -- Up-to-date: /home/spider/gwpspider_ws/install/gwpspider_interfaces/share/gwpspider_interfaces/srv/InitBno_Request.msg
[11.612s] -- Up-to-date: /home/spider/gwpspider_ws/install/gwpspider_interfaces/share/gwpspider_interfaces/srv/InitBno_Response.msg
[11.612s] -- Up-to-date: /home/spider/gwpspider_ws/install/gwpspider_interfaces/share/gwpspider_interfaces/srv/ToggleMotorsTorque.srv
[11.612s] -- Up-to-date: /home/spider/gwpspider_ws/install/gwpspider_interfaces/share/gwpspider_interfaces/srv/ToggleMotorsTorque_Request.msg
[11.612s] -- Up-to-date: /home/spider/gwpspider_ws/install/gwpspider_interfaces/share/gwpspider_interfaces/srv/ToggleMotorsTorque_Response.msg
[11.612s] -- Up-to-date: /home/spider/gwpspider_ws/install/gwpspider_interfaces/share/gwpspider_interfaces/srv/SetBusWatchdog.srv
[11.612s] -- Up-to-date: /home/spider/gwpspider_ws/install/gwpspider_interfaces/share/gwpspider_interfaces/srv/SetBusWatchdog_Request.msg
[11.612s] -- Up-to-date: /home/spider/gwpspider_ws/install/gwpspider_interfaces/share/gwpspider_interfaces/srv/SetBusWatchdog_Response.msg
[11.612s] -- Installing: /home/spider/gwpspider_ws/install/gwpspider_interfaces/share/gwpspider_interfaces/srv/GetWalkingInstructions.srv
[11.612s] -- Installing: /home/spider/gwpspider_ws/install/gwpspider_interfaces/share/gwpspider_interfaces/srv/GetWalkingInstructions_Request.msg
[11.612s] -- Installing: /home/spider/gwpspider_ws/install/gwpspider_interfaces/share/gwpspider_interfaces/srv/GetWalkingInstructions_Response.msg
[11.613s] -- Up-to-date: /home/spider/gwpspider_ws/install/gwpspider_interfaces/share/ament_index/resource_index/package_run_dependencies/gwpspider_interfaces
[11.613s] -- Installing: /home/spider/gwpspider_ws/install/gwpspider_interfaces/share/ament_index/resource_index/parent_prefix_path/gwpspider_interfaces
[11.613s] -- Up-to-date: /home/spider/gwpspider_ws/install/gwpspider_interfaces/share/gwpspider_interfaces/environment/ament_prefix_path.sh
[11.613s] -- Installing: /home/spider/gwpspider_ws/install/gwpspider_interfaces/share/gwpspider_interfaces/environment/ament_prefix_path.dsv
[11.613s] -- Up-to-date: /home/spider/gwpspider_ws/install/gwpspider_interfaces/share/gwpspider_interfaces/environment/path.sh
[11.613s] -- Installing: /home/spider/gwpspider_ws/install/gwpspider_interfaces/share/gwpspider_interfaces/environment/path.dsv
[11.613s] -- Up-to-date: /home/spider/gwpspider_ws/install/gwpspider_interfaces/share/gwpspider_interfaces/local_setup.bash
[11.613s] -- Up-to-date: /home/spider/gwpspider_ws/install/gwpspider_interfaces/share/gwpspider_interfaces/local_setup.sh
[11.614s] -- Up-to-date: /home/spider/gwpspider_ws/install/gwpspider_interfaces/share/gwpspider_interfaces/local_setup.zsh
[11.614s] -- Installing: /home/spider/gwpspider_ws/install/gwpspider_interfaces/share/gwpspider_interfaces/local_setup.dsv
[11.614s] -- Installing: /home/spider/gwpspider_ws/install/gwpspider_interfaces/share/gwpspider_interfaces/package.dsv
[11.614s] -- Up-to-date: /home/spider/gwpspider_ws/install/gwpspider_interfaces/share/ament_index/resource_index/packages/gwpspider_interfaces
[11.614s] -- Up-to-date: /home/spider/gwpspider_ws/install/gwpspider_interfaces/share/gwpspider_interfaces/cmake/export_gwpspider_interfaces__rosidl_generator_cExport.cmake
[11.614s] -- Up-to-date: /home/spider/gwpspider_ws/install/gwpspider_interfaces/share/gwpspider_interfaces/cmake/export_gwpspider_interfaces__rosidl_generator_cExport-noconfig.cmake
[11.614s] -- Up-to-date: /home/spider/gwpspider_ws/install/gwpspider_interfaces/share/gwpspider_interfaces/cmake/export_gwpspider_interfaces__rosidl_typesupport_fastrtps_cExport.cmake
[11.614s] -- Up-to-date: /home/spider/gwpspider_ws/install/gwpspider_interfaces/share/gwpspider_interfaces/cmake/export_gwpspider_interfaces__rosidl_typesupport_fastrtps_cExport-noconfig.cmake
[11.614s] -- Up-to-date: /home/spider/gwpspider_ws/install/gwpspider_interfaces/share/gwpspider_interfaces/cmake/gwpspider_interfaces__rosidl_typesupport_introspection_cExport.cmake
[11.615s] -- Up-to-date: /home/spider/gwpspider_ws/install/gwpspider_interfaces/share/gwpspider_interfaces/cmake/gwpspider_interfaces__rosidl_typesupport_introspection_cExport-noconfig.cmake
[11.615s] -- Up-to-date: /home/spider/gwpspider_ws/install/gwpspider_interfaces/share/gwpspider_interfaces/cmake/gwpspider_interfaces__rosidl_typesupport_cExport.cmake
[11.615s] -- Up-to-date: /home/spider/gwpspider_ws/install/gwpspider_interfaces/share/gwpspider_interfaces/cmake/gwpspider_interfaces__rosidl_typesupport_cExport-noconfig.cmake
[11.615s] -- Up-to-date: /home/spider/gwpspider_ws/install/gwpspider_interfaces/share/gwpspider_interfaces/cmake/export_gwpspider_interfaces__rosidl_generator_cppExport.cmake
[11.615s] -- Up-to-date: /home/spider/gwpspider_ws/install/gwpspider_interfaces/share/gwpspider_interfaces/cmake/export_gwpspider_interfaces__rosidl_typesupport_fastrtps_cppExport.cmake
[11.615s] -- Up-to-date: /home/spider/gwpspider_ws/install/gwpspider_interfaces/share/gwpspider_interfaces/cmake/export_gwpspider_interfaces__rosidl_typesupport_fastrtps_cppExport-noconfig.cmake
[11.615s] -- Up-to-date: /home/spider/gwpspider_ws/install/gwpspider_interfaces/share/gwpspider_interfaces/cmake/gwpspider_interfaces__rosidl_typesupport_introspection_cppExport.cmake
[11.615s] -- Up-to-date: /home/spider/gwpspider_ws/install/gwpspider_interfaces/share/gwpspider_interfaces/cmake/gwpspider_interfaces__rosidl_typesupport_introspection_cppExport-noconfig.cmake
[11.615s] -- Up-to-date: /home/spider/gwpspider_ws/install/gwpspider_interfaces/share/gwpspider_interfaces/cmake/gwpspider_interfaces__rosidl_typesupport_cppExport.cmake
[11.616s] -- Up-to-date: /home/spider/gwpspider_ws/install/gwpspider_interfaces/share/gwpspider_interfaces/cmake/gwpspider_interfaces__rosidl_typesupport_cppExport-noconfig.cmake
[11.616s] -- Up-to-date: /home/spider/gwpspider_ws/install/gwpspider_interfaces/share/gwpspider_interfaces/cmake/export_gwpspider_interfaces__rosidl_generator_pyExport.cmake
[11.616s] -- Up-to-date: /home/spider/gwpspider_ws/install/gwpspider_interfaces/share/gwpspider_interfaces/cmake/export_gwpspider_interfaces__rosidl_generator_pyExport-noconfig.cmake
[11.616s] -- Installing: /home/spider/gwpspider_ws/install/gwpspider_interfaces/share/gwpspider_interfaces/cmake/rosidl_cmake-extras.cmake
[11.616s] -- Up-to-date: /home/spider/gwpspider_ws/install/gwpspider_interfaces/share/gwpspider_interfaces/cmake/ament_cmake_export_dependencies-extras.cmake
[11.616s] -- Up-to-date: /home/spider/gwpspider_ws/install/gwpspider_interfaces/share/gwpspider_interfaces/cmake/ament_cmake_export_include_directories-extras.cmake
[11.616s] -- Up-to-date: /home/spider/gwpspider_ws/install/gwpspider_interfaces/share/gwpspider_interfaces/cmake/ament_cmake_export_libraries-extras.cmake
[11.616s] -- Up-to-date: /home/spider/gwpspider_ws/install/gwpspider_interfaces/share/gwpspider_interfaces/cmake/ament_cmake_export_targets-extras.cmake
[11.616s] -- Up-to-date: /home/spider/gwpspider_ws/install/gwpspider_interfaces/share/gwpspider_interfaces/cmake/rosidl_cmake_export_typesupport_targets-extras.cmake
[11.616s] -- Up-to-date: /home/spider/gwpspider_ws/install/gwpspider_interfaces/share/gwpspider_interfaces/cmake/rosidl_cmake_export_typesupport_libraries-extras.cmake
[11.616s] -- Up-to-date: /home/spider/gwpspider_ws/install/gwpspider_interfaces/share/gwpspider_interfaces/cmake/gwpspider_interfacesConfig.cmake
[11.617s] -- Up-to-date: /home/spider/gwpspider_ws/install/gwpspider_interfaces/share/gwpspider_interfaces/cmake/gwpspider_interfacesConfig-version.cmake
[11.617s] -- Up-to-date: /home/spider/gwpspider_ws/install/gwpspider_interfaces/share/gwpspider_interfaces/package.xml
[11.622s] Invoked command in '/home/spider/gwpspider_ws/build/gwpspider_interfaces' returned '0': CMAKE_PREFIX_PATH=/opt/ros/humble /home/spider/.local/bin/cmake --install /home/spider/gwpspider_ws/build/gwpspider_interfaces
