[2.043s] Invoking command in '/home/spider/gwpspider_ws/src/gwpspider/controller': PYTHONPATH=/home/spider/gwpspider_ws/build/controller/prefix_override:/home/spider/gwpspider_ws/install/controller/lib/python3.10/site-packages:${PYTHONPATH} /usr/bin/python3 setup.py egg_info --egg-base ../../../build/controller build --build-base /home/spider/gwpspider_ws/build/controller/build install --record /home/spider/gwpspider_ws/build/controller/install.log --single-version-externally-managed
[2.462s] running egg_info
[2.462s] writing ../../../build/controller/controller.egg-info/PKG-INFO
[2.463s] writing dependency_links to ../../../build/controller/controller.egg-info/dependency_links.txt
[2.464s] writing entry points to ../../../build/controller/controller.egg-info/entry_points.txt
[2.465s] writing requirements to ../../../build/controller/controller.egg-info/requires.txt
[2.465s] writing top-level names to ../../../build/controller/controller.egg-info/top_level.txt
[2.469s] reading manifest file '../../../build/controller/controller.egg-info/SOURCES.txt'
[2.471s] writing manifest file '../../../build/controller/controller.egg-info/SOURCES.txt'
[2.472s] running build
[2.472s] running build_py
[2.473s] running install
[2.473s] /usr/lib/python3/dist-packages/setuptools/command/install.py:34: SetuptoolsDeprecationWarning: setup.py install is deprecated. Use build and pip and other standards-based tools.
[2.473s]   warnings.warn(
[2.473s] running install_lib
[2.483s] running install_data
[2.484s] running install_egg_info
[2.486s] removing '/home/spider/gwpspider_ws/install/controller/lib/python3.10/site-packages/controller-0.0.0-py3.10.egg-info' (and everything under it)
[2.487s] Copying ../../../build/controller/controller.egg-info to /home/spider/gwpspider_ws/install/controller/lib/python3.10/site-packages/controller-0.0.0-py3.10.egg-info
[2.488s] running install_scripts
[2.524s] Installing joint_velocity_controller script to /home/spider/gwpspider_ws/install/controller/lib/controller
[2.525s] Installing legs_states_publisher script to /home/spider/gwpspider_ws/install/controller/lib/controller
[2.525s] writing list of installed files to '/home/spider/gwpspider_ws/build/controller/install.log'
[2.707s] Invoked command in '/home/spider/gwpspider_ws/src/gwpspider/controller' returned '0': PYTHONPATH=/home/spider/gwpspider_ws/build/controller/prefix_override:/home/spider/gwpspider_ws/install/controller/lib/python3.10/site-packages:${PYTHONPATH} /usr/bin/python3 setup.py egg_info --egg-base ../../../build/controller build --build-base /home/spider/gwpspider_ws/build/controller/build install --record /home/spider/gwpspider_ws/build/controller/install.log --single-version-externally-managed
