[1.527s] Invoking command in '/home/spider/gwpspider_ws/src/gwpspider/safety_layer': PYTHONPATH=/home/spider/gwpspider_ws/build/safety_layer/prefix_override:/home/spider/gwpspider_ws/install/safety_layer/lib/python3.10/site-packages:${PYTHONPATH} /usr/bin/python3 setup.py egg_info --egg-base ../../../build/safety_layer build --build-base /home/spider/gwpspider_ws/build/safety_layer/build install --record /home/spider/gwpspider_ws/build/safety_layer/install.log --single-version-externally-managed
[2.019s] running egg_info
[2.019s] writing ../../../build/safety_layer/safety_layer.egg-info/PKG-INFO
[2.019s] writing dependency_links to ../../../build/safety_layer/safety_layer.egg-info/dependency_links.txt
[2.020s] writing entry points to ../../../build/safety_layer/safety_layer.egg-info/entry_points.txt
[2.020s] writing requirements to ../../../build/safety_layer/safety_layer.egg-info/requires.txt
[2.020s] writing top-level names to ../../../build/safety_layer/safety_layer.egg-info/top_level.txt
[2.024s] reading manifest file '../../../build/safety_layer/safety_layer.egg-info/SOURCES.txt'
[2.025s] writing manifest file '../../../build/safety_layer/safety_layer.egg-info/SOURCES.txt'
[2.025s] running build
[2.025s] running build_py
[2.027s] running install
[2.027s] /usr/lib/python3/dist-packages/setuptools/command/install.py:34: SetuptoolsDeprecationWarning: setup.py install is deprecated. Use build and pip and other standards-based tools.
[2.027s]   warnings.warn(
[2.028s] running install_lib
[2.030s] running install_data
[2.034s] running install_egg_info
[2.039s] removing '/home/spider/gwpspider_ws/install/safety_layer/lib/python3.10/site-packages/safety_layer-0.0.0-py3.10.egg-info' (and everything under it)
[2.043s] Copying ../../../build/safety_layer/safety_layer.egg-info to /home/spider/gwpspider_ws/install/safety_layer/lib/python3.10/site-packages/safety_layer-0.0.0-py3.10.egg-info
[2.051s] running install_scripts
[2.078s] Installing safety script to /home/spider/gwpspider_ws/install/safety_layer/lib/safety_layer
[2.078s] writing list of installed files to '/home/spider/gwpspider_ws/build/safety_layer/install.log'
[2.123s] Invoked command in '/home/spider/gwpspider_ws/src/gwpspider/safety_layer' returned '0': PYTHONPATH=/home/spider/gwpspider_ws/build/safety_layer/prefix_override:/home/spider/gwpspider_ws/install/safety_layer/lib/python3.10/site-packages:${PYTHONPATH} /usr/bin/python3 setup.py egg_info --egg-base ../../../build/safety_layer build --build-base /home/spider/gwpspider_ws/build/safety_layer/build install --record /home/spider/gwpspider_ws/build/safety_layer/install.log --single-version-externally-managed
