[1.749s] Invoking command in '/home/spider/gwpspider_ws/src/gwpspider/planning': PYTHONPATH=/home/spider/gwpspider_ws/build/planning/prefix_override:/home/spider/gwpspider_ws/install/planning/lib/python3.10/site-packages:${PYTHONPATH} /usr/bin/python3 setup.py egg_info --egg-base ../../../build/planning build --build-base /home/spider/gwpspider_ws/build/planning/build install --record /home/spider/gwpspider_ws/build/planning/install.log --single-version-externally-managed
[2.143s] running egg_info
[2.145s] writing ../../../build/planning/planning.egg-info/PKG-INFO
[2.145s] writing dependency_links to ../../../build/planning/planning.egg-info/dependency_links.txt
[2.145s] writing entry points to ../../../build/planning/planning.egg-info/entry_points.txt
[2.145s] writing requirements to ../../../build/planning/planning.egg-info/requires.txt
[2.145s] writing top-level names to ../../../build/planning/planning.egg-info/top_level.txt
[2.148s] reading manifest file '../../../build/planning/planning.egg-info/SOURCES.txt'
[2.149s] writing manifest file '../../../build/planning/planning.egg-info/SOURCES.txt'
[2.149s] running build
[2.149s] running build_py
[2.150s] running install
[2.150s] /usr/lib/python3/dist-packages/setuptools/command/install.py:34: SetuptoolsDeprecationWarning: setup.py install is deprecated. Use build and pip and other standards-based tools.
[2.150s]   warnings.warn(
[2.150s] running install_lib
[2.152s] running install_data
[2.153s] running install_egg_info
[2.155s] removing '/home/spider/gwpspider_ws/install/planning/lib/python3.10/site-packages/planning-0.0.0-py3.10.egg-info' (and everything under it)
[2.156s] Copying ../../../build/planning/planning.egg-info to /home/spider/gwpspider_ws/install/planning/lib/python3.10/site-packages/planning-0.0.0-py3.10.egg-info
[2.157s] running install_scripts
[2.190s] Installing path_planner script to /home/spider/gwpspider_ws/install/planning/lib/planning
[2.190s] Installing trajectory_planner script to /home/spider/gwpspider_ws/install/planning/lib/planning
[2.191s] writing list of installed files to '/home/spider/gwpspider_ws/build/planning/install.log'
[2.232s] Invoked command in '/home/spider/gwpspider_ws/src/gwpspider/planning' returned '0': PYTHONPATH=/home/spider/gwpspider_ws/build/planning/prefix_override:/home/spider/gwpspider_ws/install/planning/lib/python3.10/site-packages:${PYTHONPATH} /usr/bin/python3 setup.py egg_info --egg-base ../../../build/planning build --build-base /home/spider/gwpspider_ws/build/planning/build install --record /home/spider/gwpspider_ws/build/planning/install.log --single-version-externally-managed
