[2.456s] Invoking command in '/home/spider/gwpspider_ws/src/gwpspider/connection': PYTHONPATH=/home/spider/gwpspider_ws/build/connection/prefix_override:/home/spider/gwpspider_ws/install/connection/lib/python3.10/site-packages:${PYTHONPATH} /usr/bin/python3 setup.py egg_info --egg-base ../../../build/connection build --build-base /home/spider/gwpspider_ws/build/connection/build install --record /home/spider/gwpspider_ws/build/connection/install.log --single-version-externally-managed
[2.916s] running egg_info
[2.923s] /usr/lib/python3/dist-packages/setuptools/command/install.py:34: SetuptoolsDeprecationWarning: setup.py install is deprecated. Use build and pip and other standards-based tools.
[2.923s]   warnings.warn(
[2.931s] writing ../../../build/connection/connection.egg-info/PKG-INFO
[2.931s] writing dependency_links to ../../../build/connection/connection.egg-info/dependency_links.txt
[2.931s] writing entry points to ../../../build/connection/connection.egg-info/entry_points.txt
[2.931s] writing requirements to ../../../build/connection/connection.egg-info/requires.txt
[2.932s] writing top-level names to ../../../build/connection/connection.egg-info/top_level.txt
[2.932s] reading manifest file '../../../build/connection/connection.egg-info/SOURCES.txt'
[2.932s] writing manifest file '../../../build/connection/connection.egg-info/SOURCES.txt'
[2.932s] running build
[2.932s] running build_py
[2.932s] copying connection/fastapi.py -> /home/spider/gwpspider_ws/build/connection/build/lib/connection
[2.932s] running install
[2.932s] running install_lib
[2.932s] copying /home/spider/gwpspider_ws/build/connection/build/lib/connection/fastapi.py -> /home/spider/gwpspider_ws/install/connection/lib/python3.10/site-packages/connection
[2.932s] byte-compiling /home/spider/gwpspider_ws/install/connection/lib/python3.10/site-packages/connection/fastapi.py to fastapi.cpython-310.pyc
[2.932s] running install_data
[2.932s] running install_egg_info
[2.933s] removing '/home/spider/gwpspider_ws/install/connection/lib/python3.10/site-packages/connection-0.0.0-py3.10.egg-info' (and everything under it)
[2.935s] Copying ../../../build/connection/connection.egg-info to /home/spider/gwpspider_ws/install/connection/lib/python3.10/site-packages/connection-0.0.0-py3.10.egg-info
[2.957s] running install_scripts
[3.026s] Installing backend script to /home/spider/gwpspider_ws/install/connection/lib/connection
[3.026s] Installing fastapi script to /home/spider/gwpspider_ws/install/connection/lib/connection
[3.027s] writing list of installed files to '/home/spider/gwpspider_ws/build/connection/install.log'
[3.148s] Invoked command in '/home/spider/gwpspider_ws/src/gwpspider/connection' returned '0': PYTHONPATH=/home/spider/gwpspider_ws/build/connection/prefix_override:/home/spider/gwpspider_ws/install/connection/lib/python3.10/site-packages:${PYTHONPATH} /usr/bin/python3 setup.py egg_info --egg-base ../../../build/connection build --build-base /home/spider/gwpspider_ws/build/connection/build install --record /home/spider/gwpspider_ws/build/connection/install.log --single-version-externally-managed
