[1.469s] Invoking command in '/home/spider/gwpspider_ws/build/gwpspider_interfaces': CMAKE_PREFIX_PATH=${CMAKE_PREFIX_PATH}:/home/spider/gwpspider_ws/install/utils:/home/spider/gwpspider_ws/install/planning:/home/spider/gwpspider_ws/install/dynamixel_interface:/home/spider/gwpspider_ws/install/controller:/home/spider/gwpspider_ws/install/configuration:/home/spider/gwpspider_ws/install/calculations:/home/spider/gwpspider_ws/install/arduino_communication:/home/spider/gwpspider_ws/install/application:/opt/ros/humble /home/spider/.local/bin/cmake --build /home/spider/gwpspider_ws/build/gwpspider_interfaces -- -j8 -l8
[1.605s] [  0%] Built target gwpspider_interfaces__cpp
[1.623s] [ 12%] Built target gwpspider_interfaces__rosidl_generator_c
[1.665s] [ 12%] Built target ament_cmake_python_copy_gwpspider_interfaces
[1.702s] [ 24%] Built target gwpspider_interfaces__rosidl_typesupport_cpp
[1.747s] [ 36%] Built target gwpspider_interfaces__rosidl_typesupport_fastrtps_cpp
[1.766s] [ 49%] Built target gwpspider_interfaces__rosidl_typesupport_introspection_cpp
[1.775s] [ 61%] Built target gwpspider_interfaces__rosidl_typesupport_introspection_c
[1.803s] [ 73%] Built target gwpspider_interfaces__rosidl_typesupport_fastrtps_c
[1.803s] [ 85%] Built target gwpspider_interfaces__rosidl_typesupport_c
[1.954s] [ 85%] Built target gwpspider_interfaces
[2.045s] [ 86%] Built target gwpspider_interfaces__py
[2.118s] [ 97%] Built target gwpspider_interfaces__rosidl_generator_py
[2.250s] running egg_info
[2.253s] writing gwpspider_interfaces.egg-info/PKG-INFO
[2.254s] writing dependency_links to gwpspider_interfaces.egg-info/dependency_links.txt
[2.256s] writing top-level names to gwpspider_interfaces.egg-info/top_level.txt
[2.276s] reading manifest file 'gwpspider_interfaces.egg-info/SOURCES.txt'
[2.278s] writing manifest file 'gwpspider_interfaces.egg-info/SOURCES.txt'
[2.284s] [ 98%] Built target gwpspider_interfaces__rosidl_typesupport_fastrtps_c__pyext
[2.289s] [ 99%] Built target gwpspider_interfaces__rosidl_typesupport_introspection_c__pyext
[2.312s] [100%] Built target gwpspider_interfaces__rosidl_typesupport_c__pyext
[2.376s] [100%] Built target ament_cmake_python_build_gwpspider_interfaces_egg
[2.684s] Invoked command in '/home/spider/gwpspider_ws/build/gwpspider_interfaces' returned '0': CMAKE_PREFIX_PATH=${CMAKE_PREFIX_PATH}:/home/spider/gwpspider_ws/install/utils:/home/spider/gwpspider_ws/install/planning:/home/spider/gwpspider_ws/install/dynamixel_interface:/home/spider/gwpspider_ws/install/controller:/home/spider/gwpspider_ws/install/configuration:/home/spider/gwpspider_ws/install/calculations:/home/spider/gwpspider_ws/install/arduino_communication:/home/spider/gwpspider_ws/install/application:/opt/ros/humble /home/spider/.local/bin/cmake --build /home/spider/gwpspider_ws/build/gwpspider_interfaces -- -j8 -l8
[3.056s] Invoking command in '/home/spider/gwpspider_ws/build/gwpspider_interfaces': CMAKE_PREFIX_PATH=${CMAKE_PREFIX_PATH}:/home/spider/gwpspider_ws/install/utils:/home/spider/gwpspider_ws/install/planning:/home/spider/gwpspider_ws/install/dynamixel_interface:/home/spider/gwpspider_ws/install/controller:/home/spider/gwpspider_ws/install/configuration:/home/spider/gwpspider_ws/install/calculations:/home/spider/gwpspider_ws/install/arduino_communication:/home/spider/gwpspider_ws/install/application:/opt/ros/humble /home/spider/.local/bin/cmake --install /home/spider/gwpspider_ws/build/gwpspider_interfaces
[3.101s] -- Install configuration: ""
[3.102s] -- Up-to-date: /home/spider/gwpspider_ws/install/gwpspider_interfaces/share/ament_index/resource_index/rosidl_interfaces/gwpspider_interfaces
[3.102s] -- Up-to-date: /home/spider/gwpspider_ws/install/gwpspider_interfaces/include/gwpspider_interfaces/gwpspider_interfaces
[3.102s] -- Up-to-date: /home/spider/gwpspider_ws/install/gwpspider_interfaces/include/gwpspider_interfaces/gwpspider_interfaces/srv
[3.102s] -- Up-to-date: /home/spider/gwpspider_ws/install/gwpspider_interfaces/include/gwpspider_interfaces/gwpspider_interfaces/srv/reboot_motors.h
[3.102s] -- Up-to-date: /home/spider/gwpspider_ws/install/gwpspider_interfaces/include/gwpspider_interfaces/gwpspider_interfaces/srv/get_walking_instructions.h
[3.102s] -- Up-to-date: /home/spider/gwpspider_ws/install/gwpspider_interfaces/include/gwpspider_interfaces/gwpspider_interfaces/srv/move_leg.h
[3.102s] -- Up-to-date: /home/spider/gwpspider_ws/install/gwpspider_interfaces/include/gwpspider_interfaces/gwpspider_interfaces/srv/detail
[3.102s] -- Up-to-date: /home/spider/gwpspider_ws/install/gwpspider_interfaces/include/gwpspider_interfaces/gwpspider_interfaces/srv/detail/set_bus_watchdog__struct.h
[3.102s] -- Up-to-date: /home/spider/gwpspider_ws/install/gwpspider_interfaces/include/gwpspider_interfaces/gwpspider_interfaces/srv/detail/apply_force_leg__type_support.h
[3.102s] -- Up-to-date: /home/spider/gwpspider_ws/install/gwpspider_interfaces/include/gwpspider_interfaces/gwpspider_interfaces/srv/detail/get_leg_trajectory__functions.h
[3.103s] -- Up-to-date: /home/spider/gwpspider_ws/install/gwpspider_interfaces/include/gwpspider_interfaces/gwpspider_interfaces/srv/detail/control_water_pump__struct.h
[3.103s] -- Up-to-date: /home/spider/gwpspider_ws/install/gwpspider_interfaces/include/gwpspider_interfaces/gwpspider_interfaces/srv/detail/toggle_motors_torque__type_support.h
[3.103s] -- Up-to-date: /home/spider/gwpspider_ws/install/gwpspider_interfaces/include/gwpspider_interfaces/gwpspider_interfaces/srv/detail/get_walking_instructions__functions.c
[3.103s] -- Up-to-date: /home/spider/gwpspider_ws/install/gwpspider_interfaces/include/gwpspider_interfaces/gwpspider_interfaces/srv/detail/get_modified_walking_instructions__functions.h
[3.103s] -- Up-to-date: /home/spider/gwpspider_ws/install/gwpspider_interfaces/include/gwpspider_interfaces/gwpspider_interfaces/srv/detail/toggle_controller__struct.h
[3.103s] -- Up-to-date: /home/spider/gwpspider_ws/install/gwpspider_interfaces/include/gwpspider_interfaces/gwpspider_interfaces/srv/detail/get_leg_trajectory__functions.c
[3.103s] -- Up-to-date: /home/spider/gwpspider_ws/install/gwpspider_interfaces/include/gwpspider_interfaces/gwpspider_interfaces/srv/detail/toggle_controller__functions.c
[3.103s] -- Up-to-date: /home/spider/gwpspider_ws/install/gwpspider_interfaces/include/gwpspider_interfaces/gwpspider_interfaces/srv/detail/set_bus_watchdog__functions.h
[3.103s] -- Up-to-date: /home/spider/gwpspider_ws/install/gwpspider_interfaces/include/gwpspider_interfaces/gwpspider_interfaces/srv/detail/distribute_forces__functions.h
[3.103s] -- Up-to-date: /home/spider/gwpspider_ws/install/gwpspider_interfaces/include/gwpspider_interfaces/gwpspider_interfaces/srv/detail/move_gripper__functions.c
[3.103s] -- Up-to-date: /home/spider/gwpspider_ws/install/gwpspider_interfaces/include/gwpspider_interfaces/gwpspider_interfaces/srv/detail/get_walking_instructions__functions.h
[3.104s] -- Up-to-date: /home/spider/gwpspider_ws/install/gwpspider_interfaces/include/gwpspider_interfaces/gwpspider_interfaces/srv/detail/move_spider__functions.h
[3.104s] -- Up-to-date: /home/spider/gwpspider_ws/install/gwpspider_interfaces/include/gwpspider_interfaces/gwpspider_interfaces/srv/detail/init_bno__functions.h
[3.104s] -- Up-to-date: /home/spider/gwpspider_ws/install/gwpspider_interfaces/include/gwpspider_interfaces/gwpspider_interfaces/srv/detail/get_modified_walking_instructions__functions.c
[3.104s] -- Up-to-date: /home/spider/gwpspider_ws/install/gwpspider_interfaces/include/gwpspider_interfaces/gwpspider_interfaces/srv/detail/set_bus_watchdog__type_support.h
[3.104s] -- Up-to-date: /home/spider/gwpspider_ws/install/gwpspider_interfaces/include/gwpspider_interfaces/gwpspider_interfaces/srv/detail/get_modified_walking_instructions__type_support.h
[3.104s] -- Up-to-date: /home/spider/gwpspider_ws/install/gwpspider_interfaces/include/gwpspider_interfaces/gwpspider_interfaces/srv/detail/distribute_forces__struct.h
[3.105s] -- Up-to-date: /home/spider/gwpspider_ws/install/gwpspider_interfaces/include/gwpspider_interfaces/gwpspider_interfaces/srv/detail/init_bno__type_support.h
[3.105s] -- Up-to-date: /home/spider/gwpspider_ws/install/gwpspider_interfaces/include/gwpspider_interfaces/gwpspider_interfaces/srv/detail/toggle_motors_torque__functions.c
[3.105s] -- Up-to-date: /home/spider/gwpspider_ws/install/gwpspider_interfaces/include/gwpspider_interfaces/gwpspider_interfaces/srv/detail/distribute_forces__functions.c
[3.105s] -- Up-to-date: /home/spider/gwpspider_ws/install/gwpspider_interfaces/include/gwpspider_interfaces/gwpspider_interfaces/srv/detail/control_water_pump__type_support.h
[3.105s] -- Up-to-date: /home/spider/gwpspider_ws/install/gwpspider_interfaces/include/gwpspider_interfaces/gwpspider_interfaces/srv/detail/get_leg_trajectory__type_support.h
[3.105s] -- Up-to-date: /home/spider/gwpspider_ws/install/gwpspider_interfaces/include/gwpspider_interfaces/gwpspider_interfaces/srv/detail/get_walking_instructions__type_support.h
[3.105s] -- Up-to-date: /home/spider/gwpspider_ws/install/gwpspider_interfaces/include/gwpspider_interfaces/gwpspider_interfaces/srv/detail/apply_force_leg__functions.c
[3.105s] -- Up-to-date: /home/spider/gwpspider_ws/install/gwpspider_interfaces/include/gwpspider_interfaces/gwpspider_interfaces/srv/detail/get_walking_instructions__struct.h
[3.105s] -- Up-to-date: /home/spider/gwpspider_ws/install/gwpspider_interfaces/include/gwpspider_interfaces/gwpspider_interfaces/srv/detail/move_spider__functions.c
[3.105s] -- Up-to-date: /home/spider/gwpspider_ws/install/gwpspider_interfaces/include/gwpspider_interfaces/gwpspider_interfaces/srv/detail/toggle_controller__functions.h
[3.106s] -- Up-to-date: /home/spider/gwpspider_ws/install/gwpspider_interfaces/include/gwpspider_interfaces/gwpspider_interfaces/srv/detail/set_bus_watchdog__functions.c
[3.106s] -- Up-to-date: /home/spider/gwpspider_ws/install/gwpspider_interfaces/include/gwpspider_interfaces/gwpspider_interfaces/srv/detail/init_bno__functions.c
[3.106s] -- Up-to-date: /home/spider/gwpspider_ws/install/gwpspider_interfaces/include/gwpspider_interfaces/gwpspider_interfaces/srv/detail/reboot_motors__functions.c
[3.106s] -- Up-to-date: /home/spider/gwpspider_ws/install/gwpspider_interfaces/include/gwpspider_interfaces/gwpspider_interfaces/srv/detail/toggle_motors_torque__struct.h
[3.106s] -- Up-to-date: /home/spider/gwpspider_ws/install/gwpspider_interfaces/include/gwpspider_interfaces/gwpspider_interfaces/srv/detail/apply_force_leg__struct.h
[3.106s] -- Up-to-date: /home/spider/gwpspider_ws/install/gwpspider_interfaces/include/gwpspider_interfaces/gwpspider_interfaces/srv/detail/reboot_motors__struct.h
[3.106s] -- Up-to-date: /home/spider/gwpspider_ws/install/gwpspider_interfaces/include/gwpspider_interfaces/gwpspider_interfaces/srv/detail/move_gripper__struct.h
[3.106s] -- Up-to-date: /home/spider/gwpspider_ws/install/gwpspider_interfaces/include/gwpspider_interfaces/gwpspider_interfaces/srv/detail/toggle_controller__type_support.h
[3.106s] -- Up-to-date: /home/spider/gwpspider_ws/install/gwpspider_interfaces/include/gwpspider_interfaces/gwpspider_interfaces/srv/detail/move_spider__type_support.h
[3.107s] -- Up-to-date: /home/spider/gwpspider_ws/install/gwpspider_interfaces/include/gwpspider_interfaces/gwpspider_interfaces/srv/detail/control_water_pump__functions.c
[3.107s] -- Up-to-date: /home/spider/gwpspider_ws/install/gwpspider_interfaces/include/gwpspider_interfaces/gwpspider_interfaces/srv/detail/move_gripper__type_support.h
[3.107s] -- Up-to-date: /home/spider/gwpspider_ws/install/gwpspider_interfaces/include/gwpspider_interfaces/gwpspider_interfaces/srv/detail/init_bno__struct.h
[3.108s] -- Up-to-date: /home/spider/gwpspider_ws/install/gwpspider_interfaces/include/gwpspider_interfaces/gwpspider_interfaces/srv/detail/apply_force_leg__functions.h
[3.108s] -- Up-to-date: /home/spider/gwpspider_ws/install/gwpspider_interfaces/include/gwpspider_interfaces/gwpspider_interfaces/srv/detail/move_leg__type_support.h
[3.108s] -- Up-to-date: /home/spider/gwpspider_ws/install/gwpspider_interfaces/include/gwpspider_interfaces/gwpspider_interfaces/srv/detail/reboot_motors__functions.h
[3.108s] -- Up-to-date: /home/spider/gwpspider_ws/install/gwpspider_interfaces/include/gwpspider_interfaces/gwpspider_interfaces/srv/detail/distribute_forces__type_support.h
[3.108s] -- Up-to-date: /home/spider/gwpspider_ws/install/gwpspider_interfaces/include/gwpspider_interfaces/gwpspider_interfaces/srv/detail/reboot_motors__type_support.h
[3.108s] -- Up-to-date: /home/spider/gwpspider_ws/install/gwpspider_interfaces/include/gwpspider_interfaces/gwpspider_interfaces/srv/detail/toggle_motors_torque__functions.h
[3.108s] -- Up-to-date: /home/spider/gwpspider_ws/install/gwpspider_interfaces/include/gwpspider_interfaces/gwpspider_interfaces/srv/detail/get_leg_trajectory__struct.h
[3.108s] -- Up-to-date: /home/spider/gwpspider_ws/install/gwpspider_interfaces/include/gwpspider_interfaces/gwpspider_interfaces/srv/detail/move_leg__functions.h
[3.109s] -- Up-to-date: /home/spider/gwpspider_ws/install/gwpspider_interfaces/include/gwpspider_interfaces/gwpspider_interfaces/srv/detail/move_leg__functions.c
[3.109s] -- Up-to-date: /home/spider/gwpspider_ws/install/gwpspider_interfaces/include/gwpspider_interfaces/gwpspider_interfaces/srv/detail/move_gripper__functions.h
[3.109s] -- Up-to-date: /home/spider/gwpspider_ws/install/gwpspider_interfaces/include/gwpspider_interfaces/gwpspider_interfaces/srv/detail/move_spider__struct.h
[3.109s] -- Up-to-date: /home/spider/gwpspider_ws/install/gwpspider_interfaces/include/gwpspider_interfaces/gwpspider_interfaces/srv/detail/move_leg__struct.h
[3.109s] -- Up-to-date: /home/spider/gwpspider_ws/install/gwpspider_interfaces/include/gwpspider_interfaces/gwpspider_interfaces/srv/detail/get_modified_walking_instructions__struct.h
[3.109s] -- Up-to-date: /home/spider/gwpspider_ws/install/gwpspider_interfaces/include/gwpspider_interfaces/gwpspider_interfaces/srv/detail/control_water_pump__functions.h
[3.110s] -- Up-to-date: /home/spider/gwpspider_ws/install/gwpspider_interfaces/include/gwpspider_interfaces/gwpspider_interfaces/srv/get_modified_walking_instructions.h
[3.110s] -- Up-to-date: /home/spider/gwpspider_ws/install/gwpspider_interfaces/include/gwpspider_interfaces/gwpspider_interfaces/srv/distribute_forces.h
[3.110s] -- Up-to-date: /home/spider/gwpspider_ws/install/gwpspider_interfaces/include/gwpspider_interfaces/gwpspider_interfaces/srv/control_water_pump.h
[3.110s] -- Up-to-date: /home/spider/gwpspider_ws/install/gwpspider_interfaces/include/gwpspider_interfaces/gwpspider_interfaces/srv/toggle_motors_torque.h
[3.111s] -- Up-to-date: /home/spider/gwpspider_ws/install/gwpspider_interfaces/include/gwpspider_interfaces/gwpspider_interfaces/srv/move_gripper.h
[3.111s] -- Up-to-date: /home/spider/gwpspider_ws/install/gwpspider_interfaces/include/gwpspider_interfaces/gwpspider_interfaces/srv/apply_force_leg.h
[3.111s] -- Up-to-date: /home/spider/gwpspider_ws/install/gwpspider_interfaces/include/gwpspider_interfaces/gwpspider_interfaces/srv/set_bus_watchdog.h
[3.111s] -- Up-to-date: /home/spider/gwpspider_ws/install/gwpspider_interfaces/include/gwpspider_interfaces/gwpspider_interfaces/srv/init_bno.h
[3.111s] -- Up-to-date: /home/spider/gwpspider_ws/install/gwpspider_interfaces/include/gwpspider_interfaces/gwpspider_interfaces/srv/get_leg_trajectory.h
[3.112s] -- Up-to-date: /home/spider/gwpspider_ws/install/gwpspider_interfaces/include/gwpspider_interfaces/gwpspider_interfaces/srv/toggle_controller.h
[3.112s] -- Up-to-date: /home/spider/gwpspider_ws/install/gwpspider_interfaces/include/gwpspider_interfaces/gwpspider_interfaces/srv/move_spider.h
[3.112s] -- Up-to-date: /home/spider/gwpspider_ws/install/gwpspider_interfaces/include/gwpspider_interfaces/gwpspider_interfaces/msg
[3.112s] -- Up-to-date: /home/spider/gwpspider_ws/install/gwpspider_interfaces/include/gwpspider_interfaces/gwpspider_interfaces/msg/legs_states.h
[3.112s] -- Up-to-date: /home/spider/gwpspider_ws/install/gwpspider_interfaces/include/gwpspider_interfaces/gwpspider_interfaces/msg/detail
[3.112s] -- Up-to-date: /home/spider/gwpspider_ws/install/gwpspider_interfaces/include/gwpspider_interfaces/gwpspider_interfaces/msg/detail/water_pump_command__functions.c
[3.112s] -- Up-to-date: /home/spider/gwpspider_ws/install/gwpspider_interfaces/include/gwpspider_interfaces/gwpspider_interfaces/msg/detail/water_pump_command__struct.h
[3.113s] -- Up-to-date: /home/spider/gwpspider_ws/install/gwpspider_interfaces/include/gwpspider_interfaces/gwpspider_interfaces/msg/detail/bno_data__type_support.h
[3.113s] -- Up-to-date: /home/spider/gwpspider_ws/install/gwpspider_interfaces/include/gwpspider_interfaces/gwpspider_interfaces/msg/detail/bno_data__functions.c
[3.113s] -- Up-to-date: /home/spider/gwpspider_ws/install/gwpspider_interfaces/include/gwpspider_interfaces/gwpspider_interfaces/msg/detail/water_pump_command__functions.h
[3.113s] -- Up-to-date: /home/spider/gwpspider_ws/install/gwpspider_interfaces/include/gwpspider_interfaces/gwpspider_interfaces/msg/detail/gripper_command__functions.h
[3.113s] -- Up-to-date: /home/spider/gwpspider_ws/install/gwpspider_interfaces/include/gwpspider_interfaces/gwpspider_interfaces/msg/detail/leg_trajectory__functions.c
[3.114s] -- Up-to-date: /home/spider/gwpspider_ws/install/gwpspider_interfaces/include/gwpspider_interfaces/gwpspider_interfaces/msg/detail/legs_states__type_support.h
[3.114s] -- Up-to-date: /home/spider/gwpspider_ws/install/gwpspider_interfaces/include/gwpspider_interfaces/gwpspider_interfaces/msg/detail/gripper_command__functions.c
[3.114s] -- Up-to-date: /home/spider/gwpspider_ws/install/gwpspider_interfaces/include/gwpspider_interfaces/gwpspider_interfaces/msg/detail/bno_data__struct.h
[3.114s] -- Up-to-date: /home/spider/gwpspider_ws/install/gwpspider_interfaces/include/gwpspider_interfaces/gwpspider_interfaces/msg/detail/leg_trajectory__struct.h
[3.114s] -- Up-to-date: /home/spider/gwpspider_ws/install/gwpspider_interfaces/include/gwpspider_interfaces/gwpspider_interfaces/msg/detail/leg_trajectory__functions.h
[3.114s] -- Up-to-date: /home/spider/gwpspider_ws/install/gwpspider_interfaces/include/gwpspider_interfaces/gwpspider_interfaces/msg/detail/walking_instructions__type_support.h
[3.114s] -- Up-to-date: /home/spider/gwpspider_ws/install/gwpspider_interfaces/include/gwpspider_interfaces/gwpspider_interfaces/msg/detail/legs_states__struct.h
[3.115s] -- Up-to-date: /home/spider/gwpspider_ws/install/gwpspider_interfaces/include/gwpspider_interfaces/gwpspider_interfaces/msg/detail/gripper_command__type_support.h
[3.115s] -- Up-to-date: /home/spider/gwpspider_ws/install/gwpspider_interfaces/include/gwpspider_interfaces/gwpspider_interfaces/msg/detail/bno_data__functions.h
[3.115s] -- Up-to-date: /home/spider/gwpspider_ws/install/gwpspider_interfaces/include/gwpspider_interfaces/gwpspider_interfaces/msg/detail/leg_trajectory__type_support.h
[3.115s] -- Up-to-date: /home/spider/gwpspider_ws/install/gwpspider_interfaces/include/gwpspider_interfaces/gwpspider_interfaces/msg/detail/dynamixel_motors_data__functions.c
[3.115s] -- Up-to-date: /home/spider/gwpspider_ws/install/gwpspider_interfaces/include/gwpspider_interfaces/gwpspider_interfaces/msg/detail/walking_instructions__struct.h
[3.115s] -- Up-to-date: /home/spider/gwpspider_ws/install/gwpspider_interfaces/include/gwpspider_interfaces/gwpspider_interfaces/msg/detail/dynamixel_motors_data__functions.h
[3.115s] -- Up-to-date: /home/spider/gwpspider_ws/install/gwpspider_interfaces/include/gwpspider_interfaces/gwpspider_interfaces/msg/detail/dynamixel_motors_data__type_support.h
[3.115s] -- Up-to-date: /home/spider/gwpspider_ws/install/gwpspider_interfaces/include/gwpspider_interfaces/gwpspider_interfaces/msg/detail/dynamixel_motors_data__struct.h
[3.115s] -- Up-to-date: /home/spider/gwpspider_ws/install/gwpspider_interfaces/include/gwpspider_interfaces/gwpspider_interfaces/msg/detail/gripper_command__struct.h
[3.116s] -- Up-to-date: /home/spider/gwpspider_ws/install/gwpspider_interfaces/include/gwpspider_interfaces/gwpspider_interfaces/msg/detail/legs_states__functions.h
[3.116s] -- Up-to-date: /home/spider/gwpspider_ws/install/gwpspider_interfaces/include/gwpspider_interfaces/gwpspider_interfaces/msg/detail/legs_states__functions.c
[3.116s] -- Up-to-date: /home/spider/gwpspider_ws/install/gwpspider_interfaces/include/gwpspider_interfaces/gwpspider_interfaces/msg/detail/water_pump_command__type_support.h
[3.116s] -- Up-to-date: /home/spider/gwpspider_ws/install/gwpspider_interfaces/include/gwpspider_interfaces/gwpspider_interfaces/msg/detail/walking_instructions__functions.h
[3.116s] -- Up-to-date: /home/spider/gwpspider_ws/install/gwpspider_interfaces/include/gwpspider_interfaces/gwpspider_interfaces/msg/detail/walking_instructions__functions.c
[3.116s] -- Up-to-date: /home/spider/gwpspider_ws/install/gwpspider_interfaces/include/gwpspider_interfaces/gwpspider_interfaces/msg/bno_data.h
[3.117s] -- Up-to-date: /home/spider/gwpspider_ws/install/gwpspider_interfaces/include/gwpspider_interfaces/gwpspider_interfaces/msg/dynamixel_motors_data.h
[3.117s] -- Up-to-date: /home/spider/gwpspider_ws/install/gwpspider_interfaces/include/gwpspider_interfaces/gwpspider_interfaces/msg/rosidl_generator_c__visibility_control.h
[3.117s] -- Up-to-date: /home/spider/gwpspider_ws/install/gwpspider_interfaces/include/gwpspider_interfaces/gwpspider_interfaces/msg/gripper_command.h
[3.118s] -- Up-to-date: /home/spider/gwpspider_ws/install/gwpspider_interfaces/include/gwpspider_interfaces/gwpspider_interfaces/msg/water_pump_command.h
[3.118s] -- Up-to-date: /home/spider/gwpspider_ws/install/gwpspider_interfaces/include/gwpspider_interfaces/gwpspider_interfaces/msg/leg_trajectory.h
[3.118s] -- Up-to-date: /home/spider/gwpspider_ws/install/gwpspider_interfaces/include/gwpspider_interfaces/gwpspider_interfaces/msg/walking_instructions.h
[3.118s] -- Up-to-date: /home/spider/gwpspider_ws/install/gwpspider_interfaces/share/gwpspider_interfaces/environment/library_path.sh
[3.118s] -- Up-to-date: /home/spider/gwpspider_ws/install/gwpspider_interfaces/share/gwpspider_interfaces/environment/library_path.dsv
[3.118s] -- Up-to-date: /home/spider/gwpspider_ws/install/gwpspider_interfaces/lib/libgwpspider_interfaces__rosidl_generator_c.so
[3.118s] -- Up-to-date: /home/spider/gwpspider_ws/install/gwpspider_interfaces/include/gwpspider_interfaces/gwpspider_interfaces
[3.118s] -- Up-to-date: /home/spider/gwpspider_ws/install/gwpspider_interfaces/include/gwpspider_interfaces/gwpspider_interfaces/srv
[3.118s] -- Up-to-date: /home/spider/gwpspider_ws/install/gwpspider_interfaces/include/gwpspider_interfaces/gwpspider_interfaces/srv/detail
[3.118s] -- Up-to-date: /home/spider/gwpspider_ws/install/gwpspider_interfaces/include/gwpspider_interfaces/gwpspider_interfaces/srv/detail/apply_force_leg__rosidl_typesupport_fastrtps_c.h
[3.118s] -- Up-to-date: /home/spider/gwpspider_ws/install/gwpspider_interfaces/include/gwpspider_interfaces/gwpspider_interfaces/srv/detail/toggle_motors_torque__rosidl_typesupport_fastrtps_c.h
[3.119s] -- Up-to-date: /home/spider/gwpspider_ws/install/gwpspider_interfaces/include/gwpspider_interfaces/gwpspider_interfaces/srv/detail/toggle_controller__rosidl_typesupport_fastrtps_c.h
[3.119s] -- Up-to-date: /home/spider/gwpspider_ws/install/gwpspider_interfaces/include/gwpspider_interfaces/gwpspider_interfaces/srv/detail/move_spider__rosidl_typesupport_fastrtps_c.h
[3.119s] -- Up-to-date: /home/spider/gwpspider_ws/install/gwpspider_interfaces/include/gwpspider_interfaces/gwpspider_interfaces/srv/detail/control_water_pump__rosidl_typesupport_fastrtps_c.h
[3.119s] -- Up-to-date: /home/spider/gwpspider_ws/install/gwpspider_interfaces/include/gwpspider_interfaces/gwpspider_interfaces/srv/detail/set_bus_watchdog__rosidl_typesupport_fastrtps_c.h
[3.119s] -- Up-to-date: /home/spider/gwpspider_ws/install/gwpspider_interfaces/include/gwpspider_interfaces/gwpspider_interfaces/srv/detail/move_leg__rosidl_typesupport_fastrtps_c.h
[3.119s] -- Up-to-date: /home/spider/gwpspider_ws/install/gwpspider_interfaces/include/gwpspider_interfaces/gwpspider_interfaces/srv/detail/init_bno__rosidl_typesupport_fastrtps_c.h
[3.119s] -- Up-to-date: /home/spider/gwpspider_ws/install/gwpspider_interfaces/include/gwpspider_interfaces/gwpspider_interfaces/srv/detail/get_modified_walking_instructions__rosidl_typesupport_fastrtps_c.h
[3.119s] -- Up-to-date: /home/spider/gwpspider_ws/install/gwpspider_interfaces/include/gwpspider_interfaces/gwpspider_interfaces/srv/detail/reboot_motors__rosidl_typesupport_fastrtps_c.h
[3.119s] -- Up-to-date: /home/spider/gwpspider_ws/install/gwpspider_interfaces/include/gwpspider_interfaces/gwpspider_interfaces/srv/detail/move_gripper__rosidl_typesupport_fastrtps_c.h
[3.119s] -- Up-to-date: /home/spider/gwpspider_ws/install/gwpspider_interfaces/include/gwpspider_interfaces/gwpspider_interfaces/srv/detail/distribute_forces__rosidl_typesupport_fastrtps_c.h
[3.119s] -- Up-to-date: /home/spider/gwpspider_ws/install/gwpspider_interfaces/include/gwpspider_interfaces/gwpspider_interfaces/srv/detail/get_walking_instructions__rosidl_typesupport_fastrtps_c.h
[3.120s] -- Up-to-date: /home/spider/gwpspider_ws/install/gwpspider_interfaces/include/gwpspider_interfaces/gwpspider_interfaces/srv/detail/get_leg_trajectory__rosidl_typesupport_fastrtps_c.h
[3.120s] -- Up-to-date: /home/spider/gwpspider_ws/install/gwpspider_interfaces/include/gwpspider_interfaces/gwpspider_interfaces/msg
[3.120s] -- Up-to-date: /home/spider/gwpspider_ws/install/gwpspider_interfaces/include/gwpspider_interfaces/gwpspider_interfaces/msg/rosidl_typesupport_fastrtps_c__visibility_control.h
[3.120s] -- Up-to-date: /home/spider/gwpspider_ws/install/gwpspider_interfaces/include/gwpspider_interfaces/gwpspider_interfaces/msg/detail
[3.120s] -- Up-to-date: /home/spider/gwpspider_ws/install/gwpspider_interfaces/include/gwpspider_interfaces/gwpspider_interfaces/msg/detail/gripper_command__rosidl_typesupport_fastrtps_c.h
[3.120s] -- Up-to-date: /home/spider/gwpspider_ws/install/gwpspider_interfaces/include/gwpspider_interfaces/gwpspider_interfaces/msg/detail/bno_data__rosidl_typesupport_fastrtps_c.h
[3.120s] -- Up-to-date: /home/spider/gwpspider_ws/install/gwpspider_interfaces/include/gwpspider_interfaces/gwpspider_interfaces/msg/detail/water_pump_command__rosidl_typesupport_fastrtps_c.h
[3.120s] -- Up-to-date: /home/spider/gwpspider_ws/install/gwpspider_interfaces/include/gwpspider_interfaces/gwpspider_interfaces/msg/detail/walking_instructions__rosidl_typesupport_fastrtps_c.h
[3.120s] -- Up-to-date: /home/spider/gwpspider_ws/install/gwpspider_interfaces/include/gwpspider_interfaces/gwpspider_interfaces/msg/detail/legs_states__rosidl_typesupport_fastrtps_c.h
[3.120s] -- Up-to-date: /home/spider/gwpspider_ws/install/gwpspider_interfaces/include/gwpspider_interfaces/gwpspider_interfaces/msg/detail/dynamixel_motors_data__rosidl_typesupport_fastrtps_c.h
[3.120s] -- Up-to-date: /home/spider/gwpspider_ws/install/gwpspider_interfaces/include/gwpspider_interfaces/gwpspider_interfaces/msg/detail/leg_trajectory__rosidl_typesupport_fastrtps_c.h
[3.120s] -- Up-to-date: /home/spider/gwpspider_ws/install/gwpspider_interfaces/lib/libgwpspider_interfaces__rosidl_typesupport_fastrtps_c.so
[3.121s] -- Up-to-date: /home/spider/gwpspider_ws/install/gwpspider_interfaces/include/gwpspider_interfaces/gwpspider_interfaces
[3.121s] -- Up-to-date: /home/spider/gwpspider_ws/install/gwpspider_interfaces/include/gwpspider_interfaces/gwpspider_interfaces/srv
[3.121s] -- Up-to-date: /home/spider/gwpspider_ws/install/gwpspider_interfaces/include/gwpspider_interfaces/gwpspider_interfaces/srv/detail
[3.121s] -- Up-to-date: /home/spider/gwpspider_ws/install/gwpspider_interfaces/include/gwpspider_interfaces/gwpspider_interfaces/srv/detail/get_walking_instructions__rosidl_typesupport_introspection_c.h
[3.121s] -- Up-to-date: /home/spider/gwpspider_ws/install/gwpspider_interfaces/include/gwpspider_interfaces/gwpspider_interfaces/srv/detail/toggle_motors_torque__type_support.c
[3.121s] -- Up-to-date: /home/spider/gwpspider_ws/install/gwpspider_interfaces/include/gwpspider_interfaces/gwpspider_interfaces/srv/detail/toggle_motors_torque__rosidl_typesupport_introspection_c.h
[3.121s] -- Up-to-date: /home/spider/gwpspider_ws/install/gwpspider_interfaces/include/gwpspider_interfaces/gwpspider_interfaces/srv/detail/control_water_pump__rosidl_typesupport_introspection_c.h
[3.121s] -- Up-to-date: /home/spider/gwpspider_ws/install/gwpspider_interfaces/include/gwpspider_interfaces/gwpspider_interfaces/srv/detail/move_leg__rosidl_typesupport_introspection_c.h
[3.121s] -- Up-to-date: /home/spider/gwpspider_ws/install/gwpspider_interfaces/include/gwpspider_interfaces/gwpspider_interfaces/srv/detail/init_bno__rosidl_typesupport_introspection_c.h
[3.121s] -- Up-to-date: /home/spider/gwpspider_ws/install/gwpspider_interfaces/include/gwpspider_interfaces/gwpspider_interfaces/srv/detail/toggle_controller__type_support.c
[3.121s] -- Up-to-date: /home/spider/gwpspider_ws/install/gwpspider_interfaces/include/gwpspider_interfaces/gwpspider_interfaces/srv/detail/move_gripper__type_support.c
[3.121s] -- Up-to-date: /home/spider/gwpspider_ws/install/gwpspider_interfaces/include/gwpspider_interfaces/gwpspider_interfaces/srv/detail/distribute_forces__rosidl_typesupport_introspection_c.h
[3.122s] -- Up-to-date: /home/spider/gwpspider_ws/install/gwpspider_interfaces/include/gwpspider_interfaces/gwpspider_interfaces/srv/detail/toggle_controller__rosidl_typesupport_introspection_c.h
[3.122s] -- Up-to-date: /home/spider/gwpspider_ws/install/gwpspider_interfaces/include/gwpspider_interfaces/gwpspider_interfaces/srv/detail/reboot_motors__type_support.c
[3.122s] -- Up-to-date: /home/spider/gwpspider_ws/install/gwpspider_interfaces/include/gwpspider_interfaces/gwpspider_interfaces/srv/detail/move_spider__rosidl_typesupport_introspection_c.h
[3.122s] -- Up-to-date: /home/spider/gwpspider_ws/install/gwpspider_interfaces/include/gwpspider_interfaces/gwpspider_interfaces/srv/detail/init_bno__type_support.c
[3.122s] -- Up-to-date: /home/spider/gwpspider_ws/install/gwpspider_interfaces/include/gwpspider_interfaces/gwpspider_interfaces/srv/detail/get_walking_instructions__type_support.c
[3.122s] -- Up-to-date: /home/spider/gwpspider_ws/install/gwpspider_interfaces/include/gwpspider_interfaces/gwpspider_interfaces/srv/detail/get_modified_walking_instructions__rosidl_typesupport_introspection_c.h
[3.122s] -- Up-to-date: /home/spider/gwpspider_ws/install/gwpspider_interfaces/include/gwpspider_interfaces/gwpspider_interfaces/srv/detail/distribute_forces__type_support.c
[3.122s] -- Up-to-date: /home/spider/gwpspider_ws/install/gwpspider_interfaces/include/gwpspider_interfaces/gwpspider_interfaces/srv/detail/move_gripper__rosidl_typesupport_introspection_c.h
[3.122s] -- Up-to-date: /home/spider/gwpspider_ws/install/gwpspider_interfaces/include/gwpspider_interfaces/gwpspider_interfaces/srv/detail/get_modified_walking_instructions__type_support.c
[3.122s] -- Up-to-date: /home/spider/gwpspider_ws/install/gwpspider_interfaces/include/gwpspider_interfaces/gwpspider_interfaces/srv/detail/set_bus_watchdog__type_support.c
[3.122s] -- Up-to-date: /home/spider/gwpspider_ws/install/gwpspider_interfaces/include/gwpspider_interfaces/gwpspider_interfaces/srv/detail/control_water_pump__type_support.c
[3.123s] -- Up-to-date: /home/spider/gwpspider_ws/install/gwpspider_interfaces/include/gwpspider_interfaces/gwpspider_interfaces/srv/detail/reboot_motors__rosidl_typesupport_introspection_c.h
[3.123s] -- Up-to-date: /home/spider/gwpspider_ws/install/gwpspider_interfaces/include/gwpspider_interfaces/gwpspider_interfaces/srv/detail/apply_force_leg__type_support.c
[3.123s] -- Up-to-date: /home/spider/gwpspider_ws/install/gwpspider_interfaces/include/gwpspider_interfaces/gwpspider_interfaces/srv/detail/get_leg_trajectory__type_support.c
[3.123s] -- Up-to-date: /home/spider/gwpspider_ws/install/gwpspider_interfaces/include/gwpspider_interfaces/gwpspider_interfaces/srv/detail/move_leg__type_support.c
[3.123s] -- Up-to-date: /home/spider/gwpspider_ws/install/gwpspider_interfaces/include/gwpspider_interfaces/gwpspider_interfaces/srv/detail/get_leg_trajectory__rosidl_typesupport_introspection_c.h
[3.123s] -- Up-to-date: /home/spider/gwpspider_ws/install/gwpspider_interfaces/include/gwpspider_interfaces/gwpspider_interfaces/srv/detail/apply_force_leg__rosidl_typesupport_introspection_c.h
[3.123s] -- Up-to-date: /home/spider/gwpspider_ws/install/gwpspider_interfaces/include/gwpspider_interfaces/gwpspider_interfaces/srv/detail/set_bus_watchdog__rosidl_typesupport_introspection_c.h
[3.123s] -- Up-to-date: /home/spider/gwpspider_ws/install/gwpspider_interfaces/include/gwpspider_interfaces/gwpspider_interfaces/srv/detail/move_spider__type_support.c
[3.123s] -- Up-to-date: /home/spider/gwpspider_ws/install/gwpspider_interfaces/include/gwpspider_interfaces/gwpspider_interfaces/msg
[3.123s] -- Up-to-date: /home/spider/gwpspider_ws/install/gwpspider_interfaces/include/gwpspider_interfaces/gwpspider_interfaces/msg/detail
[3.123s] -- Up-to-date: /home/spider/gwpspider_ws/install/gwpspider_interfaces/include/gwpspider_interfaces/gwpspider_interfaces/msg/detail/leg_trajectory__type_support.c
[3.123s] -- Up-to-date: /home/spider/gwpspider_ws/install/gwpspider_interfaces/include/gwpspider_interfaces/gwpspider_interfaces/msg/detail/bno_data__rosidl_typesupport_introspection_c.h
[3.124s] -- Up-to-date: /home/spider/gwpspider_ws/install/gwpspider_interfaces/include/gwpspider_interfaces/gwpspider_interfaces/msg/detail/dynamixel_motors_data__rosidl_typesupport_introspection_c.h
[3.124s] -- Up-to-date: /home/spider/gwpspider_ws/install/gwpspider_interfaces/include/gwpspider_interfaces/gwpspider_interfaces/msg/detail/gripper_command__type_support.c
[3.124s] -- Up-to-date: /home/spider/gwpspider_ws/install/gwpspider_interfaces/include/gwpspider_interfaces/gwpspider_interfaces/msg/detail/legs_states__rosidl_typesupport_introspection_c.h
[3.124s] -- Up-to-date: /home/spider/gwpspider_ws/install/gwpspider_interfaces/include/gwpspider_interfaces/gwpspider_interfaces/msg/detail/gripper_command__rosidl_typesupport_introspection_c.h
[3.124s] -- Up-to-date: /home/spider/gwpspider_ws/install/gwpspider_interfaces/include/gwpspider_interfaces/gwpspider_interfaces/msg/detail/legs_states__type_support.c
[3.124s] -- Up-to-date: /home/spider/gwpspider_ws/install/gwpspider_interfaces/include/gwpspider_interfaces/gwpspider_interfaces/msg/detail/leg_trajectory__rosidl_typesupport_introspection_c.h
[3.124s] -- Up-to-date: /home/spider/gwpspider_ws/install/gwpspider_interfaces/include/gwpspider_interfaces/gwpspider_interfaces/msg/detail/walking_instructions__type_support.c
[3.124s] -- Up-to-date: /home/spider/gwpspider_ws/install/gwpspider_interfaces/include/gwpspider_interfaces/gwpspider_interfaces/msg/detail/bno_data__type_support.c
[3.124s] -- Up-to-date: /home/spider/gwpspider_ws/install/gwpspider_interfaces/include/gwpspider_interfaces/gwpspider_interfaces/msg/detail/walking_instructions__rosidl_typesupport_introspection_c.h
[3.124s] -- Up-to-date: /home/spider/gwpspider_ws/install/gwpspider_interfaces/include/gwpspider_interfaces/gwpspider_interfaces/msg/detail/water_pump_command__type_support.c
[3.124s] -- Up-to-date: /home/spider/gwpspider_ws/install/gwpspider_interfaces/include/gwpspider_interfaces/gwpspider_interfaces/msg/detail/dynamixel_motors_data__type_support.c
[3.124s] -- Up-to-date: /home/spider/gwpspider_ws/install/gwpspider_interfaces/include/gwpspider_interfaces/gwpspider_interfaces/msg/detail/water_pump_command__rosidl_typesupport_introspection_c.h
[3.125s] -- Up-to-date: /home/spider/gwpspider_ws/install/gwpspider_interfaces/include/gwpspider_interfaces/gwpspider_interfaces/msg/rosidl_typesupport_introspection_c__visibility_control.h
[3.125s] -- Up-to-date: /home/spider/gwpspider_ws/install/gwpspider_interfaces/lib/libgwpspider_interfaces__rosidl_typesupport_introspection_c.so
[3.125s] -- Up-to-date: /home/spider/gwpspider_ws/install/gwpspider_interfaces/lib/libgwpspider_interfaces__rosidl_typesupport_c.so
[3.125s] -- Up-to-date: /home/spider/gwpspider_ws/install/gwpspider_interfaces/include/gwpspider_interfaces/gwpspider_interfaces
[3.125s] -- Up-to-date: /home/spider/gwpspider_ws/install/gwpspider_interfaces/include/gwpspider_interfaces/gwpspider_interfaces/srv
[3.125s] -- Up-to-date: /home/spider/gwpspider_ws/install/gwpspider_interfaces/include/gwpspider_interfaces/gwpspider_interfaces/srv/set_bus_watchdog.hpp
[3.125s] -- Up-to-date: /home/spider/gwpspider_ws/install/gwpspider_interfaces/include/gwpspider_interfaces/gwpspider_interfaces/srv/reboot_motors.hpp
[3.125s] -- Up-to-date: /home/spider/gwpspider_ws/install/gwpspider_interfaces/include/gwpspider_interfaces/gwpspider_interfaces/srv/toggle_controller.hpp
[3.125s] -- Up-to-date: /home/spider/gwpspider_ws/install/gwpspider_interfaces/include/gwpspider_interfaces/gwpspider_interfaces/srv/detail
[3.125s] -- Up-to-date: /home/spider/gwpspider_ws/install/gwpspider_interfaces/include/gwpspider_interfaces/gwpspider_interfaces/srv/detail/apply_force_leg__builder.hpp
[3.125s] -- Up-to-date: /home/spider/gwpspider_ws/install/gwpspider_interfaces/include/gwpspider_interfaces/gwpspider_interfaces/srv/detail/move_gripper__traits.hpp
[3.125s] -- Up-to-date: /home/spider/gwpspider_ws/install/gwpspider_interfaces/include/gwpspider_interfaces/gwpspider_interfaces/srv/detail/control_water_pump__struct.hpp
[3.126s] -- Up-to-date: /home/spider/gwpspider_ws/install/gwpspider_interfaces/include/gwpspider_interfaces/gwpspider_interfaces/srv/detail/init_bno__struct.hpp
[3.126s] -- Up-to-date: /home/spider/gwpspider_ws/install/gwpspider_interfaces/include/gwpspider_interfaces/gwpspider_interfaces/srv/detail/move_spider__builder.hpp
[3.126s] -- Up-to-date: /home/spider/gwpspider_ws/install/gwpspider_interfaces/include/gwpspider_interfaces/gwpspider_interfaces/srv/detail/move_leg__builder.hpp
[3.126s] -- Up-to-date: /home/spider/gwpspider_ws/install/gwpspider_interfaces/include/gwpspider_interfaces/gwpspider_interfaces/srv/detail/toggle_controller__struct.hpp
[3.126s] -- Up-to-date: /home/spider/gwpspider_ws/install/gwpspider_interfaces/include/gwpspider_interfaces/gwpspider_interfaces/srv/detail/toggle_motors_torque__builder.hpp
[3.126s] -- Up-to-date: /home/spider/gwpspider_ws/install/gwpspider_interfaces/include/gwpspider_interfaces/gwpspider_interfaces/srv/detail/apply_force_leg__traits.hpp
[3.126s] -- Up-to-date: /home/spider/gwpspider_ws/install/gwpspider_interfaces/include/gwpspider_interfaces/gwpspider_interfaces/srv/detail/apply_force_leg__struct.hpp
[3.126s] -- Up-to-date: /home/spider/gwpspider_ws/install/gwpspider_interfaces/include/gwpspider_interfaces/gwpspider_interfaces/srv/detail/get_modified_walking_instructions__builder.hpp
[3.126s] -- Up-to-date: /home/spider/gwpspider_ws/install/gwpspider_interfaces/include/gwpspider_interfaces/gwpspider_interfaces/srv/detail/reboot_motors__builder.hpp
[3.126s] -- Up-to-date: /home/spider/gwpspider_ws/install/gwpspider_interfaces/include/gwpspider_interfaces/gwpspider_interfaces/srv/detail/toggle_motors_torque__traits.hpp
[3.126s] -- Up-to-date: /home/spider/gwpspider_ws/install/gwpspider_interfaces/include/gwpspider_interfaces/gwpspider_interfaces/srv/detail/move_gripper__struct.hpp
[3.127s] -- Up-to-date: /home/spider/gwpspider_ws/install/gwpspider_interfaces/include/gwpspider_interfaces/gwpspider_interfaces/srv/detail/distribute_forces__struct.hpp
[3.127s] -- Up-to-date: /home/spider/gwpspider_ws/install/gwpspider_interfaces/include/gwpspider_interfaces/gwpspider_interfaces/srv/detail/reboot_motors__traits.hpp
[3.127s] -- Up-to-date: /home/spider/gwpspider_ws/install/gwpspider_interfaces/include/gwpspider_interfaces/gwpspider_interfaces/srv/detail/get_leg_trajectory__struct.hpp
[3.127s] -- Up-to-date: /home/spider/gwpspider_ws/install/gwpspider_interfaces/include/gwpspider_interfaces/gwpspider_interfaces/srv/detail/move_leg__traits.hpp
[3.127s] -- Up-to-date: /home/spider/gwpspider_ws/install/gwpspider_interfaces/include/gwpspider_interfaces/gwpspider_interfaces/srv/detail/get_leg_trajectory__traits.hpp
[3.127s] -- Up-to-date: /home/spider/gwpspider_ws/install/gwpspider_interfaces/include/gwpspider_interfaces/gwpspider_interfaces/srv/detail/move_gripper__builder.hpp
[3.127s] -- Up-to-date: /home/spider/gwpspider_ws/install/gwpspider_interfaces/include/gwpspider_interfaces/gwpspider_interfaces/srv/detail/get_modified_walking_instructions__struct.hpp
[3.127s] -- Up-to-date: /home/spider/gwpspider_ws/install/gwpspider_interfaces/include/gwpspider_interfaces/gwpspider_interfaces/srv/detail/move_spider__struct.hpp
[3.127s] -- Up-to-date: /home/spider/gwpspider_ws/install/gwpspider_interfaces/include/gwpspider_interfaces/gwpspider_interfaces/srv/detail/set_bus_watchdog__builder.hpp
[3.127s] -- Up-to-date: /home/spider/gwpspider_ws/install/gwpspider_interfaces/include/gwpspider_interfaces/gwpspider_interfaces/srv/detail/init_bno__builder.hpp
[3.127s] -- Up-to-date: /home/spider/gwpspider_ws/install/gwpspider_interfaces/include/gwpspider_interfaces/gwpspider_interfaces/srv/detail/get_walking_instructions__builder.hpp
[3.128s] -- Up-to-date: /home/spider/gwpspider_ws/install/gwpspider_interfaces/include/gwpspider_interfaces/gwpspider_interfaces/srv/detail/init_bno__traits.hpp
[3.128s] -- Up-to-date: /home/spider/gwpspider_ws/install/gwpspider_interfaces/include/gwpspider_interfaces/gwpspider_interfaces/srv/detail/set_bus_watchdog__struct.hpp
[3.128s] -- Up-to-date: /home/spider/gwpspider_ws/install/gwpspider_interfaces/include/gwpspider_interfaces/gwpspider_interfaces/srv/detail/reboot_motors__struct.hpp
[3.128s] -- Up-to-date: /home/spider/gwpspider_ws/install/gwpspider_interfaces/include/gwpspider_interfaces/gwpspider_interfaces/srv/detail/distribute_forces__builder.hpp
[3.128s] -- Up-to-date: /home/spider/gwpspider_ws/install/gwpspider_interfaces/include/gwpspider_interfaces/gwpspider_interfaces/srv/detail/get_walking_instructions__traits.hpp
[3.128s] -- Up-to-date: /home/spider/gwpspider_ws/install/gwpspider_interfaces/include/gwpspider_interfaces/gwpspider_interfaces/srv/detail/toggle_motors_torque__struct.hpp
[3.128s] -- Up-to-date: /home/spider/gwpspider_ws/install/gwpspider_interfaces/include/gwpspider_interfaces/gwpspider_interfaces/srv/detail/control_water_pump__traits.hpp
[3.128s] -- Up-to-date: /home/spider/gwpspider_ws/install/gwpspider_interfaces/include/gwpspider_interfaces/gwpspider_interfaces/srv/detail/move_leg__struct.hpp
[3.128s] -- Up-to-date: /home/spider/gwpspider_ws/install/gwpspider_interfaces/include/gwpspider_interfaces/gwpspider_interfaces/srv/detail/toggle_controller__traits.hpp
[3.128s] -- Up-to-date: /home/spider/gwpspider_ws/install/gwpspider_interfaces/include/gwpspider_interfaces/gwpspider_interfaces/srv/detail/get_walking_instructions__struct.hpp
[3.128s] -- Up-to-date: /home/spider/gwpspider_ws/install/gwpspider_interfaces/include/gwpspider_interfaces/gwpspider_interfaces/srv/detail/set_bus_watchdog__traits.hpp
[3.128s] -- Up-to-date: /home/spider/gwpspider_ws/install/gwpspider_interfaces/include/gwpspider_interfaces/gwpspider_interfaces/srv/detail/control_water_pump__builder.hpp
[3.129s] -- Up-to-date: /home/spider/gwpspider_ws/install/gwpspider_interfaces/include/gwpspider_interfaces/gwpspider_interfaces/srv/detail/toggle_controller__builder.hpp
[3.129s] -- Up-to-date: /home/spider/gwpspider_ws/install/gwpspider_interfaces/include/gwpspider_interfaces/gwpspider_interfaces/srv/detail/get_modified_walking_instructions__traits.hpp
[3.129s] -- Up-to-date: /home/spider/gwpspider_ws/install/gwpspider_interfaces/include/gwpspider_interfaces/gwpspider_interfaces/srv/detail/get_leg_trajectory__builder.hpp
[3.129s] -- Up-to-date: /home/spider/gwpspider_ws/install/gwpspider_interfaces/include/gwpspider_interfaces/gwpspider_interfaces/srv/detail/move_spider__traits.hpp
[3.129s] -- Up-to-date: /home/spider/gwpspider_ws/install/gwpspider_interfaces/include/gwpspider_interfaces/gwpspider_interfaces/srv/detail/distribute_forces__traits.hpp
[3.129s] -- Up-to-date: /home/spider/gwpspider_ws/install/gwpspider_interfaces/include/gwpspider_interfaces/gwpspider_interfaces/srv/get_leg_trajectory.hpp
[3.129s] -- Up-to-date: /home/spider/gwpspider_ws/install/gwpspider_interfaces/include/gwpspider_interfaces/gwpspider_interfaces/srv/apply_force_leg.hpp
[3.130s] -- Up-to-date: /home/spider/gwpspider_ws/install/gwpspider_interfaces/include/gwpspider_interfaces/gwpspider_interfaces/srv/toggle_motors_torque.hpp
[3.130s] -- Up-to-date: /home/spider/gwpspider_ws/install/gwpspider_interfaces/include/gwpspider_interfaces/gwpspider_interfaces/srv/move_gripper.hpp
[3.130s] -- Up-to-date: /home/spider/gwpspider_ws/install/gwpspider_interfaces/include/gwpspider_interfaces/gwpspider_interfaces/srv/move_leg.hpp
[3.130s] -- Up-to-date: /home/spider/gwpspider_ws/install/gwpspider_interfaces/include/gwpspider_interfaces/gwpspider_interfaces/srv/move_spider.hpp
[3.130s] -- Up-to-date: /home/spider/gwpspider_ws/install/gwpspider_interfaces/include/gwpspider_interfaces/gwpspider_interfaces/srv/init_bno.hpp
[3.130s] -- Up-to-date: /home/spider/gwpspider_ws/install/gwpspider_interfaces/include/gwpspider_interfaces/gwpspider_interfaces/srv/control_water_pump.hpp
[3.130s] -- Up-to-date: /home/spider/gwpspider_ws/install/gwpspider_interfaces/include/gwpspider_interfaces/gwpspider_interfaces/srv/distribute_forces.hpp
[3.130s] -- Up-to-date: /home/spider/gwpspider_ws/install/gwpspider_interfaces/include/gwpspider_interfaces/gwpspider_interfaces/srv/get_walking_instructions.hpp
[3.130s] -- Up-to-date: /home/spider/gwpspider_ws/install/gwpspider_interfaces/include/gwpspider_interfaces/gwpspider_interfaces/srv/get_modified_walking_instructions.hpp
[3.130s] -- Up-to-date: /home/spider/gwpspider_ws/install/gwpspider_interfaces/include/gwpspider_interfaces/gwpspider_interfaces/msg
[3.130s] -- Up-to-date: /home/spider/gwpspider_ws/install/gwpspider_interfaces/include/gwpspider_interfaces/gwpspider_interfaces/msg/gripper_command.hpp
[3.131s] -- Up-to-date: /home/spider/gwpspider_ws/install/gwpspider_interfaces/include/gwpspider_interfaces/gwpspider_interfaces/msg/walking_instructions.hpp
[3.131s] -- Up-to-date: /home/spider/gwpspider_ws/install/gwpspider_interfaces/include/gwpspider_interfaces/gwpspider_interfaces/msg/detail
[3.131s] -- Up-to-date: /home/spider/gwpspider_ws/install/gwpspider_interfaces/include/gwpspider_interfaces/gwpspider_interfaces/msg/detail/bno_data__traits.hpp
[3.131s] -- Up-to-date: /home/spider/gwpspider_ws/install/gwpspider_interfaces/include/gwpspider_interfaces/gwpspider_interfaces/msg/detail/water_pump_command__struct.hpp
[3.131s] -- Up-to-date: /home/spider/gwpspider_ws/install/gwpspider_interfaces/include/gwpspider_interfaces/gwpspider_interfaces/msg/detail/dynamixel_motors_data__builder.hpp
[3.131s] -- Up-to-date: /home/spider/gwpspider_ws/install/gwpspider_interfaces/include/gwpspider_interfaces/gwpspider_interfaces/msg/detail/dynamixel_motors_data__traits.hpp
[3.131s] -- Up-to-date: /home/spider/gwpspider_ws/install/gwpspider_interfaces/include/gwpspider_interfaces/gwpspider_interfaces/msg/detail/dynamixel_motors_data__struct.hpp
[3.131s] -- Up-to-date: /home/spider/gwpspider_ws/install/gwpspider_interfaces/include/gwpspider_interfaces/gwpspider_interfaces/msg/detail/walking_instructions__struct.hpp
[3.131s] -- Up-to-date: /home/spider/gwpspider_ws/install/gwpspider_interfaces/include/gwpspider_interfaces/gwpspider_interfaces/msg/detail/legs_states__builder.hpp
[3.131s] -- Up-to-date: /home/spider/gwpspider_ws/install/gwpspider_interfaces/include/gwpspider_interfaces/gwpspider_interfaces/msg/detail/gripper_command__traits.hpp
[3.131s] -- Up-to-date: /home/spider/gwpspider_ws/install/gwpspider_interfaces/include/gwpspider_interfaces/gwpspider_interfaces/msg/detail/bno_data__struct.hpp
[3.131s] -- Up-to-date: /home/spider/gwpspider_ws/install/gwpspider_interfaces/include/gwpspider_interfaces/gwpspider_interfaces/msg/detail/gripper_command__struct.hpp
[3.132s] -- Up-to-date: /home/spider/gwpspider_ws/install/gwpspider_interfaces/include/gwpspider_interfaces/gwpspider_interfaces/msg/detail/legs_states__traits.hpp
[3.132s] -- Up-to-date: /home/spider/gwpspider_ws/install/gwpspider_interfaces/include/gwpspider_interfaces/gwpspider_interfaces/msg/detail/walking_instructions__builder.hpp
[3.132s] -- Up-to-date: /home/spider/gwpspider_ws/install/gwpspider_interfaces/include/gwpspider_interfaces/gwpspider_interfaces/msg/detail/bno_data__builder.hpp
[3.132s] -- Up-to-date: /home/spider/gwpspider_ws/install/gwpspider_interfaces/include/gwpspider_interfaces/gwpspider_interfaces/msg/detail/gripper_command__builder.hpp
[3.132s] -- Up-to-date: /home/spider/gwpspider_ws/install/gwpspider_interfaces/include/gwpspider_interfaces/gwpspider_interfaces/msg/detail/leg_trajectory__traits.hpp
[3.132s] -- Up-to-date: /home/spider/gwpspider_ws/install/gwpspider_interfaces/include/gwpspider_interfaces/gwpspider_interfaces/msg/detail/legs_states__struct.hpp
[3.132s] -- Up-to-date: /home/spider/gwpspider_ws/install/gwpspider_interfaces/include/gwpspider_interfaces/gwpspider_interfaces/msg/detail/water_pump_command__traits.hpp
[3.132s] -- Up-to-date: /home/spider/gwpspider_ws/install/gwpspider_interfaces/include/gwpspider_interfaces/gwpspider_interfaces/msg/detail/leg_trajectory__builder.hpp
[3.132s] -- Up-to-date: /home/spider/gwpspider_ws/install/gwpspider_interfaces/include/gwpspider_interfaces/gwpspider_interfaces/msg/detail/leg_trajectory__struct.hpp
[3.132s] -- Up-to-date: /home/spider/gwpspider_ws/install/gwpspider_interfaces/include/gwpspider_interfaces/gwpspider_interfaces/msg/detail/walking_instructions__traits.hpp
[3.132s] -- Up-to-date: /home/spider/gwpspider_ws/install/gwpspider_interfaces/include/gwpspider_interfaces/gwpspider_interfaces/msg/detail/water_pump_command__builder.hpp
[3.132s] -- Up-to-date: /home/spider/gwpspider_ws/install/gwpspider_interfaces/include/gwpspider_interfaces/gwpspider_interfaces/msg/leg_trajectory.hpp
[3.133s] -- Up-to-date: /home/spider/gwpspider_ws/install/gwpspider_interfaces/include/gwpspider_interfaces/gwpspider_interfaces/msg/dynamixel_motors_data.hpp
[3.133s] -- Up-to-date: /home/spider/gwpspider_ws/install/gwpspider_interfaces/include/gwpspider_interfaces/gwpspider_interfaces/msg/bno_data.hpp
[3.133s] -- Up-to-date: /home/spider/gwpspider_ws/install/gwpspider_interfaces/include/gwpspider_interfaces/gwpspider_interfaces/msg/legs_states.hpp
[3.133s] -- Up-to-date: /home/spider/gwpspider_ws/install/gwpspider_interfaces/include/gwpspider_interfaces/gwpspider_interfaces/msg/water_pump_command.hpp
[3.133s] -- Up-to-date: /home/spider/gwpspider_ws/install/gwpspider_interfaces/include/gwpspider_interfaces/gwpspider_interfaces
[3.133s] -- Up-to-date: /home/spider/gwpspider_ws/install/gwpspider_interfaces/include/gwpspider_interfaces/gwpspider_interfaces/srv
[3.133s] -- Up-to-date: /home/spider/gwpspider_ws/install/gwpspider_interfaces/include/gwpspider_interfaces/gwpspider_interfaces/srv/detail
[3.133s] -- Up-to-date: /home/spider/gwpspider_ws/install/gwpspider_interfaces/include/gwpspider_interfaces/gwpspider_interfaces/srv/detail/apply_force_leg__rosidl_typesupport_fastrtps_cpp.hpp
[3.133s] -- Up-to-date: /home/spider/gwpspider_ws/install/gwpspider_interfaces/include/gwpspider_interfaces/gwpspider_interfaces/srv/detail/toggle_motors_torque__rosidl_typesupport_fastrtps_cpp.hpp
[3.133s] -- Up-to-date: /home/spider/gwpspider_ws/install/gwpspider_interfaces/include/gwpspider_interfaces/gwpspider_interfaces/srv/detail/move_gripper__rosidl_typesupport_fastrtps_cpp.hpp
[3.133s] -- Up-to-date: /home/spider/gwpspider_ws/install/gwpspider_interfaces/include/gwpspider_interfaces/gwpspider_interfaces/srv/detail/move_leg__rosidl_typesupport_fastrtps_cpp.hpp
[3.134s] -- Up-to-date: /home/spider/gwpspider_ws/install/gwpspider_interfaces/include/gwpspider_interfaces/gwpspider_interfaces/srv/detail/get_walking_instructions__rosidl_typesupport_fastrtps_cpp.hpp
[3.134s] -- Up-to-date: /home/spider/gwpspider_ws/install/gwpspider_interfaces/include/gwpspider_interfaces/gwpspider_interfaces/srv/detail/init_bno__rosidl_typesupport_fastrtps_cpp.hpp
[3.134s] -- Up-to-date: /home/spider/gwpspider_ws/install/gwpspider_interfaces/include/gwpspider_interfaces/gwpspider_interfaces/srv/detail/distribute_forces__rosidl_typesupport_fastrtps_cpp.hpp
[3.134s] -- Up-to-date: /home/spider/gwpspider_ws/install/gwpspider_interfaces/include/gwpspider_interfaces/gwpspider_interfaces/srv/detail/move_spider__rosidl_typesupport_fastrtps_cpp.hpp
[3.134s] -- Up-to-date: /home/spider/gwpspider_ws/install/gwpspider_interfaces/include/gwpspider_interfaces/gwpspider_interfaces/srv/detail/control_water_pump__rosidl_typesupport_fastrtps_cpp.hpp
[3.134s] -- Up-to-date: /home/spider/gwpspider_ws/install/gwpspider_interfaces/include/gwpspider_interfaces/gwpspider_interfaces/srv/detail/reboot_motors__rosidl_typesupport_fastrtps_cpp.hpp
[3.134s] -- Up-to-date: /home/spider/gwpspider_ws/install/gwpspider_interfaces/include/gwpspider_interfaces/gwpspider_interfaces/srv/detail/set_bus_watchdog__rosidl_typesupport_fastrtps_cpp.hpp
[3.134s] -- Up-to-date: /home/spider/gwpspider_ws/install/gwpspider_interfaces/include/gwpspider_interfaces/gwpspider_interfaces/srv/detail/get_modified_walking_instructions__rosidl_typesupport_fastrtps_cpp.hpp
[3.134s] -- Up-to-date: /home/spider/gwpspider_ws/install/gwpspider_interfaces/include/gwpspider_interfaces/gwpspider_interfaces/srv/detail/dds_fastrtps
[3.134s] -- Up-to-date: /home/spider/gwpspider_ws/install/gwpspider_interfaces/include/gwpspider_interfaces/gwpspider_interfaces/srv/detail/get_leg_trajectory__rosidl_typesupport_fastrtps_cpp.hpp
[3.134s] -- Up-to-date: /home/spider/gwpspider_ws/install/gwpspider_interfaces/include/gwpspider_interfaces/gwpspider_interfaces/srv/detail/toggle_controller__rosidl_typesupport_fastrtps_cpp.hpp
[3.134s] -- Up-to-date: /home/spider/gwpspider_ws/install/gwpspider_interfaces/include/gwpspider_interfaces/gwpspider_interfaces/msg
[3.135s] -- Up-to-date: /home/spider/gwpspider_ws/install/gwpspider_interfaces/include/gwpspider_interfaces/gwpspider_interfaces/msg/rosidl_typesupport_fastrtps_cpp__visibility_control.h
[3.135s] -- Up-to-date: /home/spider/gwpspider_ws/install/gwpspider_interfaces/include/gwpspider_interfaces/gwpspider_interfaces/msg/detail
[3.135s] -- Up-to-date: /home/spider/gwpspider_ws/install/gwpspider_interfaces/include/gwpspider_interfaces/gwpspider_interfaces/msg/detail/dynamixel_motors_data__rosidl_typesupport_fastrtps_cpp.hpp
[3.138s] -- Up-to-date: /home/spider/gwpspider_ws/install/gwpspider_interfaces/include/gwpspider_interfaces/gwpspider_interfaces/msg/detail/legs_states__rosidl_typesupport_fastrtps_cpp.hpp
[3.138s] -- Up-to-date: /home/spider/gwpspider_ws/install/gwpspider_interfaces/include/gwpspider_interfaces/gwpspider_interfaces/msg/detail/walking_instructions__rosidl_typesupport_fastrtps_cpp.hpp
[3.138s] -- Up-to-date: /home/spider/gwpspider_ws/install/gwpspider_interfaces/include/gwpspider_interfaces/gwpspider_interfaces/msg/detail/bno_data__rosidl_typesupport_fastrtps_cpp.hpp
[3.138s] -- Up-to-date: /home/spider/gwpspider_ws/install/gwpspider_interfaces/include/gwpspider_interfaces/gwpspider_interfaces/msg/detail/leg_trajectory__rosidl_typesupport_fastrtps_cpp.hpp
[3.138s] -- Up-to-date: /home/spider/gwpspider_ws/install/gwpspider_interfaces/include/gwpspider_interfaces/gwpspider_interfaces/msg/detail/water_pump_command__rosidl_typesupport_fastrtps_cpp.hpp
[3.139s] -- Up-to-date: /home/spider/gwpspider_ws/install/gwpspider_interfaces/include/gwpspider_interfaces/gwpspider_interfaces/msg/detail/dds_fastrtps
[3.139s] -- Up-to-date: /home/spider/gwpspider_ws/install/gwpspider_interfaces/include/gwpspider_interfaces/gwpspider_interfaces/msg/detail/gripper_command__rosidl_typesupport_fastrtps_cpp.hpp
[3.139s] -- Up-to-date: /home/spider/gwpspider_ws/install/gwpspider_interfaces/lib/libgwpspider_interfaces__rosidl_typesupport_fastrtps_cpp.so
[3.139s] -- Up-to-date: /home/spider/gwpspider_ws/install/gwpspider_interfaces/include/gwpspider_interfaces/gwpspider_interfaces
[3.139s] -- Up-to-date: /home/spider/gwpspider_ws/install/gwpspider_interfaces/include/gwpspider_interfaces/gwpspider_interfaces/srv
[3.139s] -- Up-to-date: /home/spider/gwpspider_ws/install/gwpspider_interfaces/include/gwpspider_interfaces/gwpspider_interfaces/srv/detail
[3.139s] -- Up-to-date: /home/spider/gwpspider_ws/install/gwpspider_interfaces/include/gwpspider_interfaces/gwpspider_interfaces/srv/detail/reboot_motors__type_support.cpp
[3.139s] -- Up-to-date: /home/spider/gwpspider_ws/install/gwpspider_interfaces/include/gwpspider_interfaces/gwpspider_interfaces/srv/detail/move_leg__rosidl_typesupport_introspection_cpp.hpp
[3.139s] -- Up-to-date: /home/spider/gwpspider_ws/install/gwpspider_interfaces/include/gwpspider_interfaces/gwpspider_interfaces/srv/detail/init_bno__type_support.cpp
[3.139s] -- Up-to-date: /home/spider/gwpspider_ws/install/gwpspider_interfaces/include/gwpspider_interfaces/gwpspider_interfaces/srv/detail/apply_force_leg__rosidl_typesupport_introspection_cpp.hpp
[3.139s] -- Up-to-date: /home/spider/gwpspider_ws/install/gwpspider_interfaces/include/gwpspider_interfaces/gwpspider_interfaces/srv/detail/get_modified_walking_instructions__rosidl_typesupport_introspection_cpp.hpp
[3.139s] -- Up-to-date: /home/spider/gwpspider_ws/install/gwpspider_interfaces/include/gwpspider_interfaces/gwpspider_interfaces/srv/detail/move_gripper__rosidl_typesupport_introspection_cpp.hpp
[3.140s] -- Up-to-date: /home/spider/gwpspider_ws/install/gwpspider_interfaces/include/gwpspider_interfaces/gwpspider_interfaces/srv/detail/apply_force_leg__type_support.cpp
[3.140s] -- Up-to-date: /home/spider/gwpspider_ws/install/gwpspider_interfaces/include/gwpspider_interfaces/gwpspider_interfaces/srv/detail/move_leg__type_support.cpp
[3.140s] -- Up-to-date: /home/spider/gwpspider_ws/install/gwpspider_interfaces/include/gwpspider_interfaces/gwpspider_interfaces/srv/detail/set_bus_watchdog__type_support.cpp
[3.140s] -- Up-to-date: /home/spider/gwpspider_ws/install/gwpspider_interfaces/include/gwpspider_interfaces/gwpspider_interfaces/srv/detail/reboot_motors__rosidl_typesupport_introspection_cpp.hpp
[3.140s] -- Up-to-date: /home/spider/gwpspider_ws/install/gwpspider_interfaces/include/gwpspider_interfaces/gwpspider_interfaces/srv/detail/toggle_controller__type_support.cpp
[3.140s] -- Up-to-date: /home/spider/gwpspider_ws/install/gwpspider_interfaces/include/gwpspider_interfaces/gwpspider_interfaces/srv/detail/control_water_pump__rosidl_typesupport_introspection_cpp.hpp
[3.140s] -- Up-to-date: /home/spider/gwpspider_ws/install/gwpspider_interfaces/include/gwpspider_interfaces/gwpspider_interfaces/srv/detail/toggle_controller__rosidl_typesupport_introspection_cpp.hpp
[3.140s] -- Up-to-date: /home/spider/gwpspider_ws/install/gwpspider_interfaces/include/gwpspider_interfaces/gwpspider_interfaces/srv/detail/get_leg_trajectory__type_support.cpp
[3.140s] -- Up-to-date: /home/spider/gwpspider_ws/install/gwpspider_interfaces/include/gwpspider_interfaces/gwpspider_interfaces/srv/detail/init_bno__rosidl_typesupport_introspection_cpp.hpp
[3.140s] -- Up-to-date: /home/spider/gwpspider_ws/install/gwpspider_interfaces/include/gwpspider_interfaces/gwpspider_interfaces/srv/detail/get_leg_trajectory__rosidl_typesupport_introspection_cpp.hpp
[3.140s] -- Up-to-date: /home/spider/gwpspider_ws/install/gwpspider_interfaces/include/gwpspider_interfaces/gwpspider_interfaces/srv/detail/control_water_pump__type_support.cpp
[3.141s] -- Up-to-date: /home/spider/gwpspider_ws/install/gwpspider_interfaces/include/gwpspider_interfaces/gwpspider_interfaces/srv/detail/toggle_motors_torque__type_support.cpp
[3.141s] -- Up-to-date: /home/spider/gwpspider_ws/install/gwpspider_interfaces/include/gwpspider_interfaces/gwpspider_interfaces/srv/detail/distribute_forces__rosidl_typesupport_introspection_cpp.hpp
[3.141s] -- Up-to-date: /home/spider/gwpspider_ws/install/gwpspider_interfaces/include/gwpspider_interfaces/gwpspider_interfaces/srv/detail/move_spider__rosidl_typesupport_introspection_cpp.hpp
[3.141s] -- Up-to-date: /home/spider/gwpspider_ws/install/gwpspider_interfaces/include/gwpspider_interfaces/gwpspider_interfaces/srv/detail/set_bus_watchdog__rosidl_typesupport_introspection_cpp.hpp
[3.141s] -- Up-to-date: /home/spider/gwpspider_ws/install/gwpspider_interfaces/include/gwpspider_interfaces/gwpspider_interfaces/srv/detail/move_spider__type_support.cpp
[3.141s] -- Up-to-date: /home/spider/gwpspider_ws/install/gwpspider_interfaces/include/gwpspider_interfaces/gwpspider_interfaces/srv/detail/move_gripper__type_support.cpp
[3.141s] -- Up-to-date: /home/spider/gwpspider_ws/install/gwpspider_interfaces/include/gwpspider_interfaces/gwpspider_interfaces/srv/detail/distribute_forces__type_support.cpp
[3.141s] -- Up-to-date: /home/spider/gwpspider_ws/install/gwpspider_interfaces/include/gwpspider_interfaces/gwpspider_interfaces/srv/detail/get_modified_walking_instructions__type_support.cpp
[3.141s] -- Up-to-date: /home/spider/gwpspider_ws/install/gwpspider_interfaces/include/gwpspider_interfaces/gwpspider_interfaces/srv/detail/toggle_motors_torque__rosidl_typesupport_introspection_cpp.hpp
[3.141s] -- Up-to-date: /home/spider/gwpspider_ws/install/gwpspider_interfaces/include/gwpspider_interfaces/gwpspider_interfaces/srv/detail/get_walking_instructions__type_support.cpp
[3.141s] -- Up-to-date: /home/spider/gwpspider_ws/install/gwpspider_interfaces/include/gwpspider_interfaces/gwpspider_interfaces/srv/detail/get_walking_instructions__rosidl_typesupport_introspection_cpp.hpp
[3.141s] -- Up-to-date: /home/spider/gwpspider_ws/install/gwpspider_interfaces/include/gwpspider_interfaces/gwpspider_interfaces/msg
[3.142s] -- Up-to-date: /home/spider/gwpspider_ws/install/gwpspider_interfaces/include/gwpspider_interfaces/gwpspider_interfaces/msg/detail
[3.142s] -- Up-to-date: /home/spider/gwpspider_ws/install/gwpspider_interfaces/include/gwpspider_interfaces/gwpspider_interfaces/msg/detail/legs_states__rosidl_typesupport_introspection_cpp.hpp
[3.142s] -- Up-to-date: /home/spider/gwpspider_ws/install/gwpspider_interfaces/include/gwpspider_interfaces/gwpspider_interfaces/msg/detail/walking_instructions__type_support.cpp
[3.142s] -- Up-to-date: /home/spider/gwpspider_ws/install/gwpspider_interfaces/include/gwpspider_interfaces/gwpspider_interfaces/msg/detail/bno_data__type_support.cpp
[3.142s] -- Up-to-date: /home/spider/gwpspider_ws/install/gwpspider_interfaces/include/gwpspider_interfaces/gwpspider_interfaces/msg/detail/gripper_command__type_support.cpp
[3.142s] -- Up-to-date: /home/spider/gwpspider_ws/install/gwpspider_interfaces/include/gwpspider_interfaces/gwpspider_interfaces/msg/detail/dynamixel_motors_data__type_support.cpp
[3.142s] -- Up-to-date: /home/spider/gwpspider_ws/install/gwpspider_interfaces/include/gwpspider_interfaces/gwpspider_interfaces/msg/detail/dynamixel_motors_data__rosidl_typesupport_introspection_cpp.hpp
[3.142s] -- Up-to-date: /home/spider/gwpspider_ws/install/gwpspider_interfaces/include/gwpspider_interfaces/gwpspider_interfaces/msg/detail/gripper_command__rosidl_typesupport_introspection_cpp.hpp
[3.142s] -- Up-to-date: /home/spider/gwpspider_ws/install/gwpspider_interfaces/include/gwpspider_interfaces/gwpspider_interfaces/msg/detail/water_pump_command__rosidl_typesupport_introspection_cpp.hpp
[3.142s] -- Up-to-date: /home/spider/gwpspider_ws/install/gwpspider_interfaces/include/gwpspider_interfaces/gwpspider_interfaces/msg/detail/leg_trajectory__type_support.cpp
[3.142s] -- Up-to-date: /home/spider/gwpspider_ws/install/gwpspider_interfaces/include/gwpspider_interfaces/gwpspider_interfaces/msg/detail/leg_trajectory__rosidl_typesupport_introspection_cpp.hpp
[3.142s] -- Up-to-date: /home/spider/gwpspider_ws/install/gwpspider_interfaces/include/gwpspider_interfaces/gwpspider_interfaces/msg/detail/bno_data__rosidl_typesupport_introspection_cpp.hpp
[3.143s] -- Up-to-date: /home/spider/gwpspider_ws/install/gwpspider_interfaces/include/gwpspider_interfaces/gwpspider_interfaces/msg/detail/walking_instructions__rosidl_typesupport_introspection_cpp.hpp
[3.143s] -- Up-to-date: /home/spider/gwpspider_ws/install/gwpspider_interfaces/include/gwpspider_interfaces/gwpspider_interfaces/msg/detail/water_pump_command__type_support.cpp
[3.143s] -- Up-to-date: /home/spider/gwpspider_ws/install/gwpspider_interfaces/include/gwpspider_interfaces/gwpspider_interfaces/msg/detail/legs_states__type_support.cpp
[3.143s] -- Up-to-date: /home/spider/gwpspider_ws/install/gwpspider_interfaces/lib/libgwpspider_interfaces__rosidl_typesupport_introspection_cpp.so
[3.143s] -- Up-to-date: /home/spider/gwpspider_ws/install/gwpspider_interfaces/lib/libgwpspider_interfaces__rosidl_typesupport_cpp.so
[3.143s] -- Up-to-date: /home/spider/gwpspider_ws/install/gwpspider_interfaces/share/gwpspider_interfaces/environment/pythonpath.sh
[3.143s] -- Up-to-date: /home/spider/gwpspider_ws/install/gwpspider_interfaces/share/gwpspider_interfaces/environment/pythonpath.dsv
[3.143s] -- Up-to-date: /home/spider/gwpspider_ws/install/gwpspider_interfaces/local/lib/python3.10/dist-packages/gwpspider_interfaces-0.0.0-py3.10.egg-info
[3.143s] -- Installing: /home/spider/gwpspider_ws/install/gwpspider_interfaces/local/lib/python3.10/dist-packages/gwpspider_interfaces-0.0.0-py3.10.egg-info/dependency_links.txt
[3.143s] -- Installing: /home/spider/gwpspider_ws/install/gwpspider_interfaces/local/lib/python3.10/dist-packages/gwpspider_interfaces-0.0.0-py3.10.egg-info/top_level.txt
[3.143s] -- Installing: /home/spider/gwpspider_ws/install/gwpspider_interfaces/local/lib/python3.10/dist-packages/gwpspider_interfaces-0.0.0-py3.10.egg-info/SOURCES.txt
[3.144s] -- Installing: /home/spider/gwpspider_ws/install/gwpspider_interfaces/local/lib/python3.10/dist-packages/gwpspider_interfaces-0.0.0-py3.10.egg-info/PKG-INFO
[3.144s] -- Up-to-date: /home/spider/gwpspider_ws/install/gwpspider_interfaces/local/lib/python3.10/dist-packages/gwpspider_interfaces
[3.144s] -- Up-to-date: /home/spider/gwpspider_ws/install/gwpspider_interfaces/local/lib/python3.10/dist-packages/gwpspider_interfaces/_gwpspider_interfaces_s.ep.rosidl_typesupport_c.c
[3.144s] -- Up-to-date: /home/spider/gwpspider_ws/install/gwpspider_interfaces/local/lib/python3.10/dist-packages/gwpspider_interfaces/_gwpspider_interfaces_s.ep.rosidl_typesupport_fastrtps_c.c
[3.144s] -- Up-to-date: /home/spider/gwpspider_ws/install/gwpspider_interfaces/local/lib/python3.10/dist-packages/gwpspider_interfaces/libgwpspider_interfaces__rosidl_generator_py.so
[3.144s] -- Up-to-date: /home/spider/gwpspider_ws/install/gwpspider_interfaces/local/lib/python3.10/dist-packages/gwpspider_interfaces/gwpspider_interfaces_s__rosidl_typesupport_fastrtps_c.cpython-310-x86_64-linux-gnu.so
[3.144s] -- Up-to-date: /home/spider/gwpspider_ws/install/gwpspider_interfaces/local/lib/python3.10/dist-packages/gwpspider_interfaces/_gwpspider_interfaces_s.ep.rosidl_typesupport_introspection_c.c
[3.144s] -- Up-to-date: /home/spider/gwpspider_ws/install/gwpspider_interfaces/local/lib/python3.10/dist-packages/gwpspider_interfaces/__init__.py
[3.144s] -- Up-to-date: /home/spider/gwpspider_ws/install/gwpspider_interfaces/local/lib/python3.10/dist-packages/gwpspider_interfaces/srv
[3.144s] -- Up-to-date: /home/spider/gwpspider_ws/install/gwpspider_interfaces/local/lib/python3.10/dist-packages/gwpspider_interfaces/srv/_distribute_forces_s.c
[3.144s] -- Up-to-date: /home/spider/gwpspider_ws/install/gwpspider_interfaces/local/lib/python3.10/dist-packages/gwpspider_interfaces/srv/_move_leg.py
[3.145s] -- Up-to-date: /home/spider/gwpspider_ws/install/gwpspider_interfaces/local/lib/python3.10/dist-packages/gwpspider_interfaces/srv/_toggle_motors_torque.py
[3.145s] -- Up-to-date: /home/spider/gwpspider_ws/install/gwpspider_interfaces/local/lib/python3.10/dist-packages/gwpspider_interfaces/srv/_toggle_controller.py
[3.145s] -- Up-to-date: /home/spider/gwpspider_ws/install/gwpspider_interfaces/local/lib/python3.10/dist-packages/gwpspider_interfaces/srv/_reboot_motors.py
[3.145s] -- Up-to-date: /home/spider/gwpspider_ws/install/gwpspider_interfaces/local/lib/python3.10/dist-packages/gwpspider_interfaces/srv/_set_bus_watchdog.py
[3.145s] -- Up-to-date: /home/spider/gwpspider_ws/install/gwpspider_interfaces/local/lib/python3.10/dist-packages/gwpspider_interfaces/srv/_init_bno.py
[3.145s] -- Up-to-date: /home/spider/gwpspider_ws/install/gwpspider_interfaces/local/lib/python3.10/dist-packages/gwpspider_interfaces/srv/_move_spider.py
[3.145s] -- Up-to-date: /home/spider/gwpspider_ws/install/gwpspider_interfaces/local/lib/python3.10/dist-packages/gwpspider_interfaces/srv/_control_water_pump.py
[3.145s] -- Up-to-date: /home/spider/gwpspider_ws/install/gwpspider_interfaces/local/lib/python3.10/dist-packages/gwpspider_interfaces/srv/_move_spider_s.c
[3.145s] -- Up-to-date: /home/spider/gwpspider_ws/install/gwpspider_interfaces/local/lib/python3.10/dist-packages/gwpspider_interfaces/srv/_distribute_forces.py
[3.145s] -- Up-to-date: /home/spider/gwpspider_ws/install/gwpspider_interfaces/local/lib/python3.10/dist-packages/gwpspider_interfaces/srv/_move_gripper_s.c
[3.145s] -- Up-to-date: /home/spider/gwpspider_ws/install/gwpspider_interfaces/local/lib/python3.10/dist-packages/gwpspider_interfaces/srv/_reboot_motors_s.c
[3.145s] -- Up-to-date: /home/spider/gwpspider_ws/install/gwpspider_interfaces/local/lib/python3.10/dist-packages/gwpspider_interfaces/srv/__init__.py
[3.146s] -- Up-to-date: /home/spider/gwpspider_ws/install/gwpspider_interfaces/local/lib/python3.10/dist-packages/gwpspider_interfaces/srv/_set_bus_watchdog_s.c
[3.146s] -- Up-to-date: /home/spider/gwpspider_ws/install/gwpspider_interfaces/local/lib/python3.10/dist-packages/gwpspider_interfaces/srv/_get_leg_trajectory_s.c
[3.146s] -- Up-to-date: /home/spider/gwpspider_ws/install/gwpspider_interfaces/local/lib/python3.10/dist-packages/gwpspider_interfaces/srv/_get_walking_instructions.py
[3.146s] -- Up-to-date: /home/spider/gwpspider_ws/install/gwpspider_interfaces/local/lib/python3.10/dist-packages/gwpspider_interfaces/srv/_init_bno_s.c
[3.146s] -- Up-to-date: /home/spider/gwpspider_ws/install/gwpspider_interfaces/local/lib/python3.10/dist-packages/gwpspider_interfaces/srv/_move_gripper.py
[3.146s] -- Up-to-date: /home/spider/gwpspider_ws/install/gwpspider_interfaces/local/lib/python3.10/dist-packages/gwpspider_interfaces/srv/_apply_force_leg_s.c
[3.146s] -- Up-to-date: /home/spider/gwpspider_ws/install/gwpspider_interfaces/local/lib/python3.10/dist-packages/gwpspider_interfaces/srv/_toggle_motors_torque_s.c
[3.146s] -- Up-to-date: /home/spider/gwpspider_ws/install/gwpspider_interfaces/local/lib/python3.10/dist-packages/gwpspider_interfaces/srv/_get_modified_walking_instructions_s.c
[3.146s] -- Up-to-date: /home/spider/gwpspider_ws/install/gwpspider_interfaces/local/lib/python3.10/dist-packages/gwpspider_interfaces/srv/_apply_force_leg.py
[3.146s] -- Up-to-date: /home/spider/gwpspider_ws/install/gwpspider_interfaces/local/lib/python3.10/dist-packages/gwpspider_interfaces/srv/_get_leg_trajectory.py
[3.146s] -- Up-to-date: /home/spider/gwpspider_ws/install/gwpspider_interfaces/local/lib/python3.10/dist-packages/gwpspider_interfaces/srv/_toggle_controller_s.c
[3.146s] -- Up-to-date: /home/spider/gwpspider_ws/install/gwpspider_interfaces/local/lib/python3.10/dist-packages/gwpspider_interfaces/srv/_move_leg_s.c
[3.147s] -- Up-to-date: /home/spider/gwpspider_ws/install/gwpspider_interfaces/local/lib/python3.10/dist-packages/gwpspider_interfaces/srv/_control_water_pump_s.c
[3.147s] -- Up-to-date: /home/spider/gwpspider_ws/install/gwpspider_interfaces/local/lib/python3.10/dist-packages/gwpspider_interfaces/srv/_get_modified_walking_instructions.py
[3.147s] -- Up-to-date: /home/spider/gwpspider_ws/install/gwpspider_interfaces/local/lib/python3.10/dist-packages/gwpspider_interfaces/srv/_get_walking_instructions_s.c
[3.147s] -- Up-to-date: /home/spider/gwpspider_ws/install/gwpspider_interfaces/local/lib/python3.10/dist-packages/gwpspider_interfaces/gwpspider_interfaces_s__rosidl_typesupport_introspection_c.cpython-310-x86_64-linux-gnu.so
[3.147s] -- Up-to-date: /home/spider/gwpspider_ws/install/gwpspider_interfaces/local/lib/python3.10/dist-packages/gwpspider_interfaces/gwpspider_interfaces_s__rosidl_typesupport_c.cpython-310-x86_64-linux-gnu.so
[3.147s] -- Up-to-date: /home/spider/gwpspider_ws/install/gwpspider_interfaces/local/lib/python3.10/dist-packages/gwpspider_interfaces/msg
[3.147s] -- Up-to-date: /home/spider/gwpspider_ws/install/gwpspider_interfaces/local/lib/python3.10/dist-packages/gwpspider_interfaces/msg/_bno_data.py
[3.147s] -- Up-to-date: /home/spider/gwpspider_ws/install/gwpspider_interfaces/local/lib/python3.10/dist-packages/gwpspider_interfaces/msg/_leg_trajectory_s.c
[3.147s] -- Up-to-date: /home/spider/gwpspider_ws/install/gwpspider_interfaces/local/lib/python3.10/dist-packages/gwpspider_interfaces/msg/_bno_data_s.c
[3.147s] -- Up-to-date: /home/spider/gwpspider_ws/install/gwpspider_interfaces/local/lib/python3.10/dist-packages/gwpspider_interfaces/msg/_gripper_command.py
[3.147s] -- Up-to-date: /home/spider/gwpspider_ws/install/gwpspider_interfaces/local/lib/python3.10/dist-packages/gwpspider_interfaces/msg/_legs_states.py
[3.148s] -- Up-to-date: /home/spider/gwpspider_ws/install/gwpspider_interfaces/local/lib/python3.10/dist-packages/gwpspider_interfaces/msg/_dynamixel_motors_data_s.c
[3.148s] -- Up-to-date: /home/spider/gwpspider_ws/install/gwpspider_interfaces/local/lib/python3.10/dist-packages/gwpspider_interfaces/msg/_legs_states_s.c
[3.148s] -- Up-to-date: /home/spider/gwpspider_ws/install/gwpspider_interfaces/local/lib/python3.10/dist-packages/gwpspider_interfaces/msg/_leg_trajectory.py
[3.148s] -- Up-to-date: /home/spider/gwpspider_ws/install/gwpspider_interfaces/local/lib/python3.10/dist-packages/gwpspider_interfaces/msg/_water_pump_command_s.c
[3.148s] -- Up-to-date: /home/spider/gwpspider_ws/install/gwpspider_interfaces/local/lib/python3.10/dist-packages/gwpspider_interfaces/msg/_water_pump_command.py
[3.148s] -- Up-to-date: /home/spider/gwpspider_ws/install/gwpspider_interfaces/local/lib/python3.10/dist-packages/gwpspider_interfaces/msg/_dynamixel_motors_data.py
[3.148s] -- Up-to-date: /home/spider/gwpspider_ws/install/gwpspider_interfaces/local/lib/python3.10/dist-packages/gwpspider_interfaces/msg/_walking_instructions.py
[3.148s] -- Up-to-date: /home/spider/gwpspider_ws/install/gwpspider_interfaces/local/lib/python3.10/dist-packages/gwpspider_interfaces/msg/__init__.py
[3.148s] -- Up-to-date: /home/spider/gwpspider_ws/install/gwpspider_interfaces/local/lib/python3.10/dist-packages/gwpspider_interfaces/msg/_walking_instructions_s.c
[3.148s] -- Up-to-date: /home/spider/gwpspider_ws/install/gwpspider_interfaces/local/lib/python3.10/dist-packages/gwpspider_interfaces/msg/_gripper_command_s.c
[3.175s] Listing '/home/spider/gwpspider_ws/install/gwpspider_interfaces/local/lib/python3.10/dist-packages/gwpspider_interfaces'...
[3.175s] Listing '/home/spider/gwpspider_ws/install/gwpspider_interfaces/local/lib/python3.10/dist-packages/gwpspider_interfaces/msg'...
[3.175s] Listing '/home/spider/gwpspider_ws/install/gwpspider_interfaces/local/lib/python3.10/dist-packages/gwpspider_interfaces/srv'...
[3.180s] -- Up-to-date: /home/spider/gwpspider_ws/install/gwpspider_interfaces/local/lib/python3.10/dist-packages/gwpspider_interfaces/gwpspider_interfaces_s__rosidl_typesupport_fastrtps_c.cpython-310-x86_64-linux-gnu.so
[3.180s] -- Up-to-date: /home/spider/gwpspider_ws/install/gwpspider_interfaces/local/lib/python3.10/dist-packages/gwpspider_interfaces/gwpspider_interfaces_s__rosidl_typesupport_introspection_c.cpython-310-x86_64-linux-gnu.so
[3.181s] -- Up-to-date: /home/spider/gwpspider_ws/install/gwpspider_interfaces/local/lib/python3.10/dist-packages/gwpspider_interfaces/gwpspider_interfaces_s__rosidl_typesupport_c.cpython-310-x86_64-linux-gnu.so
[3.181s] -- Up-to-date: /home/spider/gwpspider_ws/install/gwpspider_interfaces/lib/libgwpspider_interfaces__rosidl_generator_py.so
[3.181s] -- Up-to-date: /home/spider/gwpspider_ws/install/gwpspider_interfaces/share/gwpspider_interfaces/msg/GripperCommand.idl
[3.181s] -- Up-to-date: /home/spider/gwpspider_ws/install/gwpspider_interfaces/share/gwpspider_interfaces/msg/WaterPumpCommand.idl
[3.181s] -- Up-to-date: /home/spider/gwpspider_ws/install/gwpspider_interfaces/share/gwpspider_interfaces/msg/BnoData.idl
[3.182s] -- Up-to-date: /home/spider/gwpspider_ws/install/gwpspider_interfaces/share/gwpspider_interfaces/msg/DynamixelMotorsData.idl
[3.182s] -- Up-to-date: /home/spider/gwpspider_ws/install/gwpspider_interfaces/share/gwpspider_interfaces/msg/WalkingInstructions.idl
[3.182s] -- Up-to-date: /home/spider/gwpspider_ws/install/gwpspider_interfaces/share/gwpspider_interfaces/msg/LegTrajectory.idl
[3.182s] -- Up-to-date: /home/spider/gwpspider_ws/install/gwpspider_interfaces/share/gwpspider_interfaces/msg/LegsStates.idl
[3.182s] -- Up-to-date: /home/spider/gwpspider_ws/install/gwpspider_interfaces/share/gwpspider_interfaces/srv/MoveGripper.idl
[3.182s] -- Up-to-date: /home/spider/gwpspider_ws/install/gwpspider_interfaces/share/gwpspider_interfaces/srv/ControlWaterPump.idl
[3.182s] -- Up-to-date: /home/spider/gwpspider_ws/install/gwpspider_interfaces/share/gwpspider_interfaces/srv/InitBno.idl
[3.183s] -- Up-to-date: /home/spider/gwpspider_ws/install/gwpspider_interfaces/share/gwpspider_interfaces/srv/ToggleMotorsTorque.idl
[3.183s] -- Up-to-date: /home/spider/gwpspider_ws/install/gwpspider_interfaces/share/gwpspider_interfaces/srv/SetBusWatchdog.idl
[3.184s] -- Up-to-date: /home/spider/gwpspider_ws/install/gwpspider_interfaces/share/gwpspider_interfaces/srv/GetWalkingInstructions.idl
[3.184s] -- Up-to-date: /home/spider/gwpspider_ws/install/gwpspider_interfaces/share/gwpspider_interfaces/srv/GetModifiedWalkingInstructions.idl
[3.184s] -- Up-to-date: /home/spider/gwpspider_ws/install/gwpspider_interfaces/share/gwpspider_interfaces/srv/GetLegTrajectory.idl
[3.184s] -- Up-to-date: /home/spider/gwpspider_ws/install/gwpspider_interfaces/share/gwpspider_interfaces/srv/RebootMotors.idl
[3.184s] -- Up-to-date: /home/spider/gwpspider_ws/install/gwpspider_interfaces/share/gwpspider_interfaces/srv/MoveLeg.idl
[3.184s] -- Up-to-date: /home/spider/gwpspider_ws/install/gwpspider_interfaces/share/gwpspider_interfaces/srv/MoveSpider.idl
[3.184s] -- Up-to-date: /home/spider/gwpspider_ws/install/gwpspider_interfaces/share/gwpspider_interfaces/srv/ToggleController.idl
[3.185s] -- Up-to-date: /home/spider/gwpspider_ws/install/gwpspider_interfaces/share/gwpspider_interfaces/srv/DistributeForces.idl
[3.185s] -- Up-to-date: /home/spider/gwpspider_ws/install/gwpspider_interfaces/share/gwpspider_interfaces/srv/ApplyForceLeg.idl
[3.185s] -- Up-to-date: /home/spider/gwpspider_ws/install/gwpspider_interfaces/share/gwpspider_interfaces/msg/GripperCommand.msg
[3.185s] -- Up-to-date: /home/spider/gwpspider_ws/install/gwpspider_interfaces/share/gwpspider_interfaces/msg/WaterPumpCommand.msg
[3.185s] -- Up-to-date: /home/spider/gwpspider_ws/install/gwpspider_interfaces/share/gwpspider_interfaces/msg/BnoData.msg
[3.185s] -- Up-to-date: /home/spider/gwpspider_ws/install/gwpspider_interfaces/share/gwpspider_interfaces/msg/DynamixelMotorsData.msg
[3.185s] -- Up-to-date: /home/spider/gwpspider_ws/install/gwpspider_interfaces/share/gwpspider_interfaces/msg/WalkingInstructions.msg
[3.185s] -- Up-to-date: /home/spider/gwpspider_ws/install/gwpspider_interfaces/share/gwpspider_interfaces/msg/LegTrajectory.msg
[3.186s] -- Up-to-date: /home/spider/gwpspider_ws/install/gwpspider_interfaces/share/gwpspider_interfaces/msg/LegsStates.msg
[3.186s] -- Up-to-date: /home/spider/gwpspider_ws/install/gwpspider_interfaces/share/gwpspider_interfaces/srv/MoveGripper.srv
[3.186s] -- Up-to-date: /home/spider/gwpspider_ws/install/gwpspider_interfaces/share/gwpspider_interfaces/srv/MoveGripper_Request.msg
[3.186s] -- Up-to-date: /home/spider/gwpspider_ws/install/gwpspider_interfaces/share/gwpspider_interfaces/srv/MoveGripper_Response.msg
[3.186s] -- Up-to-date: /home/spider/gwpspider_ws/install/gwpspider_interfaces/share/gwpspider_interfaces/srv/ControlWaterPump.srv
[3.186s] -- Up-to-date: /home/spider/gwpspider_ws/install/gwpspider_interfaces/share/gwpspider_interfaces/srv/ControlWaterPump_Request.msg
[3.186s] -- Up-to-date: /home/spider/gwpspider_ws/install/gwpspider_interfaces/share/gwpspider_interfaces/srv/ControlWaterPump_Response.msg
[3.186s] -- Up-to-date: /home/spider/gwpspider_ws/install/gwpspider_interfaces/share/gwpspider_interfaces/srv/InitBno.srv
[3.187s] -- Up-to-date: /home/spider/gwpspider_ws/install/gwpspider_interfaces/share/gwpspider_interfaces/srv/InitBno_Request.msg
[3.187s] -- Up-to-date: /home/spider/gwpspider_ws/install/gwpspider_interfaces/share/gwpspider_interfaces/srv/InitBno_Response.msg
[3.187s] -- Up-to-date: /home/spider/gwpspider_ws/install/gwpspider_interfaces/share/gwpspider_interfaces/srv/ToggleMotorsTorque.srv
[3.187s] -- Up-to-date: /home/spider/gwpspider_ws/install/gwpspider_interfaces/share/gwpspider_interfaces/srv/ToggleMotorsTorque_Request.msg
[3.187s] -- Up-to-date: /home/spider/gwpspider_ws/install/gwpspider_interfaces/share/gwpspider_interfaces/srv/ToggleMotorsTorque_Response.msg
[3.187s] -- Up-to-date: /home/spider/gwpspider_ws/install/gwpspider_interfaces/share/gwpspider_interfaces/srv/SetBusWatchdog.srv
[3.188s] -- Up-to-date: /home/spider/gwpspider_ws/install/gwpspider_interfaces/share/gwpspider_interfaces/srv/SetBusWatchdog_Request.msg
[3.188s] -- Up-to-date: /home/spider/gwpspider_ws/install/gwpspider_interfaces/share/gwpspider_interfaces/srv/SetBusWatchdog_Response.msg
[3.188s] -- Up-to-date: /home/spider/gwpspider_ws/install/gwpspider_interfaces/share/gwpspider_interfaces/srv/GetWalkingInstructions.srv
[3.188s] -- Up-to-date: /home/spider/gwpspider_ws/install/gwpspider_interfaces/share/gwpspider_interfaces/srv/GetWalkingInstructions_Request.msg
[3.188s] -- Up-to-date: /home/spider/gwpspider_ws/install/gwpspider_interfaces/share/gwpspider_interfaces/srv/GetWalkingInstructions_Response.msg
[3.188s] -- Up-to-date: /home/spider/gwpspider_ws/install/gwpspider_interfaces/share/gwpspider_interfaces/srv/GetModifiedWalkingInstructions.srv
[3.188s] -- Up-to-date: /home/spider/gwpspider_ws/install/gwpspider_interfaces/share/gwpspider_interfaces/srv/GetModifiedWalkingInstructions_Request.msg
[3.188s] -- Up-to-date: /home/spider/gwpspider_ws/install/gwpspider_interfaces/share/gwpspider_interfaces/srv/GetModifiedWalkingInstructions_Response.msg
[3.189s] -- Up-to-date: /home/spider/gwpspider_ws/install/gwpspider_interfaces/share/gwpspider_interfaces/srv/GetLegTrajectory.srv
[3.189s] -- Up-to-date: /home/spider/gwpspider_ws/install/gwpspider_interfaces/share/gwpspider_interfaces/srv/GetLegTrajectory_Request.msg
[3.189s] -- Up-to-date: /home/spider/gwpspider_ws/install/gwpspider_interfaces/share/gwpspider_interfaces/srv/GetLegTrajectory_Response.msg
[3.189s] -- Up-to-date: /home/spider/gwpspider_ws/install/gwpspider_interfaces/share/gwpspider_interfaces/srv/RebootMotors.srv
[3.189s] -- Up-to-date: /home/spider/gwpspider_ws/install/gwpspider_interfaces/share/gwpspider_interfaces/srv/RebootMotors_Request.msg
[3.189s] -- Up-to-date: /home/spider/gwpspider_ws/install/gwpspider_interfaces/share/gwpspider_interfaces/srv/RebootMotors_Response.msg
[3.189s] -- Up-to-date: /home/spider/gwpspider_ws/install/gwpspider_interfaces/share/gwpspider_interfaces/srv/MoveLeg.srv
[3.189s] -- Up-to-date: /home/spider/gwpspider_ws/install/gwpspider_interfaces/share/gwpspider_interfaces/srv/MoveLeg_Request.msg
[3.189s] -- Up-to-date: /home/spider/gwpspider_ws/install/gwpspider_interfaces/share/gwpspider_interfaces/srv/MoveLeg_Response.msg
[3.189s] -- Up-to-date: /home/spider/gwpspider_ws/install/gwpspider_interfaces/share/gwpspider_interfaces/srv/MoveSpider.srv
[3.190s] -- Up-to-date: /home/spider/gwpspider_ws/install/gwpspider_interfaces/share/gwpspider_interfaces/srv/MoveSpider_Request.msg
[3.190s] -- Up-to-date: /home/spider/gwpspider_ws/install/gwpspider_interfaces/share/gwpspider_interfaces/srv/MoveSpider_Response.msg
[3.190s] -- Up-to-date: /home/spider/gwpspider_ws/install/gwpspider_interfaces/share/gwpspider_interfaces/srv/ToggleController.srv
[3.190s] -- Up-to-date: /home/spider/gwpspider_ws/install/gwpspider_interfaces/share/gwpspider_interfaces/srv/ToggleController_Request.msg
[3.190s] -- Up-to-date: /home/spider/gwpspider_ws/install/gwpspider_interfaces/share/gwpspider_interfaces/srv/ToggleController_Response.msg
[3.190s] -- Up-to-date: /home/spider/gwpspider_ws/install/gwpspider_interfaces/share/gwpspider_interfaces/srv/DistributeForces.srv
[3.190s] -- Up-to-date: /home/spider/gwpspider_ws/install/gwpspider_interfaces/share/gwpspider_interfaces/srv/DistributeForces_Request.msg
[3.190s] -- Up-to-date: /home/spider/gwpspider_ws/install/gwpspider_interfaces/share/gwpspider_interfaces/srv/DistributeForces_Response.msg
[3.190s] -- Up-to-date: /home/spider/gwpspider_ws/install/gwpspider_interfaces/share/gwpspider_interfaces/srv/ApplyForceLeg.srv
[3.191s] -- Up-to-date: /home/spider/gwpspider_ws/install/gwpspider_interfaces/share/gwpspider_interfaces/srv/ApplyForceLeg_Request.msg
[3.191s] -- Up-to-date: /home/spider/gwpspider_ws/install/gwpspider_interfaces/share/gwpspider_interfaces/srv/ApplyForceLeg_Response.msg
[3.191s] -- Up-to-date: /home/spider/gwpspider_ws/install/gwpspider_interfaces/share/ament_index/resource_index/package_run_dependencies/gwpspider_interfaces
[3.191s] -- Up-to-date: /home/spider/gwpspider_ws/install/gwpspider_interfaces/share/ament_index/resource_index/parent_prefix_path/gwpspider_interfaces
[3.191s] -- Up-to-date: /home/spider/gwpspider_ws/install/gwpspider_interfaces/share/gwpspider_interfaces/environment/ament_prefix_path.sh
[3.191s] -- Up-to-date: /home/spider/gwpspider_ws/install/gwpspider_interfaces/share/gwpspider_interfaces/environment/ament_prefix_path.dsv
[3.191s] -- Up-to-date: /home/spider/gwpspider_ws/install/gwpspider_interfaces/share/gwpspider_interfaces/environment/path.sh
[3.191s] -- Up-to-date: /home/spider/gwpspider_ws/install/gwpspider_interfaces/share/gwpspider_interfaces/environment/path.dsv
[3.192s] -- Up-to-date: /home/spider/gwpspider_ws/install/gwpspider_interfaces/share/gwpspider_interfaces/local_setup.bash
[3.192s] -- Up-to-date: /home/spider/gwpspider_ws/install/gwpspider_interfaces/share/gwpspider_interfaces/local_setup.sh
[3.192s] -- Up-to-date: /home/spider/gwpspider_ws/install/gwpspider_interfaces/share/gwpspider_interfaces/local_setup.zsh
[3.192s] -- Up-to-date: /home/spider/gwpspider_ws/install/gwpspider_interfaces/share/gwpspider_interfaces/local_setup.dsv
[3.192s] -- Installing: /home/spider/gwpspider_ws/install/gwpspider_interfaces/share/gwpspider_interfaces/package.dsv
[3.192s] -- Up-to-date: /home/spider/gwpspider_ws/install/gwpspider_interfaces/share/ament_index/resource_index/packages/gwpspider_interfaces
[3.192s] -- Up-to-date: /home/spider/gwpspider_ws/install/gwpspider_interfaces/share/gwpspider_interfaces/cmake/export_gwpspider_interfaces__rosidl_generator_cExport.cmake
[3.192s] -- Up-to-date: /home/spider/gwpspider_ws/install/gwpspider_interfaces/share/gwpspider_interfaces/cmake/export_gwpspider_interfaces__rosidl_generator_cExport-noconfig.cmake
[3.193s] -- Up-to-date: /home/spider/gwpspider_ws/install/gwpspider_interfaces/share/gwpspider_interfaces/cmake/export_gwpspider_interfaces__rosidl_typesupport_fastrtps_cExport.cmake
[3.193s] -- Up-to-date: /home/spider/gwpspider_ws/install/gwpspider_interfaces/share/gwpspider_interfaces/cmake/export_gwpspider_interfaces__rosidl_typesupport_fastrtps_cExport-noconfig.cmake
[3.193s] -- Up-to-date: /home/spider/gwpspider_ws/install/gwpspider_interfaces/share/gwpspider_interfaces/cmake/gwpspider_interfaces__rosidl_typesupport_introspection_cExport.cmake
[3.193s] -- Up-to-date: /home/spider/gwpspider_ws/install/gwpspider_interfaces/share/gwpspider_interfaces/cmake/gwpspider_interfaces__rosidl_typesupport_introspection_cExport-noconfig.cmake
[3.193s] -- Up-to-date: /home/spider/gwpspider_ws/install/gwpspider_interfaces/share/gwpspider_interfaces/cmake/gwpspider_interfaces__rosidl_typesupport_cExport.cmake
[3.193s] -- Up-to-date: /home/spider/gwpspider_ws/install/gwpspider_interfaces/share/gwpspider_interfaces/cmake/gwpspider_interfaces__rosidl_typesupport_cExport-noconfig.cmake
[3.193s] -- Up-to-date: /home/spider/gwpspider_ws/install/gwpspider_interfaces/share/gwpspider_interfaces/cmake/export_gwpspider_interfaces__rosidl_generator_cppExport.cmake
[3.193s] -- Up-to-date: /home/spider/gwpspider_ws/install/gwpspider_interfaces/share/gwpspider_interfaces/cmake/export_gwpspider_interfaces__rosidl_typesupport_fastrtps_cppExport.cmake
[3.194s] -- Up-to-date: /home/spider/gwpspider_ws/install/gwpspider_interfaces/share/gwpspider_interfaces/cmake/export_gwpspider_interfaces__rosidl_typesupport_fastrtps_cppExport-noconfig.cmake
[3.194s] -- Up-to-date: /home/spider/gwpspider_ws/install/gwpspider_interfaces/share/gwpspider_interfaces/cmake/gwpspider_interfaces__rosidl_typesupport_introspection_cppExport.cmake
[3.194s] -- Up-to-date: /home/spider/gwpspider_ws/install/gwpspider_interfaces/share/gwpspider_interfaces/cmake/gwpspider_interfaces__rosidl_typesupport_introspection_cppExport-noconfig.cmake
[3.194s] -- Up-to-date: /home/spider/gwpspider_ws/install/gwpspider_interfaces/share/gwpspider_interfaces/cmake/gwpspider_interfaces__rosidl_typesupport_cppExport.cmake
[3.194s] -- Up-to-date: /home/spider/gwpspider_ws/install/gwpspider_interfaces/share/gwpspider_interfaces/cmake/gwpspider_interfaces__rosidl_typesupport_cppExport-noconfig.cmake
[3.194s] -- Up-to-date: /home/spider/gwpspider_ws/install/gwpspider_interfaces/share/gwpspider_interfaces/cmake/export_gwpspider_interfaces__rosidl_generator_pyExport.cmake
[3.194s] -- Up-to-date: /home/spider/gwpspider_ws/install/gwpspider_interfaces/share/gwpspider_interfaces/cmake/export_gwpspider_interfaces__rosidl_generator_pyExport-noconfig.cmake
[3.194s] -- Up-to-date: /home/spider/gwpspider_ws/install/gwpspider_interfaces/share/gwpspider_interfaces/cmake/rosidl_cmake-extras.cmake
[3.194s] -- Up-to-date: /home/spider/gwpspider_ws/install/gwpspider_interfaces/share/gwpspider_interfaces/cmake/ament_cmake_export_dependencies-extras.cmake
[3.194s] -- Up-to-date: /home/spider/gwpspider_ws/install/gwpspider_interfaces/share/gwpspider_interfaces/cmake/ament_cmake_export_include_directories-extras.cmake
[3.195s] -- Up-to-date: /home/spider/gwpspider_ws/install/gwpspider_interfaces/share/gwpspider_interfaces/cmake/ament_cmake_export_libraries-extras.cmake
[3.195s] -- Up-to-date: /home/spider/gwpspider_ws/install/gwpspider_interfaces/share/gwpspider_interfaces/cmake/ament_cmake_export_targets-extras.cmake
[3.195s] -- Up-to-date: /home/spider/gwpspider_ws/install/gwpspider_interfaces/share/gwpspider_interfaces/cmake/rosidl_cmake_export_typesupport_targets-extras.cmake
[3.195s] -- Up-to-date: /home/spider/gwpspider_ws/install/gwpspider_interfaces/share/gwpspider_interfaces/cmake/rosidl_cmake_export_typesupport_libraries-extras.cmake
[3.195s] -- Up-to-date: /home/spider/gwpspider_ws/install/gwpspider_interfaces/share/gwpspider_interfaces/cmake/gwpspider_interfacesConfig.cmake
[3.195s] -- Up-to-date: /home/spider/gwpspider_ws/install/gwpspider_interfaces/share/gwpspider_interfaces/cmake/gwpspider_interfacesConfig-version.cmake
[3.195s] -- Up-to-date: /home/spider/gwpspider_ws/install/gwpspider_interfaces/share/gwpspider_interfaces/package.xml
[3.205s] Invoked command in '/home/spider/gwpspider_ws/build/gwpspider_interfaces' returned '0': CMAKE_PREFIX_PATH=${CMAKE_PREFIX_PATH}:/home/spider/gwpspider_ws/install/utils:/home/spider/gwpspider_ws/install/planning:/home/spider/gwpspider_ws/install/dynamixel_interface:/home/spider/gwpspider_ws/install/controller:/home/spider/gwpspider_ws/install/configuration:/home/spider/gwpspider_ws/install/calculations:/home/spider/gwpspider_ws/install/arduino_communication:/home/spider/gwpspider_ws/install/application:/opt/ros/humble /home/spider/.local/bin/cmake --install /home/spider/gwpspider_ws/build/gwpspider_interfaces
