[1.671s] Invoking command in '/home/spider/gwpspider_ws/src/gwpspider/planning': PYTHONPATH=/home/spider/gwpspider_ws/build/planning/prefix_override:/home/spider/gwpspider_ws/install/planning/lib/python3.10/site-packages:${PYTHONPATH} /usr/bin/python3 setup.py egg_info --egg-base ../../../build/planning build --build-base /home/spider/gwpspider_ws/build/planning/build install --record /home/spider/gwpspider_ws/build/planning/install.log --single-version-externally-managed
[2.004s] running egg_info
[2.005s] writing ../../../build/planning/planning.egg-info/PKG-INFO
[2.005s] writing dependency_links to ../../../build/planning/planning.egg-info/dependency_links.txt
[2.005s] writing entry points to ../../../build/planning/planning.egg-info/entry_points.txt
[2.006s] writing requirements to ../../../build/planning/planning.egg-info/requires.txt
[2.006s] writing top-level names to ../../../build/planning/planning.egg-info/top_level.txt
[2.007s] reading manifest file '../../../build/planning/planning.egg-info/SOURCES.txt'
[2.008s] writing manifest file '../../../build/planning/planning.egg-info/SOURCES.txt'
[2.008s] running build
[2.008s] running build_py
[2.008s] running install
[2.009s] /usr/lib/python3/dist-packages/setuptools/command/install.py:34: SetuptoolsDeprecationWarning: setup.py install is deprecated. Use build and pip and other standards-based tools.
[2.009s]   warnings.warn(
[2.009s] running install_lib
[2.010s] running install_data
[2.011s] running install_egg_info
[2.013s] removing '/home/spider/gwpspider_ws/install/planning/lib/python3.10/site-packages/planning-0.0.0-py3.10.egg-info' (and everything under it)
[2.013s] Copying ../../../build/planning/planning.egg-info to /home/spider/gwpspider_ws/install/planning/lib/python3.10/site-packages/planning-0.0.0-py3.10.egg-info
[2.014s] running install_scripts
[2.037s] Installing path_planner script to /home/spider/gwpspider_ws/install/planning/lib/planning
[2.037s] Installing trajectory_planner script to /home/spider/gwpspider_ws/install/planning/lib/planning
[2.037s] writing list of installed files to '/home/spider/gwpspider_ws/build/planning/install.log'
[2.073s] Invoked command in '/home/spider/gwpspider_ws/src/gwpspider/planning' returned '0': PYTHONPATH=/home/spider/gwpspider_ws/build/planning/prefix_override:/home/spider/gwpspider_ws/install/planning/lib/python3.10/site-packages:${PYTHONPATH} /usr/bin/python3 setup.py egg_info --egg-base ../../../build/planning build --build-base /home/spider/gwpspider_ws/build/planning/build install --record /home/spider/gwpspider_ws/build/planning/install.log --single-version-externally-managed
