running egg_info
creating ../../../build/offset_prediction_model/offset_prediction_model.egg-info
writing ../../../build/offset_prediction_model/offset_prediction_model.egg-info/PKG-INFO
writing dependency_links to ../../../build/offset_prediction_model/offset_prediction_model.egg-info/dependency_links.txt
writing entry points to ../../../build/offset_prediction_model/offset_prediction_model.egg-info/entry_points.txt
writing requirements to ../../../build/offset_prediction_model/offset_prediction_model.egg-info/requires.txt
writing top-level names to ../../../build/offset_prediction_model/offset_prediction_model.egg-info/top_level.txt
writing manifest file '../../../build/offset_prediction_model/offset_prediction_model.egg-info/SOURCES.txt'
reading manifest file '../../../build/offset_prediction_model/offset_prediction_model.egg-info/SOURCES.txt'
writing manifest file '../../../build/offset_prediction_model/offset_prediction_model.egg-info/SOURCES.txt'
running build
running build_py
creating /home/spider/gwpspider_ws/build/offset_prediction_model/build
creating /home/spider/gwpspider_ws/build/offset_prediction_model/build/lib
creating /home/spider/gwpspider_ws/build/offset_prediction_model/build/lib/offset_prediction_model
copying offset_prediction_model/offset_predictor.py -> /home/spider/gwpspider_ws/build/offset_prediction_model/build/lib/offset_prediction_model
copying offset_prediction_model/__init__.py -> /home/spider/gwpspider_ws/build/offset_prediction_model/build/lib/offset_prediction_model
running install
running install_lib
creating /home/spider/gwpspider_ws/install/offset_prediction_model/lib/python3.10/site-packages/offset_prediction_model
copying /home/spider/gwpspider_ws/build/offset_prediction_model/build/lib/offset_prediction_model/offset_predictor.py -> /home/spider/gwpspider_ws/install/offset_prediction_model/lib/python3.10/site-packages/offset_prediction_model
copying /home/spider/gwpspider_ws/build/offset_prediction_model/build/lib/offset_prediction_model/__init__.py -> /home/spider/gwpspider_ws/install/offset_prediction_model/lib/python3.10/site-packages/offset_prediction_model
byte-compiling /home/spider/gwpspider_ws/install/offset_prediction_model/lib/python3.10/site-packages/offset_prediction_model/offset_predictor.py to offset_predictor.cpython-310.pyc
byte-compiling /home/spider/gwpspider_ws/install/offset_prediction_model/lib/python3.10/site-packages/offset_prediction_model/__init__.py to __init__.cpython-310.pyc
running install_data
creating /home/spider/gwpspider_ws/install/offset_prediction_model/share/ament_index
creating /home/spider/gwpspider_ws/install/offset_prediction_model/share/ament_index/resource_index
creating /home/spider/gwpspider_ws/install/offset_prediction_model/share/ament_index/resource_index/packages
copying resource/offset_prediction_model -> /home/spider/gwpspider_ws/install/offset_prediction_model/share/ament_index/resource_index/packages
copying package.xml -> /home/spider/gwpspider_ws/install/offset_prediction_model/share/offset_prediction_model
running install_egg_info
Copying ../../../build/offset_prediction_model/offset_prediction_model.egg-info to /home/spider/gwpspider_ws/install/offset_prediction_model/lib/python3.10/site-packages/offset_prediction_model-0.0.0-py3.10.egg-info
running install_scripts
Installing offset_predictor script to /home/spider/gwpspider_ws/install/offset_prediction_model/lib/offset_prediction_model
writing list of installed files to '/home/spider/gwpspider_ws/build/offset_prediction_model/install.log'
