[1.106s] Invoking command in '/home/spider/gwpspider_ws/src/gwpspider/offset_prediction_model': PYTHONPATH=/home/spider/gwpspider_ws/build/offset_prediction_model/prefix_override:/home/spider/gwpspider_ws/install/offset_prediction_model/lib/python3.10/site-packages:${PYTHONPATH} /usr/bin/python3 setup.py egg_info --egg-base ../../../build/offset_prediction_model build --build-base /home/spider/gwpspider_ws/build/offset_prediction_model/build install --record /home/spider/gwpspider_ws/build/offset_prediction_model/install.log --single-version-externally-managed
[1.315s] running egg_info
[1.316s] creating ../../../build/offset_prediction_model/offset_prediction_model.egg-info
[1.316s] writing ../../../build/offset_prediction_model/offset_prediction_model.egg-info/PKG-INFO
[1.316s] writing dependency_links to ../../../build/offset_prediction_model/offset_prediction_model.egg-info/dependency_links.txt
[1.316s] writing entry points to ../../../build/offset_prediction_model/offset_prediction_model.egg-info/entry_points.txt
[1.316s] writing requirements to ../../../build/offset_prediction_model/offset_prediction_model.egg-info/requires.txt
[1.316s] writing top-level names to ../../../build/offset_prediction_model/offset_prediction_model.egg-info/top_level.txt
[1.317s] writing manifest file '../../../build/offset_prediction_model/offset_prediction_model.egg-info/SOURCES.txt'
[1.318s] reading manifest file '../../../build/offset_prediction_model/offset_prediction_model.egg-info/SOURCES.txt'
[1.319s] writing manifest file '../../../build/offset_prediction_model/offset_prediction_model.egg-info/SOURCES.txt'
[1.319s] running build
[1.319s] running build_py
[1.319s] creating /home/spider/gwpspider_ws/build/offset_prediction_model/build
[1.319s] creating /home/spider/gwpspider_ws/build/offset_prediction_model/build/lib
[1.319s] creating /home/spider/gwpspider_ws/build/offset_prediction_model/build/lib/offset_prediction_model
[1.319s] /usr/lib/python3/dist-packages/setuptools/command/install.py:34: SetuptoolsDeprecationWarning: setup.py install is deprecated. Use build and pip and other standards-based tools.
[1.320s]   warnings.warn(
[1.320s] copying offset_prediction_model/offset_predictor.py -> /home/spider/gwpspider_ws/build/offset_prediction_model/build/lib/offset_prediction_model
[1.320s] copying offset_prediction_model/__init__.py -> /home/spider/gwpspider_ws/build/offset_prediction_model/build/lib/offset_prediction_model
[1.320s] running install
[1.320s] running install_lib
[1.320s] creating /home/spider/gwpspider_ws/install/offset_prediction_model/lib/python3.10/site-packages/offset_prediction_model
[1.320s] copying /home/spider/gwpspider_ws/build/offset_prediction_model/build/lib/offset_prediction_model/offset_predictor.py -> /home/spider/gwpspider_ws/install/offset_prediction_model/lib/python3.10/site-packages/offset_prediction_model
[1.321s] copying /home/spider/gwpspider_ws/build/offset_prediction_model/build/lib/offset_prediction_model/__init__.py -> /home/spider/gwpspider_ws/install/offset_prediction_model/lib/python3.10/site-packages/offset_prediction_model
[1.321s] byte-compiling /home/spider/gwpspider_ws/install/offset_prediction_model/lib/python3.10/site-packages/offset_prediction_model/offset_predictor.py to offset_predictor.cpython-310.pyc
[1.321s]   File "/home/spider/gwpspider_ws/install/offset_prediction_model/lib/python3.10/site-packages/offset_prediction_model/offset_predictor.py", line 14
[1.321s]     self.prediction_model = 
[1.321s]                             ^
[1.321s] SyntaxError: invalid syntax
[1.322s] 
[1.322s] byte-compiling /home/spider/gwpspider_ws/install/offset_prediction_model/lib/python3.10/site-packages/offset_prediction_model/__init__.py to __init__.cpython-310.pyc
[1.322s] running install_data
[1.322s] creating /home/spider/gwpspider_ws/install/offset_prediction_model/share/ament_index
[1.322s] creating /home/spider/gwpspider_ws/install/offset_prediction_model/share/ament_index/resource_index
[1.322s] creating /home/spider/gwpspider_ws/install/offset_prediction_model/share/ament_index/resource_index/packages
[1.322s] copying resource/offset_prediction_model -> /home/spider/gwpspider_ws/install/offset_prediction_model/share/ament_index/resource_index/packages
[1.322s] copying package.xml -> /home/spider/gwpspider_ws/install/offset_prediction_model/share/offset_prediction_model
[1.322s] running install_egg_info
[1.323s] Copying ../../../build/offset_prediction_model/offset_prediction_model.egg-info to /home/spider/gwpspider_ws/install/offset_prediction_model/lib/python3.10/site-packages/offset_prediction_model-0.0.0-py3.10.egg-info
[1.324s] running install_scripts
[1.345s] Installing offset_predictor script to /home/spider/gwpspider_ws/install/offset_prediction_model/lib/offset_prediction_model
[1.345s] writing list of installed files to '/home/spider/gwpspider_ws/build/offset_prediction_model/install.log'
[1.369s] Invoked command in '/home/spider/gwpspider_ws/src/gwpspider/offset_prediction_model' returned '0': PYTHONPATH=/home/spider/gwpspider_ws/build/offset_prediction_model/prefix_override:/home/spider/gwpspider_ws/install/offset_prediction_model/lib/python3.10/site-packages:${PYTHONPATH} /usr/bin/python3 setup.py egg_info --egg-base ../../../build/offset_prediction_model build --build-base /home/spider/gwpspider_ws/build/offset_prediction_model/build install --record /home/spider/gwpspider_ws/build/offset_prediction_model/install.log --single-version-externally-managed
