[0.672s] Invoking command in '/home/spider/gwpspider_ws/src/gwpspider/application': PYTHONPATH=/home/spider/gwpspider_ws/build/application/prefix_override:/home/spider/gwpspider_ws/install/application/lib/python3.10/site-packages:${PYTHONPATH} /usr/bin/python3 setup.py egg_info --egg-base ../../../build/application build --build-base /home/spider/gwpspider_ws/build/application/build install --record /home/spider/gwpspider_ws/build/application/install.log --single-version-externally-managed
[0.942s] running egg_info
[0.943s] writing ../../../build/application/application.egg-info/PKG-INFO
[0.943s] writing dependency_links to ../../../build/application/application.egg-info/dependency_links.txt
[0.943s] writing entry points to ../../../build/application/application.egg-info/entry_points.txt
[0.944s] writing requirements to ../../../build/application/application.egg-info/requires.txt
[0.944s] writing top-level names to ../../../build/application/application.egg-info/top_level.txt
[0.946s] reading manifest file '../../../build/application/application.egg-info/SOURCES.txt'
[0.947s] writing manifest file '../../../build/application/application.egg-info/SOURCES.txt'
[0.947s] running build
[0.947s] running build_py
[0.947s] copying application/app.py -> /home/spider/gwpspider_ws/build/application/build/lib/application
[0.947s] running install
[0.947s] /usr/lib/python3/dist-packages/setuptools/command/install.py:34: SetuptoolsDeprecationWarning: setup.py install is deprecated. Use build and pip and other standards-based tools.
[0.947s]   warnings.warn(
[0.948s] running install_lib
[0.949s] copying /home/spider/gwpspider_ws/build/application/build/lib/application/app.py -> /home/spider/gwpspider_ws/install/application/lib/python3.10/site-packages/application
[0.949s] byte-compiling /home/spider/gwpspider_ws/install/application/lib/python3.10/site-packages/application/app.py to app.cpython-310.pyc
[0.952s] running install_data
[0.952s] running install_egg_info
[0.954s] removing '/home/spider/gwpspider_ws/install/application/lib/python3.10/site-packages/application-0.0.0-py3.10.egg-info' (and everything under it)
[0.954s] Copying ../../../build/application/application.egg-info to /home/spider/gwpspider_ws/install/application/lib/python3.10/site-packages/application-0.0.0-py3.10.egg-info
[0.955s] running install_scripts
[0.979s] Installing app script to /home/spider/gwpspider_ws/install/application/lib/application
[0.980s] writing list of installed files to '/home/spider/gwpspider_ws/build/application/install.log'
[1.003s] Invoked command in '/home/spider/gwpspider_ws/src/gwpspider/application' returned '0': PYTHONPATH=/home/spider/gwpspider_ws/build/application/prefix_override:/home/spider/gwpspider_ws/install/application/lib/python3.10/site-packages:${PYTHONPATH} /usr/bin/python3 setup.py egg_info --egg-base ../../../build/application build --build-base /home/spider/gwpspider_ws/build/application/build install --record /home/spider/gwpspider_ws/build/application/install.log --single-version-externally-managed
