[0.664s] Invoking command in '/home/spider/gwpspider_ws/src/gwpspider/utils': PYTHONPATH=/home/spider/gwpspider_ws/build/utils/prefix_override:/home/spider/gwpspider_ws/install/utils/lib/python3.10/site-packages:${PYTHONPATH} /usr/bin/python3 setup.py egg_info --egg-base ../../../build/utils build --build-base /home/spider/gwpspider_ws/build/utils/build install --record /home/spider/gwpspider_ws/build/utils/install.log --single-version-externally-managed
[0.978s] /usr/lib/python3/dist-packages/setuptools/command/install.py:34: SetuptoolsDeprecationWarning: setup.py install is deprecated. Use build and pip and other standards-based tools.
[0.978s]   warnings.warn(
[0.980s] running egg_info
[0.980s] writing ../../../build/utils/utils.egg-info/PKG-INFO
[0.980s] writing dependency_links to ../../../build/utils/utils.egg-info/dependency_links.txt
[0.980s] writing entry points to ../../../build/utils/utils.egg-info/entry_points.txt
[0.980s] writing requirements to ../../../build/utils/utils.egg-info/requires.txt
[0.980s] writing top-level names to ../../../build/utils/utils.egg-info/top_level.txt
[0.980s] reading manifest file '../../../build/utils/utils.egg-info/SOURCES.txt'
[0.980s] writing manifest file '../../../build/utils/utils.egg-info/SOURCES.txt'
[0.980s] running build
[0.980s] running build_py
[0.980s] running install
[0.981s] running install_lib
[0.981s] running install_data
[0.981s] running install_egg_info
[0.983s] removing '/home/spider/gwpspider_ws/install/utils/lib/python3.10/site-packages/utils-0.0.0-py3.10.egg-info' (and everything under it)
[0.983s] Copying ../../../build/utils/utils.egg-info to /home/spider/gwpspider_ws/install/utils/lib/python3.10/site-packages/utils-0.0.0-py3.10.egg-info
[0.984s] running install_scripts
[1.010s] writing list of installed files to '/home/spider/gwpspider_ws/build/utils/install.log'
[1.050s] Invoked command in '/home/spider/gwpspider_ws/src/gwpspider/utils' returned '0': PYTHONPATH=/home/spider/gwpspider_ws/build/utils/prefix_override:/home/spider/gwpspider_ws/install/utils/lib/python3.10/site-packages:${PYTHONPATH} /usr/bin/python3 setup.py egg_info --egg-base ../../../build/utils build --build-base /home/spider/gwpspider_ws/build/utils/build install --record /home/spider/gwpspider_ws/build/utils/install.log --single-version-externally-managed
