[0.282s] DEBUG:colcon:Command line arguments: ['/usr/bin/colcon', 'build']
[0.282s] DEBUG:colcon:Parsed command line arguments: Namespace(log_base=None, log_level=None, verb_name='build', build_base='build', install_base='install', merge_install=False, symlink_install=False, test_result_base=None, continue_on_error=False, executor='parallel', parallel_workers=8, event_handlers=None, ignore_user_meta=False, metas=['./colcon.meta'], base_paths=['.'], packages_ignore=None, packages_ignore_regex=None, paths=None, packages_up_to=None, packages_up_to_regex=None, packages_above=None, packages_above_and_dependencies=None, packages_above_depth=None, packages_select_by_dep=None, packages_skip_by_dep=None, packages_skip_up_to=None, packages_select_build_failed=False, packages_skip_build_finished=False, packages_select_test_failures=False, packages_skip_test_passed=False, packages_select=None, packages_skip=None, packages_select_regex=None, packages_skip_regex=None, packages_start=None, packages_end=None, allow_overriding=[], cmake_args=None, cmake_target=None, cmake_target_skip_unavailable=False, cmake_clean_cache=False, cmake_clean_first=False, cmake_force_configure=False, ament_cmake_args=None, catkin_cmake_args=None, catkin_skip_building_tests=False, verb_parser=<colcon_defaults.argument_parser.defaults.DefaultArgumentsDecorator object at 0x7fb1bd283400>, verb_extension=<colcon_core.verb.build.BuildVerb object at 0x7fb1bda9d360>, main=<bound method BuildVerb.main of <colcon_core.verb.build.BuildVerb object at 0x7fb1bda9d360>>)
[0.311s] Level 1:colcon.colcon_core.package_discovery:discover_packages(colcon_meta) check parameters
[0.311s] Level 1:colcon.colcon_core.package_discovery:discover_packages(recursive) check parameters
[0.311s] Level 1:colcon.colcon_core.package_discovery:discover_packages(ignore) check parameters
[0.311s] Level 1:colcon.colcon_core.package_discovery:discover_packages(path) check parameters
[0.311s] Level 1:colcon.colcon_core.package_discovery:discover_packages(colcon_meta) discover
[0.311s] Level 1:colcon.colcon_core.package_discovery:discover_packages(recursive) discover
[0.311s] INFO:colcon.colcon_core.package_discovery:Crawling recursively for packages in '/home/spider/gwpspider_ws'
[0.311s] Level 1:colcon.colcon_core.package_identification:_identify(.) by extensions ['ignore', 'ignore_ament_install']
[0.311s] Level 1:colcon.colcon_core.package_identification:_identify(.) by extension 'ignore'
[0.311s] Level 1:colcon.colcon_core.package_identification:_identify(.) by extension 'ignore_ament_install'
[0.311s] Level 1:colcon.colcon_core.package_identification:_identify(.) by extensions ['colcon_pkg']
[0.311s] Level 1:colcon.colcon_core.package_identification:_identify(.) by extension 'colcon_pkg'
[0.311s] Level 1:colcon.colcon_core.package_identification:_identify(.) by extensions ['colcon_meta']
[0.311s] Level 1:colcon.colcon_core.package_identification:_identify(.) by extension 'colcon_meta'
[0.311s] Level 1:colcon.colcon_core.package_identification:_identify(.) by extensions ['ros']
[0.311s] Level 1:colcon.colcon_core.package_identification:_identify(.) by extension 'ros'
[0.323s] Level 1:colcon.colcon_core.package_identification:_identify(.) by extensions ['cmake', 'python']
[0.323s] Level 1:colcon.colcon_core.package_identification:_identify(.) by extension 'cmake'
[0.323s] Level 1:colcon.colcon_core.package_identification:_identify(.) by extension 'python'
[0.323s] Level 1:colcon.colcon_core.package_identification:_identify(.) by extensions ['python_setup_py']
[0.323s] Level 1:colcon.colcon_core.package_identification:_identify(.) by extension 'python_setup_py'
[0.323s] Level 1:colcon.colcon_core.package_identification:_identify(build) by extensions ['ignore', 'ignore_ament_install']
[0.323s] Level 1:colcon.colcon_core.package_identification:_identify(build) by extension 'ignore'
[0.323s] Level 1:colcon.colcon_core.package_identification:_identify(build) ignored
[0.323s] Level 1:colcon.colcon_core.package_identification:_identify(install) by extensions ['ignore', 'ignore_ament_install']
[0.323s] Level 1:colcon.colcon_core.package_identification:_identify(install) by extension 'ignore'
[0.323s] Level 1:colcon.colcon_core.package_identification:_identify(install) ignored
[0.323s] Level 1:colcon.colcon_core.package_identification:_identify(log) by extensions ['ignore', 'ignore_ament_install']
[0.323s] Level 1:colcon.colcon_core.package_identification:_identify(log) by extension 'ignore'
[0.323s] Level 1:colcon.colcon_core.package_identification:_identify(log) ignored
[0.324s] Level 1:colcon.colcon_core.package_identification:_identify(src) by extensions ['ignore', 'ignore_ament_install']
[0.324s] Level 1:colcon.colcon_core.package_identification:_identify(src) by extension 'ignore'
[0.324s] Level 1:colcon.colcon_core.package_identification:_identify(src) by extension 'ignore_ament_install'
[0.324s] Level 1:colcon.colcon_core.package_identification:_identify(src) by extensions ['colcon_pkg']
[0.324s] Level 1:colcon.colcon_core.package_identification:_identify(src) by extension 'colcon_pkg'
[0.324s] Level 1:colcon.colcon_core.package_identification:_identify(src) by extensions ['colcon_meta']
[0.324s] Level 1:colcon.colcon_core.package_identification:_identify(src) by extension 'colcon_meta'
[0.324s] Level 1:colcon.colcon_core.package_identification:_identify(src) by extensions ['ros']
[0.324s] Level 1:colcon.colcon_core.package_identification:_identify(src) by extension 'ros'
[0.324s] Level 1:colcon.colcon_core.package_identification:_identify(src) by extensions ['cmake', 'python']
[0.324s] Level 1:colcon.colcon_core.package_identification:_identify(src) by extension 'cmake'
[0.324s] Level 1:colcon.colcon_core.package_identification:_identify(src) by extension 'python'
[0.324s] Level 1:colcon.colcon_core.package_identification:_identify(src) by extensions ['python_setup_py']
[0.324s] Level 1:colcon.colcon_core.package_identification:_identify(src) by extension 'python_setup_py'
[0.324s] Level 1:colcon.colcon_core.package_identification:_identify(src/gwpspider) by extensions ['ignore', 'ignore_ament_install']
[0.324s] Level 1:colcon.colcon_core.package_identification:_identify(src/gwpspider) by extension 'ignore'
[0.324s] Level 1:colcon.colcon_core.package_identification:_identify(src/gwpspider) by extension 'ignore_ament_install'
[0.324s] Level 1:colcon.colcon_core.package_identification:_identify(src/gwpspider) by extensions ['colcon_pkg']
[0.324s] Level 1:colcon.colcon_core.package_identification:_identify(src/gwpspider) by extension 'colcon_pkg'
[0.324s] Level 1:colcon.colcon_core.package_identification:_identify(src/gwpspider) by extensions ['colcon_meta']
[0.324s] Level 1:colcon.colcon_core.package_identification:_identify(src/gwpspider) by extension 'colcon_meta'
[0.324s] Level 1:colcon.colcon_core.package_identification:_identify(src/gwpspider) by extensions ['ros']
[0.324s] Level 1:colcon.colcon_core.package_identification:_identify(src/gwpspider) by extension 'ros'
[0.324s] Level 1:colcon.colcon_core.package_identification:_identify(src/gwpspider) by extensions ['cmake', 'python']
[0.324s] Level 1:colcon.colcon_core.package_identification:_identify(src/gwpspider) by extension 'cmake'
[0.325s] Level 1:colcon.colcon_core.package_identification:_identify(src/gwpspider) by extension 'python'
[0.325s] Level 1:colcon.colcon_core.package_identification:_identify(src/gwpspider) by extensions ['python_setup_py']
[0.325s] Level 1:colcon.colcon_core.package_identification:_identify(src/gwpspider) by extension 'python_setup_py'
[0.325s] Level 1:colcon.colcon_core.package_identification:_identify(src/gwpspider/arduino_communication) by extensions ['ignore', 'ignore_ament_install']
[0.325s] Level 1:colcon.colcon_core.package_identification:_identify(src/gwpspider/arduino_communication) by extension 'ignore'
[0.325s] Level 1:colcon.colcon_core.package_identification:_identify(src/gwpspider/arduino_communication) by extension 'ignore_ament_install'
[0.325s] Level 1:colcon.colcon_core.package_identification:_identify(src/gwpspider/arduino_communication) by extensions ['colcon_pkg']
[0.325s] Level 1:colcon.colcon_core.package_identification:_identify(src/gwpspider/arduino_communication) by extension 'colcon_pkg'
[0.325s] Level 1:colcon.colcon_core.package_identification:_identify(src/gwpspider/arduino_communication) by extensions ['colcon_meta']
[0.325s] Level 1:colcon.colcon_core.package_identification:_identify(src/gwpspider/arduino_communication) by extension 'colcon_meta'
[0.325s] Level 1:colcon.colcon_core.package_identification:_identify(src/gwpspider/arduino_communication) by extensions ['ros']
[0.325s] Level 1:colcon.colcon_core.package_identification:_identify(src/gwpspider/arduino_communication) by extension 'ros'
[0.327s] DEBUG:colcon.colcon_core.package_identification:Package 'src/gwpspider/arduino_communication' with type 'ros.ament_python' and name 'arduino_communication'
[0.327s] Level 1:colcon.colcon_core.package_identification:_identify(src/gwpspider/configuration) by extensions ['ignore', 'ignore_ament_install']
[0.327s] Level 1:colcon.colcon_core.package_identification:_identify(src/gwpspider/configuration) by extension 'ignore'
[0.327s] Level 1:colcon.colcon_core.package_identification:_identify(src/gwpspider/configuration) by extension 'ignore_ament_install'
[0.327s] Level 1:colcon.colcon_core.package_identification:_identify(src/gwpspider/configuration) by extensions ['colcon_pkg']
[0.327s] Level 1:colcon.colcon_core.package_identification:_identify(src/gwpspider/configuration) by extension 'colcon_pkg'
[0.327s] Level 1:colcon.colcon_core.package_identification:_identify(src/gwpspider/configuration) by extensions ['colcon_meta']
[0.327s] Level 1:colcon.colcon_core.package_identification:_identify(src/gwpspider/configuration) by extension 'colcon_meta'
[0.328s] Level 1:colcon.colcon_core.package_identification:_identify(src/gwpspider/configuration) by extensions ['ros']
[0.328s] Level 1:colcon.colcon_core.package_identification:_identify(src/gwpspider/configuration) by extension 'ros'
[0.328s] DEBUG:colcon.colcon_core.package_identification:Package 'src/gwpspider/configuration' with type 'ros.ament_python' and name 'configuration'
[0.328s] Level 1:colcon.colcon_core.package_identification:_identify(src/gwpspider/gwpspider_interfaces) by extensions ['ignore', 'ignore_ament_install']
[0.328s] Level 1:colcon.colcon_core.package_identification:_identify(src/gwpspider/gwpspider_interfaces) by extension 'ignore'
[0.328s] Level 1:colcon.colcon_core.package_identification:_identify(src/gwpspider/gwpspider_interfaces) by extension 'ignore_ament_install'
[0.328s] Level 1:colcon.colcon_core.package_identification:_identify(src/gwpspider/gwpspider_interfaces) by extensions ['colcon_pkg']
[0.328s] Level 1:colcon.colcon_core.package_identification:_identify(src/gwpspider/gwpspider_interfaces) by extension 'colcon_pkg'
[0.328s] Level 1:colcon.colcon_core.package_identification:_identify(src/gwpspider/gwpspider_interfaces) by extensions ['colcon_meta']
[0.328s] Level 1:colcon.colcon_core.package_identification:_identify(src/gwpspider/gwpspider_interfaces) by extension 'colcon_meta'
[0.328s] Level 1:colcon.colcon_core.package_identification:_identify(src/gwpspider/gwpspider_interfaces) by extensions ['ros']
[0.329s] Level 1:colcon.colcon_core.package_identification:_identify(src/gwpspider/gwpspider_interfaces) by extension 'ros'
[0.329s] DEBUG:colcon.colcon_core.package_identification:Package 'src/gwpspider/gwpspider_interfaces' with type 'ros.ament_cmake' and name 'gwpspider_interfaces'
[0.329s] Level 1:colcon.colcon_core.package_discovery:discover_packages(recursive) using defaults
[0.329s] Level 1:colcon.colcon_core.package_discovery:discover_packages(ignore) discover
[0.329s] Level 1:colcon.colcon_core.package_discovery:discover_packages(ignore) using defaults
[0.329s] Level 1:colcon.colcon_core.package_discovery:discover_packages(path) discover
[0.329s] Level 1:colcon.colcon_core.package_discovery:discover_packages(path) using defaults
[0.352s] Level 1:colcon.colcon_core.package_discovery:discover_packages(prefix_path) check parameters
[0.352s] Level 1:colcon.colcon_core.package_discovery:discover_packages(prefix_path) discover
[0.354s] DEBUG:colcon.colcon_installed_package_information.package_discovery:Found 3 installed packages in /home/spider/gwpspider_ws/install
[0.356s] DEBUG:colcon.colcon_installed_package_information.package_discovery:Found 270 installed packages in /opt/ros/humble
[0.357s] Level 1:colcon.colcon_core.package_discovery:discover_packages(prefix_path) using defaults
[0.409s] Level 5:colcon.colcon_core.verb:set package 'arduino_communication' build argument 'cmake_args' from command line to 'None'
[0.409s] Level 5:colcon.colcon_core.verb:set package 'arduino_communication' build argument 'cmake_target' from command line to 'None'
[0.409s] Level 5:colcon.colcon_core.verb:set package 'arduino_communication' build argument 'cmake_target_skip_unavailable' from command line to 'False'
[0.409s] Level 5:colcon.colcon_core.verb:set package 'arduino_communication' build argument 'cmake_clean_cache' from command line to 'False'
[0.409s] Level 5:colcon.colcon_core.verb:set package 'arduino_communication' build argument 'cmake_clean_first' from command line to 'False'
[0.409s] Level 5:colcon.colcon_core.verb:set package 'arduino_communication' build argument 'cmake_force_configure' from command line to 'False'
[0.409s] Level 5:colcon.colcon_core.verb:set package 'arduino_communication' build argument 'ament_cmake_args' from command line to 'None'
[0.409s] Level 5:colcon.colcon_core.verb:set package 'arduino_communication' build argument 'catkin_cmake_args' from command line to 'None'
[0.409s] Level 5:colcon.colcon_core.verb:set package 'arduino_communication' build argument 'catkin_skip_building_tests' from command line to 'False'
[0.409s] DEBUG:colcon.colcon_core.verb:Building package 'arduino_communication' with the following arguments: {'ament_cmake_args': None, 'build_base': '/home/spider/gwpspider_ws/build/arduino_communication', 'catkin_cmake_args': None, 'catkin_skip_building_tests': False, 'cmake_args': None, 'cmake_clean_cache': False, 'cmake_clean_first': False, 'cmake_force_configure': False, 'cmake_target': None, 'cmake_target_skip_unavailable': False, 'install_base': '/home/spider/gwpspider_ws/install/arduino_communication', 'merge_install': False, 'path': '/home/spider/gwpspider_ws/src/gwpspider/arduino_communication', 'symlink_install': False, 'test_result_base': None}
[0.410s] Level 5:colcon.colcon_core.verb:set package 'configuration' build argument 'cmake_args' from command line to 'None'
[0.410s] Level 5:colcon.colcon_core.verb:set package 'configuration' build argument 'cmake_target' from command line to 'None'
[0.410s] Level 5:colcon.colcon_core.verb:set package 'configuration' build argument 'cmake_target_skip_unavailable' from command line to 'False'
[0.410s] Level 5:colcon.colcon_core.verb:set package 'configuration' build argument 'cmake_clean_cache' from command line to 'False'
[0.410s] Level 5:colcon.colcon_core.verb:set package 'configuration' build argument 'cmake_clean_first' from command line to 'False'
[0.410s] Level 5:colcon.colcon_core.verb:set package 'configuration' build argument 'cmake_force_configure' from command line to 'False'
[0.410s] Level 5:colcon.colcon_core.verb:set package 'configuration' build argument 'ament_cmake_args' from command line to 'None'
[0.410s] Level 5:colcon.colcon_core.verb:set package 'configuration' build argument 'catkin_cmake_args' from command line to 'None'
[0.410s] Level 5:colcon.colcon_core.verb:set package 'configuration' build argument 'catkin_skip_building_tests' from command line to 'False'
[0.410s] DEBUG:colcon.colcon_core.verb:Building package 'configuration' with the following arguments: {'ament_cmake_args': None, 'build_base': '/home/spider/gwpspider_ws/build/configuration', 'catkin_cmake_args': None, 'catkin_skip_building_tests': False, 'cmake_args': None, 'cmake_clean_cache': False, 'cmake_clean_first': False, 'cmake_force_configure': False, 'cmake_target': None, 'cmake_target_skip_unavailable': False, 'install_base': '/home/spider/gwpspider_ws/install/configuration', 'merge_install': False, 'path': '/home/spider/gwpspider_ws/src/gwpspider/configuration', 'symlink_install': False, 'test_result_base': None}
[0.411s] Level 5:colcon.colcon_core.verb:set package 'gwpspider_interfaces' build argument 'cmake_args' from command line to 'None'
[0.411s] Level 5:colcon.colcon_core.verb:set package 'gwpspider_interfaces' build argument 'cmake_target' from command line to 'None'
[0.411s] Level 5:colcon.colcon_core.verb:set package 'gwpspider_interfaces' build argument 'cmake_target_skip_unavailable' from command line to 'False'
[0.411s] Level 5:colcon.colcon_core.verb:set package 'gwpspider_interfaces' build argument 'cmake_clean_cache' from command line to 'False'
[0.411s] Level 5:colcon.colcon_core.verb:set package 'gwpspider_interfaces' build argument 'cmake_clean_first' from command line to 'False'
[0.411s] Level 5:colcon.colcon_core.verb:set package 'gwpspider_interfaces' build argument 'cmake_force_configure' from command line to 'False'
[0.411s] Level 5:colcon.colcon_core.verb:set package 'gwpspider_interfaces' build argument 'ament_cmake_args' from command line to 'None'
[0.411s] Level 5:colcon.colcon_core.verb:set package 'gwpspider_interfaces' build argument 'catkin_cmake_args' from command line to 'None'
[0.411s] Level 5:colcon.colcon_core.verb:set package 'gwpspider_interfaces' build argument 'catkin_skip_building_tests' from command line to 'False'
[0.411s] DEBUG:colcon.colcon_core.verb:Building package 'gwpspider_interfaces' with the following arguments: {'ament_cmake_args': None, 'build_base': '/home/spider/gwpspider_ws/build/gwpspider_interfaces', 'catkin_cmake_args': None, 'catkin_skip_building_tests': False, 'cmake_args': None, 'cmake_clean_cache': False, 'cmake_clean_first': False, 'cmake_force_configure': False, 'cmake_target': None, 'cmake_target_skip_unavailable': False, 'install_base': '/home/spider/gwpspider_ws/install/gwpspider_interfaces', 'merge_install': False, 'path': '/home/spider/gwpspider_ws/src/gwpspider/gwpspider_interfaces', 'symlink_install': False, 'test_result_base': None}
[0.412s] INFO:colcon.colcon_core.executor:Executing jobs using 'parallel' executor
[0.415s] DEBUG:colcon.colcon_parallel_executor.executor.parallel:run_until_complete
[0.415s] INFO:colcon.colcon_ros.task.ament_python.build:Building ROS package in '/home/spider/gwpspider_ws/src/gwpspider/arduino_communication' with build type 'ament_python'
[0.415s] Level 1:colcon.colcon_core.shell:create_environment_hook('arduino_communication', 'ament_prefix_path')
[0.419s] INFO:colcon.colcon_core.plugin_system:Skipping extension 'colcon_core.shell.bat': Not used on non-Windows systems
[0.419s] INFO:colcon.colcon_core.shell:Creating environment hook '/home/spider/gwpspider_ws/install/arduino_communication/share/arduino_communication/hook/ament_prefix_path.ps1'
[0.420s] INFO:colcon.colcon_core.shell:Creating environment descriptor '/home/spider/gwpspider_ws/install/arduino_communication/share/arduino_communication/hook/ament_prefix_path.dsv'
[0.420s] INFO:colcon.colcon_core.shell:Creating environment hook '/home/spider/gwpspider_ws/install/arduino_communication/share/arduino_communication/hook/ament_prefix_path.sh'
[0.422s] INFO:colcon.colcon_core.shell:Skip shell extension 'powershell' for command environment: Not usable outside of PowerShell
[0.422s] DEBUG:colcon.colcon_core.shell:Skip shell extension 'dsv' for command environment
[0.426s] INFO:colcon.colcon_ros.task.ament_python.build:Building ROS package in '/home/spider/gwpspider_ws/src/gwpspider/configuration' with build type 'ament_python'
[0.426s] Level 1:colcon.colcon_core.shell:create_environment_hook('configuration', 'ament_prefix_path')
[0.427s] INFO:colcon.colcon_core.shell:Creating environment hook '/home/spider/gwpspider_ws/install/configuration/share/configuration/hook/ament_prefix_path.ps1'
[0.428s] INFO:colcon.colcon_core.shell:Creating environment descriptor '/home/spider/gwpspider_ws/install/configuration/share/configuration/hook/ament_prefix_path.dsv'
[0.428s] INFO:colcon.colcon_core.shell:Creating environment hook '/home/spider/gwpspider_ws/install/configuration/share/configuration/hook/ament_prefix_path.sh'
[0.429s] INFO:colcon.colcon_core.shell:Skip shell extension 'powershell' for command environment: Not usable outside of PowerShell
[0.429s] DEBUG:colcon.colcon_core.shell:Skip shell extension 'dsv' for command environment
[0.432s] INFO:colcon.colcon_ros.task.ament_cmake.build:Building ROS package in '/home/spider/gwpspider_ws/src/gwpspider/gwpspider_interfaces' with build type 'ament_cmake'
[0.433s] INFO:colcon.colcon_cmake.task.cmake.build:Building CMake package in '/home/spider/gwpspider_ws/src/gwpspider/gwpspider_interfaces'
[0.434s] INFO:colcon.colcon_core.shell:Skip shell extension 'powershell' for command environment: Not usable outside of PowerShell
[0.434s] DEBUG:colcon.colcon_core.shell:Skip shell extension 'dsv' for command environment
[0.656s] INFO:colcon.colcon_core.task.python.build:Building Python package in '/home/spider/gwpspider_ws/src/gwpspider/arduino_communication'
[0.657s] INFO:colcon.colcon_core.shell:Skip shell extension 'powershell' for command environment: Not usable outside of PowerShell
[0.658s] DEBUG:colcon.colcon_core.shell:Skip shell extension 'dsv' for command environment
[0.879s] INFO:colcon.colcon_core.task.python.build:Building Python package in '/home/spider/gwpspider_ws/src/gwpspider/configuration'
[0.881s] INFO:colcon.colcon_core.shell:Skip shell extension 'powershell' for command environment: Not usable outside of PowerShell
[0.881s] DEBUG:colcon.colcon_core.shell:Skip shell extension 'dsv' for command environment
[0.889s] DEBUG:colcon.colcon_core.event_handler.log_command:Invoking command in '/home/spider/gwpspider_ws/build/gwpspider_interfaces': CMAKE_PREFIX_PATH=${CMAKE_PREFIX_PATH}:/home/spider/gwpspider_ws/install/arduino_communication:/opt/ros/humble /usr/bin/cmake --build /home/spider/gwpspider_ws/build/gwpspider_interfaces -- -j8 -l8
[1.183s] DEBUG:colcon.colcon_core.event_handler.log_command:Invoking command in '/home/spider/gwpspider_ws/src/gwpspider/arduino_communication': PYTHONPATH=/home/spider/gwpspider_ws/build/arduino_communication/prefix_override:/home/spider/gwpspider_ws/install/arduino_communication/lib/python3.10/site-packages:${PYTHONPATH} /usr/bin/python3 setup.py egg_info --egg-base ../../../build/arduino_communication build --build-base /home/spider/gwpspider_ws/build/arduino_communication/build install --record /home/spider/gwpspider_ws/build/arduino_communication/install.log --single-version-externally-managed
[1.186s] DEBUG:colcon.colcon_core.event_handler.log_command:Invoking command in '/home/spider/gwpspider_ws/src/gwpspider/configuration': PYTHONPATH=/home/spider/gwpspider_ws/build/configuration/prefix_override:/home/spider/gwpspider_ws/install/configuration/lib/python3.10/site-packages:${PYTHONPATH} /usr/bin/python3 setup.py egg_info --egg-base ../../../build/configuration build --build-base /home/spider/gwpspider_ws/build/configuration/build install --record /home/spider/gwpspider_ws/build/configuration/install.log --single-version-externally-managed
[1.445s] DEBUG:colcon.colcon_core.event_handler.log_command:Invoked command in '/home/spider/gwpspider_ws/src/gwpspider/configuration' returned '0': PYTHONPATH=/home/spider/gwpspider_ws/build/configuration/prefix_override:/home/spider/gwpspider_ws/install/configuration/lib/python3.10/site-packages:${PYTHONPATH} /usr/bin/python3 setup.py egg_info --egg-base ../../../build/configuration build --build-base /home/spider/gwpspider_ws/build/configuration/build install --record /home/spider/gwpspider_ws/build/configuration/install.log --single-version-externally-managed
[1.449s] Level 1:colcon.colcon_core.environment:checking '/home/spider/gwpspider_ws/install/configuration' for CMake module files
[1.449s] Level 1:colcon.colcon_core.environment:checking '/home/spider/gwpspider_ws/install/configuration' for CMake config files
[1.450s] Level 1:colcon.colcon_core.environment:checking '/home/spider/gwpspider_ws/install/configuration/lib'
[1.450s] Level 1:colcon.colcon_core.environment:checking '/home/spider/gwpspider_ws/install/configuration/bin'
[1.450s] Level 1:colcon.colcon_core.environment:checking '/home/spider/gwpspider_ws/install/configuration/lib/pkgconfig/configuration.pc'
[1.450s] Level 1:colcon.colcon_core.environment:checking '/home/spider/gwpspider_ws/install/configuration/lib/python3.10/site-packages'
[1.450s] Level 1:colcon.colcon_core.shell:create_environment_hook('configuration', 'pythonpath')
[1.451s] INFO:colcon.colcon_core.shell:Creating environment hook '/home/spider/gwpspider_ws/install/configuration/share/configuration/hook/pythonpath.ps1'
[1.452s] INFO:colcon.colcon_core.shell:Creating environment descriptor '/home/spider/gwpspider_ws/install/configuration/share/configuration/hook/pythonpath.dsv'
[1.452s] INFO:colcon.colcon_core.shell:Creating environment hook '/home/spider/gwpspider_ws/install/configuration/share/configuration/hook/pythonpath.sh'
[1.453s] Level 1:colcon.colcon_core.environment:checking '/home/spider/gwpspider_ws/install/configuration/bin'
[1.453s] Level 1:colcon.colcon_core.environment:create_environment_scripts_only(configuration)
[1.454s] INFO:colcon.colcon_core.shell:Creating package script '/home/spider/gwpspider_ws/install/configuration/share/configuration/package.ps1'
[1.455s] INFO:colcon.colcon_core.shell:Creating package descriptor '/home/spider/gwpspider_ws/install/configuration/share/configuration/package.dsv'
[1.455s] INFO:colcon.colcon_core.shell:Creating package script '/home/spider/gwpspider_ws/install/configuration/share/configuration/package.sh'
[1.456s] INFO:colcon.colcon_core.shell:Creating package script '/home/spider/gwpspider_ws/install/configuration/share/configuration/package.bash'
[1.457s] INFO:colcon.colcon_core.shell:Creating package script '/home/spider/gwpspider_ws/install/configuration/share/configuration/package.zsh'
[1.457s] Level 1:colcon.colcon_core.environment:create_file_with_runtime_dependencies(/home/spider/gwpspider_ws/install/configuration/share/colcon-core/packages/configuration)
[1.460s] Level 1:colcon.colcon_core.environment:checking '/home/spider/gwpspider_ws/install/arduino_communication' for CMake module files
[1.461s] DEBUG:colcon.colcon_core.event_handler.log_command:Invoked command in '/home/spider/gwpspider_ws/src/gwpspider/arduino_communication' returned '0': PYTHONPATH=/home/spider/gwpspider_ws/build/arduino_communication/prefix_override:/home/spider/gwpspider_ws/install/arduino_communication/lib/python3.10/site-packages:${PYTHONPATH} /usr/bin/python3 setup.py egg_info --egg-base ../../../build/arduino_communication build --build-base /home/spider/gwpspider_ws/build/arduino_communication/build install --record /home/spider/gwpspider_ws/build/arduino_communication/install.log --single-version-externally-managed
[1.461s] Level 1:colcon.colcon_core.environment:checking '/home/spider/gwpspider_ws/install/arduino_communication' for CMake config files
[1.461s] Level 1:colcon.colcon_core.environment:checking '/home/spider/gwpspider_ws/install/arduino_communication/lib'
[1.462s] Level 1:colcon.colcon_core.environment:checking '/home/spider/gwpspider_ws/install/arduino_communication/bin'
[1.462s] Level 1:colcon.colcon_core.environment:checking '/home/spider/gwpspider_ws/install/arduino_communication/lib/pkgconfig/arduino_communication.pc'
[1.462s] Level 1:colcon.colcon_core.environment:checking '/home/spider/gwpspider_ws/install/arduino_communication/lib/python3.10/site-packages'
[1.462s] Level 1:colcon.colcon_core.shell:create_environment_hook('arduino_communication', 'pythonpath')
[1.463s] INFO:colcon.colcon_core.shell:Creating environment hook '/home/spider/gwpspider_ws/install/arduino_communication/share/arduino_communication/hook/pythonpath.ps1'
[1.464s] INFO:colcon.colcon_core.shell:Creating environment descriptor '/home/spider/gwpspider_ws/install/arduino_communication/share/arduino_communication/hook/pythonpath.dsv'
[1.464s] INFO:colcon.colcon_core.shell:Creating environment hook '/home/spider/gwpspider_ws/install/arduino_communication/share/arduino_communication/hook/pythonpath.sh'
[1.464s] Level 1:colcon.colcon_core.environment:checking '/home/spider/gwpspider_ws/install/arduino_communication/bin'
[1.464s] Level 1:colcon.colcon_core.environment:create_environment_scripts_only(arduino_communication)
[1.465s] INFO:colcon.colcon_core.shell:Creating package script '/home/spider/gwpspider_ws/install/arduino_communication/share/arduino_communication/package.ps1'
[1.466s] INFO:colcon.colcon_core.shell:Creating package descriptor '/home/spider/gwpspider_ws/install/arduino_communication/share/arduino_communication/package.dsv'
[1.466s] INFO:colcon.colcon_core.shell:Creating package script '/home/spider/gwpspider_ws/install/arduino_communication/share/arduino_communication/package.sh'
[1.467s] INFO:colcon.colcon_core.shell:Creating package script '/home/spider/gwpspider_ws/install/arduino_communication/share/arduino_communication/package.bash'
[1.467s] INFO:colcon.colcon_core.shell:Creating package script '/home/spider/gwpspider_ws/install/arduino_communication/share/arduino_communication/package.zsh'
[1.467s] Level 1:colcon.colcon_core.environment:create_file_with_runtime_dependencies(/home/spider/gwpspider_ws/install/arduino_communication/share/colcon-core/packages/arduino_communication)
[3.926s] DEBUG:colcon.colcon_core.event_handler.log_command:Invoked command in '/home/spider/gwpspider_ws/build/gwpspider_interfaces' returned '2': CMAKE_PREFIX_PATH=${CMAKE_PREFIX_PATH}:/home/spider/gwpspider_ws/install/arduino_communication:/opt/ros/humble /usr/bin/cmake --build /home/spider/gwpspider_ws/build/gwpspider_interfaces -- -j8 -l8
[4.025s] Level 1:colcon.colcon_core.environment:create_environment_scripts_only(gwpspider_interfaces)
[4.028s] Level 1:colcon.colcon_core.environment:checking '/home/spider/gwpspider_ws/install/gwpspider_interfaces' for CMake module files
[4.029s] Level 1:colcon.colcon_core.environment:checking '/home/spider/gwpspider_ws/install/gwpspider_interfaces' for CMake config files
[4.029s] Level 1:colcon.colcon_core.shell:create_environment_hook('gwpspider_interfaces', 'cmake_prefix_path')
[4.031s] INFO:colcon.colcon_core.shell:Creating environment hook '/home/spider/gwpspider_ws/install/gwpspider_interfaces/share/gwpspider_interfaces/hook/cmake_prefix_path.ps1'
[4.032s] INFO:colcon.colcon_core.shell:Creating environment descriptor '/home/spider/gwpspider_ws/install/gwpspider_interfaces/share/gwpspider_interfaces/hook/cmake_prefix_path.dsv'
[4.032s] INFO:colcon.colcon_core.shell:Creating environment hook '/home/spider/gwpspider_ws/install/gwpspider_interfaces/share/gwpspider_interfaces/hook/cmake_prefix_path.sh'
[4.033s] Level 1:colcon.colcon_core.environment:checking '/home/spider/gwpspider_ws/install/gwpspider_interfaces/lib'
[4.033s] Level 1:colcon.colcon_core.shell:create_environment_hook('gwpspider_interfaces', 'ld_library_path_lib')
[4.035s] INFO:colcon.colcon_core.shell:Creating environment hook '/home/spider/gwpspider_ws/install/gwpspider_interfaces/share/gwpspider_interfaces/hook/ld_library_path_lib.ps1'
[4.036s] INFO:colcon.colcon_core.shell:Creating environment descriptor '/home/spider/gwpspider_ws/install/gwpspider_interfaces/share/gwpspider_interfaces/hook/ld_library_path_lib.dsv'
[4.036s] INFO:colcon.colcon_core.shell:Creating environment hook '/home/spider/gwpspider_ws/install/gwpspider_interfaces/share/gwpspider_interfaces/hook/ld_library_path_lib.sh'
[4.036s] Level 1:colcon.colcon_core.environment:checking '/home/spider/gwpspider_ws/install/gwpspider_interfaces/bin'
[4.036s] Level 1:colcon.colcon_core.environment:checking '/home/spider/gwpspider_ws/install/gwpspider_interfaces/lib/pkgconfig/gwpspider_interfaces.pc'
[4.037s] Level 1:colcon.colcon_core.environment:checking '/home/spider/gwpspider_ws/install/gwpspider_interfaces/lib/python3.10/site-packages'
[4.037s] Level 1:colcon.colcon_core.environment:checking '/home/spider/gwpspider_ws/install/gwpspider_interfaces/bin'
[4.039s] INFO:colcon.colcon_core.shell:Creating package script '/home/spider/gwpspider_ws/install/gwpspider_interfaces/share/gwpspider_interfaces/package.ps1'
[4.040s] INFO:colcon.colcon_core.shell:Creating package descriptor '/home/spider/gwpspider_ws/install/gwpspider_interfaces/share/gwpspider_interfaces/package.dsv'
[4.041s] INFO:colcon.colcon_core.shell:Creating package script '/home/spider/gwpspider_ws/install/gwpspider_interfaces/share/gwpspider_interfaces/package.sh'
[4.041s] INFO:colcon.colcon_core.shell:Creating package script '/home/spider/gwpspider_ws/install/gwpspider_interfaces/share/gwpspider_interfaces/package.bash'
[4.042s] INFO:colcon.colcon_core.shell:Creating package script '/home/spider/gwpspider_ws/install/gwpspider_interfaces/share/gwpspider_interfaces/package.zsh'
[4.042s] Level 1:colcon.colcon_core.environment:create_file_with_runtime_dependencies(/home/spider/gwpspider_ws/install/gwpspider_interfaces/share/colcon-core/packages/gwpspider_interfaces)
[4.053s] DEBUG:colcon.colcon_parallel_executor.executor.parallel:closing loop
[4.053s] DEBUG:colcon.colcon_parallel_executor.executor.parallel:loop closed
[4.053s] DEBUG:colcon.colcon_parallel_executor.executor.parallel:run_until_complete finished with '2'
[4.053s] DEBUG:colcon.colcon_core.event_reactor:joining thread
[4.058s] INFO:colcon.colcon_core.plugin_system:Skipping extension 'colcon_notification.desktop_notification.terminal_notifier': Not used on non-Darwin systems
[4.058s] INFO:colcon.colcon_core.plugin_system:Skipping extension 'colcon_notification.desktop_notification.win32': Not used on non-Windows systems
[4.058s] INFO:colcon.colcon_notification.desktop_notification:Sending desktop notification using 'notify2'
[4.065s] DEBUG:colcon.colcon_core.event_reactor:joined thread
[4.067s] INFO:colcon.colcon_core.shell:Creating prefix script '/home/spider/gwpspider_ws/install/local_setup.ps1'
[4.068s] INFO:colcon.colcon_core.shell:Creating prefix util module '/home/spider/gwpspider_ws/install/_local_setup_util_ps1.py'
[4.069s] INFO:colcon.colcon_core.shell:Creating prefix chain script '/home/spider/gwpspider_ws/install/setup.ps1'
[4.070s] INFO:colcon.colcon_core.shell:Creating prefix script '/home/spider/gwpspider_ws/install/local_setup.sh'
[4.071s] INFO:colcon.colcon_core.shell:Creating prefix util module '/home/spider/gwpspider_ws/install/_local_setup_util_sh.py'
[4.071s] INFO:colcon.colcon_core.shell:Creating prefix chain script '/home/spider/gwpspider_ws/install/setup.sh'
[4.072s] INFO:colcon.colcon_core.shell:Creating prefix script '/home/spider/gwpspider_ws/install/local_setup.bash'
[4.073s] INFO:colcon.colcon_core.shell:Creating prefix chain script '/home/spider/gwpspider_ws/install/setup.bash'
[4.074s] INFO:colcon.colcon_core.shell:Creating prefix script '/home/spider/gwpspider_ws/install/local_setup.zsh'
[4.074s] INFO:colcon.colcon_core.shell:Creating prefix chain script '/home/spider/gwpspider_ws/install/setup.zsh'
