[2.550s] Invoking command in '/home/spider/gwpspider_ws/src/gwpspider/application': PYTHONPATH=/home/spider/gwpspider_ws/build/application/prefix_override:/home/spider/gwpspider_ws/install/application/lib/python3.10/site-packages:${PYTHONPATH} /usr/bin/python3 setup.py egg_info --egg-base ../../../build/application build --build-base /home/spider/gwpspider_ws/build/application/build install --record /home/spider/gwpspider_ws/build/application/install.log --single-version-externally-managed
[2.939s] running egg_info
[2.939s] writing ../../../build/application/application.egg-info/PKG-INFO
[2.940s] writing dependency_links to ../../../build/application/application.egg-info/dependency_links.txt
[2.940s] writing entry points to ../../../build/application/application.egg-info/entry_points.txt
[2.940s] writing requirements to ../../../build/application/application.egg-info/requires.txt
[2.940s] writing top-level names to ../../../build/application/application.egg-info/top_level.txt
[2.942s] reading manifest file '../../../build/application/application.egg-info/SOURCES.txt'
[2.943s] writing manifest file '../../../build/application/application.egg-info/SOURCES.txt'
[2.944s] running build
[2.944s] running build_py
[2.944s] copying application/app.py -> /home/spider/gwpspider_ws/build/application/build/lib/application
[2.944s] running install
[2.944s] /usr/lib/python3/dist-packages/setuptools/command/install.py:34: SetuptoolsDeprecationWarning: setup.py install is deprecated. Use build and pip and other standards-based tools.
[2.944s]   warnings.warn(
[2.945s] running install_lib
[2.946s] copying /home/spider/gwpspider_ws/build/application/build/lib/application/app.py -> /home/spider/gwpspider_ws/install/application/lib/python3.10/site-packages/application
[2.947s] byte-compiling /home/spider/gwpspider_ws/install/application/lib/python3.10/site-packages/application/app.py to app.cpython-310.pyc
[2.951s] running install_data
[2.959s] running install_egg_info
[2.959s] removing '/home/spider/gwpspider_ws/install/application/lib/python3.10/site-packages/application-0.0.0-py3.10.egg-info' (and everything under it)
[2.960s] Copying ../../../build/application/application.egg-info to /home/spider/gwpspider_ws/install/application/lib/python3.10/site-packages/application-0.0.0-py3.10.egg-info
[2.960s] running install_scripts
[2.999s] Installing app script to /home/spider/gwpspider_ws/install/application/lib/application
[2.999s] writing list of installed files to '/home/spider/gwpspider_ws/build/application/install.log'
[3.351s] Invoked command in '/home/spider/gwpspider_ws/src/gwpspider/application' returned '0': PYTHONPATH=/home/spider/gwpspider_ws/build/application/prefix_override:/home/spider/gwpspider_ws/install/application/lib/python3.10/site-packages:${PYTHONPATH} /usr/bin/python3 setup.py egg_info --egg-base ../../../build/application build --build-base /home/spider/gwpspider_ws/build/application/build install --record /home/spider/gwpspider_ws/build/application/install.log --single-version-externally-managed
