[2.272s] Invoking command in '/home/spider/gwpspider_ws/src/gwpspider/controller': PYTHONPATH=/home/spider/gwpspider_ws/build/controller/prefix_override:/home/spider/gwpspider_ws/install/controller/lib/python3.10/site-packages:${PYTHONPATH} /usr/bin/python3 setup.py egg_info --egg-base ../../../build/controller build --build-base /home/spider/gwpspider_ws/build/controller/build install --record /home/spider/gwpspider_ws/build/controller/install.log --single-version-externally-managed
[2.638s] running egg_info
[2.639s] writing ../../../build/controller/controller.egg-info/PKG-INFO
[2.640s] writing dependency_links to ../../../build/controller/controller.egg-info/dependency_links.txt
[2.641s] writing entry points to ../../../build/controller/controller.egg-info/entry_points.txt
[2.642s] writing requirements to ../../../build/controller/controller.egg-info/requires.txt
[2.643s] writing top-level names to ../../../build/controller/controller.egg-info/top_level.txt
[2.646s] reading manifest file '../../../build/controller/controller.egg-info/SOURCES.txt'
[2.648s] writing manifest file '../../../build/controller/controller.egg-info/SOURCES.txt'
[2.649s] running build
[2.649s] running build_py
[2.650s] running install
[2.651s] /usr/lib/python3/dist-packages/setuptools/command/install.py:34: SetuptoolsDeprecationWarning: setup.py install is deprecated. Use build and pip and other standards-based tools.
[2.651s]   warnings.warn(
[2.652s] running install_lib
[2.654s] running install_data
[2.656s] running install_egg_info
[2.658s] removing '/home/spider/gwpspider_ws/install/controller/lib/python3.10/site-packages/controller-0.0.0-py3.10.egg-info' (and everything under it)
[2.668s] Copying ../../../build/controller/controller.egg-info to /home/spider/gwpspider_ws/install/controller/lib/python3.10/site-packages/controller-0.0.0-py3.10.egg-info
[2.677s] running install_scripts
[2.728s] Installing joint_velocity_controller script to /home/spider/gwpspider_ws/install/controller/lib/controller
[2.728s] Installing legs_states_publisher script to /home/spider/gwpspider_ws/install/controller/lib/controller
[2.729s] writing list of installed files to '/home/spider/gwpspider_ws/build/controller/install.log'
[2.778s] Invoked command in '/home/spider/gwpspider_ws/src/gwpspider/controller' returned '0': PYTHONPATH=/home/spider/gwpspider_ws/build/controller/prefix_override:/home/spider/gwpspider_ws/install/controller/lib/python3.10/site-packages:${PYTHONPATH} /usr/bin/python3 setup.py egg_info --egg-base ../../../build/controller build --build-base /home/spider/gwpspider_ws/build/controller/build install --record /home/spider/gwpspider_ws/build/controller/install.log --single-version-externally-managed
