[1.489s] Invoking command in '/home/spider/gwpspider_ws/build/gwpspider_launch': CMAKE_PREFIX_PATH=${CMAKE_PREFIX_PATH}:/home/spider/gwpspider_ws/install/utils:/home/spider/gwpspider_ws/install/safety_layer:/home/spider/gwpspider_ws/install/planning:/home/spider/gwpspider_ws/install/offset_prediction_model:/home/spider/gwpspider_ws/install/dynamixel_interface:/home/spider/gwpspider_ws/install/controller:/home/spider/gwpspider_ws/install/configuration:/home/spider/gwpspider_ws/install/calculations:/home/spider/gwpspider_ws/install/arduino_communication:/home/spider/gwpspider_ws/install/application:/opt/ros/humble /home/spider/.local/bin/cmake --build /home/spider/gwpspider_ws/build/gwpspider_launch -- -j8 -l8
[1.596s] Invoked command in '/home/spider/gwpspider_ws/build/gwpspider_launch' returned '0': CMAKE_PREFIX_PATH=${CMAKE_PREFIX_PATH}:/home/spider/gwpspider_ws/install/utils:/home/spider/gwpspider_ws/install/safety_layer:/home/spider/gwpspider_ws/install/planning:/home/spider/gwpspider_ws/install/offset_prediction_model:/home/spider/gwpspider_ws/install/dynamixel_interface:/home/spider/gwpspider_ws/install/controller:/home/spider/gwpspider_ws/install/configuration:/home/spider/gwpspider_ws/install/calculations:/home/spider/gwpspider_ws/install/arduino_communication:/home/spider/gwpspider_ws/install/application:/opt/ros/humble /home/spider/.local/bin/cmake --build /home/spider/gwpspider_ws/build/gwpspider_launch -- -j8 -l8
[1.883s] Invoking command in '/home/spider/gwpspider_ws/build/gwpspider_launch': CMAKE_PREFIX_PATH=${CMAKE_PREFIX_PATH}:/home/spider/gwpspider_ws/install/utils:/home/spider/gwpspider_ws/install/safety_layer:/home/spider/gwpspider_ws/install/planning:/home/spider/gwpspider_ws/install/offset_prediction_model:/home/spider/gwpspider_ws/install/dynamixel_interface:/home/spider/gwpspider_ws/install/controller:/home/spider/gwpspider_ws/install/configuration:/home/spider/gwpspider_ws/install/calculations:/home/spider/gwpspider_ws/install/arduino_communication:/home/spider/gwpspider_ws/install/application:/opt/ros/humble /home/spider/.local/bin/cmake --install /home/spider/gwpspider_ws/build/gwpspider_launch
[1.936s] -- Install configuration: ""
[1.937s] -- Up-to-date: /home/spider/gwpspider_ws/install/gwpspider_launch/share/gwpspider_launch//launch
[1.938s] -- Up-to-date: /home/spider/gwpspider_ws/install/gwpspider_launch/share/gwpspider_launch//launch/move_spider_launch.py
[1.939s] -- Up-to-date: /home/spider/gwpspider_ws/install/gwpspider_launch/share/ament_index/resource_index/package_run_dependencies/gwpspider_launch
[1.939s] -- Up-to-date: /home/spider/gwpspider_ws/install/gwpspider_launch/share/ament_index/resource_index/parent_prefix_path/gwpspider_launch
[1.940s] -- Up-to-date: /home/spider/gwpspider_ws/install/gwpspider_launch/share/gwpspider_launch/environment/ament_prefix_path.sh
[1.941s] -- Up-to-date: /home/spider/gwpspider_ws/install/gwpspider_launch/share/gwpspider_launch/environment/ament_prefix_path.dsv
[1.942s] -- Up-to-date: /home/spider/gwpspider_ws/install/gwpspider_launch/share/gwpspider_launch/environment/path.sh
[1.943s] -- Up-to-date: /home/spider/gwpspider_ws/install/gwpspider_launch/share/gwpspider_launch/environment/path.dsv
[1.944s] -- Up-to-date: /home/spider/gwpspider_ws/install/gwpspider_launch/share/gwpspider_launch/local_setup.bash
[1.945s] -- Up-to-date: /home/spider/gwpspider_ws/install/gwpspider_launch/share/gwpspider_launch/local_setup.sh
[1.945s] -- Up-to-date: /home/spider/gwpspider_ws/install/gwpspider_launch/share/gwpspider_launch/local_setup.zsh
[1.946s] -- Up-to-date: /home/spider/gwpspider_ws/install/gwpspider_launch/share/gwpspider_launch/local_setup.dsv
[1.947s] -- Installing: /home/spider/gwpspider_ws/install/gwpspider_launch/share/gwpspider_launch/package.dsv
[1.949s] -- Up-to-date: /home/spider/gwpspider_ws/install/gwpspider_launch/share/ament_index/resource_index/packages/gwpspider_launch
[1.950s] -- Up-to-date: /home/spider/gwpspider_ws/install/gwpspider_launch/share/gwpspider_launch/cmake/gwpspider_launchConfig.cmake
[1.951s] -- Up-to-date: /home/spider/gwpspider_ws/install/gwpspider_launch/share/gwpspider_launch/cmake/gwpspider_launchConfig-version.cmake
[1.951s] -- Up-to-date: /home/spider/gwpspider_ws/install/gwpspider_launch/share/gwpspider_launch/package.xml
[1.964s] Invoked command in '/home/spider/gwpspider_ws/build/gwpspider_launch' returned '0': CMAKE_PREFIX_PATH=${CMAKE_PREFIX_PATH}:/home/spider/gwpspider_ws/install/utils:/home/spider/gwpspider_ws/install/safety_layer:/home/spider/gwpspider_ws/install/planning:/home/spider/gwpspider_ws/install/offset_prediction_model:/home/spider/gwpspider_ws/install/dynamixel_interface:/home/spider/gwpspider_ws/install/controller:/home/spider/gwpspider_ws/install/configuration:/home/spider/gwpspider_ws/install/calculations:/home/spider/gwpspider_ws/install/arduino_communication:/home/spider/gwpspider_ws/install/application:/opt/ros/humble /home/spider/.local/bin/cmake --install /home/spider/gwpspider_ws/build/gwpspider_launch
