[0.737s] Invoking command in '/home/spider/gwpspider_ws/src/gwpspider/utils': PYTHONPATH=/home/spider/gwpspider_ws/build/utils/prefix_override:/home/spider/gwpspider_ws/install/utils/lib/python3.10/site-packages:${PYTHONPATH} /usr/bin/python3 setup.py egg_info --egg-base ../../../build/utils build --build-base /home/spider/gwpspider_ws/build/utils/build install --record /home/spider/gwpspider_ws/build/utils/install.log --single-version-externally-managed
[0.996s] running egg_info
[0.996s] writing ../../../build/utils/utils.egg-info/PKG-INFO
[0.997s] writing dependency_links to ../../../build/utils/utils.egg-info/dependency_links.txt
[0.997s] writing entry points to ../../../build/utils/utils.egg-info/entry_points.txt
[0.997s] writing requirements to ../../../build/utils/utils.egg-info/requires.txt
[0.997s] writing top-level names to ../../../build/utils/utils.egg-info/top_level.txt
[0.999s] reading manifest file '../../../build/utils/utils.egg-info/SOURCES.txt'
[1.000s] writing manifest file '../../../build/utils/utils.egg-info/SOURCES.txt'
[1.000s] running build
[1.000s] running build_py
[1.000s] copying utils/custom_interface_helper.py -> /home/spider/gwpspider_ws/build/utils/build/lib/utils
[1.000s] running install
[1.001s] /usr/lib/python3/dist-packages/setuptools/command/install.py:34: SetuptoolsDeprecationWarning: setup.py install is deprecated. Use build and pip and other standards-based tools.
[1.001s]   warnings.warn(
[1.001s] running install_lib
[1.002s] copying /home/spider/gwpspider_ws/build/utils/build/lib/utils/custom_interface_helper.py -> /home/spider/gwpspider_ws/install/utils/lib/python3.10/site-packages/utils
[1.003s] byte-compiling /home/spider/gwpspider_ws/install/utils/lib/python3.10/site-packages/utils/custom_interface_helper.py to custom_interface_helper.cpython-310.pyc
[1.004s] running install_data
[1.005s] running install_egg_info
[1.006s] removing '/home/spider/gwpspider_ws/install/utils/lib/python3.10/site-packages/utils-0.0.0-py3.10.egg-info' (and everything under it)
[1.006s] Copying ../../../build/utils/utils.egg-info to /home/spider/gwpspider_ws/install/utils/lib/python3.10/site-packages/utils-0.0.0-py3.10.egg-info
[1.007s] running install_scripts
[1.028s] writing list of installed files to '/home/spider/gwpspider_ws/build/utils/install.log'
[1.051s] Invoked command in '/home/spider/gwpspider_ws/src/gwpspider/utils' returned '0': PYTHONPATH=/home/spider/gwpspider_ws/build/utils/prefix_override:/home/spider/gwpspider_ws/install/utils/lib/python3.10/site-packages:${PYTHONPATH} /usr/bin/python3 setup.py egg_info --egg-base ../../../build/utils build --build-base /home/spider/gwpspider_ws/build/utils/build install --record /home/spider/gwpspider_ws/build/utils/install.log --single-version-externally-managed
