[2.486s] Invoking command in '/home/spider/gwpspider_ws/src/gwpspider/application': PYTHONPATH=/home/spider/gwpspider_ws/build/application/prefix_override:/home/spider/gwpspider_ws/install/application/lib/python3.10/site-packages:${PYTHONPATH} /usr/bin/python3 setup.py egg_info --egg-base ../../../build/application build --build-base /home/spider/gwpspider_ws/build/application/build install --record /home/spider/gwpspider_ws/build/application/install.log --single-version-externally-managed
[3.004s] running egg_info
[3.010s] writing ../../../build/application/application.egg-info/PKG-INFO
[3.010s] writing dependency_links to ../../../build/application/application.egg-info/dependency_links.txt
[3.010s] writing entry points to ../../../build/application/application.egg-info/entry_points.txt
[3.010s] writing requirements to ../../../build/application/application.egg-info/requires.txt
[3.010s] writing top-level names to ../../../build/application/application.egg-info/top_level.txt
[3.010s] reading manifest file '../../../build/application/application.egg-info/SOURCES.txt'
[3.028s] writing manifest file '../../../build/application/application.egg-info/SOURCES.txt'
[3.028s] running build
[3.028s] running build_py
[3.028s] copying application/app.py -> /home/spider/gwpspider_ws/build/application/build/lib/application
[3.028s] running install
[3.029s] running install_lib
[3.029s] /usr/lib/python3/dist-packages/setuptools/command/install.py:34: SetuptoolsDeprecationWarning: setup.py install is deprecated. Use build and pip and other standards-based tools.
[3.029s]   warnings.warn(
[3.029s] copying /home/spider/gwpspider_ws/build/application/build/lib/application/app.py -> /home/spider/gwpspider_ws/install/application/lib/python3.10/site-packages/application
[3.030s] byte-compiling /home/spider/gwpspider_ws/install/application/lib/python3.10/site-packages/application/app.py to app.cpython-310.pyc
[3.032s] running install_data
[3.034s] running install_egg_info
[3.037s] removing '/home/spider/gwpspider_ws/install/application/lib/python3.10/site-packages/application-0.0.0-py3.10.egg-info' (and everything under it)
[3.048s] Copying ../../../build/application/application.egg-info to /home/spider/gwpspider_ws/install/application/lib/python3.10/site-packages/application-0.0.0-py3.10.egg-info
[3.071s] running install_scripts
[3.125s] Installing app script to /home/spider/gwpspider_ws/install/application/lib/application
[3.127s] writing list of installed files to '/home/spider/gwpspider_ws/build/application/install.log'
[3.252s] Invoked command in '/home/spider/gwpspider_ws/src/gwpspider/application' returned '0': PYTHONPATH=/home/spider/gwpspider_ws/build/application/prefix_override:/home/spider/gwpspider_ws/install/application/lib/python3.10/site-packages:${PYTHONPATH} /usr/bin/python3 setup.py egg_info --egg-base ../../../build/application build --build-base /home/spider/gwpspider_ws/build/application/build install --record /home/spider/gwpspider_ws/build/application/install.log --single-version-externally-managed
