[0.754s] Invoking command in '/home/spider/gwpspider_ws/src/gwpspider/application': PYTHONPATH=/home/spider/gwpspider_ws/build/application/prefix_override:/home/spider/gwpspider_ws/install/application/lib/python3.10/site-packages:${PYTHONPATH} /usr/bin/python3 setup.py egg_info --egg-base ../../../build/application build --build-base /home/spider/gwpspider_ws/build/application/build install --record /home/spider/gwpspider_ws/build/application/install.log --single-version-externally-managed
[1.053s] running egg_info
[1.054s] writing ../../../build/application/application.egg-info/PKG-INFO
[1.054s] writing dependency_links to ../../../build/application/application.egg-info/dependency_links.txt
[1.054s] writing entry points to ../../../build/application/application.egg-info/entry_points.txt
[1.054s] writing requirements to ../../../build/application/application.egg-info/requires.txt
[1.054s] writing top-level names to ../../../build/application/application.egg-info/top_level.txt
[1.056s] reading manifest file '../../../build/application/application.egg-info/SOURCES.txt'
[1.057s] writing manifest file '../../../build/application/application.egg-info/SOURCES.txt'
[1.057s] running build
[1.057s] running build_py
[1.057s] running install
[1.057s] /usr/lib/python3/dist-packages/setuptools/command/install.py:34: SetuptoolsDeprecationWarning: setup.py install is deprecated. Use build and pip and other standards-based tools.
[1.057s]   warnings.warn(
[1.058s] running install_lib
[1.059s] running install_data
[1.060s] running install_egg_info
[1.062s] removing '/home/spider/gwpspider_ws/install/application/lib/python3.10/site-packages/application-0.0.0-py3.10.egg-info' (and everything under it)
[1.062s] Copying ../../../build/application/application.egg-info to /home/spider/gwpspider_ws/install/application/lib/python3.10/site-packages/application-0.0.0-py3.10.egg-info
[1.063s] running install_scripts
[1.089s] Installing app script to /home/spider/gwpspider_ws/install/application/lib/application
[1.090s] writing list of installed files to '/home/spider/gwpspider_ws/build/application/install.log'
[1.118s] Invoked command in '/home/spider/gwpspider_ws/src/gwpspider/application' returned '0': PYTHONPATH=/home/spider/gwpspider_ws/build/application/prefix_override:/home/spider/gwpspider_ws/install/application/lib/python3.10/site-packages:${PYTHONPATH} /usr/bin/python3 setup.py egg_info --egg-base ../../../build/application build --build-base /home/spider/gwpspider_ws/build/application/build install --record /home/spider/gwpspider_ws/build/application/install.log --single-version-externally-managed
