[2.564s] Invoking command in '/home/spider/gwpspider_ws/src/gwpspider/application': PYTHONPATH=/home/spider/gwpspider_ws/build/application/prefix_override:/home/spider/gwpspider_ws/install/application/lib/python3.10/site-packages:${PYTHONPATH} /usr/bin/python3 setup.py egg_info --egg-base ../../../build/application build --build-base /home/spider/gwpspider_ws/build/application/build install --record /home/spider/gwpspider_ws/build/application/install.log --single-version-externally-managed
[2.988s] running egg_info
[2.989s] writing ../../../build/application/application.egg-info/PKG-INFO
[2.989s] writing dependency_links to ../../../build/application/application.egg-info/dependency_links.txt
[2.989s] writing entry points to ../../../build/application/application.egg-info/entry_points.txt
[2.990s] writing requirements to ../../../build/application/application.egg-info/requires.txt
[2.990s] writing top-level names to ../../../build/application/application.egg-info/top_level.txt
[2.993s] reading manifest file '../../../build/application/application.egg-info/SOURCES.txt'
[2.994s] writing manifest file '../../../build/application/application.egg-info/SOURCES.txt'
[2.994s] running build
[2.994s] running build_py
[2.994s] running install
[2.996s] running install_lib
[2.997s] running install_data
[2.998s] running install_egg_info
[3.006s] removing '/home/spider/gwpspider_ws/install/application/lib/python3.10/site-packages/application-0.0.0-py3.10.egg-info' (and everything under it)
[3.006s] Copying ../../../build/application/application.egg-info to /home/spider/gwpspider_ws/install/application/lib/python3.10/site-packages/application-0.0.0-py3.10.egg-info
[3.007s] running install_scripts
[3.007s] /usr/lib/python3/dist-packages/setuptools/command/install.py:34: SetuptoolsDeprecationWarning: setup.py install is deprecated. Use build and pip and other standards-based tools.
[3.007s]   warnings.warn(
[3.038s] Installing app script to /home/spider/gwpspider_ws/install/application/lib/application
[3.038s] writing list of installed files to '/home/spider/gwpspider_ws/build/application/install.log'
[3.666s] Invoked command in '/home/spider/gwpspider_ws/src/gwpspider/application' returned '0': PYTHONPATH=/home/spider/gwpspider_ws/build/application/prefix_override:/home/spider/gwpspider_ws/install/application/lib/python3.10/site-packages:${PYTHONPATH} /usr/bin/python3 setup.py egg_info --egg-base ../../../build/application build --build-base /home/spider/gwpspider_ws/build/application/build install --record /home/spider/gwpspider_ws/build/application/install.log --single-version-externally-managed
