[1.251s] Invoking command in '/home/spider/gwpspider_ws/src/gwpspider/utils': PYTHONPATH=/home/spider/gwpspider_ws/build/utils/prefix_override:/home/spider/gwpspider_ws/install/utils/lib/python3.10/site-packages:${PYTHONPATH} /usr/bin/python3 setup.py egg_info --egg-base ../../../build/utils build --build-base /home/spider/gwpspider_ws/build/utils/build install --record /home/spider/gwpspider_ws/build/utils/install.log --single-version-externally-managed
[1.584s] running egg_info
[1.585s] writing ../../../build/utils/utils.egg-info/PKG-INFO
[1.586s] writing dependency_links to ../../../build/utils/utils.egg-info/dependency_links.txt
[1.586s] writing entry points to ../../../build/utils/utils.egg-info/entry_points.txt
[1.586s] writing requirements to ../../../build/utils/utils.egg-info/requires.txt
[1.586s] writing top-level names to ../../../build/utils/utils.egg-info/top_level.txt
[1.588s] reading manifest file '../../../build/utils/utils.egg-info/SOURCES.txt'
[1.589s] writing manifest file '../../../build/utils/utils.egg-info/SOURCES.txt'
[1.589s] running build
[1.589s] running build_py
[1.589s] copying utils/custom_interface_helper.py -> /home/spider/gwpspider_ws/build/utils/build/lib/utils
[1.589s] running install
[1.590s] /usr/lib/python3/dist-packages/setuptools/command/install.py:34: SetuptoolsDeprecationWarning: setup.py install is deprecated. Use build and pip and other standards-based tools.
[1.590s]   warnings.warn(
[1.590s] running install_lib
[1.591s] copying /home/spider/gwpspider_ws/build/utils/build/lib/utils/custom_interface_helper.py -> /home/spider/gwpspider_ws/install/utils/lib/python3.10/site-packages/utils
[1.591s] byte-compiling /home/spider/gwpspider_ws/install/utils/lib/python3.10/site-packages/utils/custom_interface_helper.py to custom_interface_helper.cpython-310.pyc
[1.593s] running install_data
[1.594s] running install_egg_info
[1.596s] removing '/home/spider/gwpspider_ws/install/utils/lib/python3.10/site-packages/utils-0.0.0-py3.10.egg-info' (and everything under it)
[1.596s] Copying ../../../build/utils/utils.egg-info to /home/spider/gwpspider_ws/install/utils/lib/python3.10/site-packages/utils-0.0.0-py3.10.egg-info
[1.597s] running install_scripts
[1.621s] writing list of installed files to '/home/spider/gwpspider_ws/build/utils/install.log'
[1.652s] Invoked command in '/home/spider/gwpspider_ws/src/gwpspider/utils' returned '0': PYTHONPATH=/home/spider/gwpspider_ws/build/utils/prefix_override:/home/spider/gwpspider_ws/install/utils/lib/python3.10/site-packages:${PYTHONPATH} /usr/bin/python3 setup.py egg_info --egg-base ../../../build/utils build --build-base /home/spider/gwpspider_ws/build/utils/build install --record /home/spider/gwpspider_ws/build/utils/install.log --single-version-externally-managed
