[3.022s] Invoking command in '/home/spider/gwpspider_ws/src/gwpspider/planning': PYTHONPATH=/home/spider/gwpspider_ws/build/planning/prefix_override:/home/spider/gwpspider_ws/install/planning/lib/python3.10/site-packages:${PYTHONPATH} /usr/bin/python3 setup.py egg_info --egg-base ../../../build/planning build --build-base /home/spider/gwpspider_ws/build/planning/build install --record /home/spider/gwpspider_ws/build/planning/install.log --single-version-externally-managed
[3.520s] running egg_info
[3.522s] writing ../../../build/planning/planning.egg-info/PKG-INFO
[3.522s] writing dependency_links to ../../../build/planning/planning.egg-info/dependency_links.txt
[3.522s] writing entry points to ../../../build/planning/planning.egg-info/entry_points.txt
[3.522s] writing requirements to ../../../build/planning/planning.egg-info/requires.txt
[3.522s] writing top-level names to ../../../build/planning/planning.egg-info/top_level.txt
[3.523s] /usr/lib/python3/dist-packages/setuptools/command/install.py:34: SetuptoolsDeprecationWarning: setup.py install is deprecated. Use build and pip and other standards-based tools.
[3.523s] reading manifest file '../../../build/planning/planning.egg-info/SOURCES.txt'
[3.523s] writing manifest file '../../../build/planning/planning.egg-info/SOURCES.txt'
[3.523s] running build
[3.523s] running build_py
[3.523s] running install
[3.523s]   warnings.warn(
[3.523s] running install_lib
[3.524s] running install_data
[3.524s] running install_egg_info
[3.526s] removing '/home/spider/gwpspider_ws/install/planning/lib/python3.10/site-packages/planning-0.0.0-py3.10.egg-info' (and everything under it)
[3.528s] Copying ../../../build/planning/planning.egg-info to /home/spider/gwpspider_ws/install/planning/lib/python3.10/site-packages/planning-0.0.0-py3.10.egg-info
[3.529s] running install_scripts
[3.569s] Installing path_planner script to /home/spider/gwpspider_ws/install/planning/lib/planning
[3.569s] Installing trajectory_planner script to /home/spider/gwpspider_ws/install/planning/lib/planning
[3.569s] writing list of installed files to '/home/spider/gwpspider_ws/build/planning/install.log'
[3.601s] Invoked command in '/home/spider/gwpspider_ws/src/gwpspider/planning' returned '0': PYTHONPATH=/home/spider/gwpspider_ws/build/planning/prefix_override:/home/spider/gwpspider_ws/install/planning/lib/python3.10/site-packages:${PYTHONPATH} /usr/bin/python3 setup.py egg_info --egg-base ../../../build/planning build --build-base /home/spider/gwpspider_ws/build/planning/build install --record /home/spider/gwpspider_ws/build/planning/install.log --single-version-externally-managed
