[2.237s] Invoking command in '/home/spider/gwpspider_ws/src/gwpspider/controller': PYTHONPATH=/home/spider/gwpspider_ws/build/controller/prefix_override:/home/spider/gwpspider_ws/install/controller/lib/python3.10/site-packages:${PYTHONPATH} /usr/bin/python3 setup.py egg_info --egg-base ../../../build/controller build --build-base /home/spider/gwpspider_ws/build/controller/build install --record /home/spider/gwpspider_ws/build/controller/install.log --single-version-externally-managed
[2.875s] running egg_info
[2.877s] writing ../../../build/controller/controller.egg-info/PKG-INFO
[2.877s] writing dependency_links to ../../../build/controller/controller.egg-info/dependency_links.txt
[2.878s] writing entry points to ../../../build/controller/controller.egg-info/entry_points.txt
[2.878s] writing requirements to ../../../build/controller/controller.egg-info/requires.txt
[2.879s] writing top-level names to ../../../build/controller/controller.egg-info/top_level.txt
[2.882s] reading manifest file '../../../build/controller/controller.egg-info/SOURCES.txt'
[2.883s] writing manifest file '../../../build/controller/controller.egg-info/SOURCES.txt'
[2.884s] running build
[2.884s] running build_py
[2.885s] copying controller/joint_velocity_controller.py -> /home/spider/gwpspider_ws/build/controller/build/lib/controller
[2.885s] running install
[2.886s] /usr/lib/python3/dist-packages/setuptools/command/install.py:34: SetuptoolsDeprecationWarning: setup.py install is deprecated. Use build and pip and other standards-based tools.
[2.886s]   warnings.warn(
[2.887s] running install_lib
[2.888s] copying /home/spider/gwpspider_ws/build/controller/build/lib/controller/joint_velocity_controller.py -> /home/spider/gwpspider_ws/install/controller/lib/python3.10/site-packages/controller
[2.890s] byte-compiling /home/spider/gwpspider_ws/install/controller/lib/python3.10/site-packages/controller/joint_velocity_controller.py to joint_velocity_controller.cpython-310.pyc
[2.896s] running install_data
[2.897s] running install_egg_info
[2.900s] removing '/home/spider/gwpspider_ws/install/controller/lib/python3.10/site-packages/controller-0.0.0-py3.10.egg-info' (and everything under it)
[2.901s] Copying ../../../build/controller/controller.egg-info to /home/spider/gwpspider_ws/install/controller/lib/python3.10/site-packages/controller-0.0.0-py3.10.egg-info
[2.902s] running install_scripts
[2.935s] Installing joint_velocity_controller script to /home/spider/gwpspider_ws/install/controller/lib/controller
[2.935s] Installing legs_states_publisher script to /home/spider/gwpspider_ws/install/controller/lib/controller
[2.935s] writing list of installed files to '/home/spider/gwpspider_ws/build/controller/install.log'
[3.213s] Invoked command in '/home/spider/gwpspider_ws/src/gwpspider/controller' returned '0': PYTHONPATH=/home/spider/gwpspider_ws/build/controller/prefix_override:/home/spider/gwpspider_ws/install/controller/lib/python3.10/site-packages:${PYTHONPATH} /usr/bin/python3 setup.py egg_info --egg-base ../../../build/controller build --build-base /home/spider/gwpspider_ws/build/controller/build install --record /home/spider/gwpspider_ws/build/controller/install.log --single-version-externally-managed
