[1.580s] Invoking command in '/home/spider/gwpspider_ws/src/gwpspider/planning': PYTHONPATH=/home/spider/gwpspider_ws/build/planning/prefix_override:/home/spider/gwpspider_ws/install/planning/lib/python3.10/site-packages:${PYTHONPATH} /usr/bin/python3 setup.py egg_info --egg-base ../../../build/planning build --build-base /home/spider/gwpspider_ws/build/planning/build install --record /home/spider/gwpspider_ws/build/planning/install.log --single-version-externally-managed
[1.954s] running egg_info
[1.956s] writing ../../../build/planning/planning.egg-info/PKG-INFO
[1.956s] writing dependency_links to ../../../build/planning/planning.egg-info/dependency_links.txt
[1.957s] writing entry points to ../../../build/planning/planning.egg-info/entry_points.txt
[1.957s] writing requirements to ../../../build/planning/planning.egg-info/requires.txt
[1.957s] writing top-level names to ../../../build/planning/planning.egg-info/top_level.txt
[1.960s] reading manifest file '../../../build/planning/planning.egg-info/SOURCES.txt'
[1.962s] writing manifest file '../../../build/planning/planning.egg-info/SOURCES.txt'
[1.962s] running build
[1.962s] running build_py
[1.963s] running install
[1.963s] /usr/lib/python3/dist-packages/setuptools/command/install.py:34: SetuptoolsDeprecationWarning: setup.py install is deprecated. Use build and pip and other standards-based tools.
[1.963s]   warnings.warn(
[1.964s] running install_lib
[1.966s] running install_data
[1.967s] running install_egg_info
[1.970s] removing '/home/spider/gwpspider_ws/install/planning/lib/python3.10/site-packages/planning-0.0.0-py3.10.egg-info' (and everything under it)
[1.971s] Copying ../../../build/planning/planning.egg-info to /home/spider/gwpspider_ws/install/planning/lib/python3.10/site-packages/planning-0.0.0-py3.10.egg-info
[1.972s] running install_scripts
[2.005s] Installing path_planner script to /home/spider/gwpspider_ws/install/planning/lib/planning
[2.005s] Installing trajectory_planner script to /home/spider/gwpspider_ws/install/planning/lib/planning
[2.005s] writing list of installed files to '/home/spider/gwpspider_ws/build/planning/install.log'
[2.051s] Invoked command in '/home/spider/gwpspider_ws/src/gwpspider/planning' returned '0': PYTHONPATH=/home/spider/gwpspider_ws/build/planning/prefix_override:/home/spider/gwpspider_ws/install/planning/lib/python3.10/site-packages:${PYTHONPATH} /usr/bin/python3 setup.py egg_info --egg-base ../../../build/planning build --build-base /home/spider/gwpspider_ws/build/planning/build install --record /home/spider/gwpspider_ws/build/planning/install.log --single-version-externally-managed
