[2.377s] Invoking command in '/home/spider/gwpspider_ws/src/gwpspider/calculations': PYTHONPATH=/home/spider/gwpspider_ws/build/calculations/prefix_override:/home/spider/gwpspider_ws/install/calculations/lib/python3.10/site-packages:${PYTHONPATH} /usr/bin/python3 setup.py egg_info --egg-base ../../../build/calculations build --build-base /home/spider/gwpspider_ws/build/calculations/build install --record /home/spider/gwpspider_ws/build/calculations/install.log --single-version-externally-managed
[3.268s] running egg_info
[3.269s] writing ../../../build/calculations/calculations.egg-info/PKG-INFO
[3.270s] writing dependency_links to ../../../build/calculations/calculations.egg-info/dependency_links.txt
[3.270s] writing entry points to ../../../build/calculations/calculations.egg-info/entry_points.txt
[3.270s] writing requirements to ../../../build/calculations/calculations.egg-info/requires.txt
[3.270s] writing top-level names to ../../../build/calculations/calculations.egg-info/top_level.txt
[3.286s] reading manifest file '../../../build/calculations/calculations.egg-info/SOURCES.txt'
[3.287s] writing manifest file '../../../build/calculations/calculations.egg-info/SOURCES.txt'
[3.288s] running build
[3.288s] running build_py
[3.294s] running install
[3.294s] /usr/lib/python3/dist-packages/setuptools/command/install.py:34: SetuptoolsDeprecationWarning: setup.py install is deprecated. Use build and pip and other standards-based tools.
[3.295s]   warnings.warn(
[3.295s] running install_lib
[3.295s] running install_data
[3.296s] running install_egg_info
[3.298s] removing '/home/spider/gwpspider_ws/install/calculations/lib/python3.10/site-packages/calculations-0.0.0-py3.10.egg-info' (and everything under it)
[3.299s] Copying ../../../build/calculations/calculations.egg-info to /home/spider/gwpspider_ws/install/calculations/lib/python3.10/site-packages/calculations-0.0.0-py3.10.egg-info
[3.300s] running install_scripts
[3.376s] writing list of installed files to '/home/spider/gwpspider_ws/build/calculations/install.log'
[3.547s] Invoked command in '/home/spider/gwpspider_ws/src/gwpspider/calculations' returned '0': PYTHONPATH=/home/spider/gwpspider_ws/build/calculations/prefix_override:/home/spider/gwpspider_ws/install/calculations/lib/python3.10/site-packages:${PYTHONPATH} /usr/bin/python3 setup.py egg_info --egg-base ../../../build/calculations build --build-base /home/spider/gwpspider_ws/build/calculations/build install --record /home/spider/gwpspider_ws/build/calculations/install.log --single-version-externally-managed
