[0.296s] DEBUG:colcon:Command line arguments: ['/usr/bin/colcon', 'build']
[0.296s] DEBUG:colcon:Parsed command line arguments: Namespace(log_base=None, log_level=None, verb_name='build', build_base='build', install_base='install', merge_install=False, symlink_install=False, test_result_base=None, continue_on_error=False, executor='parallel', parallel_workers=8, event_handlers=None, ignore_user_meta=False, metas=['./colcon.meta'], base_paths=['.'], packages_ignore=None, packages_ignore_regex=None, paths=None, packages_up_to=None, packages_up_to_regex=None, packages_above=None, packages_above_and_dependencies=None, packages_above_depth=None, packages_select_by_dep=None, packages_skip_by_dep=None, packages_skip_up_to=None, packages_select_build_failed=False, packages_skip_build_finished=False, packages_select_test_failures=False, packages_skip_test_passed=False, packages_select=None, packages_skip=None, packages_select_regex=None, packages_skip_regex=None, packages_start=None, packages_end=None, allow_overriding=[], cmake_args=None, cmake_target=None, cmake_target_skip_unavailable=False, cmake_clean_cache=False, cmake_clean_first=False, cmake_force_configure=False, ament_cmake_args=None, catkin_cmake_args=None, catkin_skip_building_tests=False, verb_parser=<colcon_defaults.argument_parser.defaults.DefaultArgumentsDecorator object at 0x7f453aedda80>, verb_extension=<colcon_core.verb.build.BuildVerb object at 0x7f453af14880>, main=<bound method BuildVerb.main of <colcon_core.verb.build.BuildVerb object at 0x7f453af14880>>)
[0.325s] Level 1:colcon.colcon_core.package_discovery:discover_packages(colcon_meta) check parameters
[0.326s] Level 1:colcon.colcon_core.package_discovery:discover_packages(recursive) check parameters
[0.326s] Level 1:colcon.colcon_core.package_discovery:discover_packages(ignore) check parameters
[0.326s] Level 1:colcon.colcon_core.package_discovery:discover_packages(path) check parameters
[0.326s] Level 1:colcon.colcon_core.package_discovery:discover_packages(colcon_meta) discover
[0.326s] Level 1:colcon.colcon_core.package_discovery:discover_packages(recursive) discover
[0.326s] INFO:colcon.colcon_core.package_discovery:Crawling recursively for packages in '/home/spider/gwpspider_ws'
[0.326s] Level 1:colcon.colcon_core.package_identification:_identify(.) by extensions ['ignore', 'ignore_ament_install']
[0.326s] Level 1:colcon.colcon_core.package_identification:_identify(.) by extension 'ignore'
[0.326s] Level 1:colcon.colcon_core.package_identification:_identify(.) by extension 'ignore_ament_install'
[0.326s] Level 1:colcon.colcon_core.package_identification:_identify(.) by extensions ['colcon_pkg']
[0.326s] Level 1:colcon.colcon_core.package_identification:_identify(.) by extension 'colcon_pkg'
[0.326s] Level 1:colcon.colcon_core.package_identification:_identify(.) by extensions ['colcon_meta']
[0.326s] Level 1:colcon.colcon_core.package_identification:_identify(.) by extension 'colcon_meta'
[0.326s] Level 1:colcon.colcon_core.package_identification:_identify(.) by extensions ['ros']
[0.326s] Level 1:colcon.colcon_core.package_identification:_identify(.) by extension 'ros'
[0.337s] Level 1:colcon.colcon_core.package_identification:_identify(.) by extensions ['cmake', 'python']
[0.337s] Level 1:colcon.colcon_core.package_identification:_identify(.) by extension 'cmake'
[0.337s] Level 1:colcon.colcon_core.package_identification:_identify(.) by extension 'python'
[0.337s] Level 1:colcon.colcon_core.package_identification:_identify(.) by extensions ['python_setup_py']
[0.337s] Level 1:colcon.colcon_core.package_identification:_identify(.) by extension 'python_setup_py'
[0.338s] Level 1:colcon.colcon_core.package_identification:_identify(build) by extensions ['ignore', 'ignore_ament_install']
[0.338s] Level 1:colcon.colcon_core.package_identification:_identify(build) by extension 'ignore'
[0.338s] Level 1:colcon.colcon_core.package_identification:_identify(build) ignored
[0.338s] Level 1:colcon.colcon_core.package_identification:_identify(install) by extensions ['ignore', 'ignore_ament_install']
[0.338s] Level 1:colcon.colcon_core.package_identification:_identify(install) by extension 'ignore'
[0.338s] Level 1:colcon.colcon_core.package_identification:_identify(install) ignored
[0.338s] Level 1:colcon.colcon_core.package_identification:_identify(log) by extensions ['ignore', 'ignore_ament_install']
[0.338s] Level 1:colcon.colcon_core.package_identification:_identify(log) by extension 'ignore'
[0.338s] Level 1:colcon.colcon_core.package_identification:_identify(log) ignored
[0.338s] Level 1:colcon.colcon_core.package_identification:_identify(src) by extensions ['ignore', 'ignore_ament_install']
[0.338s] Level 1:colcon.colcon_core.package_identification:_identify(src) by extension 'ignore'
[0.338s] Level 1:colcon.colcon_core.package_identification:_identify(src) by extension 'ignore_ament_install'
[0.338s] Level 1:colcon.colcon_core.package_identification:_identify(src) by extensions ['colcon_pkg']
[0.338s] Level 1:colcon.colcon_core.package_identification:_identify(src) by extension 'colcon_pkg'
[0.338s] Level 1:colcon.colcon_core.package_identification:_identify(src) by extensions ['colcon_meta']
[0.338s] Level 1:colcon.colcon_core.package_identification:_identify(src) by extension 'colcon_meta'
[0.339s] Level 1:colcon.colcon_core.package_identification:_identify(src) by extensions ['ros']
[0.339s] Level 1:colcon.colcon_core.package_identification:_identify(src) by extension 'ros'
[0.339s] Level 1:colcon.colcon_core.package_identification:_identify(src) by extensions ['cmake', 'python']
[0.339s] Level 1:colcon.colcon_core.package_identification:_identify(src) by extension 'cmake'
[0.339s] Level 1:colcon.colcon_core.package_identification:_identify(src) by extension 'python'
[0.339s] Level 1:colcon.colcon_core.package_identification:_identify(src) by extensions ['python_setup_py']
[0.339s] Level 1:colcon.colcon_core.package_identification:_identify(src) by extension 'python_setup_py'
[0.339s] Level 1:colcon.colcon_core.package_identification:_identify(src/gwpspider) by extensions ['ignore', 'ignore_ament_install']
[0.339s] Level 1:colcon.colcon_core.package_identification:_identify(src/gwpspider) by extension 'ignore'
[0.339s] Level 1:colcon.colcon_core.package_identification:_identify(src/gwpspider) by extension 'ignore_ament_install'
[0.339s] Level 1:colcon.colcon_core.package_identification:_identify(src/gwpspider) by extensions ['colcon_pkg']
[0.339s] Level 1:colcon.colcon_core.package_identification:_identify(src/gwpspider) by extension 'colcon_pkg'
[0.339s] Level 1:colcon.colcon_core.package_identification:_identify(src/gwpspider) by extensions ['colcon_meta']
[0.339s] Level 1:colcon.colcon_core.package_identification:_identify(src/gwpspider) by extension 'colcon_meta'
[0.339s] Level 1:colcon.colcon_core.package_identification:_identify(src/gwpspider) by extensions ['ros']
[0.339s] Level 1:colcon.colcon_core.package_identification:_identify(src/gwpspider) by extension 'ros'
[0.339s] Level 1:colcon.colcon_core.package_identification:_identify(src/gwpspider) by extensions ['cmake', 'python']
[0.339s] Level 1:colcon.colcon_core.package_identification:_identify(src/gwpspider) by extension 'cmake'
[0.339s] Level 1:colcon.colcon_core.package_identification:_identify(src/gwpspider) by extension 'python'
[0.339s] Level 1:colcon.colcon_core.package_identification:_identify(src/gwpspider) by extensions ['python_setup_py']
[0.339s] Level 1:colcon.colcon_core.package_identification:_identify(src/gwpspider) by extension 'python_setup_py'
[0.339s] Level 1:colcon.colcon_core.package_identification:_identify(src/gwpspider/arduino_communication) by extensions ['ignore', 'ignore_ament_install']
[0.339s] Level 1:colcon.colcon_core.package_identification:_identify(src/gwpspider/arduino_communication) by extension 'ignore'
[0.340s] Level 1:colcon.colcon_core.package_identification:_identify(src/gwpspider/arduino_communication) by extension 'ignore_ament_install'
[0.340s] Level 1:colcon.colcon_core.package_identification:_identify(src/gwpspider/arduino_communication) by extensions ['colcon_pkg']
[0.340s] Level 1:colcon.colcon_core.package_identification:_identify(src/gwpspider/arduino_communication) by extension 'colcon_pkg'
[0.340s] Level 1:colcon.colcon_core.package_identification:_identify(src/gwpspider/arduino_communication) by extensions ['colcon_meta']
[0.340s] Level 1:colcon.colcon_core.package_identification:_identify(src/gwpspider/arduino_communication) by extension 'colcon_meta'
[0.340s] Level 1:colcon.colcon_core.package_identification:_identify(src/gwpspider/arduino_communication) by extensions ['ros']
[0.340s] Level 1:colcon.colcon_core.package_identification:_identify(src/gwpspider/arduino_communication) by extension 'ros'
[0.342s] DEBUG:colcon.colcon_core.package_identification:Package 'src/gwpspider/arduino_communication' with type 'ros.ament_python' and name 'arduino_communication'
[0.342s] Level 1:colcon.colcon_core.package_identification:_identify(src/gwpspider/calculations) by extensions ['ignore', 'ignore_ament_install']
[0.342s] Level 1:colcon.colcon_core.package_identification:_identify(src/gwpspider/calculations) by extension 'ignore'
[0.342s] Level 1:colcon.colcon_core.package_identification:_identify(src/gwpspider/calculations) by extension 'ignore_ament_install'
[0.342s] Level 1:colcon.colcon_core.package_identification:_identify(src/gwpspider/calculations) by extensions ['colcon_pkg']
[0.342s] Level 1:colcon.colcon_core.package_identification:_identify(src/gwpspider/calculations) by extension 'colcon_pkg'
[0.342s] Level 1:colcon.colcon_core.package_identification:_identify(src/gwpspider/calculations) by extensions ['colcon_meta']
[0.342s] Level 1:colcon.colcon_core.package_identification:_identify(src/gwpspider/calculations) by extension 'colcon_meta'
[0.342s] Level 1:colcon.colcon_core.package_identification:_identify(src/gwpspider/calculations) by extensions ['ros']
[0.342s] Level 1:colcon.colcon_core.package_identification:_identify(src/gwpspider/calculations) by extension 'ros'
[0.343s] DEBUG:colcon.colcon_core.package_identification:Package 'src/gwpspider/calculations' with type 'ros.ament_python' and name 'calculations'
[0.343s] Level 1:colcon.colcon_core.package_identification:_identify(src/gwpspider/configuration) by extensions ['ignore', 'ignore_ament_install']
[0.343s] Level 1:colcon.colcon_core.package_identification:_identify(src/gwpspider/configuration) by extension 'ignore'
[0.343s] Level 1:colcon.colcon_core.package_identification:_identify(src/gwpspider/configuration) by extension 'ignore_ament_install'
[0.343s] Level 1:colcon.colcon_core.package_identification:_identify(src/gwpspider/configuration) by extensions ['colcon_pkg']
[0.343s] Level 1:colcon.colcon_core.package_identification:_identify(src/gwpspider/configuration) by extension 'colcon_pkg'
[0.343s] Level 1:colcon.colcon_core.package_identification:_identify(src/gwpspider/configuration) by extensions ['colcon_meta']
[0.343s] Level 1:colcon.colcon_core.package_identification:_identify(src/gwpspider/configuration) by extension 'colcon_meta'
[0.343s] Level 1:colcon.colcon_core.package_identification:_identify(src/gwpspider/configuration) by extensions ['ros']
[0.343s] Level 1:colcon.colcon_core.package_identification:_identify(src/gwpspider/configuration) by extension 'ros'
[0.344s] DEBUG:colcon.colcon_core.package_identification:Package 'src/gwpspider/configuration' with type 'ros.ament_python' and name 'configuration'
[0.344s] Level 1:colcon.colcon_core.package_identification:_identify(src/gwpspider/controller) by extensions ['ignore', 'ignore_ament_install']
[0.344s] Level 1:colcon.colcon_core.package_identification:_identify(src/gwpspider/controller) by extension 'ignore'
[0.344s] Level 1:colcon.colcon_core.package_identification:_identify(src/gwpspider/controller) by extension 'ignore_ament_install'
[0.344s] Level 1:colcon.colcon_core.package_identification:_identify(src/gwpspider/controller) by extensions ['colcon_pkg']
[0.344s] Level 1:colcon.colcon_core.package_identification:_identify(src/gwpspider/controller) by extension 'colcon_pkg'
[0.344s] Level 1:colcon.colcon_core.package_identification:_identify(src/gwpspider/controller) by extensions ['colcon_meta']
[0.344s] Level 1:colcon.colcon_core.package_identification:_identify(src/gwpspider/controller) by extension 'colcon_meta'
[0.344s] Level 1:colcon.colcon_core.package_identification:_identify(src/gwpspider/controller) by extensions ['ros']
[0.344s] Level 1:colcon.colcon_core.package_identification:_identify(src/gwpspider/controller) by extension 'ros'
[0.345s] DEBUG:colcon.colcon_core.package_identification:Package 'src/gwpspider/controller' with type 'ros.ament_python' and name 'controller'
[0.345s] Level 1:colcon.colcon_core.package_identification:_identify(src/gwpspider/dynamixel_interface) by extensions ['ignore', 'ignore_ament_install']
[0.345s] Level 1:colcon.colcon_core.package_identification:_identify(src/gwpspider/dynamixel_interface) by extension 'ignore'
[0.345s] Level 1:colcon.colcon_core.package_identification:_identify(src/gwpspider/dynamixel_interface) by extension 'ignore_ament_install'
[0.345s] Level 1:colcon.colcon_core.package_identification:_identify(src/gwpspider/dynamixel_interface) by extensions ['colcon_pkg']
[0.345s] Level 1:colcon.colcon_core.package_identification:_identify(src/gwpspider/dynamixel_interface) by extension 'colcon_pkg'
[0.345s] Level 1:colcon.colcon_core.package_identification:_identify(src/gwpspider/dynamixel_interface) by extensions ['colcon_meta']
[0.345s] Level 1:colcon.colcon_core.package_identification:_identify(src/gwpspider/dynamixel_interface) by extension 'colcon_meta'
[0.345s] Level 1:colcon.colcon_core.package_identification:_identify(src/gwpspider/dynamixel_interface) by extensions ['ros']
[0.345s] Level 1:colcon.colcon_core.package_identification:_identify(src/gwpspider/dynamixel_interface) by extension 'ros'
[0.345s] DEBUG:colcon.colcon_core.package_identification:Package 'src/gwpspider/dynamixel_interface' with type 'ros.ament_python' and name 'dynamixel_interface'
[0.346s] Level 1:colcon.colcon_core.package_identification:_identify(src/gwpspider/gwpspider_interfaces) by extensions ['ignore', 'ignore_ament_install']
[0.346s] Level 1:colcon.colcon_core.package_identification:_identify(src/gwpspider/gwpspider_interfaces) by extension 'ignore'
[0.346s] Level 1:colcon.colcon_core.package_identification:_identify(src/gwpspider/gwpspider_interfaces) by extension 'ignore_ament_install'
[0.346s] Level 1:colcon.colcon_core.package_identification:_identify(src/gwpspider/gwpspider_interfaces) by extensions ['colcon_pkg']
[0.346s] Level 1:colcon.colcon_core.package_identification:_identify(src/gwpspider/gwpspider_interfaces) by extension 'colcon_pkg'
[0.346s] Level 1:colcon.colcon_core.package_identification:_identify(src/gwpspider/gwpspider_interfaces) by extensions ['colcon_meta']
[0.346s] Level 1:colcon.colcon_core.package_identification:_identify(src/gwpspider/gwpspider_interfaces) by extension 'colcon_meta'
[0.346s] Level 1:colcon.colcon_core.package_identification:_identify(src/gwpspider/gwpspider_interfaces) by extensions ['ros']
[0.346s] Level 1:colcon.colcon_core.package_identification:_identify(src/gwpspider/gwpspider_interfaces) by extension 'ros'
[0.346s] DEBUG:colcon.colcon_core.package_identification:Package 'src/gwpspider/gwpspider_interfaces' with type 'ros.ament_cmake' and name 'gwpspider_interfaces'
[0.346s] Level 1:colcon.colcon_core.package_identification:_identify(src/gwpspider/planning) by extensions ['ignore', 'ignore_ament_install']
[0.347s] Level 1:colcon.colcon_core.package_identification:_identify(src/gwpspider/planning) by extension 'ignore'
[0.347s] Level 1:colcon.colcon_core.package_identification:_identify(src/gwpspider/planning) by extension 'ignore_ament_install'
[0.347s] Level 1:colcon.colcon_core.package_identification:_identify(src/gwpspider/planning) by extensions ['colcon_pkg']
[0.347s] Level 1:colcon.colcon_core.package_identification:_identify(src/gwpspider/planning) by extension 'colcon_pkg'
[0.347s] Level 1:colcon.colcon_core.package_identification:_identify(src/gwpspider/planning) by extensions ['colcon_meta']
[0.347s] Level 1:colcon.colcon_core.package_identification:_identify(src/gwpspider/planning) by extension 'colcon_meta'
[0.347s] Level 1:colcon.colcon_core.package_identification:_identify(src/gwpspider/planning) by extensions ['ros']
[0.347s] Level 1:colcon.colcon_core.package_identification:_identify(src/gwpspider/planning) by extension 'ros'
[0.347s] DEBUG:colcon.colcon_core.package_identification:Package 'src/gwpspider/planning' with type 'ros.ament_python' and name 'planning'
[0.347s] Level 1:colcon.colcon_core.package_identification:_identify(src/gwpspider/utils) by extensions ['ignore', 'ignore_ament_install']
[0.347s] Level 1:colcon.colcon_core.package_identification:_identify(src/gwpspider/utils) by extension 'ignore'
[0.347s] Level 1:colcon.colcon_core.package_identification:_identify(src/gwpspider/utils) by extension 'ignore_ament_install'
[0.347s] Level 1:colcon.colcon_core.package_identification:_identify(src/gwpspider/utils) by extensions ['colcon_pkg']
[0.347s] Level 1:colcon.colcon_core.package_identification:_identify(src/gwpspider/utils) by extension 'colcon_pkg'
[0.348s] Level 1:colcon.colcon_core.package_identification:_identify(src/gwpspider/utils) by extensions ['colcon_meta']
[0.348s] Level 1:colcon.colcon_core.package_identification:_identify(src/gwpspider/utils) by extension 'colcon_meta'
[0.348s] Level 1:colcon.colcon_core.package_identification:_identify(src/gwpspider/utils) by extensions ['ros']
[0.348s] Level 1:colcon.colcon_core.package_identification:_identify(src/gwpspider/utils) by extension 'ros'
[0.348s] DEBUG:colcon.colcon_core.package_identification:Package 'src/gwpspider/utils' with type 'ros.ament_python' and name 'utils'
[0.348s] Level 1:colcon.colcon_core.package_discovery:discover_packages(recursive) using defaults
[0.348s] Level 1:colcon.colcon_core.package_discovery:discover_packages(ignore) discover
[0.348s] Level 1:colcon.colcon_core.package_discovery:discover_packages(ignore) using defaults
[0.348s] Level 1:colcon.colcon_core.package_discovery:discover_packages(path) discover
[0.348s] Level 1:colcon.colcon_core.package_discovery:discover_packages(path) using defaults
[0.372s] Level 1:colcon.colcon_core.package_discovery:discover_packages(prefix_path) check parameters
[0.372s] Level 1:colcon.colcon_core.package_discovery:discover_packages(prefix_path) discover
[0.374s] DEBUG:colcon.colcon_installed_package_information.package_discovery:Found 8 installed packages in /home/spider/gwpspider_ws/install
[0.376s] DEBUG:colcon.colcon_installed_package_information.package_discovery:Found 270 installed packages in /opt/ros/humble
[0.377s] Level 1:colcon.colcon_core.package_discovery:discover_packages(prefix_path) using defaults
[0.429s] Level 5:colcon.colcon_core.verb:set package 'arduino_communication' build argument 'cmake_args' from command line to 'None'
[0.429s] Level 5:colcon.colcon_core.verb:set package 'arduino_communication' build argument 'cmake_target' from command line to 'None'
[0.429s] Level 5:colcon.colcon_core.verb:set package 'arduino_communication' build argument 'cmake_target_skip_unavailable' from command line to 'False'
[0.429s] Level 5:colcon.colcon_core.verb:set package 'arduino_communication' build argument 'cmake_clean_cache' from command line to 'False'
[0.429s] Level 5:colcon.colcon_core.verb:set package 'arduino_communication' build argument 'cmake_clean_first' from command line to 'False'
[0.429s] Level 5:colcon.colcon_core.verb:set package 'arduino_communication' build argument 'cmake_force_configure' from command line to 'False'
[0.429s] Level 5:colcon.colcon_core.verb:set package 'arduino_communication' build argument 'ament_cmake_args' from command line to 'None'
[0.429s] Level 5:colcon.colcon_core.verb:set package 'arduino_communication' build argument 'catkin_cmake_args' from command line to 'None'
[0.429s] Level 5:colcon.colcon_core.verb:set package 'arduino_communication' build argument 'catkin_skip_building_tests' from command line to 'False'
[0.430s] DEBUG:colcon.colcon_core.verb:Building package 'arduino_communication' with the following arguments: {'ament_cmake_args': None, 'build_base': '/home/spider/gwpspider_ws/build/arduino_communication', 'catkin_cmake_args': None, 'catkin_skip_building_tests': False, 'cmake_args': None, 'cmake_clean_cache': False, 'cmake_clean_first': False, 'cmake_force_configure': False, 'cmake_target': None, 'cmake_target_skip_unavailable': False, 'install_base': '/home/spider/gwpspider_ws/install/arduino_communication', 'merge_install': False, 'path': '/home/spider/gwpspider_ws/src/gwpspider/arduino_communication', 'symlink_install': False, 'test_result_base': None}
[0.430s] Level 5:colcon.colcon_core.verb:set package 'calculations' build argument 'cmake_args' from command line to 'None'
[0.431s] Level 5:colcon.colcon_core.verb:set package 'calculations' build argument 'cmake_target' from command line to 'None'
[0.431s] Level 5:colcon.colcon_core.verb:set package 'calculations' build argument 'cmake_target_skip_unavailable' from command line to 'False'
[0.431s] Level 5:colcon.colcon_core.verb:set package 'calculations' build argument 'cmake_clean_cache' from command line to 'False'
[0.431s] Level 5:colcon.colcon_core.verb:set package 'calculations' build argument 'cmake_clean_first' from command line to 'False'
[0.431s] Level 5:colcon.colcon_core.verb:set package 'calculations' build argument 'cmake_force_configure' from command line to 'False'
[0.431s] Level 5:colcon.colcon_core.verb:set package 'calculations' build argument 'ament_cmake_args' from command line to 'None'
[0.431s] Level 5:colcon.colcon_core.verb:set package 'calculations' build argument 'catkin_cmake_args' from command line to 'None'
[0.431s] Level 5:colcon.colcon_core.verb:set package 'calculations' build argument 'catkin_skip_building_tests' from command line to 'False'
[0.431s] DEBUG:colcon.colcon_core.verb:Building package 'calculations' with the following arguments: {'ament_cmake_args': None, 'build_base': '/home/spider/gwpspider_ws/build/calculations', 'catkin_cmake_args': None, 'catkin_skip_building_tests': False, 'cmake_args': None, 'cmake_clean_cache': False, 'cmake_clean_first': False, 'cmake_force_configure': False, 'cmake_target': None, 'cmake_target_skip_unavailable': False, 'install_base': '/home/spider/gwpspider_ws/install/calculations', 'merge_install': False, 'path': '/home/spider/gwpspider_ws/src/gwpspider/calculations', 'symlink_install': False, 'test_result_base': None}
[0.432s] Level 5:colcon.colcon_core.verb:set package 'configuration' build argument 'cmake_args' from command line to 'None'
[0.432s] Level 5:colcon.colcon_core.verb:set package 'configuration' build argument 'cmake_target' from command line to 'None'
[0.432s] Level 5:colcon.colcon_core.verb:set package 'configuration' build argument 'cmake_target_skip_unavailable' from command line to 'False'
[0.432s] Level 5:colcon.colcon_core.verb:set package 'configuration' build argument 'cmake_clean_cache' from command line to 'False'
[0.432s] Level 5:colcon.colcon_core.verb:set package 'configuration' build argument 'cmake_clean_first' from command line to 'False'
[0.432s] Level 5:colcon.colcon_core.verb:set package 'configuration' build argument 'cmake_force_configure' from command line to 'False'
[0.432s] Level 5:colcon.colcon_core.verb:set package 'configuration' build argument 'ament_cmake_args' from command line to 'None'
[0.432s] Level 5:colcon.colcon_core.verb:set package 'configuration' build argument 'catkin_cmake_args' from command line to 'None'
[0.432s] Level 5:colcon.colcon_core.verb:set package 'configuration' build argument 'catkin_skip_building_tests' from command line to 'False'
[0.432s] DEBUG:colcon.colcon_core.verb:Building package 'configuration' with the following arguments: {'ament_cmake_args': None, 'build_base': '/home/spider/gwpspider_ws/build/configuration', 'catkin_cmake_args': None, 'catkin_skip_building_tests': False, 'cmake_args': None, 'cmake_clean_cache': False, 'cmake_clean_first': False, 'cmake_force_configure': False, 'cmake_target': None, 'cmake_target_skip_unavailable': False, 'install_base': '/home/spider/gwpspider_ws/install/configuration', 'merge_install': False, 'path': '/home/spider/gwpspider_ws/src/gwpspider/configuration', 'symlink_install': False, 'test_result_base': None}
[0.433s] Level 5:colcon.colcon_core.verb:set package 'controller' build argument 'cmake_args' from command line to 'None'
[0.433s] Level 5:colcon.colcon_core.verb:set package 'controller' build argument 'cmake_target' from command line to 'None'
[0.433s] Level 5:colcon.colcon_core.verb:set package 'controller' build argument 'cmake_target_skip_unavailable' from command line to 'False'
[0.433s] Level 5:colcon.colcon_core.verb:set package 'controller' build argument 'cmake_clean_cache' from command line to 'False'
[0.433s] Level 5:colcon.colcon_core.verb:set package 'controller' build argument 'cmake_clean_first' from command line to 'False'
[0.433s] Level 5:colcon.colcon_core.verb:set package 'controller' build argument 'cmake_force_configure' from command line to 'False'
[0.433s] Level 5:colcon.colcon_core.verb:set package 'controller' build argument 'ament_cmake_args' from command line to 'None'
[0.433s] Level 5:colcon.colcon_core.verb:set package 'controller' build argument 'catkin_cmake_args' from command line to 'None'
[0.433s] Level 5:colcon.colcon_core.verb:set package 'controller' build argument 'catkin_skip_building_tests' from command line to 'False'
[0.433s] DEBUG:colcon.colcon_core.verb:Building package 'controller' with the following arguments: {'ament_cmake_args': None, 'build_base': '/home/spider/gwpspider_ws/build/controller', 'catkin_cmake_args': None, 'catkin_skip_building_tests': False, 'cmake_args': None, 'cmake_clean_cache': False, 'cmake_clean_first': False, 'cmake_force_configure': False, 'cmake_target': None, 'cmake_target_skip_unavailable': False, 'install_base': '/home/spider/gwpspider_ws/install/controller', 'merge_install': False, 'path': '/home/spider/gwpspider_ws/src/gwpspider/controller', 'symlink_install': False, 'test_result_base': None}
[0.434s] Level 5:colcon.colcon_core.verb:set package 'dynamixel_interface' build argument 'cmake_args' from command line to 'None'
[0.434s] Level 5:colcon.colcon_core.verb:set package 'dynamixel_interface' build argument 'cmake_target' from command line to 'None'
[0.434s] Level 5:colcon.colcon_core.verb:set package 'dynamixel_interface' build argument 'cmake_target_skip_unavailable' from command line to 'False'
[0.434s] Level 5:colcon.colcon_core.verb:set package 'dynamixel_interface' build argument 'cmake_clean_cache' from command line to 'False'
[0.434s] Level 5:colcon.colcon_core.verb:set package 'dynamixel_interface' build argument 'cmake_clean_first' from command line to 'False'
[0.434s] Level 5:colcon.colcon_core.verb:set package 'dynamixel_interface' build argument 'cmake_force_configure' from command line to 'False'
[0.434s] Level 5:colcon.colcon_core.verb:set package 'dynamixel_interface' build argument 'ament_cmake_args' from command line to 'None'
[0.434s] Level 5:colcon.colcon_core.verb:set package 'dynamixel_interface' build argument 'catkin_cmake_args' from command line to 'None'
[0.434s] Level 5:colcon.colcon_core.verb:set package 'dynamixel_interface' build argument 'catkin_skip_building_tests' from command line to 'False'
[0.434s] DEBUG:colcon.colcon_core.verb:Building package 'dynamixel_interface' with the following arguments: {'ament_cmake_args': None, 'build_base': '/home/spider/gwpspider_ws/build/dynamixel_interface', 'catkin_cmake_args': None, 'catkin_skip_building_tests': False, 'cmake_args': None, 'cmake_clean_cache': False, 'cmake_clean_first': False, 'cmake_force_configure': False, 'cmake_target': None, 'cmake_target_skip_unavailable': False, 'install_base': '/home/spider/gwpspider_ws/install/dynamixel_interface', 'merge_install': False, 'path': '/home/spider/gwpspider_ws/src/gwpspider/dynamixel_interface', 'symlink_install': False, 'test_result_base': None}
[0.435s] Level 5:colcon.colcon_core.verb:set package 'gwpspider_interfaces' build argument 'cmake_args' from command line to 'None'
[0.435s] Level 5:colcon.colcon_core.verb:set package 'gwpspider_interfaces' build argument 'cmake_target' from command line to 'None'
[0.435s] Level 5:colcon.colcon_core.verb:set package 'gwpspider_interfaces' build argument 'cmake_target_skip_unavailable' from command line to 'False'
[0.435s] Level 5:colcon.colcon_core.verb:set package 'gwpspider_interfaces' build argument 'cmake_clean_cache' from command line to 'False'
[0.435s] Level 5:colcon.colcon_core.verb:set package 'gwpspider_interfaces' build argument 'cmake_clean_first' from command line to 'False'
[0.435s] Level 5:colcon.colcon_core.verb:set package 'gwpspider_interfaces' build argument 'cmake_force_configure' from command line to 'False'
[0.435s] Level 5:colcon.colcon_core.verb:set package 'gwpspider_interfaces' build argument 'ament_cmake_args' from command line to 'None'
[0.435s] Level 5:colcon.colcon_core.verb:set package 'gwpspider_interfaces' build argument 'catkin_cmake_args' from command line to 'None'
[0.435s] Level 5:colcon.colcon_core.verb:set package 'gwpspider_interfaces' build argument 'catkin_skip_building_tests' from command line to 'False'
[0.435s] DEBUG:colcon.colcon_core.verb:Building package 'gwpspider_interfaces' with the following arguments: {'ament_cmake_args': None, 'build_base': '/home/spider/gwpspider_ws/build/gwpspider_interfaces', 'catkin_cmake_args': None, 'catkin_skip_building_tests': False, 'cmake_args': None, 'cmake_clean_cache': False, 'cmake_clean_first': False, 'cmake_force_configure': False, 'cmake_target': None, 'cmake_target_skip_unavailable': False, 'install_base': '/home/spider/gwpspider_ws/install/gwpspider_interfaces', 'merge_install': False, 'path': '/home/spider/gwpspider_ws/src/gwpspider/gwpspider_interfaces', 'symlink_install': False, 'test_result_base': None}
[0.436s] Level 5:colcon.colcon_core.verb:set package 'planning' build argument 'cmake_args' from command line to 'None'
[0.436s] Level 5:colcon.colcon_core.verb:set package 'planning' build argument 'cmake_target' from command line to 'None'
[0.436s] Level 5:colcon.colcon_core.verb:set package 'planning' build argument 'cmake_target_skip_unavailable' from command line to 'False'
[0.436s] Level 5:colcon.colcon_core.verb:set package 'planning' build argument 'cmake_clean_cache' from command line to 'False'
[0.436s] Level 5:colcon.colcon_core.verb:set package 'planning' build argument 'cmake_clean_first' from command line to 'False'
[0.436s] Level 5:colcon.colcon_core.verb:set package 'planning' build argument 'cmake_force_configure' from command line to 'False'
[0.436s] Level 5:colcon.colcon_core.verb:set package 'planning' build argument 'ament_cmake_args' from command line to 'None'
[0.436s] Level 5:colcon.colcon_core.verb:set package 'planning' build argument 'catkin_cmake_args' from command line to 'None'
[0.436s] Level 5:colcon.colcon_core.verb:set package 'planning' build argument 'catkin_skip_building_tests' from command line to 'False'
[0.436s] DEBUG:colcon.colcon_core.verb:Building package 'planning' with the following arguments: {'ament_cmake_args': None, 'build_base': '/home/spider/gwpspider_ws/build/planning', 'catkin_cmake_args': None, 'catkin_skip_building_tests': False, 'cmake_args': None, 'cmake_clean_cache': False, 'cmake_clean_first': False, 'cmake_force_configure': False, 'cmake_target': None, 'cmake_target_skip_unavailable': False, 'install_base': '/home/spider/gwpspider_ws/install/planning', 'merge_install': False, 'path': '/home/spider/gwpspider_ws/src/gwpspider/planning', 'symlink_install': False, 'test_result_base': None}
[0.437s] Level 5:colcon.colcon_core.verb:set package 'utils' build argument 'cmake_args' from command line to 'None'
[0.437s] Level 5:colcon.colcon_core.verb:set package 'utils' build argument 'cmake_target' from command line to 'None'
[0.437s] Level 5:colcon.colcon_core.verb:set package 'utils' build argument 'cmake_target_skip_unavailable' from command line to 'False'
[0.437s] Level 5:colcon.colcon_core.verb:set package 'utils' build argument 'cmake_clean_cache' from command line to 'False'
[0.437s] Level 5:colcon.colcon_core.verb:set package 'utils' build argument 'cmake_clean_first' from command line to 'False'
[0.437s] Level 5:colcon.colcon_core.verb:set package 'utils' build argument 'cmake_force_configure' from command line to 'False'
[0.437s] Level 5:colcon.colcon_core.verb:set package 'utils' build argument 'ament_cmake_args' from command line to 'None'
[0.437s] Level 5:colcon.colcon_core.verb:set package 'utils' build argument 'catkin_cmake_args' from command line to 'None'
[0.437s] Level 5:colcon.colcon_core.verb:set package 'utils' build argument 'catkin_skip_building_tests' from command line to 'False'
[0.437s] DEBUG:colcon.colcon_core.verb:Building package 'utils' with the following arguments: {'ament_cmake_args': None, 'build_base': '/home/spider/gwpspider_ws/build/utils', 'catkin_cmake_args': None, 'catkin_skip_building_tests': False, 'cmake_args': None, 'cmake_clean_cache': False, 'cmake_clean_first': False, 'cmake_force_configure': False, 'cmake_target': None, 'cmake_target_skip_unavailable': False, 'install_base': '/home/spider/gwpspider_ws/install/utils', 'merge_install': False, 'path': '/home/spider/gwpspider_ws/src/gwpspider/utils', 'symlink_install': False, 'test_result_base': None}
[0.438s] INFO:colcon.colcon_core.executor:Executing jobs using 'parallel' executor
[0.441s] DEBUG:colcon.colcon_parallel_executor.executor.parallel:run_until_complete
[0.441s] INFO:colcon.colcon_ros.task.ament_python.build:Building ROS package in '/home/spider/gwpspider_ws/src/gwpspider/arduino_communication' with build type 'ament_python'
[0.441s] Level 1:colcon.colcon_core.shell:create_environment_hook('arduino_communication', 'ament_prefix_path')
[0.445s] INFO:colcon.colcon_core.plugin_system:Skipping extension 'colcon_core.shell.bat': Not used on non-Windows systems
[0.446s] INFO:colcon.colcon_core.shell:Creating environment hook '/home/spider/gwpspider_ws/install/arduino_communication/share/arduino_communication/hook/ament_prefix_path.ps1'
[0.446s] INFO:colcon.colcon_core.shell:Creating environment descriptor '/home/spider/gwpspider_ws/install/arduino_communication/share/arduino_communication/hook/ament_prefix_path.dsv'
[0.446s] INFO:colcon.colcon_core.shell:Creating environment hook '/home/spider/gwpspider_ws/install/arduino_communication/share/arduino_communication/hook/ament_prefix_path.sh'
[0.448s] INFO:colcon.colcon_core.shell:Skip shell extension 'powershell' for command environment: Not usable outside of PowerShell
[0.448s] DEBUG:colcon.colcon_core.shell:Skip shell extension 'dsv' for command environment
[0.452s] INFO:colcon.colcon_ros.task.ament_python.build:Building ROS package in '/home/spider/gwpspider_ws/src/gwpspider/calculations' with build type 'ament_python'
[0.452s] Level 1:colcon.colcon_core.shell:create_environment_hook('calculations', 'ament_prefix_path')
[0.453s] INFO:colcon.colcon_core.shell:Creating environment hook '/home/spider/gwpspider_ws/install/calculations/share/calculations/hook/ament_prefix_path.ps1'
[0.454s] INFO:colcon.colcon_core.shell:Creating environment descriptor '/home/spider/gwpspider_ws/install/calculations/share/calculations/hook/ament_prefix_path.dsv'
[0.454s] INFO:colcon.colcon_core.shell:Creating environment hook '/home/spider/gwpspider_ws/install/calculations/share/calculations/hook/ament_prefix_path.sh'
[0.456s] INFO:colcon.colcon_core.shell:Skip shell extension 'powershell' for command environment: Not usable outside of PowerShell
[0.456s] DEBUG:colcon.colcon_core.shell:Skip shell extension 'dsv' for command environment
[0.459s] INFO:colcon.colcon_ros.task.ament_python.build:Building ROS package in '/home/spider/gwpspider_ws/src/gwpspider/configuration' with build type 'ament_python'
[0.460s] Level 1:colcon.colcon_core.shell:create_environment_hook('configuration', 'ament_prefix_path')
[0.461s] INFO:colcon.colcon_core.shell:Creating environment hook '/home/spider/gwpspider_ws/install/configuration/share/configuration/hook/ament_prefix_path.ps1'
[0.461s] INFO:colcon.colcon_core.shell:Creating environment descriptor '/home/spider/gwpspider_ws/install/configuration/share/configuration/hook/ament_prefix_path.dsv'
[0.461s] INFO:colcon.colcon_core.shell:Creating environment hook '/home/spider/gwpspider_ws/install/configuration/share/configuration/hook/ament_prefix_path.sh'
[0.463s] INFO:colcon.colcon_core.shell:Skip shell extension 'powershell' for command environment: Not usable outside of PowerShell
[0.463s] DEBUG:colcon.colcon_core.shell:Skip shell extension 'dsv' for command environment
[0.466s] INFO:colcon.colcon_ros.task.ament_python.build:Building ROS package in '/home/spider/gwpspider_ws/src/gwpspider/controller' with build type 'ament_python'
[0.467s] Level 1:colcon.colcon_core.shell:create_environment_hook('controller', 'ament_prefix_path')
[0.468s] INFO:colcon.colcon_core.shell:Creating environment hook '/home/spider/gwpspider_ws/install/controller/share/controller/hook/ament_prefix_path.ps1'
[0.468s] INFO:colcon.colcon_core.shell:Creating environment descriptor '/home/spider/gwpspider_ws/install/controller/share/controller/hook/ament_prefix_path.dsv'
[0.469s] INFO:colcon.colcon_core.shell:Creating environment hook '/home/spider/gwpspider_ws/install/controller/share/controller/hook/ament_prefix_path.sh'
[0.470s] INFO:colcon.colcon_core.shell:Skip shell extension 'powershell' for command environment: Not usable outside of PowerShell
[0.470s] DEBUG:colcon.colcon_core.shell:Skip shell extension 'dsv' for command environment
[0.474s] INFO:colcon.colcon_ros.task.ament_python.build:Building ROS package in '/home/spider/gwpspider_ws/src/gwpspider/dynamixel_interface' with build type 'ament_python'
[0.474s] Level 1:colcon.colcon_core.shell:create_environment_hook('dynamixel_interface', 'ament_prefix_path')
[0.475s] INFO:colcon.colcon_core.shell:Creating environment hook '/home/spider/gwpspider_ws/install/dynamixel_interface/share/dynamixel_interface/hook/ament_prefix_path.ps1'
[0.475s] INFO:colcon.colcon_core.shell:Creating environment descriptor '/home/spider/gwpspider_ws/install/dynamixel_interface/share/dynamixel_interface/hook/ament_prefix_path.dsv'
[0.476s] INFO:colcon.colcon_core.shell:Creating environment hook '/home/spider/gwpspider_ws/install/dynamixel_interface/share/dynamixel_interface/hook/ament_prefix_path.sh'
[0.477s] INFO:colcon.colcon_core.shell:Skip shell extension 'powershell' for command environment: Not usable outside of PowerShell
[0.477s] DEBUG:colcon.colcon_core.shell:Skip shell extension 'dsv' for command environment
[0.481s] INFO:colcon.colcon_ros.task.ament_cmake.build:Building ROS package in '/home/spider/gwpspider_ws/src/gwpspider/gwpspider_interfaces' with build type 'ament_cmake'
[0.481s] INFO:colcon.colcon_cmake.task.cmake.build:Building CMake package in '/home/spider/gwpspider_ws/src/gwpspider/gwpspider_interfaces'
[0.482s] INFO:colcon.colcon_core.shell:Skip shell extension 'powershell' for command environment: Not usable outside of PowerShell
[0.482s] DEBUG:colcon.colcon_core.shell:Skip shell extension 'dsv' for command environment
[0.486s] INFO:colcon.colcon_ros.task.ament_python.build:Building ROS package in '/home/spider/gwpspider_ws/src/gwpspider/planning' with build type 'ament_python'
[0.486s] Level 1:colcon.colcon_core.shell:create_environment_hook('planning', 'ament_prefix_path')
[0.487s] INFO:colcon.colcon_core.shell:Creating environment hook '/home/spider/gwpspider_ws/install/planning/share/planning/hook/ament_prefix_path.ps1'
[0.488s] INFO:colcon.colcon_core.shell:Creating environment descriptor '/home/spider/gwpspider_ws/install/planning/share/planning/hook/ament_prefix_path.dsv'
[0.488s] INFO:colcon.colcon_core.shell:Creating environment hook '/home/spider/gwpspider_ws/install/planning/share/planning/hook/ament_prefix_path.sh'
[0.489s] INFO:colcon.colcon_core.shell:Skip shell extension 'powershell' for command environment: Not usable outside of PowerShell
[0.489s] DEBUG:colcon.colcon_core.shell:Skip shell extension 'dsv' for command environment
[0.493s] INFO:colcon.colcon_ros.task.ament_python.build:Building ROS package in '/home/spider/gwpspider_ws/src/gwpspider/utils' with build type 'ament_python'
[0.493s] Level 1:colcon.colcon_core.shell:create_environment_hook('utils', 'ament_prefix_path')
[0.494s] INFO:colcon.colcon_core.shell:Creating environment hook '/home/spider/gwpspider_ws/install/utils/share/utils/hook/ament_prefix_path.ps1'
[0.495s] INFO:colcon.colcon_core.shell:Creating environment descriptor '/home/spider/gwpspider_ws/install/utils/share/utils/hook/ament_prefix_path.dsv'
[0.495s] INFO:colcon.colcon_core.shell:Creating environment hook '/home/spider/gwpspider_ws/install/utils/share/utils/hook/ament_prefix_path.sh'
[0.496s] INFO:colcon.colcon_core.shell:Skip shell extension 'powershell' for command environment: Not usable outside of PowerShell
[0.496s] DEBUG:colcon.colcon_core.shell:Skip shell extension 'dsv' for command environment
[0.736s] INFO:colcon.colcon_core.task.python.build:Building Python package in '/home/spider/gwpspider_ws/src/gwpspider/arduino_communication'
[0.738s] INFO:colcon.colcon_core.shell:Skip shell extension 'powershell' for command environment: Not usable outside of PowerShell
[0.738s] DEBUG:colcon.colcon_core.shell:Skip shell extension 'dsv' for command environment
[0.975s] INFO:colcon.colcon_core.task.python.build:Building Python package in '/home/spider/gwpspider_ws/src/gwpspider/calculations'
[0.977s] INFO:colcon.colcon_core.shell:Skip shell extension 'powershell' for command environment: Not usable outside of PowerShell
[0.977s] DEBUG:colcon.colcon_core.shell:Skip shell extension 'dsv' for command environment
[1.220s] INFO:colcon.colcon_core.task.python.build:Building Python package in '/home/spider/gwpspider_ws/src/gwpspider/configuration'
[1.222s] INFO:colcon.colcon_core.shell:Skip shell extension 'powershell' for command environment: Not usable outside of PowerShell
[1.222s] DEBUG:colcon.colcon_core.shell:Skip shell extension 'dsv' for command environment
[1.722s] INFO:colcon.colcon_core.task.python.build:Building Python package in '/home/spider/gwpspider_ws/src/gwpspider/dynamixel_interface'
[1.723s] INFO:colcon.colcon_core.shell:Skip shell extension 'powershell' for command environment: Not usable outside of PowerShell
[1.723s] DEBUG:colcon.colcon_core.shell:Skip shell extension 'dsv' for command environment
[1.731s] DEBUG:colcon.colcon_core.event_handler.log_command:Invoking command in '/home/spider/gwpspider_ws/build/gwpspider_interfaces': CMAKE_PREFIX_PATH=${CMAKE_PREFIX_PATH}:/home/spider/gwpspider_ws/install/controller:/home/spider/gwpspider_ws/install/utils:/home/spider/gwpspider_ws/install/planning:/home/spider/gwpspider_ws/install/dynamixel_interface:/home/spider/gwpspider_ws/install/configuration:/home/spider/gwpspider_ws/install/calculations:/home/spider/gwpspider_ws/install/arduino_communication:/opt/ros/humble /home/spider/.local/bin/cmake --build /home/spider/gwpspider_ws/build/gwpspider_interfaces -- -j8 -l8
[2.011s] INFO:colcon.colcon_core.task.python.build:Building Python package in '/home/spider/gwpspider_ws/src/gwpspider/planning'
[2.012s] INFO:colcon.colcon_core.shell:Skip shell extension 'powershell' for command environment: Not usable outside of PowerShell
[2.012s] DEBUG:colcon.colcon_core.shell:Skip shell extension 'dsv' for command environment
[2.029s] DEBUG:colcon.colcon_parallel_executor.executor.parallel:closing loop
[2.029s] DEBUG:colcon.colcon_parallel_executor.executor.parallel:loop closed
[2.029s] DEBUG:colcon.colcon_parallel_executor.executor.parallel:run_until_complete finished with 'Command '['/usr/bin/python3', '-c', 'import sys;from contextlib import suppress;exec("with suppress(ImportError):    from setuptools.extern.packaging.specifiers    import SpecifierSet");exec("with suppress(ImportError):    from packaging.specifiers import SpecifierSet");from distutils.core import run_setup;dist = run_setup(    \'setup.py\', script_args=(\'--dry-run\',), stop_after=\'config\');skip_keys = (\'cmdclass\', \'distclass\', \'ext_modules\', \'metadata\');data = {    key: value for key, value in dist.__dict__.items()     if (        not key.startswith(\'_\') and         not callable(value) and         key not in skip_keys and         key not in dist.display_option_names    )};data[\'metadata\'] = {    k: v for k, v in dist.metadata.__dict__.items()     if k not in (\'license_files\', \'provides_extras\')};sys.stdout.buffer.write(repr(data).encode(\'utf-8\'))']' returned non-zero exit status 1.'
[2.029s] DEBUG:colcon.colcon_core.event_reactor:joining thread
[2.034s] INFO:colcon.colcon_core.plugin_system:Skipping extension 'colcon_notification.desktop_notification.terminal_notifier': Not used on non-Darwin systems
[2.034s] INFO:colcon.colcon_core.plugin_system:Skipping extension 'colcon_notification.desktop_notification.win32': Not used on non-Windows systems
[2.034s] INFO:colcon.colcon_notification.desktop_notification:Sending desktop notification using 'notify2'
[2.041s] DEBUG:colcon.colcon_core.event_reactor:joined thread
[2.042s] INFO:colcon.colcon_core.shell:Creating prefix script '/home/spider/gwpspider_ws/install/local_setup.ps1'
[2.043s] INFO:colcon.colcon_core.shell:Creating prefix util module '/home/spider/gwpspider_ws/install/_local_setup_util_ps1.py'
[2.044s] INFO:colcon.colcon_core.shell:Creating prefix chain script '/home/spider/gwpspider_ws/install/setup.ps1'
[2.045s] INFO:colcon.colcon_core.shell:Creating prefix script '/home/spider/gwpspider_ws/install/local_setup.sh'
[2.046s] INFO:colcon.colcon_core.shell:Creating prefix util module '/home/spider/gwpspider_ws/install/_local_setup_util_sh.py'
[2.046s] INFO:colcon.colcon_core.shell:Creating prefix chain script '/home/spider/gwpspider_ws/install/setup.sh'
[2.048s] INFO:colcon.colcon_core.shell:Creating prefix script '/home/spider/gwpspider_ws/install/local_setup.bash'
[2.048s] INFO:colcon.colcon_core.shell:Creating prefix chain script '/home/spider/gwpspider_ws/install/setup.bash'
[2.049s] INFO:colcon.colcon_core.shell:Creating prefix script '/home/spider/gwpspider_ws/install/local_setup.zsh'
[2.050s] INFO:colcon.colcon_core.shell:Creating prefix chain script '/home/spider/gwpspider_ws/install/setup.zsh'
