[0.583s] Invoking command in '/home/spider/gwpspider_ws/src/gwpspider/controller': PYTHONPATH=/home/spider/gwpspider_ws/build/controller/prefix_override:/home/spider/gwpspider_ws/install/controller/lib/python3.10/site-packages:${PYTHONPATH} /usr/bin/python3 setup.py egg_info --egg-base ../../../build/controller build --build-base /home/spider/gwpspider_ws/build/controller/build install --record /home/spider/gwpspider_ws/build/controller/install.log --single-version-externally-managed
[0.808s] running egg_info
[0.808s] writing ../../../build/controller/controller.egg-info/PKG-INFO
[0.809s] writing dependency_links to ../../../build/controller/controller.egg-info/dependency_links.txt
[0.809s] writing entry points to ../../../build/controller/controller.egg-info/entry_points.txt
[0.809s] writing requirements to ../../../build/controller/controller.egg-info/requires.txt
[0.809s] writing top-level names to ../../../build/controller/controller.egg-info/top_level.txt
[0.811s] reading manifest file '../../../build/controller/controller.egg-info/SOURCES.txt'
[0.812s] writing manifest file '../../../build/controller/controller.egg-info/SOURCES.txt'
[0.812s] running build
[0.812s] running build_py
[0.813s] copying controller/joint_velocity_controller.py -> /home/spider/gwpspider_ws/build/controller/build/lib/controller
[0.813s] running install
[0.813s] /usr/lib/python3/dist-packages/setuptools/command/install.py:34: SetuptoolsDeprecationWarning: setup.py install is deprecated. Use build and pip and other standards-based tools.
[0.813s]   warnings.warn(
[0.813s] running install_lib
[0.814s] copying /home/spider/gwpspider_ws/build/controller/build/lib/controller/joint_velocity_controller.py -> /home/spider/gwpspider_ws/install/controller/lib/python3.10/site-packages/controller
[0.815s] byte-compiling /home/spider/gwpspider_ws/install/controller/lib/python3.10/site-packages/controller/joint_velocity_controller.py to joint_velocity_controller.cpython-310.pyc
[0.820s] running install_data
[0.821s] running install_egg_info
[0.822s] removing '/home/spider/gwpspider_ws/install/controller/lib/python3.10/site-packages/controller-0.0.0-py3.10.egg-info' (and everything under it)
[0.823s] Copying ../../../build/controller/controller.egg-info to /home/spider/gwpspider_ws/install/controller/lib/python3.10/site-packages/controller-0.0.0-py3.10.egg-info
[0.824s] running install_scripts
[0.845s] Installing joint_velocity_controller script to /home/spider/gwpspider_ws/install/controller/lib/controller
[0.845s] Installing legs_states_publisher script to /home/spider/gwpspider_ws/install/controller/lib/controller
[0.845s] writing list of installed files to '/home/spider/gwpspider_ws/build/controller/install.log'
[0.865s] Invoked command in '/home/spider/gwpspider_ws/src/gwpspider/controller' returned '0': PYTHONPATH=/home/spider/gwpspider_ws/build/controller/prefix_override:/home/spider/gwpspider_ws/install/controller/lib/python3.10/site-packages:${PYTHONPATH} /usr/bin/python3 setup.py egg_info --egg-base ../../../build/controller build --build-base /home/spider/gwpspider_ws/build/controller/build install --record /home/spider/gwpspider_ws/build/controller/install.log --single-version-externally-managed
