[2.419s] Invoking command in '/home/spider/gwpspider_ws/src/gwpspider/connection': PYTHONPATH=/home/spider/gwpspider_ws/build/connection/prefix_override:/home/spider/gwpspider_ws/install/connection/lib/python3.10/site-packages:${PYTHONPATH} /usr/bin/python3 setup.py egg_info --egg-base ../../../build/connection build --build-base /home/spider/gwpspider_ws/build/connection/build install --record /home/spider/gwpspider_ws/build/connection/install.log --single-version-externally-managed
[3.012s] running egg_info
[3.014s] writing ../../../build/connection/connection.egg-info/PKG-INFO
[3.015s] writing dependency_links to ../../../build/connection/connection.egg-info/dependency_links.txt
[3.015s] writing entry points to ../../../build/connection/connection.egg-info/entry_points.txt
[3.015s] writing requirements to ../../../build/connection/connection.egg-info/requires.txt
[3.015s] writing top-level names to ../../../build/connection/connection.egg-info/top_level.txt
[3.018s] reading manifest file '../../../build/connection/connection.egg-info/SOURCES.txt'
[3.018s] writing manifest file '../../../build/connection/connection.egg-info/SOURCES.txt'
[3.018s] running build
[3.018s] running build_py
[3.020s] running install
[3.020s] /usr/lib/python3/dist-packages/setuptools/command/install.py:34: SetuptoolsDeprecationWarning: setup.py install is deprecated. Use build and pip and other standards-based tools.
[3.020s]   warnings.warn(
[3.021s] running install_lib
[3.024s] running install_data
[3.024s] running install_egg_info
[3.044s] removing '/home/spider/gwpspider_ws/install/connection/lib/python3.10/site-packages/connection-0.0.0-py3.10.egg-info' (and everything under it)
[3.045s] Copying ../../../build/connection/connection.egg-info to /home/spider/gwpspider_ws/install/connection/lib/python3.10/site-packages/connection-0.0.0-py3.10.egg-info
[3.045s] running install_scripts
[3.073s] Installing backend_node script to /home/spider/gwpspider_ws/install/connection/lib/connection
[3.073s] Installing fastapi_node script to /home/spider/gwpspider_ws/install/connection/lib/connection
[3.073s] writing list of installed files to '/home/spider/gwpspider_ws/build/connection/install.log'
[3.172s] Invoked command in '/home/spider/gwpspider_ws/src/gwpspider/connection' returned '0': PYTHONPATH=/home/spider/gwpspider_ws/build/connection/prefix_override:/home/spider/gwpspider_ws/install/connection/lib/python3.10/site-packages:${PYTHONPATH} /usr/bin/python3 setup.py egg_info --egg-base ../../../build/connection build --build-base /home/spider/gwpspider_ws/build/connection/build install --record /home/spider/gwpspider_ws/build/connection/install.log --single-version-externally-managed
