[2.222s] Invoking command in '/home/spider/gwpspider_ws/src/gwpspider/application': PYTHONPATH=/home/spider/gwpspider_ws/build/application/prefix_override:/home/spider/gwpspider_ws/install/application/lib/python3.10/site-packages:${PYTHONPATH} /usr/bin/python3 setup.py egg_info --egg-base ../../../build/application build --build-base /home/spider/gwpspider_ws/build/application/build install --record /home/spider/gwpspider_ws/build/application/install.log --single-version-externally-managed
[2.609s] running egg_info
[2.610s] writing ../../../build/application/application.egg-info/PKG-INFO
[2.611s] writing dependency_links to ../../../build/application/application.egg-info/dependency_links.txt
[2.611s] writing entry points to ../../../build/application/application.egg-info/entry_points.txt
[2.611s] writing requirements to ../../../build/application/application.egg-info/requires.txt
[2.611s] writing top-level names to ../../../build/application/application.egg-info/top_level.txt
[2.614s] reading manifest file '../../../build/application/application.egg-info/SOURCES.txt'
[2.616s] writing manifest file '../../../build/application/application.egg-info/SOURCES.txt'
[2.616s] running build
[2.616s] running build_py
[2.616s] copying application/app.py -> /home/spider/gwpspider_ws/build/application/build/lib/application
[2.616s] running install
[2.617s] running install_lib
[2.618s] copying /home/spider/gwpspider_ws/build/application/build/lib/application/app.py -> /home/spider/gwpspider_ws/install/application/lib/python3.10/site-packages/application
[2.619s] byte-compiling /home/spider/gwpspider_ws/install/application/lib/python3.10/site-packages/application/app.py to app.cpython-310.pyc
[2.624s] running install_data
[2.625s] running install_egg_info
[2.628s] removing '/home/spider/gwpspider_ws/install/application/lib/python3.10/site-packages/application-0.0.0-py3.10.egg-info' (and everything under it)
[2.629s] /usr/lib/python3/dist-packages/setuptools/command/install.py:34: SetuptoolsDeprecationWarning: setup.py install is deprecated. Use build and pip and other standards-based tools.
[2.629s]   warnings.warn(
[2.633s] Copying ../../../build/application/application.egg-info to /home/spider/gwpspider_ws/install/application/lib/python3.10/site-packages/application-0.0.0-py3.10.egg-info
[2.634s] running install_scripts
[2.669s] Installing app script to /home/spider/gwpspider_ws/install/application/lib/application
[2.669s] writing list of installed files to '/home/spider/gwpspider_ws/build/application/install.log'
[2.779s] Invoked command in '/home/spider/gwpspider_ws/src/gwpspider/application' returned '0': PYTHONPATH=/home/spider/gwpspider_ws/build/application/prefix_override:/home/spider/gwpspider_ws/install/application/lib/python3.10/site-packages:${PYTHONPATH} /usr/bin/python3 setup.py egg_info --egg-base ../../../build/application build --build-base /home/spider/gwpspider_ws/build/application/build install --record /home/spider/gwpspider_ws/build/application/install.log --single-version-externally-managed
