running egg_info
writing ../../../build/dynamixel_interface/dynamixel_interface.egg-info/PKG-INFO
writing dependency_links to ../../../build/dynamixel_interface/dynamixel_interface.egg-info/dependency_links.txt
writing entry points to ../../../build/dynamixel_interface/dynamixel_interface.egg-info/entry_points.txt
writing requirements to ../../../build/dynamixel_interface/dynamixel_interface.egg-info/requires.txt
writing top-level names to ../../../build/dynamixel_interface/dynamixel_interface.egg-info/top_level.txt
reading manifest file '../../../build/dynamixel_interface/dynamixel_interface.egg-info/SOURCES.txt'
writing manifest file '../../../build/dynamixel_interface/dynamixel_interface.egg-info/SOURCES.txt'
running build
running build_py
copying dynamixel_interface/dynamixel.py -> /home/spider/gwpspider_ws/build/dynamixel_interface/build/lib/dynamixel_interface
running install
running install_lib
copying /home/spider/gwpspider_ws/build/dynamixel_interface/build/lib/dynamixel_interface/dynamixel.py -> /home/spider/gwpspider_ws/install/dynamixel_interface/lib/python3.10/site-packages/dynamixel_interface
byte-compiling /home/spider/gwpspider_ws/install/dynamixel_interface/lib/python3.10/site-packages/dynamixel_interface/dynamixel.py to dynamixel.cpython-310.pyc
running install_data
running install_egg_info
removing '/home/spider/gwpspider_ws/install/dynamixel_interface/lib/python3.10/site-packages/dynamixel_interface-0.0.0-py3.10.egg-info' (and everything under it)
Copying ../../../build/dynamixel_interface/dynamixel_interface.egg-info to /home/spider/gwpspider_ws/install/dynamixel_interface/lib/python3.10/site-packages/dynamixel_interface-0.0.0-py3.10.egg-info
running install_scripts
writing list of installed files to '/home/spider/gwpspider_ws/build/dynamixel_interface/install.log'
