[0.940s] Invoking command in '/home/spider/gwpspider_ws/build/gwpspider_interfaces': CMAKE_PREFIX_PATH=${CMAKE_PREFIX_PATH}:/home/spider/gwpspider_ws/install/calculations:/home/spider/gwpspider_ws/install/utils:/home/spider/gwpspider_ws/install/dynamixel_interface:/home/spider/gwpspider_ws/install/configuration:/home/spider/gwpspider_ws/install/arduino_communication:/opt/ros/humble /usr/bin/cmake --build /home/spider/gwpspider_ws/build/gwpspider_interfaces -- -j8 -l8
[0.962s] -- Found ament_cmake: 1.3.4 (/opt/ros/humble/share/ament_cmake/cmake)
[1.108s] -- Found rosidl_default_generators: 1.2.0 (/opt/ros/humble/share/rosidl_default_generators/cmake)
[1.111s] -- Using all available rosidl_typesupport_c: rosidl_typesupport_fastrtps_c;rosidl_typesupport_introspection_c
[1.114s] -- Found rosidl_adapter: 3.1.4 (/opt/ros/humble/share/rosidl_adapter/cmake)
[1.148s] -- Using all available rosidl_typesupport_cpp: rosidl_typesupport_fastrtps_cpp;rosidl_typesupport_introspection_cpp
[1.184s] -- Found std_msgs: 4.2.3 (/opt/ros/humble/share/std_msgs/cmake)
[1.814s] -- Found ament_cmake_ros: 0.10.0 (/opt/ros/humble/share/ament_cmake_ros/cmake)
[2.074s] -- Using all available rosidl_typesupport_c: rosidl_typesupport_fastrtps_c;rosidl_typesupport_introspection_c
[2.362s] -- Using all available rosidl_typesupport_cpp: rosidl_typesupport_fastrtps_cpp;rosidl_typesupport_introspection_cpp
[2.384s] -- Found python_cmake_module: 0.10.0 (/opt/ros/humble/share/python_cmake_module/cmake)
[2.407s] -- Using PYTHON_EXECUTABLE: /usr/bin/python3
[2.407s] -- Using PYTHON_INCLUDE_DIRS: /usr/include/python3.10
[2.407s] -- Using PYTHON_LIBRARIES: /usr/lib/x86_64-linux-gnu/libpython3.10.so
[2.434s] -- Found ament_lint_auto: 0.12.6 (/opt/ros/humble/share/ament_lint_auto/cmake)
[2.446s] -- Added test 'lint_cmake' to check CMake code style
[2.447s] -- Added test 'xmllint' to check XML markup files
[2.449s] -- Configuring done
[2.501s] -- Generating done
[2.503s] -- Build files have been written to: /home/spider/gwpspider_ws/build/gwpspider_interfaces
[2.522s] [  1%] [34m[1mGenerating C code for ROS interfaces[0m
[2.530s] [  2%] [34m[1mGenerating C++ code for ROS interfaces[0m
[2.537s] [  2%] Built target ament_cmake_python_copy_gwpspider_interfaces
[2.755s] running egg_info
[2.756s] writing gwpspider_interfaces.egg-info/PKG-INFO
[2.756s] writing dependency_links to gwpspider_interfaces.egg-info/dependency_links.txt
[2.756s] writing top-level names to gwpspider_interfaces.egg-info/top_level.txt
[2.758s] reading manifest file 'gwpspider_interfaces.egg-info/SOURCES.txt'
[2.759s] writing manifest file 'gwpspider_interfaces.egg-info/SOURCES.txt'
[2.780s] [  2%] Built target ament_cmake_python_build_gwpspider_interfaces_egg
[3.268s] [  2%] Built target gwpspider_interfaces__cpp
[3.279s] [  3%] [34m[1mGenerating C++ type support dispatch for ROS interfaces[0m
[3.280s] [  4%] [34m[1mGenerating C++ introspection for ROS interfaces[0m
[3.287s] [  5%] [34m[1mGenerating C++ type support for eProsima Fast-RTPS[0m
[3.378s] [35m[1mConsolidate compiler generated dependencies of target gwpspider_interfaces__rosidl_generator_c[0m
[3.394s] [  7%] [32mBuilding C object CMakeFiles/gwpspider_interfaces__rosidl_generator_c.dir/rosidl_generator_c/gwpspider_interfaces/msg/detail/dynamixel_motors_data__functions.c.o[0m
[3.395s] [  7%] [32mBuilding C object CMakeFiles/gwpspider_interfaces__rosidl_generator_c.dir/rosidl_generator_c/gwpspider_interfaces/msg/detail/gripper_command__functions.c.o[0m
[3.396s] [  8%] [32mBuilding C object CMakeFiles/gwpspider_interfaces__rosidl_generator_c.dir/rosidl_generator_c/gwpspider_interfaces/msg/detail/bno_data__functions.c.o[0m
[3.397s] [  9%] [32mBuilding C object CMakeFiles/gwpspider_interfaces__rosidl_generator_c.dir/rosidl_generator_c/gwpspider_interfaces/msg/detail/water_pump_command__functions.c.o[0m
[3.402s] [ 10%] [32mBuilding C object CMakeFiles/gwpspider_interfaces__rosidl_generator_c.dir/rosidl_generator_c/gwpspider_interfaces/srv/detail/move_gripper__functions.c.o[0m
[3.478s] [ 11%] [32mBuilding C object CMakeFiles/gwpspider_interfaces__rosidl_generator_c.dir/rosidl_generator_c/gwpspider_interfaces/srv/detail/control_water_pump__functions.c.o[0m
[3.481s] [ 12%] [32mBuilding C object CMakeFiles/gwpspider_interfaces__rosidl_generator_c.dir/rosidl_generator_c/gwpspider_interfaces/srv/detail/init_bno__functions.c.o[0m
[3.487s] [ 13%] [32mBuilding C object CMakeFiles/gwpspider_interfaces__rosidl_generator_c.dir/rosidl_generator_c/gwpspider_interfaces/srv/detail/toggle_motors_torque__functions.c.o[0m
[3.489s] [ 14%] [32mBuilding C object CMakeFiles/gwpspider_interfaces__rosidl_generator_c.dir/rosidl_generator_c/gwpspider_interfaces/srv/detail/set_bus_watchdog__functions.c.o[0m
[3.569s] [ 15%] [32m[1mLinking C shared library libgwpspider_interfaces__rosidl_generator_c.so[0m
[3.604s] [ 15%] Built target gwpspider_interfaces__rosidl_generator_c
[3.614s] [ 16%] [34m[1mGenerating C introspection for ROS interfaces[0m
[3.616s] [ 17%] [34m[1mGenerating C type support for eProsima Fast-RTPS[0m
[3.635s] [ 18%] [34m[1mGenerating C type support dispatch for ROS interfaces[0m
[4.061s] [35m[1mConsolidate compiler generated dependencies of target gwpspider_interfaces__rosidl_typesupport_cpp[0m
[4.084s] [ 20%] [32mBuilding CXX object CMakeFiles/gwpspider_interfaces__rosidl_typesupport_cpp.dir/rosidl_typesupport_cpp/gwpspider_interfaces/msg/water_pump_command__type_support.cpp.o[0m
[4.085s] [ 21%] [32mBuilding CXX object CMakeFiles/gwpspider_interfaces__rosidl_typesupport_cpp.dir/rosidl_typesupport_cpp/gwpspider_interfaces/msg/bno_data__type_support.cpp.o[0m
[4.096s] [ 22%] [32mBuilding CXX object CMakeFiles/gwpspider_interfaces__rosidl_typesupport_cpp.dir/rosidl_typesupport_cpp/gwpspider_interfaces/msg/gripper_command__type_support.cpp.o[0m
[4.438s] [35m[1mConsolidate compiler generated dependencies of target gwpspider_interfaces__rosidl_typesupport_introspection_cpp[0m
[4.479s] [ 23%] [32mBuilding CXX object CMakeFiles/gwpspider_interfaces__rosidl_typesupport_introspection_cpp.dir/rosidl_typesupport_introspection_cpp/gwpspider_interfaces/msg/detail/gripper_command__type_support.cpp.o[0m
[4.556s] [35m[1mConsolidate compiler generated dependencies of target gwpspider_interfaces__rosidl_typesupport_c[0m
[4.586s] [ 24%] [32mBuilding CXX object CMakeFiles/gwpspider_interfaces__rosidl_typesupport_cpp.dir/rosidl_typesupport_cpp/gwpspider_interfaces/msg/dynamixel_motors_data__type_support.cpp.o[0m
[4.587s] [ 25%] [32mBuilding CXX object CMakeFiles/gwpspider_interfaces__rosidl_typesupport_c.dir/rosidl_typesupport_c/gwpspider_interfaces/msg/water_pump_command__type_support.cpp.o[0m
[4.594s] [ 26%] [32mBuilding CXX object CMakeFiles/gwpspider_interfaces__rosidl_typesupport_c.dir/rosidl_typesupport_c/gwpspider_interfaces/msg/gripper_command__type_support.cpp.o[0m
[4.614s] [ 27%] [32mBuilding CXX object CMakeFiles/gwpspider_interfaces__rosidl_typesupport_cpp.dir/rosidl_typesupport_cpp/gwpspider_interfaces/srv/move_gripper__type_support.cpp.o[0m
[4.644s] [ 28%] [32mBuilding CXX object CMakeFiles/gwpspider_interfaces__rosidl_typesupport_c.dir/rosidl_typesupport_c/gwpspider_interfaces/msg/bno_data__type_support.cpp.o[0m
[4.650s] [35m[1mConsolidate compiler generated dependencies of target gwpspider_interfaces__rosidl_typesupport_introspection_c[0m
[4.657s] [35m[1mConsolidate compiler generated dependencies of target gwpspider_interfaces__rosidl_typesupport_fastrtps_cpp[0m
[4.677s] [ 30%] [32mBuilding C object CMakeFiles/gwpspider_interfaces__rosidl_typesupport_introspection_c.dir/rosidl_typesupport_introspection_c/gwpspider_interfaces/msg/detail/gripper_command__type_support.c.o[0m
[4.677s] [ 30%] [32mBuilding CXX object CMakeFiles/gwpspider_interfaces__rosidl_typesupport_c.dir/rosidl_typesupport_c/gwpspider_interfaces/msg/dynamixel_motors_data__type_support.cpp.o[0m
[4.700s] [ 31%] [32mBuilding CXX object CMakeFiles/gwpspider_interfaces__rosidl_typesupport_fastrtps_cpp.dir/rosidl_typesupport_fastrtps_cpp/gwpspider_interfaces/msg/detail/dds_fastrtps/gripper_command__type_support.cpp.o[0m
[4.723s] [ 32%] [32mBuilding C object CMakeFiles/gwpspider_interfaces__rosidl_typesupport_introspection_c.dir/rosidl_typesupport_introspection_c/gwpspider_interfaces/msg/detail/water_pump_command__type_support.c.o[0m
[4.735s] [ 33%] [32mBuilding CXX object CMakeFiles/gwpspider_interfaces__rosidl_typesupport_c.dir/rosidl_typesupport_c/gwpspider_interfaces/srv/move_gripper__type_support.cpp.o[0m
[4.753s] [ 34%] [32mBuilding CXX object CMakeFiles/gwpspider_interfaces__rosidl_typesupport_introspection_cpp.dir/rosidl_typesupport_introspection_cpp/gwpspider_interfaces/msg/detail/water_pump_command__type_support.cpp.o[0m
[4.798s] [ 35%] [32mBuilding C object CMakeFiles/gwpspider_interfaces__rosidl_typesupport_introspection_c.dir/rosidl_typesupport_introspection_c/gwpspider_interfaces/msg/detail/bno_data__type_support.c.o[0m
[4.838s] [ 36%] [32mBuilding CXX object CMakeFiles/gwpspider_interfaces__rosidl_typesupport_c.dir/rosidl_typesupport_c/gwpspider_interfaces/srv/control_water_pump__type_support.cpp.o[0m
[4.872s] [ 37%] [32mBuilding C object CMakeFiles/gwpspider_interfaces__rosidl_typesupport_introspection_c.dir/rosidl_typesupport_introspection_c/gwpspider_interfaces/msg/detail/dynamixel_motors_data__type_support.c.o[0m
[4.905s] [ 38%] [32mBuilding CXX object CMakeFiles/gwpspider_interfaces__rosidl_typesupport_c.dir/rosidl_typesupport_c/gwpspider_interfaces/srv/init_bno__type_support.cpp.o[0m
[4.933s] [35m[1mConsolidate compiler generated dependencies of target gwpspider_interfaces__rosidl_typesupport_fastrtps_c[0m
[4.950s] [ 40%] [32mBuilding C object CMakeFiles/gwpspider_interfaces__rosidl_typesupport_introspection_c.dir/rosidl_typesupport_introspection_c/gwpspider_interfaces/srv/detail/move_gripper__type_support.c.o[0m
[4.974s] [ 41%] [32mBuilding CXX object CMakeFiles/gwpspider_interfaces__rosidl_typesupport_fastrtps_c.dir/rosidl_typesupport_fastrtps_c/gwpspider_interfaces/msg/detail/gripper_command__type_support_c.cpp.o[0m
[4.984s] [ 42%] [32mBuilding CXX object CMakeFiles/gwpspider_interfaces__rosidl_typesupport_c.dir/rosidl_typesupport_c/gwpspider_interfaces/srv/toggle_motors_torque__type_support.cpp.o[0m
[4.993s] [ 43%] [32mBuilding CXX object CMakeFiles/gwpspider_interfaces__rosidl_typesupport_c.dir/rosidl_typesupport_c/gwpspider_interfaces/srv/set_bus_watchdog__type_support.cpp.o[0m
[5.013s] [ 44%] [32mBuilding C object CMakeFiles/gwpspider_interfaces__rosidl_typesupport_introspection_c.dir/rosidl_typesupport_introspection_c/gwpspider_interfaces/srv/detail/control_water_pump__type_support.c.o[0m
[5.032s] [ 46%] [32mBuilding CXX object CMakeFiles/gwpspider_interfaces__rosidl_typesupport_introspection_cpp.dir/rosidl_typesupport_introspection_cpp/gwpspider_interfaces/msg/detail/bno_data__type_support.cpp.o[0m
[5.033s] [ 46%] [32mBuilding CXX object CMakeFiles/gwpspider_interfaces__rosidl_typesupport_cpp.dir/rosidl_typesupport_cpp/gwpspider_interfaces/srv/control_water_pump__type_support.cpp.o[0m
[5.040s] [ 47%] [32mBuilding CXX object CMakeFiles/gwpspider_interfaces__rosidl_typesupport_fastrtps_c.dir/rosidl_typesupport_fastrtps_c/gwpspider_interfaces/msg/detail/water_pump_command__type_support_c.cpp.o[0m
[5.075s] [ 48%] [32m[1mLinking CXX shared library libgwpspider_interfaces__rosidl_typesupport_c.so[0m
[5.106s] [ 49%] [32mBuilding C object CMakeFiles/gwpspider_interfaces__rosidl_typesupport_introspection_c.dir/rosidl_typesupport_introspection_c/gwpspider_interfaces/srv/detail/init_bno__type_support.c.o[0m
[5.195s] [ 50%] [32mBuilding C object CMakeFiles/gwpspider_interfaces__rosidl_typesupport_introspection_c.dir/rosidl_typesupport_introspection_c/gwpspider_interfaces/srv/detail/toggle_motors_torque__type_support.c.o[0m
[5.210s] [ 50%] Built target gwpspider_interfaces__rosidl_typesupport_c
[5.244s] [ 51%] [32mBuilding C object CMakeFiles/gwpspider_interfaces__rosidl_typesupport_introspection_c.dir/rosidl_typesupport_introspection_c/gwpspider_interfaces/srv/detail/set_bus_watchdog__type_support.c.o[0m
[5.250s] [ 52%] [32mBuilding CXX object CMakeFiles/gwpspider_interfaces__rosidl_typesupport_fastrtps_c.dir/rosidl_typesupport_fastrtps_c/gwpspider_interfaces/msg/detail/bno_data__type_support_c.cpp.o[0m
[5.299s] [ 53%] [32mBuilding CXX object CMakeFiles/gwpspider_interfaces__rosidl_typesupport_fastrtps_cpp.dir/rosidl_typesupport_fastrtps_cpp/gwpspider_interfaces/msg/detail/dds_fastrtps/water_pump_command__type_support.cpp.o[0m
[5.304s] [ 54%] [32m[1mLinking C shared library libgwpspider_interfaces__rosidl_typesupport_introspection_c.so[0m
[5.324s] [ 55%] [32mBuilding CXX object CMakeFiles/gwpspider_interfaces__rosidl_typesupport_fastrtps_cpp.dir/rosidl_typesupport_fastrtps_cpp/gwpspider_interfaces/msg/detail/dds_fastrtps/bno_data__type_support.cpp.o[0m
[5.354s] [ 55%] Built target gwpspider_interfaces__rosidl_typesupport_introspection_c
[5.363s] [ 56%] [32mBuilding CXX object CMakeFiles/gwpspider_interfaces__rosidl_typesupport_fastrtps_cpp.dir/rosidl_typesupport_fastrtps_cpp/gwpspider_interfaces/msg/detail/dds_fastrtps/dynamixel_motors_data__type_support.cpp.o[0m
[5.489s] [ 57%] [32mBuilding CXX object CMakeFiles/gwpspider_interfaces__rosidl_typesupport_cpp.dir/rosidl_typesupport_cpp/gwpspider_interfaces/srv/init_bno__type_support.cpp.o[0m
[5.537s] [ 58%] [32mBuilding CXX object CMakeFiles/gwpspider_interfaces__rosidl_typesupport_fastrtps_c.dir/rosidl_typesupport_fastrtps_c/gwpspider_interfaces/msg/detail/dynamixel_motors_data__type_support_c.cpp.o[0m
[5.601s] [ 60%] [32mBuilding CXX object CMakeFiles/gwpspider_interfaces__rosidl_typesupport_cpp.dir/rosidl_typesupport_cpp/gwpspider_interfaces/srv/toggle_motors_torque__type_support.cpp.o[0m
[5.681s] [ 61%] [32mBuilding CXX object CMakeFiles/gwpspider_interfaces__rosidl_typesupport_introspection_cpp.dir/rosidl_typesupport_introspection_cpp/gwpspider_interfaces/msg/detail/dynamixel_motors_data__type_support.cpp.o[0m
[5.745s] [ 62%] [32mBuilding CXX object CMakeFiles/gwpspider_interfaces__rosidl_typesupport_fastrtps_c.dir/rosidl_typesupport_fastrtps_c/gwpspider_interfaces/srv/detail/move_gripper__type_support_c.cpp.o[0m
[5.880s] [ 63%] [32mBuilding CXX object CMakeFiles/gwpspider_interfaces__rosidl_typesupport_cpp.dir/rosidl_typesupport_cpp/gwpspider_interfaces/srv/set_bus_watchdog__type_support.cpp.o[0m
[5.949s] [ 64%] [32mBuilding CXX object CMakeFiles/gwpspider_interfaces__rosidl_typesupport_fastrtps_c.dir/rosidl_typesupport_fastrtps_c/gwpspider_interfaces/srv/detail/control_water_pump__type_support_c.cpp.o[0m
[5.962s] [ 65%] [32mBuilding CXX object CMakeFiles/gwpspider_interfaces__rosidl_typesupport_fastrtps_cpp.dir/rosidl_typesupport_fastrtps_cpp/gwpspider_interfaces/srv/detail/dds_fastrtps/move_gripper__type_support.cpp.o[0m
[6.058s] [ 66%] [32mBuilding CXX object CMakeFiles/gwpspider_interfaces__rosidl_typesupport_fastrtps_cpp.dir/rosidl_typesupport_fastrtps_cpp/gwpspider_interfaces/srv/detail/dds_fastrtps/control_water_pump__type_support.cpp.o[0m
[6.094s] [ 67%] [32mBuilding CXX object CMakeFiles/gwpspider_interfaces__rosidl_typesupport_fastrtps_c.dir/rosidl_typesupport_fastrtps_c/gwpspider_interfaces/srv/detail/init_bno__type_support_c.cpp.o[0m
[6.160s] [ 68%] [32mBuilding CXX object CMakeFiles/gwpspider_interfaces__rosidl_typesupport_fastrtps_cpp.dir/rosidl_typesupport_fastrtps_cpp/gwpspider_interfaces/srv/detail/dds_fastrtps/init_bno__type_support.cpp.o[0m
[6.303s] [ 69%] [32m[1mLinking CXX shared library libgwpspider_interfaces__rosidl_typesupport_cpp.so[0m
[6.316s] [ 70%] [32mBuilding CXX object CMakeFiles/gwpspider_interfaces__rosidl_typesupport_introspection_cpp.dir/rosidl_typesupport_introspection_cpp/gwpspider_interfaces/srv/detail/move_gripper__type_support.cpp.o[0m
[6.400s] [ 70%] Built target gwpspider_interfaces__rosidl_typesupport_cpp
[6.411s] [ 71%] [32mBuilding CXX object CMakeFiles/gwpspider_interfaces__rosidl_typesupport_fastrtps_c.dir/rosidl_typesupport_fastrtps_c/gwpspider_interfaces/srv/detail/set_bus_watchdog__type_support_c.cpp.o[0m
[6.418s] [ 72%] [32mBuilding CXX object CMakeFiles/gwpspider_interfaces__rosidl_typesupport_fastrtps_c.dir/rosidl_typesupport_fastrtps_c/gwpspider_interfaces/srv/detail/toggle_motors_torque__type_support_c.cpp.o[0m
[6.577s] [ 73%] [32mBuilding CXX object CMakeFiles/gwpspider_interfaces__rosidl_typesupport_fastrtps_cpp.dir/rosidl_typesupport_fastrtps_cpp/gwpspider_interfaces/srv/detail/dds_fastrtps/toggle_motors_torque__type_support.cpp.o[0m
[6.601s] [ 74%] [32mBuilding CXX object CMakeFiles/gwpspider_interfaces__rosidl_typesupport_introspection_cpp.dir/rosidl_typesupport_introspection_cpp/gwpspider_interfaces/srv/detail/control_water_pump__type_support.cpp.o[0m
[6.622s] [ 75%] [32mBuilding CXX object CMakeFiles/gwpspider_interfaces__rosidl_typesupport_fastrtps_cpp.dir/rosidl_typesupport_fastrtps_cpp/gwpspider_interfaces/srv/detail/dds_fastrtps/set_bus_watchdog__type_support.cpp.o[0m
[6.700s] [ 76%] [32mBuilding CXX object CMakeFiles/gwpspider_interfaces__rosidl_typesupport_introspection_cpp.dir/rosidl_typesupport_introspection_cpp/gwpspider_interfaces/srv/detail/init_bno__type_support.cpp.o[0m
[6.873s] [ 77%] [32mBuilding CXX object CMakeFiles/gwpspider_interfaces__rosidl_typesupport_introspection_cpp.dir/rosidl_typesupport_introspection_cpp/gwpspider_interfaces/srv/detail/toggle_motors_torque__type_support.cpp.o[0m
[6.954s] [ 78%] [32mBuilding CXX object CMakeFiles/gwpspider_interfaces__rosidl_typesupport_introspection_cpp.dir/rosidl_typesupport_introspection_cpp/gwpspider_interfaces/srv/detail/set_bus_watchdog__type_support.cpp.o[0m
[7.053s] [ 80%] [32m[1mLinking CXX shared library libgwpspider_interfaces__rosidl_typesupport_fastrtps_c.so[0m
[7.161s] [ 80%] Built target gwpspider_interfaces__rosidl_typesupport_fastrtps_c
[7.203s] [ 81%] [32m[1mLinking CXX shared library libgwpspider_interfaces__rosidl_typesupport_fastrtps_cpp.so[0m
[7.272s] [ 81%] Built target gwpspider_interfaces__rosidl_typesupport_fastrtps_cpp
[7.431s] [ 82%] [32m[1mLinking CXX shared library libgwpspider_interfaces__rosidl_typesupport_introspection_cpp.so[0m
[7.489s] [ 82%] Built target gwpspider_interfaces__rosidl_typesupport_introspection_cpp
[7.503s] [ 82%] Built target gwpspider_interfaces
[7.518s] [ 83%] [34m[1mGenerating Python code for ROS interfaces[0m
[8.727s] [ 83%] Built target gwpspider_interfaces__py
[8.736s] [35m[1mConsolidate compiler generated dependencies of target gwpspider_interfaces__rosidl_generator_py[0m
[8.754s] [ 84%] [32mBuilding C object CMakeFiles/gwpspider_interfaces__rosidl_generator_py.dir/rosidl_generator_py/gwpspider_interfaces/msg/_gripper_command_s.c.o[0m
[8.754s] [ 85%] [32mBuilding C object CMakeFiles/gwpspider_interfaces__rosidl_generator_py.dir/rosidl_generator_py/gwpspider_interfaces/msg/_bno_data_s.c.o[0m
[8.754s] [ 86%] [32mBuilding C object CMakeFiles/gwpspider_interfaces__rosidl_generator_py.dir/rosidl_generator_py/gwpspider_interfaces/msg/_dynamixel_motors_data_s.c.o[0m
[8.754s] [ 87%] [32mBuilding C object CMakeFiles/gwpspider_interfaces__rosidl_generator_py.dir/rosidl_generator_py/gwpspider_interfaces/srv/_move_gripper_s.c.o[0m
[8.755s] [ 88%] [32mBuilding C object CMakeFiles/gwpspider_interfaces__rosidl_generator_py.dir/rosidl_generator_py/gwpspider_interfaces/srv/_control_water_pump_s.c.o[0m
[8.756s] [ 89%] [32mBuilding C object CMakeFiles/gwpspider_interfaces__rosidl_generator_py.dir/rosidl_generator_py/gwpspider_interfaces/msg/_water_pump_command_s.c.o[0m
[8.756s] [ 90%] [32mBuilding C object CMakeFiles/gwpspider_interfaces__rosidl_generator_py.dir/rosidl_generator_py/gwpspider_interfaces/srv/_toggle_motors_torque_s.c.o[0m
[8.762s] [ 91%] [32mBuilding C object CMakeFiles/gwpspider_interfaces__rosidl_generator_py.dir/rosidl_generator_py/gwpspider_interfaces/srv/_init_bno_s.c.o[0m
[8.907s] [ 92%] [32mBuilding C object CMakeFiles/gwpspider_interfaces__rosidl_generator_py.dir/rosidl_generator_py/gwpspider_interfaces/srv/_set_bus_watchdog_s.c.o[0m
[9.005s] [ 93%] [32m[1mLinking C shared library rosidl_generator_py/gwpspider_interfaces/libgwpspider_interfaces__rosidl_generator_py.so[0m
[9.040s] [ 93%] Built target gwpspider_interfaces__rosidl_generator_py
[9.048s] [35m[1mConsolidate compiler generated dependencies of target gwpspider_interfaces__rosidl_typesupport_introspection_c__pyext[0m
[9.048s] [35m[1mConsolidate compiler generated dependencies of target gwpspider_interfaces__rosidl_typesupport_c__pyext[0m
[9.048s] [35m[1mConsolidate compiler generated dependencies of target gwpspider_interfaces__rosidl_typesupport_fastrtps_c__pyext[0m
[9.058s] [ 95%] [32mBuilding C object CMakeFiles/gwpspider_interfaces__rosidl_typesupport_introspection_c__pyext.dir/rosidl_generator_py/gwpspider_interfaces/_gwpspider_interfaces_s.ep.rosidl_typesupport_introspection_c.c.o[0m
[9.058s] [ 95%] [32mBuilding C object CMakeFiles/gwpspider_interfaces__rosidl_typesupport_c__pyext.dir/rosidl_generator_py/gwpspider_interfaces/_gwpspider_interfaces_s.ep.rosidl_typesupport_c.c.o[0m
[9.062s] [ 96%] [32mBuilding C object CMakeFiles/gwpspider_interfaces__rosidl_typesupport_fastrtps_c__pyext.dir/rosidl_generator_py/gwpspider_interfaces/_gwpspider_interfaces_s.ep.rosidl_typesupport_fastrtps_c.c.o[0m
[9.184s] [ 98%] [32m[1mLinking C shared library rosidl_generator_py/gwpspider_interfaces/gwpspider_interfaces_s__rosidl_typesupport_introspection_c.cpython-310-x86_64-linux-gnu.so[0m
[9.184s] [ 98%] [32m[1mLinking C shared library rosidl_generator_py/gwpspider_interfaces/gwpspider_interfaces_s__rosidl_typesupport_c.cpython-310-x86_64-linux-gnu.so[0m
[9.216s] [ 98%] Built target gwpspider_interfaces__rosidl_typesupport_c__pyext
[9.224s] [ 98%] Built target gwpspider_interfaces__rosidl_typesupport_introspection_c__pyext
[9.266s] [100%] [32m[1mLinking C shared library rosidl_generator_py/gwpspider_interfaces/gwpspider_interfaces_s__rosidl_typesupport_fastrtps_c.cpython-310-x86_64-linux-gnu.so[0m
[9.300s] [100%] Built target gwpspider_interfaces__rosidl_typesupport_fastrtps_c__pyext
[9.309s] Invoked command in '/home/spider/gwpspider_ws/build/gwpspider_interfaces' returned '0': CMAKE_PREFIX_PATH=${CMAKE_PREFIX_PATH}:/home/spider/gwpspider_ws/install/calculations:/home/spider/gwpspider_ws/install/utils:/home/spider/gwpspider_ws/install/dynamixel_interface:/home/spider/gwpspider_ws/install/configuration:/home/spider/gwpspider_ws/install/arduino_communication:/opt/ros/humble /usr/bin/cmake --build /home/spider/gwpspider_ws/build/gwpspider_interfaces -- -j8 -l8
[9.455s] Invoking command in '/home/spider/gwpspider_ws/build/gwpspider_interfaces': CMAKE_PREFIX_PATH=${CMAKE_PREFIX_PATH}:/home/spider/gwpspider_ws/install/calculations:/home/spider/gwpspider_ws/install/utils:/home/spider/gwpspider_ws/install/dynamixel_interface:/home/spider/gwpspider_ws/install/configuration:/home/spider/gwpspider_ws/install/arduino_communication:/opt/ros/humble /usr/bin/cmake --install /home/spider/gwpspider_ws/build/gwpspider_interfaces
[9.462s] -- Install configuration: ""
[9.462s] -- Installing: /home/spider/gwpspider_ws/install/gwpspider_interfaces/share/ament_index/resource_index/rosidl_interfaces/gwpspider_interfaces
[9.462s] -- Up-to-date: /home/spider/gwpspider_ws/install/gwpspider_interfaces/include/gwpspider_interfaces/gwpspider_interfaces
[9.462s] -- Up-to-date: /home/spider/gwpspider_ws/install/gwpspider_interfaces/include/gwpspider_interfaces/gwpspider_interfaces/srv
[9.462s] -- Up-to-date: /home/spider/gwpspider_ws/install/gwpspider_interfaces/include/gwpspider_interfaces/gwpspider_interfaces/srv/detail
[9.463s] -- Installing: /home/spider/gwpspider_ws/install/gwpspider_interfaces/include/gwpspider_interfaces/gwpspider_interfaces/srv/detail/set_bus_watchdog__struct.h
[9.463s] -- Installing: /home/spider/gwpspider_ws/install/gwpspider_interfaces/include/gwpspider_interfaces/gwpspider_interfaces/srv/detail/control_water_pump__struct.h
[9.463s] -- Installing: /home/spider/gwpspider_ws/install/gwpspider_interfaces/include/gwpspider_interfaces/gwpspider_interfaces/srv/detail/toggle_motors_torque__type_support.h
[9.463s] -- Installing: /home/spider/gwpspider_ws/install/gwpspider_interfaces/include/gwpspider_interfaces/gwpspider_interfaces/srv/detail/set_bus_watchdog__functions.h
[9.463s] -- Installing: /home/spider/gwpspider_ws/install/gwpspider_interfaces/include/gwpspider_interfaces/gwpspider_interfaces/srv/detail/move_gripper__functions.c
[9.463s] -- Installing: /home/spider/gwpspider_ws/install/gwpspider_interfaces/include/gwpspider_interfaces/gwpspider_interfaces/srv/detail/init_bno__functions.h
[9.463s] -- Installing: /home/spider/gwpspider_ws/install/gwpspider_interfaces/include/gwpspider_interfaces/gwpspider_interfaces/srv/detail/set_bus_watchdog__type_support.h
[9.463s] -- Installing: /home/spider/gwpspider_ws/install/gwpspider_interfaces/include/gwpspider_interfaces/gwpspider_interfaces/srv/detail/init_bno__type_support.h
[9.464s] -- Installing: /home/spider/gwpspider_ws/install/gwpspider_interfaces/include/gwpspider_interfaces/gwpspider_interfaces/srv/detail/toggle_motors_torque__functions.c
[9.464s] -- Installing: /home/spider/gwpspider_ws/install/gwpspider_interfaces/include/gwpspider_interfaces/gwpspider_interfaces/srv/detail/control_water_pump__type_support.h
[9.464s] -- Installing: /home/spider/gwpspider_ws/install/gwpspider_interfaces/include/gwpspider_interfaces/gwpspider_interfaces/srv/detail/set_bus_watchdog__functions.c
[9.464s] -- Installing: /home/spider/gwpspider_ws/install/gwpspider_interfaces/include/gwpspider_interfaces/gwpspider_interfaces/srv/detail/init_bno__functions.c
[9.464s] -- Installing: /home/spider/gwpspider_ws/install/gwpspider_interfaces/include/gwpspider_interfaces/gwpspider_interfaces/srv/detail/toggle_motors_torque__struct.h
[9.464s] -- Installing: /home/spider/gwpspider_ws/install/gwpspider_interfaces/include/gwpspider_interfaces/gwpspider_interfaces/srv/detail/move_gripper__struct.h
[9.464s] -- Installing: /home/spider/gwpspider_ws/install/gwpspider_interfaces/include/gwpspider_interfaces/gwpspider_interfaces/srv/detail/control_water_pump__functions.c
[9.465s] -- Installing: /home/spider/gwpspider_ws/install/gwpspider_interfaces/include/gwpspider_interfaces/gwpspider_interfaces/srv/detail/move_gripper__type_support.h
[9.465s] -- Installing: /home/spider/gwpspider_ws/install/gwpspider_interfaces/include/gwpspider_interfaces/gwpspider_interfaces/srv/detail/init_bno__struct.h
[9.465s] -- Installing: /home/spider/gwpspider_ws/install/gwpspider_interfaces/include/gwpspider_interfaces/gwpspider_interfaces/srv/detail/toggle_motors_torque__functions.h
[9.465s] -- Installing: /home/spider/gwpspider_ws/install/gwpspider_interfaces/include/gwpspider_interfaces/gwpspider_interfaces/srv/detail/move_gripper__functions.h
[9.465s] -- Installing: /home/spider/gwpspider_ws/install/gwpspider_interfaces/include/gwpspider_interfaces/gwpspider_interfaces/srv/detail/control_water_pump__functions.h
[9.465s] -- Installing: /home/spider/gwpspider_ws/install/gwpspider_interfaces/include/gwpspider_interfaces/gwpspider_interfaces/srv/control_water_pump.h
[9.465s] -- Installing: /home/spider/gwpspider_ws/install/gwpspider_interfaces/include/gwpspider_interfaces/gwpspider_interfaces/srv/toggle_motors_torque.h
[9.465s] -- Installing: /home/spider/gwpspider_ws/install/gwpspider_interfaces/include/gwpspider_interfaces/gwpspider_interfaces/srv/move_gripper.h
[9.465s] -- Installing: /home/spider/gwpspider_ws/install/gwpspider_interfaces/include/gwpspider_interfaces/gwpspider_interfaces/srv/set_bus_watchdog.h
[9.466s] -- Installing: /home/spider/gwpspider_ws/install/gwpspider_interfaces/include/gwpspider_interfaces/gwpspider_interfaces/srv/init_bno.h
[9.466s] -- Up-to-date: /home/spider/gwpspider_ws/install/gwpspider_interfaces/include/gwpspider_interfaces/gwpspider_interfaces/msg
[9.466s] -- Up-to-date: /home/spider/gwpspider_ws/install/gwpspider_interfaces/include/gwpspider_interfaces/gwpspider_interfaces/msg/detail
[9.466s] -- Installing: /home/spider/gwpspider_ws/install/gwpspider_interfaces/include/gwpspider_interfaces/gwpspider_interfaces/msg/detail/water_pump_command__functions.c
[9.466s] -- Installing: /home/spider/gwpspider_ws/install/gwpspider_interfaces/include/gwpspider_interfaces/gwpspider_interfaces/msg/detail/water_pump_command__struct.h
[9.466s] -- Installing: /home/spider/gwpspider_ws/install/gwpspider_interfaces/include/gwpspider_interfaces/gwpspider_interfaces/msg/detail/bno_data__type_support.h
[9.466s] -- Installing: /home/spider/gwpspider_ws/install/gwpspider_interfaces/include/gwpspider_interfaces/gwpspider_interfaces/msg/detail/bno_data__functions.c
[9.466s] -- Installing: /home/spider/gwpspider_ws/install/gwpspider_interfaces/include/gwpspider_interfaces/gwpspider_interfaces/msg/detail/water_pump_command__functions.h
[9.467s] -- Installing: /home/spider/gwpspider_ws/install/gwpspider_interfaces/include/gwpspider_interfaces/gwpspider_interfaces/msg/detail/gripper_command__functions.h
[9.467s] -- Installing: /home/spider/gwpspider_ws/install/gwpspider_interfaces/include/gwpspider_interfaces/gwpspider_interfaces/msg/detail/gripper_command__functions.c
[9.467s] -- Installing: /home/spider/gwpspider_ws/install/gwpspider_interfaces/include/gwpspider_interfaces/gwpspider_interfaces/msg/detail/bno_data__struct.h
[9.467s] -- Installing: /home/spider/gwpspider_ws/install/gwpspider_interfaces/include/gwpspider_interfaces/gwpspider_interfaces/msg/detail/gripper_command__type_support.h
[9.467s] -- Installing: /home/spider/gwpspider_ws/install/gwpspider_interfaces/include/gwpspider_interfaces/gwpspider_interfaces/msg/detail/bno_data__functions.h
[9.467s] -- Installing: /home/spider/gwpspider_ws/install/gwpspider_interfaces/include/gwpspider_interfaces/gwpspider_interfaces/msg/detail/dynamixel_motors_data__functions.c
[9.467s] -- Installing: /home/spider/gwpspider_ws/install/gwpspider_interfaces/include/gwpspider_interfaces/gwpspider_interfaces/msg/detail/dynamixel_motors_data__functions.h
[9.467s] -- Installing: /home/spider/gwpspider_ws/install/gwpspider_interfaces/include/gwpspider_interfaces/gwpspider_interfaces/msg/detail/dynamixel_motors_data__type_support.h
[9.468s] -- Installing: /home/spider/gwpspider_ws/install/gwpspider_interfaces/include/gwpspider_interfaces/gwpspider_interfaces/msg/detail/dynamixel_motors_data__struct.h
[9.468s] -- Installing: /home/spider/gwpspider_ws/install/gwpspider_interfaces/include/gwpspider_interfaces/gwpspider_interfaces/msg/detail/gripper_command__struct.h
[9.468s] -- Installing: /home/spider/gwpspider_ws/install/gwpspider_interfaces/include/gwpspider_interfaces/gwpspider_interfaces/msg/detail/water_pump_command__type_support.h
[9.468s] -- Installing: /home/spider/gwpspider_ws/install/gwpspider_interfaces/include/gwpspider_interfaces/gwpspider_interfaces/msg/bno_data.h
[9.469s] -- Installing: /home/spider/gwpspider_ws/install/gwpspider_interfaces/include/gwpspider_interfaces/gwpspider_interfaces/msg/dynamixel_motors_data.h
[9.469s] -- Up-to-date: /home/spider/gwpspider_ws/install/gwpspider_interfaces/include/gwpspider_interfaces/gwpspider_interfaces/msg/rosidl_generator_c__visibility_control.h
[9.469s] -- Installing: /home/spider/gwpspider_ws/install/gwpspider_interfaces/include/gwpspider_interfaces/gwpspider_interfaces/msg/gripper_command.h
[9.469s] -- Installing: /home/spider/gwpspider_ws/install/gwpspider_interfaces/include/gwpspider_interfaces/gwpspider_interfaces/msg/water_pump_command.h
[9.469s] -- Up-to-date: /home/spider/gwpspider_ws/install/gwpspider_interfaces/share/gwpspider_interfaces/environment/library_path.sh
[9.469s] -- Installing: /home/spider/gwpspider_ws/install/gwpspider_interfaces/share/gwpspider_interfaces/environment/library_path.dsv
[9.469s] -- Installing: /home/spider/gwpspider_ws/install/gwpspider_interfaces/lib/libgwpspider_interfaces__rosidl_generator_c.so
[9.469s] -- Set runtime path of "/home/spider/gwpspider_ws/install/gwpspider_interfaces/lib/libgwpspider_interfaces__rosidl_generator_c.so" to ""
[9.470s] -- Up-to-date: /home/spider/gwpspider_ws/install/gwpspider_interfaces/include/gwpspider_interfaces/gwpspider_interfaces
[9.470s] -- Up-to-date: /home/spider/gwpspider_ws/install/gwpspider_interfaces/include/gwpspider_interfaces/gwpspider_interfaces/srv
[9.470s] -- Up-to-date: /home/spider/gwpspider_ws/install/gwpspider_interfaces/include/gwpspider_interfaces/gwpspider_interfaces/srv/detail
[9.470s] -- Installing: /home/spider/gwpspider_ws/install/gwpspider_interfaces/include/gwpspider_interfaces/gwpspider_interfaces/srv/detail/toggle_motors_torque__rosidl_typesupport_fastrtps_c.h
[9.470s] -- Installing: /home/spider/gwpspider_ws/install/gwpspider_interfaces/include/gwpspider_interfaces/gwpspider_interfaces/srv/detail/control_water_pump__rosidl_typesupport_fastrtps_c.h
[9.470s] -- Installing: /home/spider/gwpspider_ws/install/gwpspider_interfaces/include/gwpspider_interfaces/gwpspider_interfaces/srv/detail/set_bus_watchdog__rosidl_typesupport_fastrtps_c.h
[9.470s] -- Installing: /home/spider/gwpspider_ws/install/gwpspider_interfaces/include/gwpspider_interfaces/gwpspider_interfaces/srv/detail/init_bno__rosidl_typesupport_fastrtps_c.h
[9.470s] -- Installing: /home/spider/gwpspider_ws/install/gwpspider_interfaces/include/gwpspider_interfaces/gwpspider_interfaces/srv/detail/move_gripper__rosidl_typesupport_fastrtps_c.h
[9.471s] -- Up-to-date: /home/spider/gwpspider_ws/install/gwpspider_interfaces/include/gwpspider_interfaces/gwpspider_interfaces/msg
[9.471s] -- Up-to-date: /home/spider/gwpspider_ws/install/gwpspider_interfaces/include/gwpspider_interfaces/gwpspider_interfaces/msg/rosidl_typesupport_fastrtps_c__visibility_control.h
[9.472s] -- Up-to-date: /home/spider/gwpspider_ws/install/gwpspider_interfaces/include/gwpspider_interfaces/gwpspider_interfaces/msg/detail
[9.472s] -- Installing: /home/spider/gwpspider_ws/install/gwpspider_interfaces/include/gwpspider_interfaces/gwpspider_interfaces/msg/detail/gripper_command__rosidl_typesupport_fastrtps_c.h
[9.472s] -- Installing: /home/spider/gwpspider_ws/install/gwpspider_interfaces/include/gwpspider_interfaces/gwpspider_interfaces/msg/detail/bno_data__rosidl_typesupport_fastrtps_c.h
[9.472s] -- Installing: /home/spider/gwpspider_ws/install/gwpspider_interfaces/include/gwpspider_interfaces/gwpspider_interfaces/msg/detail/water_pump_command__rosidl_typesupport_fastrtps_c.h
[9.472s] -- Installing: /home/spider/gwpspider_ws/install/gwpspider_interfaces/include/gwpspider_interfaces/gwpspider_interfaces/msg/detail/dynamixel_motors_data__rosidl_typesupport_fastrtps_c.h
[9.472s] -- Installing: /home/spider/gwpspider_ws/install/gwpspider_interfaces/lib/libgwpspider_interfaces__rosidl_typesupport_fastrtps_c.so
[9.472s] -- Set runtime path of "/home/spider/gwpspider_ws/install/gwpspider_interfaces/lib/libgwpspider_interfaces__rosidl_typesupport_fastrtps_c.so" to ""
[9.472s] -- Up-to-date: /home/spider/gwpspider_ws/install/gwpspider_interfaces/include/gwpspider_interfaces/gwpspider_interfaces
[9.472s] -- Up-to-date: /home/spider/gwpspider_ws/install/gwpspider_interfaces/include/gwpspider_interfaces/gwpspider_interfaces/srv
[9.472s] -- Up-to-date: /home/spider/gwpspider_ws/install/gwpspider_interfaces/include/gwpspider_interfaces/gwpspider_interfaces/srv/detail
[9.472s] -- Installing: /home/spider/gwpspider_ws/install/gwpspider_interfaces/include/gwpspider_interfaces/gwpspider_interfaces/srv/detail/toggle_motors_torque__type_support.c
[9.472s] -- Installing: /home/spider/gwpspider_ws/install/gwpspider_interfaces/include/gwpspider_interfaces/gwpspider_interfaces/srv/detail/toggle_motors_torque__rosidl_typesupport_introspection_c.h
[9.472s] -- Installing: /home/spider/gwpspider_ws/install/gwpspider_interfaces/include/gwpspider_interfaces/gwpspider_interfaces/srv/detail/control_water_pump__rosidl_typesupport_introspection_c.h
[9.473s] -- Installing: /home/spider/gwpspider_ws/install/gwpspider_interfaces/include/gwpspider_interfaces/gwpspider_interfaces/srv/detail/init_bno__rosidl_typesupport_introspection_c.h
[9.473s] -- Installing: /home/spider/gwpspider_ws/install/gwpspider_interfaces/include/gwpspider_interfaces/gwpspider_interfaces/srv/detail/move_gripper__type_support.c
[9.473s] -- Installing: /home/spider/gwpspider_ws/install/gwpspider_interfaces/include/gwpspider_interfaces/gwpspider_interfaces/srv/detail/init_bno__type_support.c
[9.473s] -- Installing: /home/spider/gwpspider_ws/install/gwpspider_interfaces/include/gwpspider_interfaces/gwpspider_interfaces/srv/detail/move_gripper__rosidl_typesupport_introspection_c.h
[9.473s] -- Installing: /home/spider/gwpspider_ws/install/gwpspider_interfaces/include/gwpspider_interfaces/gwpspider_interfaces/srv/detail/set_bus_watchdog__type_support.c
[9.473s] -- Installing: /home/spider/gwpspider_ws/install/gwpspider_interfaces/include/gwpspider_interfaces/gwpspider_interfaces/srv/detail/control_water_pump__type_support.c
[9.473s] -- Installing: /home/spider/gwpspider_ws/install/gwpspider_interfaces/include/gwpspider_interfaces/gwpspider_interfaces/srv/detail/set_bus_watchdog__rosidl_typesupport_introspection_c.h
[9.474s] -- Up-to-date: /home/spider/gwpspider_ws/install/gwpspider_interfaces/include/gwpspider_interfaces/gwpspider_interfaces/msg
[9.474s] -- Up-to-date: /home/spider/gwpspider_ws/install/gwpspider_interfaces/include/gwpspider_interfaces/gwpspider_interfaces/msg/detail
[9.474s] -- Installing: /home/spider/gwpspider_ws/install/gwpspider_interfaces/include/gwpspider_interfaces/gwpspider_interfaces/msg/detail/bno_data__rosidl_typesupport_introspection_c.h
[9.474s] -- Installing: /home/spider/gwpspider_ws/install/gwpspider_interfaces/include/gwpspider_interfaces/gwpspider_interfaces/msg/detail/dynamixel_motors_data__rosidl_typesupport_introspection_c.h
[9.474s] -- Installing: /home/spider/gwpspider_ws/install/gwpspider_interfaces/include/gwpspider_interfaces/gwpspider_interfaces/msg/detail/gripper_command__type_support.c
[9.474s] -- Installing: /home/spider/gwpspider_ws/install/gwpspider_interfaces/include/gwpspider_interfaces/gwpspider_interfaces/msg/detail/gripper_command__rosidl_typesupport_introspection_c.h
[9.474s] -- Installing: /home/spider/gwpspider_ws/install/gwpspider_interfaces/include/gwpspider_interfaces/gwpspider_interfaces/msg/detail/bno_data__type_support.c
[9.474s] -- Installing: /home/spider/gwpspider_ws/install/gwpspider_interfaces/include/gwpspider_interfaces/gwpspider_interfaces/msg/detail/water_pump_command__type_support.c
[9.474s] -- Installing: /home/spider/gwpspider_ws/install/gwpspider_interfaces/include/gwpspider_interfaces/gwpspider_interfaces/msg/detail/dynamixel_motors_data__type_support.c
[9.475s] -- Installing: /home/spider/gwpspider_ws/install/gwpspider_interfaces/include/gwpspider_interfaces/gwpspider_interfaces/msg/detail/water_pump_command__rosidl_typesupport_introspection_c.h
[9.475s] -- Up-to-date: /home/spider/gwpspider_ws/install/gwpspider_interfaces/include/gwpspider_interfaces/gwpspider_interfaces/msg/rosidl_typesupport_introspection_c__visibility_control.h
[9.475s] -- Installing: /home/spider/gwpspider_ws/install/gwpspider_interfaces/lib/libgwpspider_interfaces__rosidl_typesupport_introspection_c.so
[9.475s] -- Set runtime path of "/home/spider/gwpspider_ws/install/gwpspider_interfaces/lib/libgwpspider_interfaces__rosidl_typesupport_introspection_c.so" to ""
[9.475s] -- Installing: /home/spider/gwpspider_ws/install/gwpspider_interfaces/lib/libgwpspider_interfaces__rosidl_typesupport_c.so
[9.475s] -- Set runtime path of "/home/spider/gwpspider_ws/install/gwpspider_interfaces/lib/libgwpspider_interfaces__rosidl_typesupport_c.so" to ""
[9.475s] -- Up-to-date: /home/spider/gwpspider_ws/install/gwpspider_interfaces/include/gwpspider_interfaces/gwpspider_interfaces
[9.475s] -- Up-to-date: /home/spider/gwpspider_ws/install/gwpspider_interfaces/include/gwpspider_interfaces/gwpspider_interfaces/srv
[9.476s] -- Installing: /home/spider/gwpspider_ws/install/gwpspider_interfaces/include/gwpspider_interfaces/gwpspider_interfaces/srv/set_bus_watchdog.hpp
[9.476s] -- Up-to-date: /home/spider/gwpspider_ws/install/gwpspider_interfaces/include/gwpspider_interfaces/gwpspider_interfaces/srv/detail
[9.476s] -- Installing: /home/spider/gwpspider_ws/install/gwpspider_interfaces/include/gwpspider_interfaces/gwpspider_interfaces/srv/detail/move_gripper__traits.hpp
[9.476s] -- Installing: /home/spider/gwpspider_ws/install/gwpspider_interfaces/include/gwpspider_interfaces/gwpspider_interfaces/srv/detail/control_water_pump__struct.hpp
[9.476s] -- Installing: /home/spider/gwpspider_ws/install/gwpspider_interfaces/include/gwpspider_interfaces/gwpspider_interfaces/srv/detail/init_bno__struct.hpp
[9.476s] -- Installing: /home/spider/gwpspider_ws/install/gwpspider_interfaces/include/gwpspider_interfaces/gwpspider_interfaces/srv/detail/toggle_motors_torque__builder.hpp
[9.476s] -- Installing: /home/spider/gwpspider_ws/install/gwpspider_interfaces/include/gwpspider_interfaces/gwpspider_interfaces/srv/detail/toggle_motors_torque__traits.hpp
[9.476s] -- Installing: /home/spider/gwpspider_ws/install/gwpspider_interfaces/include/gwpspider_interfaces/gwpspider_interfaces/srv/detail/move_gripper__struct.hpp
[9.476s] -- Installing: /home/spider/gwpspider_ws/install/gwpspider_interfaces/include/gwpspider_interfaces/gwpspider_interfaces/srv/detail/move_gripper__builder.hpp
[9.477s] -- Installing: /home/spider/gwpspider_ws/install/gwpspider_interfaces/include/gwpspider_interfaces/gwpspider_interfaces/srv/detail/set_bus_watchdog__builder.hpp
[9.477s] -- Installing: /home/spider/gwpspider_ws/install/gwpspider_interfaces/include/gwpspider_interfaces/gwpspider_interfaces/srv/detail/init_bno__builder.hpp
[9.477s] -- Installing: /home/spider/gwpspider_ws/install/gwpspider_interfaces/include/gwpspider_interfaces/gwpspider_interfaces/srv/detail/init_bno__traits.hpp
[9.477s] -- Installing: /home/spider/gwpspider_ws/install/gwpspider_interfaces/include/gwpspider_interfaces/gwpspider_interfaces/srv/detail/set_bus_watchdog__struct.hpp
[9.477s] -- Installing: /home/spider/gwpspider_ws/install/gwpspider_interfaces/include/gwpspider_interfaces/gwpspider_interfaces/srv/detail/toggle_motors_torque__struct.hpp
[9.477s] -- Installing: /home/spider/gwpspider_ws/install/gwpspider_interfaces/include/gwpspider_interfaces/gwpspider_interfaces/srv/detail/control_water_pump__traits.hpp
[9.477s] -- Installing: /home/spider/gwpspider_ws/install/gwpspider_interfaces/include/gwpspider_interfaces/gwpspider_interfaces/srv/detail/set_bus_watchdog__traits.hpp
[9.477s] -- Installing: /home/spider/gwpspider_ws/install/gwpspider_interfaces/include/gwpspider_interfaces/gwpspider_interfaces/srv/detail/control_water_pump__builder.hpp
[9.477s] -- Installing: /home/spider/gwpspider_ws/install/gwpspider_interfaces/include/gwpspider_interfaces/gwpspider_interfaces/srv/toggle_motors_torque.hpp
[9.478s] -- Installing: /home/spider/gwpspider_ws/install/gwpspider_interfaces/include/gwpspider_interfaces/gwpspider_interfaces/srv/move_gripper.hpp
[9.478s] -- Installing: /home/spider/gwpspider_ws/install/gwpspider_interfaces/include/gwpspider_interfaces/gwpspider_interfaces/srv/init_bno.hpp
[9.478s] -- Installing: /home/spider/gwpspider_ws/install/gwpspider_interfaces/include/gwpspider_interfaces/gwpspider_interfaces/srv/control_water_pump.hpp
[9.478s] -- Up-to-date: /home/spider/gwpspider_ws/install/gwpspider_interfaces/include/gwpspider_interfaces/gwpspider_interfaces/msg
[9.478s] -- Installing: /home/spider/gwpspider_ws/install/gwpspider_interfaces/include/gwpspider_interfaces/gwpspider_interfaces/msg/gripper_command.hpp
[9.478s] -- Up-to-date: /home/spider/gwpspider_ws/install/gwpspider_interfaces/include/gwpspider_interfaces/gwpspider_interfaces/msg/detail
[9.478s] -- Installing: /home/spider/gwpspider_ws/install/gwpspider_interfaces/include/gwpspider_interfaces/gwpspider_interfaces/msg/detail/bno_data__traits.hpp
[9.478s] -- Installing: /home/spider/gwpspider_ws/install/gwpspider_interfaces/include/gwpspider_interfaces/gwpspider_interfaces/msg/detail/water_pump_command__struct.hpp
[9.479s] -- Installing: /home/spider/gwpspider_ws/install/gwpspider_interfaces/include/gwpspider_interfaces/gwpspider_interfaces/msg/detail/dynamixel_motors_data__builder.hpp
[9.479s] -- Installing: /home/spider/gwpspider_ws/install/gwpspider_interfaces/include/gwpspider_interfaces/gwpspider_interfaces/msg/detail/dynamixel_motors_data__traits.hpp
[9.479s] -- Installing: /home/spider/gwpspider_ws/install/gwpspider_interfaces/include/gwpspider_interfaces/gwpspider_interfaces/msg/detail/dynamixel_motors_data__struct.hpp
[9.479s] -- Installing: /home/spider/gwpspider_ws/install/gwpspider_interfaces/include/gwpspider_interfaces/gwpspider_interfaces/msg/detail/gripper_command__traits.hpp
[9.479s] -- Installing: /home/spider/gwpspider_ws/install/gwpspider_interfaces/include/gwpspider_interfaces/gwpspider_interfaces/msg/detail/bno_data__struct.hpp
[9.479s] -- Installing: /home/spider/gwpspider_ws/install/gwpspider_interfaces/include/gwpspider_interfaces/gwpspider_interfaces/msg/detail/gripper_command__struct.hpp
[9.479s] -- Installing: /home/spider/gwpspider_ws/install/gwpspider_interfaces/include/gwpspider_interfaces/gwpspider_interfaces/msg/detail/bno_data__builder.hpp
[9.479s] -- Installing: /home/spider/gwpspider_ws/install/gwpspider_interfaces/include/gwpspider_interfaces/gwpspider_interfaces/msg/detail/gripper_command__builder.hpp
[9.479s] -- Installing: /home/spider/gwpspider_ws/install/gwpspider_interfaces/include/gwpspider_interfaces/gwpspider_interfaces/msg/detail/water_pump_command__traits.hpp
[9.480s] -- Installing: /home/spider/gwpspider_ws/install/gwpspider_interfaces/include/gwpspider_interfaces/gwpspider_interfaces/msg/detail/water_pump_command__builder.hpp
[9.480s] -- Installing: /home/spider/gwpspider_ws/install/gwpspider_interfaces/include/gwpspider_interfaces/gwpspider_interfaces/msg/dynamixel_motors_data.hpp
[9.480s] -- Installing: /home/spider/gwpspider_ws/install/gwpspider_interfaces/include/gwpspider_interfaces/gwpspider_interfaces/msg/bno_data.hpp
[9.480s] -- Installing: /home/spider/gwpspider_ws/install/gwpspider_interfaces/include/gwpspider_interfaces/gwpspider_interfaces/msg/water_pump_command.hpp
[9.480s] -- Up-to-date: /home/spider/gwpspider_ws/install/gwpspider_interfaces/include/gwpspider_interfaces/gwpspider_interfaces
[9.480s] -- Up-to-date: /home/spider/gwpspider_ws/install/gwpspider_interfaces/include/gwpspider_interfaces/gwpspider_interfaces/srv
[9.480s] -- Up-to-date: /home/spider/gwpspider_ws/install/gwpspider_interfaces/include/gwpspider_interfaces/gwpspider_interfaces/srv/detail
[9.480s] -- Installing: /home/spider/gwpspider_ws/install/gwpspider_interfaces/include/gwpspider_interfaces/gwpspider_interfaces/srv/detail/toggle_motors_torque__rosidl_typesupport_fastrtps_cpp.hpp
[9.480s] -- Installing: /home/spider/gwpspider_ws/install/gwpspider_interfaces/include/gwpspider_interfaces/gwpspider_interfaces/srv/detail/move_gripper__rosidl_typesupport_fastrtps_cpp.hpp
[9.480s] -- Installing: /home/spider/gwpspider_ws/install/gwpspider_interfaces/include/gwpspider_interfaces/gwpspider_interfaces/srv/detail/init_bno__rosidl_typesupport_fastrtps_cpp.hpp
[9.481s] -- Installing: /home/spider/gwpspider_ws/install/gwpspider_interfaces/include/gwpspider_interfaces/gwpspider_interfaces/srv/detail/control_water_pump__rosidl_typesupport_fastrtps_cpp.hpp
[9.481s] -- Installing: /home/spider/gwpspider_ws/install/gwpspider_interfaces/include/gwpspider_interfaces/gwpspider_interfaces/srv/detail/set_bus_watchdog__rosidl_typesupport_fastrtps_cpp.hpp
[9.481s] -- Up-to-date: /home/spider/gwpspider_ws/install/gwpspider_interfaces/include/gwpspider_interfaces/gwpspider_interfaces/srv/detail/dds_fastrtps
[9.481s] -- Up-to-date: /home/spider/gwpspider_ws/install/gwpspider_interfaces/include/gwpspider_interfaces/gwpspider_interfaces/msg
[9.481s] -- Up-to-date: /home/spider/gwpspider_ws/install/gwpspider_interfaces/include/gwpspider_interfaces/gwpspider_interfaces/msg/rosidl_typesupport_fastrtps_cpp__visibility_control.h
[9.481s] -- Up-to-date: /home/spider/gwpspider_ws/install/gwpspider_interfaces/include/gwpspider_interfaces/gwpspider_interfaces/msg/detail
[9.481s] -- Installing: /home/spider/gwpspider_ws/install/gwpspider_interfaces/include/gwpspider_interfaces/gwpspider_interfaces/msg/detail/dynamixel_motors_data__rosidl_typesupport_fastrtps_cpp.hpp
[9.481s] -- Installing: /home/spider/gwpspider_ws/install/gwpspider_interfaces/include/gwpspider_interfaces/gwpspider_interfaces/msg/detail/bno_data__rosidl_typesupport_fastrtps_cpp.hpp
[9.481s] -- Installing: /home/spider/gwpspider_ws/install/gwpspider_interfaces/include/gwpspider_interfaces/gwpspider_interfaces/msg/detail/water_pump_command__rosidl_typesupport_fastrtps_cpp.hpp
[9.481s] -- Up-to-date: /home/spider/gwpspider_ws/install/gwpspider_interfaces/include/gwpspider_interfaces/gwpspider_interfaces/msg/detail/dds_fastrtps
[9.482s] -- Installing: /home/spider/gwpspider_ws/install/gwpspider_interfaces/include/gwpspider_interfaces/gwpspider_interfaces/msg/detail/gripper_command__rosidl_typesupport_fastrtps_cpp.hpp
[9.482s] -- Installing: /home/spider/gwpspider_ws/install/gwpspider_interfaces/lib/libgwpspider_interfaces__rosidl_typesupport_fastrtps_cpp.so
[9.482s] -- Set runtime path of "/home/spider/gwpspider_ws/install/gwpspider_interfaces/lib/libgwpspider_interfaces__rosidl_typesupport_fastrtps_cpp.so" to ""
[9.482s] -- Up-to-date: /home/spider/gwpspider_ws/install/gwpspider_interfaces/include/gwpspider_interfaces/gwpspider_interfaces
[9.482s] -- Up-to-date: /home/spider/gwpspider_ws/install/gwpspider_interfaces/include/gwpspider_interfaces/gwpspider_interfaces/srv
[9.482s] -- Up-to-date: /home/spider/gwpspider_ws/install/gwpspider_interfaces/include/gwpspider_interfaces/gwpspider_interfaces/srv/detail
[9.482s] -- Installing: /home/spider/gwpspider_ws/install/gwpspider_interfaces/include/gwpspider_interfaces/gwpspider_interfaces/srv/detail/init_bno__type_support.cpp
[9.482s] -- Installing: /home/spider/gwpspider_ws/install/gwpspider_interfaces/include/gwpspider_interfaces/gwpspider_interfaces/srv/detail/move_gripper__rosidl_typesupport_introspection_cpp.hpp
[9.483s] -- Installing: /home/spider/gwpspider_ws/install/gwpspider_interfaces/include/gwpspider_interfaces/gwpspider_interfaces/srv/detail/set_bus_watchdog__type_support.cpp
[9.483s] -- Installing: /home/spider/gwpspider_ws/install/gwpspider_interfaces/include/gwpspider_interfaces/gwpspider_interfaces/srv/detail/control_water_pump__rosidl_typesupport_introspection_cpp.hpp
[9.483s] -- Installing: /home/spider/gwpspider_ws/install/gwpspider_interfaces/include/gwpspider_interfaces/gwpspider_interfaces/srv/detail/init_bno__rosidl_typesupport_introspection_cpp.hpp
[9.483s] -- Installing: /home/spider/gwpspider_ws/install/gwpspider_interfaces/include/gwpspider_interfaces/gwpspider_interfaces/srv/detail/control_water_pump__type_support.cpp
[9.483s] -- Installing: /home/spider/gwpspider_ws/install/gwpspider_interfaces/include/gwpspider_interfaces/gwpspider_interfaces/srv/detail/toggle_motors_torque__type_support.cpp
[9.483s] -- Installing: /home/spider/gwpspider_ws/install/gwpspider_interfaces/include/gwpspider_interfaces/gwpspider_interfaces/srv/detail/set_bus_watchdog__rosidl_typesupport_introspection_cpp.hpp
[9.483s] -- Installing: /home/spider/gwpspider_ws/install/gwpspider_interfaces/include/gwpspider_interfaces/gwpspider_interfaces/srv/detail/move_gripper__type_support.cpp
[9.483s] -- Installing: /home/spider/gwpspider_ws/install/gwpspider_interfaces/include/gwpspider_interfaces/gwpspider_interfaces/srv/detail/toggle_motors_torque__rosidl_typesupport_introspection_cpp.hpp
[9.483s] -- Up-to-date: /home/spider/gwpspider_ws/install/gwpspider_interfaces/include/gwpspider_interfaces/gwpspider_interfaces/msg
[9.483s] -- Up-to-date: /home/spider/gwpspider_ws/install/gwpspider_interfaces/include/gwpspider_interfaces/gwpspider_interfaces/msg/detail
[9.484s] -- Installing: /home/spider/gwpspider_ws/install/gwpspider_interfaces/include/gwpspider_interfaces/gwpspider_interfaces/msg/detail/bno_data__type_support.cpp
[9.484s] -- Installing: /home/spider/gwpspider_ws/install/gwpspider_interfaces/include/gwpspider_interfaces/gwpspider_interfaces/msg/detail/gripper_command__type_support.cpp
[9.484s] -- Installing: /home/spider/gwpspider_ws/install/gwpspider_interfaces/include/gwpspider_interfaces/gwpspider_interfaces/msg/detail/dynamixel_motors_data__type_support.cpp
[9.484s] -- Installing: /home/spider/gwpspider_ws/install/gwpspider_interfaces/include/gwpspider_interfaces/gwpspider_interfaces/msg/detail/dynamixel_motors_data__rosidl_typesupport_introspection_cpp.hpp
[9.484s] -- Installing: /home/spider/gwpspider_ws/install/gwpspider_interfaces/include/gwpspider_interfaces/gwpspider_interfaces/msg/detail/gripper_command__rosidl_typesupport_introspection_cpp.hpp
[9.484s] -- Installing: /home/spider/gwpspider_ws/install/gwpspider_interfaces/include/gwpspider_interfaces/gwpspider_interfaces/msg/detail/water_pump_command__rosidl_typesupport_introspection_cpp.hpp
[9.484s] -- Installing: /home/spider/gwpspider_ws/install/gwpspider_interfaces/include/gwpspider_interfaces/gwpspider_interfaces/msg/detail/bno_data__rosidl_typesupport_introspection_cpp.hpp
[9.484s] -- Installing: /home/spider/gwpspider_ws/install/gwpspider_interfaces/include/gwpspider_interfaces/gwpspider_interfaces/msg/detail/water_pump_command__type_support.cpp
[9.484s] -- Installing: /home/spider/gwpspider_ws/install/gwpspider_interfaces/lib/libgwpspider_interfaces__rosidl_typesupport_introspection_cpp.so
[9.485s] -- Set runtime path of "/home/spider/gwpspider_ws/install/gwpspider_interfaces/lib/libgwpspider_interfaces__rosidl_typesupport_introspection_cpp.so" to ""
[9.485s] -- Installing: /home/spider/gwpspider_ws/install/gwpspider_interfaces/lib/libgwpspider_interfaces__rosidl_typesupport_cpp.so
[9.485s] -- Set runtime path of "/home/spider/gwpspider_ws/install/gwpspider_interfaces/lib/libgwpspider_interfaces__rosidl_typesupport_cpp.so" to ""
[9.485s] -- Up-to-date: /home/spider/gwpspider_ws/install/gwpspider_interfaces/share/gwpspider_interfaces/environment/pythonpath.sh
[9.485s] -- Installing: /home/spider/gwpspider_ws/install/gwpspider_interfaces/share/gwpspider_interfaces/environment/pythonpath.dsv
[9.485s] -- Up-to-date: /home/spider/gwpspider_ws/install/gwpspider_interfaces/local/lib/python3.10/dist-packages/gwpspider_interfaces-0.0.0-py3.10.egg-info
[9.485s] -- Installing: /home/spider/gwpspider_ws/install/gwpspider_interfaces/local/lib/python3.10/dist-packages/gwpspider_interfaces-0.0.0-py3.10.egg-info/dependency_links.txt
[9.485s] -- Installing: /home/spider/gwpspider_ws/install/gwpspider_interfaces/local/lib/python3.10/dist-packages/gwpspider_interfaces-0.0.0-py3.10.egg-info/top_level.txt
[9.485s] -- Installing: /home/spider/gwpspider_ws/install/gwpspider_interfaces/local/lib/python3.10/dist-packages/gwpspider_interfaces-0.0.0-py3.10.egg-info/SOURCES.txt
[9.485s] -- Installing: /home/spider/gwpspider_ws/install/gwpspider_interfaces/local/lib/python3.10/dist-packages/gwpspider_interfaces-0.0.0-py3.10.egg-info/PKG-INFO
[9.486s] -- Up-to-date: /home/spider/gwpspider_ws/install/gwpspider_interfaces/local/lib/python3.10/dist-packages/gwpspider_interfaces
[9.486s] -- Installing: /home/spider/gwpspider_ws/install/gwpspider_interfaces/local/lib/python3.10/dist-packages/gwpspider_interfaces/_gwpspider_interfaces_s.ep.rosidl_typesupport_c.c
[9.486s] -- Installing: /home/spider/gwpspider_ws/install/gwpspider_interfaces/local/lib/python3.10/dist-packages/gwpspider_interfaces/_gwpspider_interfaces_s.ep.rosidl_typesupport_fastrtps_c.c
[9.486s] -- Installing: /home/spider/gwpspider_ws/install/gwpspider_interfaces/local/lib/python3.10/dist-packages/gwpspider_interfaces/libgwpspider_interfaces__rosidl_generator_py.so
[9.486s] -- Installing: /home/spider/gwpspider_ws/install/gwpspider_interfaces/local/lib/python3.10/dist-packages/gwpspider_interfaces/gwpspider_interfaces_s__rosidl_typesupport_fastrtps_c.cpython-310-x86_64-linux-gnu.so
[9.486s] -- Installing: /home/spider/gwpspider_ws/install/gwpspider_interfaces/local/lib/python3.10/dist-packages/gwpspider_interfaces/_gwpspider_interfaces_s.ep.rosidl_typesupport_introspection_c.c
[9.486s] -- Installing: /home/spider/gwpspider_ws/install/gwpspider_interfaces/local/lib/python3.10/dist-packages/gwpspider_interfaces/__init__.py
[9.486s] -- Up-to-date: /home/spider/gwpspider_ws/install/gwpspider_interfaces/local/lib/python3.10/dist-packages/gwpspider_interfaces/srv
[9.486s] -- Installing: /home/spider/gwpspider_ws/install/gwpspider_interfaces/local/lib/python3.10/dist-packages/gwpspider_interfaces/srv/_toggle_motors_torque.py
[9.487s] -- Installing: /home/spider/gwpspider_ws/install/gwpspider_interfaces/local/lib/python3.10/dist-packages/gwpspider_interfaces/srv/_set_bus_watchdog.py
[9.487s] -- Installing: /home/spider/gwpspider_ws/install/gwpspider_interfaces/local/lib/python3.10/dist-packages/gwpspider_interfaces/srv/_init_bno.py
[9.487s] -- Installing: /home/spider/gwpspider_ws/install/gwpspider_interfaces/local/lib/python3.10/dist-packages/gwpspider_interfaces/srv/_control_water_pump.py
[9.487s] -- Installing: /home/spider/gwpspider_ws/install/gwpspider_interfaces/local/lib/python3.10/dist-packages/gwpspider_interfaces/srv/_move_gripper_s.c
[9.487s] -- Installing: /home/spider/gwpspider_ws/install/gwpspider_interfaces/local/lib/python3.10/dist-packages/gwpspider_interfaces/srv/__init__.py
[9.487s] -- Installing: /home/spider/gwpspider_ws/install/gwpspider_interfaces/local/lib/python3.10/dist-packages/gwpspider_interfaces/srv/_set_bus_watchdog_s.c
[9.487s] -- Installing: /home/spider/gwpspider_ws/install/gwpspider_interfaces/local/lib/python3.10/dist-packages/gwpspider_interfaces/srv/_init_bno_s.c
[9.487s] -- Installing: /home/spider/gwpspider_ws/install/gwpspider_interfaces/local/lib/python3.10/dist-packages/gwpspider_interfaces/srv/_move_gripper.py
[9.487s] -- Installing: /home/spider/gwpspider_ws/install/gwpspider_interfaces/local/lib/python3.10/dist-packages/gwpspider_interfaces/srv/_toggle_motors_torque_s.c
[9.488s] -- Installing: /home/spider/gwpspider_ws/install/gwpspider_interfaces/local/lib/python3.10/dist-packages/gwpspider_interfaces/srv/_control_water_pump_s.c
[9.488s] -- Installing: /home/spider/gwpspider_ws/install/gwpspider_interfaces/local/lib/python3.10/dist-packages/gwpspider_interfaces/gwpspider_interfaces_s__rosidl_typesupport_introspection_c.cpython-310-x86_64-linux-gnu.so
[9.488s] -- Installing: /home/spider/gwpspider_ws/install/gwpspider_interfaces/local/lib/python3.10/dist-packages/gwpspider_interfaces/gwpspider_interfaces_s__rosidl_typesupport_c.cpython-310-x86_64-linux-gnu.so
[9.488s] -- Up-to-date: /home/spider/gwpspider_ws/install/gwpspider_interfaces/local/lib/python3.10/dist-packages/gwpspider_interfaces/msg
[9.488s] -- Installing: /home/spider/gwpspider_ws/install/gwpspider_interfaces/local/lib/python3.10/dist-packages/gwpspider_interfaces/msg/_bno_data.py
[9.488s] -- Installing: /home/spider/gwpspider_ws/install/gwpspider_interfaces/local/lib/python3.10/dist-packages/gwpspider_interfaces/msg/_bno_data_s.c
[9.488s] -- Installing: /home/spider/gwpspider_ws/install/gwpspider_interfaces/local/lib/python3.10/dist-packages/gwpspider_interfaces/msg/_gripper_command.py
[9.488s] -- Installing: /home/spider/gwpspider_ws/install/gwpspider_interfaces/local/lib/python3.10/dist-packages/gwpspider_interfaces/msg/_dynamixel_motors_data_s.c
[9.488s] -- Installing: /home/spider/gwpspider_ws/install/gwpspider_interfaces/local/lib/python3.10/dist-packages/gwpspider_interfaces/msg/_water_pump_command_s.c
[9.488s] -- Installing: /home/spider/gwpspider_ws/install/gwpspider_interfaces/local/lib/python3.10/dist-packages/gwpspider_interfaces/msg/_water_pump_command.py
[9.489s] -- Installing: /home/spider/gwpspider_ws/install/gwpspider_interfaces/local/lib/python3.10/dist-packages/gwpspider_interfaces/msg/_dynamixel_motors_data.py
[9.489s] -- Installing: /home/spider/gwpspider_ws/install/gwpspider_interfaces/local/lib/python3.10/dist-packages/gwpspider_interfaces/msg/__init__.py
[9.489s] -- Installing: /home/spider/gwpspider_ws/install/gwpspider_interfaces/local/lib/python3.10/dist-packages/gwpspider_interfaces/msg/_gripper_command_s.c
[9.533s] Listing '/home/spider/gwpspider_ws/install/gwpspider_interfaces/local/lib/python3.10/dist-packages/gwpspider_interfaces'...
[9.533s] Compiling '/home/spider/gwpspider_ws/install/gwpspider_interfaces/local/lib/python3.10/dist-packages/gwpspider_interfaces/__init__.py'...
[9.533s] Listing '/home/spider/gwpspider_ws/install/gwpspider_interfaces/local/lib/python3.10/dist-packages/gwpspider_interfaces/msg'...
[9.533s] Compiling '/home/spider/gwpspider_ws/install/gwpspider_interfaces/local/lib/python3.10/dist-packages/gwpspider_interfaces/msg/__init__.py'...
[9.533s] Compiling '/home/spider/gwpspider_ws/install/gwpspider_interfaces/local/lib/python3.10/dist-packages/gwpspider_interfaces/msg/_bno_data.py'...
[9.533s] Compiling '/home/spider/gwpspider_ws/install/gwpspider_interfaces/local/lib/python3.10/dist-packages/gwpspider_interfaces/msg/_dynamixel_motors_data.py'...
[9.533s] Compiling '/home/spider/gwpspider_ws/install/gwpspider_interfaces/local/lib/python3.10/dist-packages/gwpspider_interfaces/msg/_gripper_command.py'...
[9.533s] Compiling '/home/spider/gwpspider_ws/install/gwpspider_interfaces/local/lib/python3.10/dist-packages/gwpspider_interfaces/msg/_water_pump_command.py'...
[9.533s] Listing '/home/spider/gwpspider_ws/install/gwpspider_interfaces/local/lib/python3.10/dist-packages/gwpspider_interfaces/srv'...
[9.533s] Compiling '/home/spider/gwpspider_ws/install/gwpspider_interfaces/local/lib/python3.10/dist-packages/gwpspider_interfaces/srv/__init__.py'...
[9.533s] Compiling '/home/spider/gwpspider_ws/install/gwpspider_interfaces/local/lib/python3.10/dist-packages/gwpspider_interfaces/srv/_control_water_pump.py'...
[9.533s] Compiling '/home/spider/gwpspider_ws/install/gwpspider_interfaces/local/lib/python3.10/dist-packages/gwpspider_interfaces/srv/_init_bno.py'...
[9.533s] Compiling '/home/spider/gwpspider_ws/install/gwpspider_interfaces/local/lib/python3.10/dist-packages/gwpspider_interfaces/srv/_move_gripper.py'...
[9.533s] Compiling '/home/spider/gwpspider_ws/install/gwpspider_interfaces/local/lib/python3.10/dist-packages/gwpspider_interfaces/srv/_set_bus_watchdog.py'...
[9.533s] Compiling '/home/spider/gwpspider_ws/install/gwpspider_interfaces/local/lib/python3.10/dist-packages/gwpspider_interfaces/srv/_toggle_motors_torque.py'...
[9.540s] -- Installing: /home/spider/gwpspider_ws/install/gwpspider_interfaces/local/lib/python3.10/dist-packages/gwpspider_interfaces/gwpspider_interfaces_s__rosidl_typesupport_fastrtps_c.cpython-310-x86_64-linux-gnu.so
[9.540s] -- Set runtime path of "/home/spider/gwpspider_ws/install/gwpspider_interfaces/local/lib/python3.10/dist-packages/gwpspider_interfaces/gwpspider_interfaces_s__rosidl_typesupport_fastrtps_c.cpython-310-x86_64-linux-gnu.so" to ""
[9.541s] -- Installing: /home/spider/gwpspider_ws/install/gwpspider_interfaces/local/lib/python3.10/dist-packages/gwpspider_interfaces/gwpspider_interfaces_s__rosidl_typesupport_introspection_c.cpython-310-x86_64-linux-gnu.so
[9.541s] -- Set runtime path of "/home/spider/gwpspider_ws/install/gwpspider_interfaces/local/lib/python3.10/dist-packages/gwpspider_interfaces/gwpspider_interfaces_s__rosidl_typesupport_introspection_c.cpython-310-x86_64-linux-gnu.so" to ""
[9.541s] -- Installing: /home/spider/gwpspider_ws/install/gwpspider_interfaces/local/lib/python3.10/dist-packages/gwpspider_interfaces/gwpspider_interfaces_s__rosidl_typesupport_c.cpython-310-x86_64-linux-gnu.so
[9.541s] -- Set runtime path of "/home/spider/gwpspider_ws/install/gwpspider_interfaces/local/lib/python3.10/dist-packages/gwpspider_interfaces/gwpspider_interfaces_s__rosidl_typesupport_c.cpython-310-x86_64-linux-gnu.so" to ""
[9.541s] -- Installing: /home/spider/gwpspider_ws/install/gwpspider_interfaces/lib/libgwpspider_interfaces__rosidl_generator_py.so
[9.542s] -- Set runtime path of "/home/spider/gwpspider_ws/install/gwpspider_interfaces/lib/libgwpspider_interfaces__rosidl_generator_py.so" to ""
[9.542s] -- Up-to-date: /home/spider/gwpspider_ws/install/gwpspider_interfaces/share/gwpspider_interfaces/msg/GripperCommand.idl
[9.542s] -- Up-to-date: /home/spider/gwpspider_ws/install/gwpspider_interfaces/share/gwpspider_interfaces/msg/WaterPumpCommand.idl
[9.542s] -- Up-to-date: /home/spider/gwpspider_ws/install/gwpspider_interfaces/share/gwpspider_interfaces/msg/BnoData.idl
[9.542s] -- Up-to-date: /home/spider/gwpspider_ws/install/gwpspider_interfaces/share/gwpspider_interfaces/msg/DynamixelMotorsData.idl
[9.542s] -- Up-to-date: /home/spider/gwpspider_ws/install/gwpspider_interfaces/share/gwpspider_interfaces/srv/MoveGripper.idl
[9.542s] -- Up-to-date: /home/spider/gwpspider_ws/install/gwpspider_interfaces/share/gwpspider_interfaces/srv/ControlWaterPump.idl
[9.542s] -- Up-to-date: /home/spider/gwpspider_ws/install/gwpspider_interfaces/share/gwpspider_interfaces/srv/InitBno.idl
[9.542s] -- Up-to-date: /home/spider/gwpspider_ws/install/gwpspider_interfaces/share/gwpspider_interfaces/srv/ToggleMotorsTorque.idl
[9.543s] -- Installing: /home/spider/gwpspider_ws/install/gwpspider_interfaces/share/gwpspider_interfaces/srv/SetBusWatchdog.idl
[9.543s] -- Up-to-date: /home/spider/gwpspider_ws/install/gwpspider_interfaces/share/gwpspider_interfaces/msg/GripperCommand.msg
[9.543s] -- Up-to-date: /home/spider/gwpspider_ws/install/gwpspider_interfaces/share/gwpspider_interfaces/msg/WaterPumpCommand.msg
[9.543s] -- Up-to-date: /home/spider/gwpspider_ws/install/gwpspider_interfaces/share/gwpspider_interfaces/msg/BnoData.msg
[9.543s] -- Up-to-date: /home/spider/gwpspider_ws/install/gwpspider_interfaces/share/gwpspider_interfaces/msg/DynamixelMotorsData.msg
[9.543s] -- Up-to-date: /home/spider/gwpspider_ws/install/gwpspider_interfaces/share/gwpspider_interfaces/srv/MoveGripper.srv
[9.543s] -- Up-to-date: /home/spider/gwpspider_ws/install/gwpspider_interfaces/share/gwpspider_interfaces/srv/MoveGripper_Request.msg
[9.543s] -- Up-to-date: /home/spider/gwpspider_ws/install/gwpspider_interfaces/share/gwpspider_interfaces/srv/MoveGripper_Response.msg
[9.543s] -- Up-to-date: /home/spider/gwpspider_ws/install/gwpspider_interfaces/share/gwpspider_interfaces/srv/ControlWaterPump.srv
[9.543s] -- Up-to-date: /home/spider/gwpspider_ws/install/gwpspider_interfaces/share/gwpspider_interfaces/srv/ControlWaterPump_Request.msg
[9.543s] -- Up-to-date: /home/spider/gwpspider_ws/install/gwpspider_interfaces/share/gwpspider_interfaces/srv/ControlWaterPump_Response.msg
[9.543s] -- Up-to-date: /home/spider/gwpspider_ws/install/gwpspider_interfaces/share/gwpspider_interfaces/srv/InitBno.srv
[9.544s] -- Up-to-date: /home/spider/gwpspider_ws/install/gwpspider_interfaces/share/gwpspider_interfaces/srv/InitBno_Request.msg
[9.544s] -- Up-to-date: /home/spider/gwpspider_ws/install/gwpspider_interfaces/share/gwpspider_interfaces/srv/InitBno_Response.msg
[9.544s] -- Up-to-date: /home/spider/gwpspider_ws/install/gwpspider_interfaces/share/gwpspider_interfaces/srv/ToggleMotorsTorque.srv
[9.544s] -- Up-to-date: /home/spider/gwpspider_ws/install/gwpspider_interfaces/share/gwpspider_interfaces/srv/ToggleMotorsTorque_Request.msg
[9.544s] -- Up-to-date: /home/spider/gwpspider_ws/install/gwpspider_interfaces/share/gwpspider_interfaces/srv/ToggleMotorsTorque_Response.msg
[9.544s] -- Installing: /home/spider/gwpspider_ws/install/gwpspider_interfaces/share/gwpspider_interfaces/srv/SetBusWatchdog.srv
[9.544s] -- Installing: /home/spider/gwpspider_ws/install/gwpspider_interfaces/share/gwpspider_interfaces/srv/SetBusWatchdog_Request.msg
[9.544s] -- Installing: /home/spider/gwpspider_ws/install/gwpspider_interfaces/share/gwpspider_interfaces/srv/SetBusWatchdog_Response.msg
[9.544s] -- Up-to-date: /home/spider/gwpspider_ws/install/gwpspider_interfaces/share/ament_index/resource_index/package_run_dependencies/gwpspider_interfaces
[9.544s] -- Installing: /home/spider/gwpspider_ws/install/gwpspider_interfaces/share/ament_index/resource_index/parent_prefix_path/gwpspider_interfaces
[9.544s] -- Up-to-date: /home/spider/gwpspider_ws/install/gwpspider_interfaces/share/gwpspider_interfaces/environment/ament_prefix_path.sh
[9.544s] -- Installing: /home/spider/gwpspider_ws/install/gwpspider_interfaces/share/gwpspider_interfaces/environment/ament_prefix_path.dsv
[9.544s] -- Up-to-date: /home/spider/gwpspider_ws/install/gwpspider_interfaces/share/gwpspider_interfaces/environment/path.sh
[9.544s] -- Installing: /home/spider/gwpspider_ws/install/gwpspider_interfaces/share/gwpspider_interfaces/environment/path.dsv
[9.545s] -- Up-to-date: /home/spider/gwpspider_ws/install/gwpspider_interfaces/share/gwpspider_interfaces/local_setup.bash
[9.545s] -- Up-to-date: /home/spider/gwpspider_ws/install/gwpspider_interfaces/share/gwpspider_interfaces/local_setup.sh
[9.545s] -- Up-to-date: /home/spider/gwpspider_ws/install/gwpspider_interfaces/share/gwpspider_interfaces/local_setup.zsh
[9.545s] -- Installing: /home/spider/gwpspider_ws/install/gwpspider_interfaces/share/gwpspider_interfaces/local_setup.dsv
[9.545s] -- Installing: /home/spider/gwpspider_ws/install/gwpspider_interfaces/share/gwpspider_interfaces/package.dsv
[9.545s] -- Up-to-date: /home/spider/gwpspider_ws/install/gwpspider_interfaces/share/ament_index/resource_index/packages/gwpspider_interfaces
[9.545s] -- Up-to-date: /home/spider/gwpspider_ws/install/gwpspider_interfaces/share/gwpspider_interfaces/cmake/export_gwpspider_interfaces__rosidl_generator_cExport.cmake
[9.545s] -- Up-to-date: /home/spider/gwpspider_ws/install/gwpspider_interfaces/share/gwpspider_interfaces/cmake/export_gwpspider_interfaces__rosidl_generator_cExport-noconfig.cmake
[9.545s] -- Up-to-date: /home/spider/gwpspider_ws/install/gwpspider_interfaces/share/gwpspider_interfaces/cmake/export_gwpspider_interfaces__rosidl_typesupport_fastrtps_cExport.cmake
[9.546s] -- Up-to-date: /home/spider/gwpspider_ws/install/gwpspider_interfaces/share/gwpspider_interfaces/cmake/export_gwpspider_interfaces__rosidl_typesupport_fastrtps_cExport-noconfig.cmake
[9.546s] -- Up-to-date: /home/spider/gwpspider_ws/install/gwpspider_interfaces/share/gwpspider_interfaces/cmake/gwpspider_interfaces__rosidl_typesupport_introspection_cExport.cmake
[9.546s] -- Up-to-date: /home/spider/gwpspider_ws/install/gwpspider_interfaces/share/gwpspider_interfaces/cmake/gwpspider_interfaces__rosidl_typesupport_introspection_cExport-noconfig.cmake
[9.546s] -- Up-to-date: /home/spider/gwpspider_ws/install/gwpspider_interfaces/share/gwpspider_interfaces/cmake/gwpspider_interfaces__rosidl_typesupport_cExport.cmake
[9.546s] -- Up-to-date: /home/spider/gwpspider_ws/install/gwpspider_interfaces/share/gwpspider_interfaces/cmake/gwpspider_interfaces__rosidl_typesupport_cExport-noconfig.cmake
[9.546s] -- Up-to-date: /home/spider/gwpspider_ws/install/gwpspider_interfaces/share/gwpspider_interfaces/cmake/export_gwpspider_interfaces__rosidl_generator_cppExport.cmake
[9.546s] -- Up-to-date: /home/spider/gwpspider_ws/install/gwpspider_interfaces/share/gwpspider_interfaces/cmake/export_gwpspider_interfaces__rosidl_typesupport_fastrtps_cppExport.cmake
[9.546s] -- Up-to-date: /home/spider/gwpspider_ws/install/gwpspider_interfaces/share/gwpspider_interfaces/cmake/export_gwpspider_interfaces__rosidl_typesupport_fastrtps_cppExport-noconfig.cmake
[9.546s] -- Up-to-date: /home/spider/gwpspider_ws/install/gwpspider_interfaces/share/gwpspider_interfaces/cmake/gwpspider_interfaces__rosidl_typesupport_introspection_cppExport.cmake
[9.546s] -- Up-to-date: /home/spider/gwpspider_ws/install/gwpspider_interfaces/share/gwpspider_interfaces/cmake/gwpspider_interfaces__rosidl_typesupport_introspection_cppExport-noconfig.cmake
[9.547s] -- Up-to-date: /home/spider/gwpspider_ws/install/gwpspider_interfaces/share/gwpspider_interfaces/cmake/gwpspider_interfaces__rosidl_typesupport_cppExport.cmake
[9.547s] -- Up-to-date: /home/spider/gwpspider_ws/install/gwpspider_interfaces/share/gwpspider_interfaces/cmake/gwpspider_interfaces__rosidl_typesupport_cppExport-noconfig.cmake
[9.547s] -- Up-to-date: /home/spider/gwpspider_ws/install/gwpspider_interfaces/share/gwpspider_interfaces/cmake/export_gwpspider_interfaces__rosidl_generator_pyExport.cmake
[9.547s] -- Up-to-date: /home/spider/gwpspider_ws/install/gwpspider_interfaces/share/gwpspider_interfaces/cmake/export_gwpspider_interfaces__rosidl_generator_pyExport-noconfig.cmake
[9.547s] -- Installing: /home/spider/gwpspider_ws/install/gwpspider_interfaces/share/gwpspider_interfaces/cmake/rosidl_cmake-extras.cmake
[9.547s] -- Up-to-date: /home/spider/gwpspider_ws/install/gwpspider_interfaces/share/gwpspider_interfaces/cmake/ament_cmake_export_dependencies-extras.cmake
[9.547s] -- Up-to-date: /home/spider/gwpspider_ws/install/gwpspider_interfaces/share/gwpspider_interfaces/cmake/ament_cmake_export_include_directories-extras.cmake
[9.547s] -- Up-to-date: /home/spider/gwpspider_ws/install/gwpspider_interfaces/share/gwpspider_interfaces/cmake/ament_cmake_export_libraries-extras.cmake
[9.547s] -- Up-to-date: /home/spider/gwpspider_ws/install/gwpspider_interfaces/share/gwpspider_interfaces/cmake/ament_cmake_export_targets-extras.cmake
[9.547s] -- Up-to-date: /home/spider/gwpspider_ws/install/gwpspider_interfaces/share/gwpspider_interfaces/cmake/rosidl_cmake_export_typesupport_targets-extras.cmake
[9.547s] -- Up-to-date: /home/spider/gwpspider_ws/install/gwpspider_interfaces/share/gwpspider_interfaces/cmake/rosidl_cmake_export_typesupport_libraries-extras.cmake
[9.548s] -- Up-to-date: /home/spider/gwpspider_ws/install/gwpspider_interfaces/share/gwpspider_interfaces/cmake/gwpspider_interfacesConfig.cmake
[9.548s] -- Up-to-date: /home/spider/gwpspider_ws/install/gwpspider_interfaces/share/gwpspider_interfaces/cmake/gwpspider_interfacesConfig-version.cmake
[9.548s] -- Up-to-date: /home/spider/gwpspider_ws/install/gwpspider_interfaces/share/gwpspider_interfaces/package.xml
[9.552s] Invoked command in '/home/spider/gwpspider_ws/build/gwpspider_interfaces' returned '0': CMAKE_PREFIX_PATH=${CMAKE_PREFIX_PATH}:/home/spider/gwpspider_ws/install/calculations:/home/spider/gwpspider_ws/install/utils:/home/spider/gwpspider_ws/install/dynamixel_interface:/home/spider/gwpspider_ws/install/configuration:/home/spider/gwpspider_ws/install/arduino_communication:/opt/ros/humble /usr/bin/cmake --install /home/spider/gwpspider_ws/build/gwpspider_interfaces
