[2.131s] Invoking command in '/home/spider/gwpspider_ws/src/gwpspider/configuration': PYTHONPATH=/home/spider/gwpspider_ws/build/configuration/prefix_override:/home/spider/gwpspider_ws/install/configuration/lib/python3.10/site-packages:${PYTHONPATH} /usr/bin/python3 setup.py egg_info --egg-base ../../../build/configuration build --build-base /home/spider/gwpspider_ws/build/configuration/build install --record /home/spider/gwpspider_ws/build/configuration/install.log --single-version-externally-managed
[2.593s] running egg_info
[2.595s] writing ../../../build/configuration/configuration.egg-info/PKG-INFO
[2.596s] writing dependency_links to ../../../build/configuration/configuration.egg-info/dependency_links.txt
[2.597s] writing entry points to ../../../build/configuration/configuration.egg-info/entry_points.txt
[2.598s] writing requirements to ../../../build/configuration/configuration.egg-info/requires.txt
[2.598s] writing top-level names to ../../../build/configuration/configuration.egg-info/top_level.txt
[2.602s] reading manifest file '../../../build/configuration/configuration.egg-info/SOURCES.txt'
[2.604s] writing manifest file '../../../build/configuration/configuration.egg-info/SOURCES.txt'
[2.605s] running build
[2.605s] running build_py
[2.606s] running install
[2.606s] /usr/lib/python3/dist-packages/setuptools/command/install.py:34: SetuptoolsDeprecationWarning: setup.py install is deprecated. Use build and pip and other standards-based tools.
[2.607s]   warnings.warn(
[2.608s] running install_lib
[2.611s] running install_data
[2.612s] running install_egg_info
[2.617s] removing '/home/spider/gwpspider_ws/install/configuration/lib/python3.10/site-packages/configuration-0.0.0-py3.10.egg-info' (and everything under it)
[2.634s] Copying ../../../build/configuration/configuration.egg-info to /home/spider/gwpspider_ws/install/configuration/lib/python3.10/site-packages/configuration-0.0.0-py3.10.egg-info
[2.662s] running install_scripts
[2.714s] writing list of installed files to '/home/spider/gwpspider_ws/build/configuration/install.log'
[2.833s] Invoked command in '/home/spider/gwpspider_ws/src/gwpspider/configuration' returned '0': PYTHONPATH=/home/spider/gwpspider_ws/build/configuration/prefix_override:/home/spider/gwpspider_ws/install/configuration/lib/python3.10/site-packages:${PYTHONPATH} /usr/bin/python3 setup.py egg_info --egg-base ../../../build/configuration build --build-base /home/spider/gwpspider_ws/build/configuration/build install --record /home/spider/gwpspider_ws/build/configuration/install.log --single-version-externally-managed
