[0.566s] Invoking command in '/home/spider/gwpspider_ws/src/gwpspider/application': PYTHONPATH=/home/spider/gwpspider_ws/build/application/prefix_override:/home/spider/gwpspider_ws/install/application/lib/python3.10/site-packages:${PYTHONPATH} /usr/bin/python3 setup.py egg_info --egg-base ../../../build/application build --build-base /home/spider/gwpspider_ws/build/application/build install --record /home/spider/gwpspider_ws/build/application/install.log --single-version-externally-managed
[0.798s] running egg_info
[0.799s] writing ../../../build/application/application.egg-info/PKG-INFO
[0.799s] writing dependency_links to ../../../build/application/application.egg-info/dependency_links.txt
[0.799s] writing entry points to ../../../build/application/application.egg-info/entry_points.txt
[0.799s] writing requirements to ../../../build/application/application.egg-info/requires.txt
[0.800s] writing top-level names to ../../../build/application/application.egg-info/top_level.txt
[0.802s] reading manifest file '../../../build/application/application.egg-info/SOURCES.txt'
[0.803s] writing manifest file '../../../build/application/application.egg-info/SOURCES.txt'
[0.803s] running build
[0.803s] running build_py
[0.803s] copying application/app.py -> /home/spider/gwpspider_ws/build/application/build/lib/application
[0.804s] running install
[0.804s] /usr/lib/python3/dist-packages/setuptools/command/install.py:34: SetuptoolsDeprecationWarning: setup.py install is deprecated. Use build and pip and other standards-based tools.
[0.804s]   warnings.warn(
[0.804s] running install_lib
[0.805s] copying /home/spider/gwpspider_ws/build/application/build/lib/application/app.py -> /home/spider/gwpspider_ws/install/application/lib/python3.10/site-packages/application
[0.806s] byte-compiling /home/spider/gwpspider_ws/install/application/lib/python3.10/site-packages/application/app.py to app.cpython-310.pyc
[0.812s] running install_data
[0.812s] running install_egg_info
[0.814s] removing '/home/spider/gwpspider_ws/install/application/lib/python3.10/site-packages/application-0.0.0-py3.10.egg-info' (and everything under it)
[0.814s] Copying ../../../build/application/application.egg-info to /home/spider/gwpspider_ws/install/application/lib/python3.10/site-packages/application-0.0.0-py3.10.egg-info
[0.814s] running install_scripts
[0.838s] Installing app script to /home/spider/gwpspider_ws/install/application/lib/application
[0.838s] writing list of installed files to '/home/spider/gwpspider_ws/build/application/install.log'
[0.859s] Invoked command in '/home/spider/gwpspider_ws/src/gwpspider/application' returned '0': PYTHONPATH=/home/spider/gwpspider_ws/build/application/prefix_override:/home/spider/gwpspider_ws/install/application/lib/python3.10/site-packages:${PYTHONPATH} /usr/bin/python3 setup.py egg_info --egg-base ../../../build/application build --build-base /home/spider/gwpspider_ws/build/application/build install --record /home/spider/gwpspider_ws/build/application/install.log --single-version-externally-managed
