[2.742s] Invoking command in '/home/spider/gwpspider_ws/src/gwpspider/planning': PYTHONPATH=/home/spider/gwpspider_ws/build/planning/prefix_override:/home/spider/gwpspider_ws/install/planning/lib/python3.10/site-packages:${PYTHONPATH} /usr/bin/python3 setup.py egg_info --egg-base ../../../build/planning build --build-base /home/spider/gwpspider_ws/build/planning/build install --record /home/spider/gwpspider_ws/build/planning/install.log --single-version-externally-managed
[3.258s] running egg_info
[3.259s] writing ../../../build/planning/planning.egg-info/PKG-INFO
[3.261s] writing dependency_links to ../../../build/planning/planning.egg-info/dependency_links.txt
[3.262s] writing entry points to ../../../build/planning/planning.egg-info/entry_points.txt
[3.263s] writing requirements to ../../../build/planning/planning.egg-info/requires.txt
[3.263s] writing top-level names to ../../../build/planning/planning.egg-info/top_level.txt
[3.265s] reading manifest file '../../../build/planning/planning.egg-info/SOURCES.txt'
[3.267s] writing manifest file '../../../build/planning/planning.egg-info/SOURCES.txt'
[3.267s] running build
[3.268s] running build_py
[3.269s] running install
[3.271s] /usr/lib/python3/dist-packages/setuptools/command/install.py:34: SetuptoolsDeprecationWarning: setup.py install is deprecated. Use build and pip and other standards-based tools.
[3.272s]   warnings.warn(
[3.274s] running install_lib
[3.274s] running install_data
[3.279s] running install_egg_info
[3.279s] removing '/home/spider/gwpspider_ws/install/planning/lib/python3.10/site-packages/planning-0.0.0-py3.10.egg-info' (and everything under it)
[3.279s] Copying ../../../build/planning/planning.egg-info to /home/spider/gwpspider_ws/install/planning/lib/python3.10/site-packages/planning-0.0.0-py3.10.egg-info
[3.279s] running install_scripts
[3.313s] Installing path_planner script to /home/spider/gwpspider_ws/install/planning/lib/planning
[3.313s] Installing trajectory_planner script to /home/spider/gwpspider_ws/install/planning/lib/planning
[3.314s] writing list of installed files to '/home/spider/gwpspider_ws/build/planning/install.log'
[3.351s] Invoked command in '/home/spider/gwpspider_ws/src/gwpspider/planning' returned '0': PYTHONPATH=/home/spider/gwpspider_ws/build/planning/prefix_override:/home/spider/gwpspider_ws/install/planning/lib/python3.10/site-packages:${PYTHONPATH} /usr/bin/python3 setup.py egg_info --egg-base ../../../build/planning build --build-base /home/spider/gwpspider_ws/build/planning/build install --record /home/spider/gwpspider_ws/build/planning/install.log --single-version-externally-managed
