[1.598s] Invoking command in '/home/spider/gwpspider_ws/src/gwpspider/safety_layer': PYTHONPATH=/home/spider/gwpspider_ws/build/safety_layer/prefix_override:/home/spider/gwpspider_ws/install/safety_layer/lib/python3.10/site-packages:${PYTHONPATH} /usr/bin/python3 setup.py egg_info --egg-base ../../../build/safety_layer build --build-base /home/spider/gwpspider_ws/build/safety_layer/build install --record /home/spider/gwpspider_ws/build/safety_layer/install.log --single-version-externally-managed
[1.940s] running egg_info
[1.940s] writing ../../../build/safety_layer/safety_layer.egg-info/PKG-INFO
[1.940s] writing dependency_links to ../../../build/safety_layer/safety_layer.egg-info/dependency_links.txt
[1.940s] writing entry points to ../../../build/safety_layer/safety_layer.egg-info/entry_points.txt
[1.940s] writing requirements to ../../../build/safety_layer/safety_layer.egg-info/requires.txt
[1.940s] writing top-level names to ../../../build/safety_layer/safety_layer.egg-info/top_level.txt
[1.943s] reading manifest file '../../../build/safety_layer/safety_layer.egg-info/SOURCES.txt'
[1.944s] writing manifest file '../../../build/safety_layer/safety_layer.egg-info/SOURCES.txt'
[1.945s] running build
[1.945s] running build_py
[1.946s] running install
[1.946s] /usr/lib/python3/dist-packages/setuptools/command/install.py:34: SetuptoolsDeprecationWarning: setup.py install is deprecated. Use build and pip and other standards-based tools.
[1.946s]   warnings.warn(
[1.947s] running install_lib
[1.950s] running install_data
[1.951s] running install_egg_info
[1.954s] removing '/home/spider/gwpspider_ws/install/safety_layer/lib/python3.10/site-packages/safety_layer-0.0.0-py3.10.egg-info' (and everything under it)
[1.957s] Copying ../../../build/safety_layer/safety_layer.egg-info to /home/spider/gwpspider_ws/install/safety_layer/lib/python3.10/site-packages/safety_layer-0.0.0-py3.10.egg-info
[1.958s] running install_scripts
[1.992s] Installing safety script to /home/spider/gwpspider_ws/install/safety_layer/lib/safety_layer
[1.993s] writing list of installed files to '/home/spider/gwpspider_ws/build/safety_layer/install.log'
[2.030s] Invoked command in '/home/spider/gwpspider_ws/src/gwpspider/safety_layer' returned '0': PYTHONPATH=/home/spider/gwpspider_ws/build/safety_layer/prefix_override:/home/spider/gwpspider_ws/install/safety_layer/lib/python3.10/site-packages:${PYTHONPATH} /usr/bin/python3 setup.py egg_info --egg-base ../../../build/safety_layer build --build-base /home/spider/gwpspider_ws/build/safety_layer/build install --record /home/spider/gwpspider_ws/build/safety_layer/install.log --single-version-externally-managed
