[0.457s] Invoking command in '/home/spider/gwpspider_ws/build/gwpspider_interfaces': CMAKE_PREFIX_PATH=${CMAKE_PREFIX_PATH}:/home/spider/gwpspider_ws/install/arduino_communication:/opt/ros/humble /usr/bin/cmake --build /home/spider/gwpspider_ws/build/gwpspider_interfaces -- -j8 -l8
[0.477s] -- Found ament_cmake: 1.3.4 (/opt/ros/humble/share/ament_cmake/cmake)
[0.611s] -- Found rosidl_default_generators: 1.2.0 (/opt/ros/humble/share/rosidl_default_generators/cmake)
[0.613s] -- Using all available rosidl_typesupport_c: rosidl_typesupport_fastrtps_c;rosidl_typesupport_introspection_c
[0.615s] -- Found rosidl_adapter: 3.1.4 (/opt/ros/humble/share/rosidl_adapter/cmake)
[0.644s] -- Using all available rosidl_typesupport_cpp: rosidl_typesupport_fastrtps_cpp;rosidl_typesupport_introspection_cpp
[0.936s] -- Found ament_cmake_ros: 0.10.0 (/opt/ros/humble/share/ament_cmake_ros/cmake)
[1.116s] -- Using all available rosidl_typesupport_c: rosidl_typesupport_fastrtps_c;rosidl_typesupport_introspection_c
[1.337s] -- Using all available rosidl_typesupport_cpp: rosidl_typesupport_fastrtps_cpp;rosidl_typesupport_introspection_cpp
[1.358s] -- Found python_cmake_module: 0.10.0 (/opt/ros/humble/share/python_cmake_module/cmake)
[1.379s] -- Using PYTHON_EXECUTABLE: /usr/bin/python3
[1.379s] -- Using PYTHON_INCLUDE_DIRS: /usr/include/python3.10
[1.379s] -- Using PYTHON_LIBRARIES: /usr/lib/x86_64-linux-gnu/libpython3.10.so
[1.391s] -- Found ament_lint_auto: 0.12.6 (/opt/ros/humble/share/ament_lint_auto/cmake)
[1.399s] -- Added test 'lint_cmake' to check CMake code style
[1.400s] -- Added test 'xmllint' to check XML markup files
[1.401s] -- Configuring done
[1.432s] -- Generating done
[1.434s] -- Build files have been written to: /home/spider/gwpspider_ws/build/gwpspider_interfaces
[1.454s] [  1%] [34m[1mGenerating C code for ROS interfaces[0m
[1.462s] [  2%] [34m[1mGenerating C++ code for ROS interfaces[0m
[1.471s] [  2%] Built target ament_cmake_python_copy_gwpspider_interfaces
[1.688s] running egg_info
[1.689s] writing gwpspider_interfaces.egg-info/PKG-INFO
[1.689s] writing dependency_links to gwpspider_interfaces.egg-info/dependency_links.txt
[1.689s] writing top-level names to gwpspider_interfaces.egg-info/top_level.txt
[1.691s] reading manifest file 'gwpspider_interfaces.egg-info/SOURCES.txt'
[1.692s] writing manifest file 'gwpspider_interfaces.egg-info/SOURCES.txt'
[1.714s] [  2%] Built target ament_cmake_python_build_gwpspider_interfaces_egg
[1.992s] [  2%] Built target gwpspider_interfaces__cpp
[2.000s] [  4%] [34m[1mGenerating C++ type support for eProsima Fast-RTPS[0m
[2.000s] [  5%] [34m[1mGenerating C++ introspection for ROS interfaces[0m
[2.003s] [  7%] [34m[1mGenerating C++ type support dispatch for ROS interfaces[0m
[2.078s] [35m[1mConsolidate compiler generated dependencies of target gwpspider_interfaces__rosidl_generator_c[0m
[2.092s] [  8%] [32mBuilding C object CMakeFiles/gwpspider_interfaces__rosidl_generator_c.dir/rosidl_generator_c/gwpspider_interfaces/msg/detail/water_pump_command__functions.c.o[0m
[2.093s] [  9%] [32mBuilding C object CMakeFiles/gwpspider_interfaces__rosidl_generator_c.dir/rosidl_generator_c/gwpspider_interfaces/srv/detail/move_gripper__functions.c.o[0m
[2.093s] [ 11%] [32mBuilding C object CMakeFiles/gwpspider_interfaces__rosidl_generator_c.dir/rosidl_generator_c/gwpspider_interfaces/msg/detail/bno_data__functions.c.o[0m
[2.096s] [ 12%] [32mBuilding C object CMakeFiles/gwpspider_interfaces__rosidl_generator_c.dir/rosidl_generator_c/gwpspider_interfaces/msg/detail/gripper_command__functions.c.o[0m
[2.101s] [ 14%] [32mBuilding C object CMakeFiles/gwpspider_interfaces__rosidl_generator_c.dir/rosidl_generator_c/gwpspider_interfaces/srv/detail/control_water_pump__functions.c.o[0m
[2.120s] In file included from [01m[K/home/spider/gwpspider_ws/build/gwpspider_interfaces/rosidl_generator_c/gwpspider_interfaces/msg/detail/bno_data__functions.h:19[m[K,
[2.121s]                  from [01m[K/home/spider/gwpspider_ws/build/gwpspider_interfaces/rosidl_generator_c/gwpspider_interfaces/msg/detail/bno_data__functions.c:4[m[K:
[2.121s] [01m[K/home/spider/gwpspider_ws/build/gwpspider_interfaces/rosidl_generator_c/gwpspider_interfaces/msg/detail/bno_data__struct.h:23:10:[m[K [01;31m[Kfatal error: [m[Kstd_msgs/msg/detail/float32_multi_array__struct.h: No such file or directory
[2.121s]    23 | #include [01;31m[K"std_msgs/msg/detail/float32_multi_array__struct.h"[m[K
[2.121s]       |          [01;31m[K^~~~~~~~~~~~~~~~~~~~~~~~~~~~~~~~~~~~~~~~~~~~~~~~~~~[m[K
[2.121s] compilation terminated.
[2.125s] gmake[2]: *** [CMakeFiles/gwpspider_interfaces__rosidl_generator_c.dir/build.make:213: CMakeFiles/gwpspider_interfaces__rosidl_generator_c.dir/rosidl_generator_c/gwpspider_interfaces/msg/detail/bno_data__functions.c.o] Error 1
[2.126s] gmake[2]: *** Waiting for unfinished jobs....
[2.181s] gmake[1]: *** [CMakeFiles/Makefile2:213: CMakeFiles/gwpspider_interfaces__rosidl_generator_c.dir/all] Error 2
[2.181s] gmake[1]: *** Waiting for unfinished jobs....
[2.435s] [35m[1mConsolidate compiler generated dependencies of target gwpspider_interfaces__rosidl_typesupport_cpp[0m
[2.452s] [ 16%] [32mBuilding CXX object CMakeFiles/gwpspider_interfaces__rosidl_typesupport_cpp.dir/rosidl_typesupport_cpp/gwpspider_interfaces/msg/water_pump_command__type_support.cpp.o[0m
[2.452s] [ 18%] [32mBuilding CXX object CMakeFiles/gwpspider_interfaces__rosidl_typesupport_cpp.dir/rosidl_typesupport_cpp/gwpspider_interfaces/msg/bno_data__type_support.cpp.o[0m
[2.452s] [ 21%] [32mBuilding CXX object CMakeFiles/gwpspider_interfaces__rosidl_typesupport_cpp.dir/rosidl_typesupport_cpp/gwpspider_interfaces/srv/control_water_pump__type_support.cpp.o[0m
[2.452s] [ 21%] [32mBuilding CXX object CMakeFiles/gwpspider_interfaces__rosidl_typesupport_cpp.dir/rosidl_typesupport_cpp/gwpspider_interfaces/srv/init_bno__type_support.cpp.o[0m
[2.453s] [ 21%] [32mBuilding CXX object CMakeFiles/gwpspider_interfaces__rosidl_typesupport_cpp.dir/rosidl_typesupport_cpp/gwpspider_interfaces/msg/gripper_command__type_support.cpp.o[0m
[2.462s] [ 22%] [32mBuilding CXX object CMakeFiles/gwpspider_interfaces__rosidl_typesupport_cpp.dir/rosidl_typesupport_cpp/gwpspider_interfaces/srv/move_gripper__type_support.cpp.o[0m
[2.579s] In file included from [01m[K/home/spider/gwpspider_ws/build/gwpspider_interfaces/rosidl_typesupport_cpp/gwpspider_interfaces/msg/bno_data__type_support.cpp:7[m[K:
[2.580s] [01m[K/home/spider/gwpspider_ws/build/gwpspider_interfaces/rosidl_generator_cpp/gwpspider_interfaces/msg/detail/bno_data__struct.hpp:21:10:[m[K [01;31m[Kfatal error: [m[Kstd_msgs/msg/detail/float32_multi_array__struct.hpp: No such file or directory
[2.587s]    21 | #include [01;31m[K"std_msgs/msg/detail/float32_multi_array__struct.hpp"[m[K
[2.587s]       |          [01;31m[K^~~~~~~~~~~~~~~~~~~~~~~~~~~~~~~~~~~~~~~~~~~~~~~~~~~~~[m[K
[2.587s] compilation terminated.
[2.588s] [35m[1mConsolidate compiler generated dependencies of target gwpspider_interfaces__rosidl_typesupport_introspection_cpp[0m
[2.588s] gmake[2]: *** [CMakeFiles/gwpspider_interfaces__rosidl_typesupport_cpp.dir/build.make:134: CMakeFiles/gwpspider_interfaces__rosidl_typesupport_cpp.dir/rosidl_typesupport_cpp/gwpspider_interfaces/msg/bno_data__type_support.cpp.o] Error 1
[2.588s] gmake[2]: *** Waiting for unfinished jobs....
[2.605s] [ 23%] [32mBuilding CXX object CMakeFiles/gwpspider_interfaces__rosidl_typesupport_introspection_cpp.dir/rosidl_typesupport_introspection_cpp/gwpspider_interfaces/msg/detail/gripper_command__type_support.cpp.o[0m
[2.615s] [ 25%] [32mBuilding CXX object CMakeFiles/gwpspider_interfaces__rosidl_typesupport_introspection_cpp.dir/rosidl_typesupport_introspection_cpp/gwpspider_interfaces/msg/detail/water_pump_command__type_support.cpp.o[0m
[2.843s] [ 26%] [32mBuilding CXX object CMakeFiles/gwpspider_interfaces__rosidl_typesupport_introspection_cpp.dir/rosidl_typesupport_introspection_cpp/gwpspider_interfaces/msg/detail/bno_data__type_support.cpp.o[0m
[2.845s] [ 28%] [32mBuilding CXX object CMakeFiles/gwpspider_interfaces__rosidl_typesupport_introspection_cpp.dir/rosidl_typesupport_introspection_cpp/gwpspider_interfaces/srv/detail/move_gripper__type_support.cpp.o[0m
[2.861s] [ 29%] [32mBuilding CXX object CMakeFiles/gwpspider_interfaces__rosidl_typesupport_introspection_cpp.dir/rosidl_typesupport_introspection_cpp/gwpspider_interfaces/srv/detail/control_water_pump__type_support.cpp.o[0m
[2.876s] [ 30%] [32mBuilding CXX object CMakeFiles/gwpspider_interfaces__rosidl_typesupport_introspection_cpp.dir/rosidl_typesupport_introspection_cpp/gwpspider_interfaces/srv/detail/init_bno__type_support.cpp.o[0m
[2.905s] [35m[1mConsolidate compiler generated dependencies of target gwpspider_interfaces__rosidl_typesupport_fastrtps_cpp[0m
[2.906s] gmake[1]: *** [CMakeFiles/Makefile2:395: CMakeFiles/gwpspider_interfaces__rosidl_typesupport_cpp.dir/all] Error 2
[2.923s] [ 32%] [32mBuilding CXX object CMakeFiles/gwpspider_interfaces__rosidl_typesupport_fastrtps_cpp.dir/rosidl_typesupport_fastrtps_cpp/gwpspider_interfaces/msg/detail/dds_fastrtps/gripper_command__type_support.cpp.o[0m
[2.950s] [ 33%] [32mBuilding CXX object CMakeFiles/gwpspider_interfaces__rosidl_typesupport_fastrtps_cpp.dir/rosidl_typesupport_fastrtps_cpp/gwpspider_interfaces/msg/detail/dds_fastrtps/water_pump_command__type_support.cpp.o[0m
[2.958s] In file included from [01m[K/home/spider/gwpspider_ws/build/gwpspider_interfaces/rosidl_typesupport_introspection_cpp/gwpspider_interfaces/msg/detail/bno_data__type_support.cpp:12[m[K:
[2.958s] [01m[K/home/spider/gwpspider_ws/build/gwpspider_interfaces/rosidl_generator_cpp/gwpspider_interfaces/msg/detail/bno_data__struct.hpp:21:10:[m[K [01;31m[Kfatal error: [m[Kstd_msgs/msg/detail/float32_multi_array__struct.hpp: No such file or directory
[2.958s]    21 | #include [01;31m[K"std_msgs/msg/detail/float32_multi_array__struct.hpp"[m[K
[2.958s]       |          [01;31m[K^~~~~~~~~~~~~~~~~~~~~~~~~~~~~~~~~~~~~~~~~~~~~~~~~~~~~[m[K
[2.958s] compilation terminated.
[2.963s] gmake[2]: *** [CMakeFiles/gwpspider_interfaces__rosidl_typesupport_introspection_cpp.dir/build.make:154: CMakeFiles/gwpspider_interfaces__rosidl_typesupport_introspection_cpp.dir/rosidl_typesupport_introspection_cpp/gwpspider_interfaces/msg/detail/bno_data__type_support.cpp.o] Error 1
[2.963s] gmake[2]: *** Waiting for unfinished jobs....
[2.990s] [ 35%] [32mBuilding CXX object CMakeFiles/gwpspider_interfaces__rosidl_typesupport_fastrtps_cpp.dir/rosidl_typesupport_fastrtps_cpp/gwpspider_interfaces/msg/detail/dds_fastrtps/bno_data__type_support.cpp.o[0m
[3.178s] In file included from [01m[K/home/spider/gwpspider_ws/build/gwpspider_interfaces/rosidl_typesupport_fastrtps_cpp/gwpspider_interfaces/msg/detail/bno_data__rosidl_typesupport_fastrtps_cpp.hpp:11[m[K,
[3.178s]                  from [01m[K/home/spider/gwpspider_ws/build/gwpspider_interfaces/rosidl_typesupport_fastrtps_cpp/gwpspider_interfaces/msg/detail/dds_fastrtps/bno_data__type_support.cpp:4[m[K:
[3.178s] [01m[K/home/spider/gwpspider_ws/build/gwpspider_interfaces/rosidl_generator_cpp/gwpspider_interfaces/msg/detail/bno_data__struct.hpp:21:10:[m[K [01;31m[Kfatal error: [m[Kstd_msgs/msg/detail/float32_multi_array__struct.hpp: No such file or directory
[3.178s]    21 | #include [01;31m[K"std_msgs/msg/detail/float32_multi_array__struct.hpp"[m[K
[3.178s]       |          [01;31m[K^~~~~~~~~~~~~~~~~~~~~~~~~~~~~~~~~~~~~~~~~~~~~~~~~~~~~[m[K
[3.178s] compilation terminated.
[3.181s] gmake[2]: *** [CMakeFiles/gwpspider_interfaces__rosidl_typesupport_fastrtps_cpp.dir/build.make:154: CMakeFiles/gwpspider_interfaces__rosidl_typesupport_fastrtps_cpp.dir/rosidl_typesupport_fastrtps_cpp/gwpspider_interfaces/msg/detail/dds_fastrtps/bno_data__type_support.cpp.o] Error 1
[3.181s] gmake[2]: *** Waiting for unfinished jobs....
[3.416s] gmake[1]: *** [CMakeFiles/Makefile2:369: CMakeFiles/gwpspider_interfaces__rosidl_typesupport_introspection_cpp.dir/all] Error 2
[3.491s] gmake[1]: *** [CMakeFiles/Makefile2:343: CMakeFiles/gwpspider_interfaces__rosidl_typesupport_fastrtps_cpp.dir/all] Error 2
[3.491s] gmake: *** [Makefile:146: all] Error 2
[3.493s] Invoked command in '/home/spider/gwpspider_ws/build/gwpspider_interfaces' returned '2': CMAKE_PREFIX_PATH=${CMAKE_PREFIX_PATH}:/home/spider/gwpspider_ws/install/arduino_communication:/opt/ros/humble /usr/bin/cmake --build /home/spider/gwpspider_ws/build/gwpspider_interfaces -- -j8 -l8
