[2.127s] Invoking command in '/home/spider/gwpspider_ws/src/gwpspider/calculations': PYTHONPATH=/home/spider/gwpspider_ws/build/calculations/prefix_override:/home/spider/gwpspider_ws/install/calculations/lib/python3.10/site-packages:${PYTHONPATH} /usr/bin/python3 setup.py egg_info --egg-base ../../../build/calculations build --build-base /home/spider/gwpspider_ws/build/calculations/build install --record /home/spider/gwpspider_ws/build/calculations/install.log --single-version-externally-managed
[2.561s] running egg_info
[2.563s] writing ../../../build/calculations/calculations.egg-info/PKG-INFO
[2.563s] writing dependency_links to ../../../build/calculations/calculations.egg-info/dependency_links.txt
[2.563s] writing entry points to ../../../build/calculations/calculations.egg-info/entry_points.txt
[2.563s] writing requirements to ../../../build/calculations/calculations.egg-info/requires.txt
[2.564s] writing top-level names to ../../../build/calculations/calculations.egg-info/top_level.txt
[2.567s] reading manifest file '../../../build/calculations/calculations.egg-info/SOURCES.txt'
[2.568s] writing manifest file '../../../build/calculations/calculations.egg-info/SOURCES.txt'
[2.568s] running build
[2.568s] running build_py
[2.569s] running install
[2.569s] /usr/lib/python3/dist-packages/setuptools/command/install.py:34: SetuptoolsDeprecationWarning: setup.py install is deprecated. Use build and pip and other standards-based tools.
[2.569s]   warnings.warn(
[2.570s] running install_lib
[2.572s] running install_data
[2.572s] running install_egg_info
[2.575s] removing '/home/spider/gwpspider_ws/install/calculations/lib/python3.10/site-packages/calculations-0.0.0-py3.10.egg-info' (and everything under it)
[2.586s] Copying ../../../build/calculations/calculations.egg-info to /home/spider/gwpspider_ws/install/calculations/lib/python3.10/site-packages/calculations-0.0.0-py3.10.egg-info
[2.594s] running install_scripts
[2.622s] writing list of installed files to '/home/spider/gwpspider_ws/build/calculations/install.log'
[2.770s] Invoked command in '/home/spider/gwpspider_ws/src/gwpspider/calculations' returned '0': PYTHONPATH=/home/spider/gwpspider_ws/build/calculations/prefix_override:/home/spider/gwpspider_ws/install/calculations/lib/python3.10/site-packages:${PYTHONPATH} /usr/bin/python3 setup.py egg_info --egg-base ../../../build/calculations build --build-base /home/spider/gwpspider_ws/build/calculations/build install --record /home/spider/gwpspider_ws/build/calculations/install.log --single-version-externally-managed
