[2.317s] Invoking command in '/home/spider/gwpspider_ws/src/gwpspider/configuration': PYTHONPATH=/home/spider/gwpspider_ws/build/configuration/prefix_override:/home/spider/gwpspider_ws/install/configuration/lib/python3.10/site-packages:${PYTHONPATH} /usr/bin/python3 setup.py egg_info --egg-base ../../../build/configuration build --build-base /home/spider/gwpspider_ws/build/configuration/build install --record /home/spider/gwpspider_ws/build/configuration/install.log --single-version-externally-managed
[2.738s] running egg_info
[2.739s] writing ../../../build/configuration/configuration.egg-info/PKG-INFO
[2.739s] writing dependency_links to ../../../build/configuration/configuration.egg-info/dependency_links.txt
[2.740s] writing entry points to ../../../build/configuration/configuration.egg-info/entry_points.txt
[2.740s] writing requirements to ../../../build/configuration/configuration.egg-info/requires.txt
[2.740s] writing top-level names to ../../../build/configuration/configuration.egg-info/top_level.txt
[2.742s] reading manifest file '../../../build/configuration/configuration.egg-info/SOURCES.txt'
[2.743s] writing manifest file '../../../build/configuration/configuration.egg-info/SOURCES.txt'
[2.744s] running build
[2.744s] running build_py
[2.744s] copying configuration/ros_config.py -> /home/spider/gwpspider_ws/build/configuration/build/lib/configuration
[2.744s] running install
[2.745s] /usr/lib/python3/dist-packages/setuptools/command/install.py:34: SetuptoolsDeprecationWarning: setup.py install is deprecated. Use build and pip and other standards-based tools.
[2.745s]   warnings.warn(
[2.745s] running install_lib
[2.746s] copying /home/spider/gwpspider_ws/build/configuration/build/lib/configuration/ros_config.py -> /home/spider/gwpspider_ws/install/configuration/lib/python3.10/site-packages/configuration
[2.747s] byte-compiling /home/spider/gwpspider_ws/install/configuration/lib/python3.10/site-packages/configuration/ros_config.py to ros_config.cpython-310.pyc
[2.748s] running install_data
[2.748s] running install_egg_info
[2.751s] removing '/home/spider/gwpspider_ws/install/configuration/lib/python3.10/site-packages/configuration-0.0.0-py3.10.egg-info' (and everything under it)
[2.756s] Copying ../../../build/configuration/configuration.egg-info to /home/spider/gwpspider_ws/install/configuration/lib/python3.10/site-packages/configuration-0.0.0-py3.10.egg-info
[2.757s] running install_scripts
[2.786s] writing list of installed files to '/home/spider/gwpspider_ws/build/configuration/install.log'
[3.203s] Invoked command in '/home/spider/gwpspider_ws/src/gwpspider/configuration' returned '0': PYTHONPATH=/home/spider/gwpspider_ws/build/configuration/prefix_override:/home/spider/gwpspider_ws/install/configuration/lib/python3.10/site-packages:${PYTHONPATH} /usr/bin/python3 setup.py egg_info --egg-base ../../../build/configuration build --build-base /home/spider/gwpspider_ws/build/configuration/build install --record /home/spider/gwpspider_ws/build/configuration/install.log --single-version-externally-managed
