running egg_info
writing ../../../build/configuration/configuration.egg-info/PKG-INFO
writing dependency_links to ../../../build/configuration/configuration.egg-info/dependency_links.txt
writing entry points to ../../../build/configuration/configuration.egg-info/entry_points.txt
writing requirements to ../../../build/configuration/configuration.egg-info/requires.txt
writing top-level names to ../../../build/configuration/configuration.egg-info/top_level.txt
reading manifest file '../../../build/configuration/configuration.egg-info/SOURCES.txt'
writing manifest file '../../../build/configuration/configuration.egg-info/SOURCES.txt'
running build
running build_py
copying configuration/ros_config.py -> /home/spider/gwpspider_ws/build/configuration/build/lib/configuration
running install
/usr/lib/python3/dist-packages/setuptools/command/install.py:34: SetuptoolsDeprecationWarning: setup.py install is deprecated. Use build and pip and other standards-based tools.
  warnings.warn(
running install_lib
copying /home/spider/gwpspider_ws/build/configuration/build/lib/configuration/ros_config.py -> /home/spider/gwpspider_ws/install/configuration/lib/python3.10/site-packages/configuration
byte-compiling /home/spider/gwpspider_ws/install/configuration/lib/python3.10/site-packages/configuration/ros_config.py to ros_config.cpython-310.pyc
running install_data
running install_egg_info
removing '/home/spider/gwpspider_ws/install/configuration/lib/python3.10/site-packages/configuration-0.0.0-py3.10.egg-info' (and everything under it)
Copying ../../../build/configuration/configuration.egg-info to /home/spider/gwpspider_ws/install/configuration/lib/python3.10/site-packages/configuration-0.0.0-py3.10.egg-info
running install_scripts
writing list of installed files to '/home/spider/gwpspider_ws/build/configuration/install.log'
