[2.324s] Invoking command in '/home/spider/gwpspider_ws/src/gwpspider/configuration': PYTHONPATH=/home/spider/gwpspider_ws/build/configuration/prefix_override:/home/spider/gwpspider_ws/install/configuration/lib/python3.10/site-packages:${PYTHONPATH} /usr/bin/python3 setup.py egg_info --egg-base ../../../build/configuration build --build-base /home/spider/gwpspider_ws/build/configuration/build install --record /home/spider/gwpspider_ws/build/configuration/install.log --single-version-externally-managed
[2.724s] running egg_info
[2.725s] writing ../../../build/configuration/configuration.egg-info/PKG-INFO
[2.727s] writing dependency_links to ../../../build/configuration/configuration.egg-info/dependency_links.txt
[2.728s] writing entry points to ../../../build/configuration/configuration.egg-info/entry_points.txt
[2.729s] writing requirements to ../../../build/configuration/configuration.egg-info/requires.txt
[2.730s] writing top-level names to ../../../build/configuration/configuration.egg-info/top_level.txt
[2.733s] reading manifest file '../../../build/configuration/configuration.egg-info/SOURCES.txt'
[2.735s] writing manifest file '../../../build/configuration/configuration.egg-info/SOURCES.txt'
[2.736s] running build
[2.736s] running build_py
[2.737s] running install
[2.738s] /usr/lib/python3/dist-packages/setuptools/command/install.py:34: SetuptoolsDeprecationWarning: setup.py install is deprecated. Use build and pip and other standards-based tools.
[2.738s]   warnings.warn(
[2.739s] running install_lib
[2.742s] running install_data
[2.743s] running install_egg_info
[2.750s] removing '/home/spider/gwpspider_ws/install/configuration/lib/python3.10/site-packages/configuration-0.0.0-py3.10.egg-info' (and everything under it)
[2.751s] Copying ../../../build/configuration/configuration.egg-info to /home/spider/gwpspider_ws/install/configuration/lib/python3.10/site-packages/configuration-0.0.0-py3.10.egg-info
[2.752s] running install_scripts
[2.800s] writing list of installed files to '/home/spider/gwpspider_ws/build/configuration/install.log'
[2.898s] Invoked command in '/home/spider/gwpspider_ws/src/gwpspider/configuration' returned '0': PYTHONPATH=/home/spider/gwpspider_ws/build/configuration/prefix_override:/home/spider/gwpspider_ws/install/configuration/lib/python3.10/site-packages:${PYTHONPATH} /usr/bin/python3 setup.py egg_info --egg-base ../../../build/configuration build --build-base /home/spider/gwpspider_ws/build/configuration/build install --record /home/spider/gwpspider_ws/build/configuration/install.log --single-version-externally-managed
