[2.923s] Invoking command in '/home/spider/gwpspider_ws/src/gwpspider/controller': PYTHONPATH=/home/spider/gwpspider_ws/build/controller/prefix_override:/home/spider/gwpspider_ws/install/controller/lib/python3.10/site-packages:${PYTHONPATH} /usr/bin/python3 setup.py egg_info --egg-base ../../../build/controller build --build-base /home/spider/gwpspider_ws/build/controller/build install --record /home/spider/gwpspider_ws/build/controller/install.log --single-version-externally-managed
[3.385s] running egg_info
[3.387s] writing ../../../build/controller/controller.egg-info/PKG-INFO
[3.387s] writing dependency_links to ../../../build/controller/controller.egg-info/dependency_links.txt
[3.388s] writing entry points to ../../../build/controller/controller.egg-info/entry_points.txt
[3.388s] writing requirements to ../../../build/controller/controller.egg-info/requires.txt
[3.388s] writing top-level names to ../../../build/controller/controller.egg-info/top_level.txt
[3.392s] reading manifest file '../../../build/controller/controller.egg-info/SOURCES.txt'
[3.393s] writing manifest file '../../../build/controller/controller.egg-info/SOURCES.txt'
[3.394s] running build
[3.394s] running build_py
[3.395s] copying controller/joint_velocity_controller.py -> /home/spider/gwpspider_ws/build/controller/build/lib/controller
[3.395s] running install
[3.396s] /usr/lib/python3/dist-packages/setuptools/command/install.py:34: SetuptoolsDeprecationWarning: setup.py install is deprecated. Use build and pip and other standards-based tools.
[3.396s]   warnings.warn(
[3.397s] running install_lib
[3.398s] copying /home/spider/gwpspider_ws/build/controller/build/lib/controller/joint_velocity_controller.py -> /home/spider/gwpspider_ws/install/controller/lib/python3.10/site-packages/controller
[3.399s] byte-compiling /home/spider/gwpspider_ws/install/controller/lib/python3.10/site-packages/controller/joint_velocity_controller.py to joint_velocity_controller.cpython-310.pyc
[3.404s] running install_data
[3.413s] running install_egg_info
[3.413s] removing '/home/spider/gwpspider_ws/install/controller/lib/python3.10/site-packages/controller-0.0.0-py3.10.egg-info' (and everything under it)
[3.413s] Copying ../../../build/controller/controller.egg-info to /home/spider/gwpspider_ws/install/controller/lib/python3.10/site-packages/controller-0.0.0-py3.10.egg-info
[3.413s] running install_scripts
[3.442s] Installing joint_velocity_controller script to /home/spider/gwpspider_ws/install/controller/lib/controller
[3.442s] Installing legs_states_publisher script to /home/spider/gwpspider_ws/install/controller/lib/controller
[3.442s] writing list of installed files to '/home/spider/gwpspider_ws/build/controller/install.log'
[3.471s] Invoked command in '/home/spider/gwpspider_ws/src/gwpspider/controller' returned '0': PYTHONPATH=/home/spider/gwpspider_ws/build/controller/prefix_override:/home/spider/gwpspider_ws/install/controller/lib/python3.10/site-packages:${PYTHONPATH} /usr/bin/python3 setup.py egg_info --egg-base ../../../build/controller build --build-base /home/spider/gwpspider_ws/build/controller/build install --record /home/spider/gwpspider_ws/build/controller/install.log --single-version-externally-managed
