[2.816s] Invoking command in '/home/spider/gwpspider_ws/src/gwpspider/calculations': PYTHONPATH=/home/spider/gwpspider_ws/build/calculations/prefix_override:/home/spider/gwpspider_ws/install/calculations/lib/python3.10/site-packages:${PYTHONPATH} /usr/bin/python3 setup.py egg_info --egg-base ../../../build/calculations build --build-base /home/spider/gwpspider_ws/build/calculations/build install --record /home/spider/gwpspider_ws/build/calculations/install.log --single-version-externally-managed
[3.302s] running egg_info
[3.302s] writing ../../../build/calculations/calculations.egg-info/PKG-INFO
[3.302s] writing dependency_links to ../../../build/calculations/calculations.egg-info/dependency_links.txt
[3.303s] writing entry points to ../../../build/calculations/calculations.egg-info/entry_points.txt
[3.303s] writing requirements to ../../../build/calculations/calculations.egg-info/requires.txt
[3.303s] writing top-level names to ../../../build/calculations/calculations.egg-info/top_level.txt
[3.308s] reading manifest file '../../../build/calculations/calculations.egg-info/SOURCES.txt'
[3.308s] writing manifest file '../../../build/calculations/calculations.egg-info/SOURCES.txt'
[3.309s] running build
[3.309s] running build_py
[3.309s] running install
[3.309s] /usr/lib/python3/dist-packages/setuptools/command/install.py:34: SetuptoolsDeprecationWarning: setup.py install is deprecated. Use build and pip and other standards-based tools.
[3.309s]   warnings.warn(
[3.309s] running install_lib
[3.312s] running install_data
[3.312s] running install_egg_info
[3.313s] removing '/home/spider/gwpspider_ws/install/calculations/lib/python3.10/site-packages/calculations-0.0.0-py3.10.egg-info' (and everything under it)
[3.319s] Copying ../../../build/calculations/calculations.egg-info to /home/spider/gwpspider_ws/install/calculations/lib/python3.10/site-packages/calculations-0.0.0-py3.10.egg-info
[3.340s] running install_scripts
[3.386s] writing list of installed files to '/home/spider/gwpspider_ws/build/calculations/install.log'
[3.563s] Invoked command in '/home/spider/gwpspider_ws/src/gwpspider/calculations' returned '0': PYTHONPATH=/home/spider/gwpspider_ws/build/calculations/prefix_override:/home/spider/gwpspider_ws/install/calculations/lib/python3.10/site-packages:${PYTHONPATH} /usr/bin/python3 setup.py egg_info --egg-base ../../../build/calculations build --build-base /home/spider/gwpspider_ws/build/calculations/build install --record /home/spider/gwpspider_ws/build/calculations/install.log --single-version-externally-managed
