[2.115s] Invoking command in '/home/spider/gwpspider_ws/src/gwpspider/controller': PYTHONPATH=/home/spider/gwpspider_ws/build/controller/prefix_override:/home/spider/gwpspider_ws/install/controller/lib/python3.10/site-packages:${PYTHONPATH} /usr/bin/python3 setup.py egg_info --egg-base ../../../build/controller build --build-base /home/spider/gwpspider_ws/build/controller/build install --record /home/spider/gwpspider_ws/build/controller/install.log --single-version-externally-managed
[2.505s] running egg_info
[2.506s] writing ../../../build/controller/controller.egg-info/PKG-INFO
[2.507s] writing dependency_links to ../../../build/controller/controller.egg-info/dependency_links.txt
[2.508s] writing entry points to ../../../build/controller/controller.egg-info/entry_points.txt
[2.508s] writing requirements to ../../../build/controller/controller.egg-info/requires.txt
[2.508s] writing top-level names to ../../../build/controller/controller.egg-info/top_level.txt
[2.512s] reading manifest file '../../../build/controller/controller.egg-info/SOURCES.txt'
[2.514s] writing manifest file '../../../build/controller/controller.egg-info/SOURCES.txt'
[2.514s] running build
[2.515s] running build_py
[2.516s] running install
[2.517s] /usr/lib/python3/dist-packages/setuptools/command/install.py:34: SetuptoolsDeprecationWarning: setup.py install is deprecated. Use build and pip and other standards-based tools.
[2.517s]   warnings.warn(
[2.517s] running install_lib
[2.520s] running install_data
[2.521s] running install_egg_info
[2.524s] removing '/home/spider/gwpspider_ws/install/controller/lib/python3.10/site-packages/controller-0.0.0-py3.10.egg-info' (and everything under it)
[2.524s] Copying ../../../build/controller/controller.egg-info to /home/spider/gwpspider_ws/install/controller/lib/python3.10/site-packages/controller-0.0.0-py3.10.egg-info
[2.525s] running install_scripts
[2.584s] Installing joint_velocity_controller script to /home/spider/gwpspider_ws/install/controller/lib/controller
[2.585s] Installing legs_states_publisher script to /home/spider/gwpspider_ws/install/controller/lib/controller
[2.586s] writing list of installed files to '/home/spider/gwpspider_ws/build/controller/install.log'
[2.955s] Invoked command in '/home/spider/gwpspider_ws/src/gwpspider/controller' returned '0': PYTHONPATH=/home/spider/gwpspider_ws/build/controller/prefix_override:/home/spider/gwpspider_ws/install/controller/lib/python3.10/site-packages:${PYTHONPATH} /usr/bin/python3 setup.py egg_info --egg-base ../../../build/controller build --build-base /home/spider/gwpspider_ws/build/controller/build install --record /home/spider/gwpspider_ws/build/controller/install.log --single-version-externally-managed
