[1.404s] Invoking command in '/home/spider/gwpspider_ws/src/gwpspider/dynamixel_interface': PYTHONPATH=/home/spider/gwpspider_ws/build/dynamixel_interface/prefix_override:/home/spider/gwpspider_ws/install/dynamixel_interface/lib/python3.10/site-packages:${PYTHONPATH} /usr/bin/python3 setup.py egg_info --egg-base ../../../build/dynamixel_interface build --build-base /home/spider/gwpspider_ws/build/dynamixel_interface/build install --record /home/spider/gwpspider_ws/build/dynamixel_interface/install.log --single-version-externally-managed
[1.655s] running egg_info
[1.656s] writing ../../../build/dynamixel_interface/dynamixel_interface.egg-info/PKG-INFO
[1.656s] writing dependency_links to ../../../build/dynamixel_interface/dynamixel_interface.egg-info/dependency_links.txt
[1.656s] writing entry points to ../../../build/dynamixel_interface/dynamixel_interface.egg-info/entry_points.txt
[1.656s] writing requirements to ../../../build/dynamixel_interface/dynamixel_interface.egg-info/requires.txt
[1.656s] writing top-level names to ../../../build/dynamixel_interface/dynamixel_interface.egg-info/top_level.txt
[1.659s] reading manifest file '../../../build/dynamixel_interface/dynamixel_interface.egg-info/SOURCES.txt'
[1.660s] writing manifest file '../../../build/dynamixel_interface/dynamixel_interface.egg-info/SOURCES.txt'
[1.660s] running build
[1.660s] running build_py
[1.660s] running install
[1.660s] /usr/lib/python3/dist-packages/setuptools/command/install.py:34: SetuptoolsDeprecationWarning: setup.py install is deprecated. Use build and pip and other standards-based tools.
[1.661s]   warnings.warn(
[1.661s] running install_lib
[1.662s] running install_data
[1.663s] running install_egg_info
[1.665s] removing '/home/spider/gwpspider_ws/install/dynamixel_interface/lib/python3.10/site-packages/dynamixel_interface-0.0.0-py3.10.egg-info' (and everything under it)
[1.666s] Copying ../../../build/dynamixel_interface/dynamixel_interface.egg-info to /home/spider/gwpspider_ws/install/dynamixel_interface/lib/python3.10/site-packages/dynamixel_interface-0.0.0-py3.10.egg-info
[1.666s] running install_scripts
[1.686s] Installing dynamixel_driver script to /home/spider/gwpspider_ws/install/dynamixel_interface/lib/dynamixel_interface
[1.687s] writing list of installed files to '/home/spider/gwpspider_ws/build/dynamixel_interface/install.log'
[1.721s] Invoked command in '/home/spider/gwpspider_ws/src/gwpspider/dynamixel_interface' returned '0': PYTHONPATH=/home/spider/gwpspider_ws/build/dynamixel_interface/prefix_override:/home/spider/gwpspider_ws/install/dynamixel_interface/lib/python3.10/site-packages:${PYTHONPATH} /usr/bin/python3 setup.py egg_info --egg-base ../../../build/dynamixel_interface build --build-base /home/spider/gwpspider_ws/build/dynamixel_interface/build install --record /home/spider/gwpspider_ws/build/dynamixel_interface/install.log --single-version-externally-managed
