[0.939s] Invoking command in '/home/spider/gwpspider_ws/src/gwpspider/utils': PYTHONPATH=/home/spider/gwpspider_ws/build/utils/prefix_override:/home/spider/gwpspider_ws/install/utils/lib/python3.10/site-packages:${PYTHONPATH} /usr/bin/python3 setup.py egg_info --egg-base ../../../build/utils build --build-base /home/spider/gwpspider_ws/build/utils/build install --record /home/spider/gwpspider_ws/build/utils/install.log --single-version-externally-managed
[1.204s] running egg_info
[1.205s] writing ../../../build/utils/utils.egg-info/PKG-INFO
[1.205s] writing dependency_links to ../../../build/utils/utils.egg-info/dependency_links.txt
[1.205s] writing entry points to ../../../build/utils/utils.egg-info/entry_points.txt
[1.205s] writing requirements to ../../../build/utils/utils.egg-info/requires.txt
[1.206s] writing top-level names to ../../../build/utils/utils.egg-info/top_level.txt
[1.207s] reading manifest file '../../../build/utils/utils.egg-info/SOURCES.txt'
[1.208s] writing manifest file '../../../build/utils/utils.egg-info/SOURCES.txt'
[1.208s] running build
[1.208s] running build_py
[1.208s] copying utils/json_file_manager.py -> /home/spider/gwpspider_ws/build/utils/build/lib/utils
[1.208s] running install
[1.209s] /usr/lib/python3/dist-packages/setuptools/command/install.py:34: SetuptoolsDeprecationWarning: setup.py install is deprecated. Use build and pip and other standards-based tools.
[1.209s]   warnings.warn(
[1.209s] running install_lib
[1.209s] copying /home/spider/gwpspider_ws/build/utils/build/lib/utils/json_file_manager.py -> /home/spider/gwpspider_ws/install/utils/lib/python3.10/site-packages/utils
[1.210s] byte-compiling /home/spider/gwpspider_ws/install/utils/lib/python3.10/site-packages/utils/json_file_manager.py to json_file_manager.cpython-310.pyc
[1.211s] running install_data
[1.211s] running install_egg_info
[1.213s] removing '/home/spider/gwpspider_ws/install/utils/lib/python3.10/site-packages/utils-0.0.0-py3.10.egg-info' (and everything under it)
[1.213s] Copying ../../../build/utils/utils.egg-info to /home/spider/gwpspider_ws/install/utils/lib/python3.10/site-packages/utils-0.0.0-py3.10.egg-info
[1.214s] running install_scripts
[1.234s] writing list of installed files to '/home/spider/gwpspider_ws/build/utils/install.log'
[1.260s] Invoked command in '/home/spider/gwpspider_ws/src/gwpspider/utils' returned '0': PYTHONPATH=/home/spider/gwpspider_ws/build/utils/prefix_override:/home/spider/gwpspider_ws/install/utils/lib/python3.10/site-packages:${PYTHONPATH} /usr/bin/python3 setup.py egg_info --egg-base ../../../build/utils build --build-base /home/spider/gwpspider_ws/build/utils/build install --record /home/spider/gwpspider_ws/build/utils/install.log --single-version-externally-managed
