[2.213s] Invoking command in '/home/spider/gwpspider_ws/src/gwpspider/application': PYTHONPATH=/home/spider/gwpspider_ws/build/application/prefix_override:/home/spider/gwpspider_ws/install/application/lib/python3.10/site-packages:${PYTHONPATH} /usr/bin/python3 setup.py egg_info --egg-base ../../../build/application build --build-base /home/spider/gwpspider_ws/build/application/build install --record /home/spider/gwpspider_ws/build/application/install.log --single-version-externally-managed
[2.715s] running egg_info
[2.718s] writing ../../../build/application/application.egg-info/PKG-INFO
[2.718s] writing dependency_links to ../../../build/application/application.egg-info/dependency_links.txt
[2.718s] writing entry points to ../../../build/application/application.egg-info/entry_points.txt
[2.718s] writing requirements to ../../../build/application/application.egg-info/requires.txt
[2.718s] writing top-level names to ../../../build/application/application.egg-info/top_level.txt
[2.719s] reading manifest file '../../../build/application/application.egg-info/SOURCES.txt'
[2.721s] writing manifest file '../../../build/application/application.egg-info/SOURCES.txt'
[2.721s] running build
[2.721s] running build_py
[2.721s] copying application/app.py -> /home/spider/gwpspider_ws/build/application/build/lib/application
[2.722s] running install
[2.722s] /usr/lib/python3/dist-packages/setuptools/command/install.py:34: SetuptoolsDeprecationWarning: setup.py install is deprecated. Use build and pip and other standards-based tools.
[2.722s]   warnings.warn(
[2.722s] running install_lib
[2.723s] copying /home/spider/gwpspider_ws/build/application/build/lib/application/app.py -> /home/spider/gwpspider_ws/install/application/lib/python3.10/site-packages/application
[2.724s] byte-compiling /home/spider/gwpspider_ws/install/application/lib/python3.10/site-packages/application/app.py to app.cpython-310.pyc
[2.729s] running install_data
[2.730s] running install_egg_info
[2.733s] removing '/home/spider/gwpspider_ws/install/application/lib/python3.10/site-packages/application-0.0.0-py3.10.egg-info' (and everything under it)
[2.733s] Copying ../../../build/application/application.egg-info to /home/spider/gwpspider_ws/install/application/lib/python3.10/site-packages/application-0.0.0-py3.10.egg-info
[2.735s] running install_scripts
[2.769s] Installing app script to /home/spider/gwpspider_ws/install/application/lib/application
[2.770s] writing list of installed files to '/home/spider/gwpspider_ws/build/application/install.log'
[2.892s] Invoked command in '/home/spider/gwpspider_ws/src/gwpspider/application' returned '0': PYTHONPATH=/home/spider/gwpspider_ws/build/application/prefix_override:/home/spider/gwpspider_ws/install/application/lib/python3.10/site-packages:${PYTHONPATH} /usr/bin/python3 setup.py egg_info --egg-base ../../../build/application build --build-base /home/spider/gwpspider_ws/build/application/build install --record /home/spider/gwpspider_ws/build/application/install.log --single-version-externally-managed
