[2.509s] Invoking command in '/home/spider/gwpspider_ws/src/gwpspider/connection': PYTHONPATH=/home/spider/gwpspider_ws/build/connection/prefix_override:/home/spider/gwpspider_ws/install/connection/lib/python3.10/site-packages:${PYTHONPATH} /usr/bin/python3 setup.py egg_info --egg-base ../../../build/connection build --build-base /home/spider/gwpspider_ws/build/connection/build install --record /home/spider/gwpspider_ws/build/connection/install.log --single-version-externally-managed
[3.021s] running egg_info
[3.022s] writing ../../../build/connection/connection.egg-info/PKG-INFO
[3.022s] writing dependency_links to ../../../build/connection/connection.egg-info/dependency_links.txt
[3.022s] writing entry points to ../../../build/connection/connection.egg-info/entry_points.txt
[3.022s] writing requirements to ../../../build/connection/connection.egg-info/requires.txt
[3.022s] writing top-level names to ../../../build/connection/connection.egg-info/top_level.txt
[3.030s] /usr/lib/python3/dist-packages/setuptools/command/install.py:34: SetuptoolsDeprecationWarning: setup.py install is deprecated. Use build and pip and other standards-based tools.
[3.031s]   warnings.warn(
[3.032s] reading manifest file '../../../build/connection/connection.egg-info/SOURCES.txt'
[3.032s] writing manifest file '../../../build/connection/connection.egg-info/SOURCES.txt'
[3.034s] running build
[3.034s] running build_py
[3.034s] copying connection/backend.py -> /home/spider/gwpspider_ws/build/connection/build/lib/connection
[3.034s] running install
[3.034s] running install_lib
[3.040s] copying /home/spider/gwpspider_ws/build/connection/build/lib/connection/backend.py -> /home/spider/gwpspider_ws/install/connection/lib/python3.10/site-packages/connection
[3.040s] byte-compiling /home/spider/gwpspider_ws/install/connection/lib/python3.10/site-packages/connection/backend.py to backend.cpython-310.pyc
[3.040s] running install_data
[3.040s] running install_egg_info
[3.040s] removing '/home/spider/gwpspider_ws/install/connection/lib/python3.10/site-packages/connection-0.0.0-py3.10.egg-info' (and everything under it)
[3.041s] Copying ../../../build/connection/connection.egg-info to /home/spider/gwpspider_ws/install/connection/lib/python3.10/site-packages/connection-0.0.0-py3.10.egg-info
[3.041s] running install_scripts
[3.065s] Installing backend script to /home/spider/gwpspider_ws/install/connection/lib/connection
[3.065s] Installing fastapi_node script to /home/spider/gwpspider_ws/install/connection/lib/connection
[3.065s] writing list of installed files to '/home/spider/gwpspider_ws/build/connection/install.log'
[3.380s] Invoked command in '/home/spider/gwpspider_ws/src/gwpspider/connection' returned '0': PYTHONPATH=/home/spider/gwpspider_ws/build/connection/prefix_override:/home/spider/gwpspider_ws/install/connection/lib/python3.10/site-packages:${PYTHONPATH} /usr/bin/python3 setup.py egg_info --egg-base ../../../build/connection build --build-base /home/spider/gwpspider_ws/build/connection/build install --record /home/spider/gwpspider_ws/build/connection/install.log --single-version-externally-managed
