[0.577s] Invoking command in '/home/spider/gwpspider_ws/src/gwpspider/controller': PYTHONPATH=/home/spider/gwpspider_ws/build/controller/prefix_override:/home/spider/gwpspider_ws/install/controller/lib/python3.10/site-packages:${PYTHONPATH} /usr/bin/python3 setup.py egg_info --egg-base ../../../build/controller build --build-base /home/spider/gwpspider_ws/build/controller/build install --record /home/spider/gwpspider_ws/build/controller/install.log --single-version-externally-managed
[0.803s] running egg_info
[0.803s] writing ../../../build/controller/controller.egg-info/PKG-INFO
[0.804s] writing dependency_links to ../../../build/controller/controller.egg-info/dependency_links.txt
[0.804s] writing entry points to ../../../build/controller/controller.egg-info/entry_points.txt
[0.804s] writing requirements to ../../../build/controller/controller.egg-info/requires.txt
[0.804s] writing top-level names to ../../../build/controller/controller.egg-info/top_level.txt
[0.805s] reading manifest file '../../../build/controller/controller.egg-info/SOURCES.txt'
[0.806s] writing manifest file '../../../build/controller/controller.egg-info/SOURCES.txt'
[0.806s] running build
[0.806s] running build_py
[0.806s] copying controller/joint_velocity_controller.py -> /home/spider/gwpspider_ws/build/controller/build/lib/controller
[0.807s] running install
[0.807s] /usr/lib/python3/dist-packages/setuptools/command/install.py:34: SetuptoolsDeprecationWarning: setup.py install is deprecated. Use build and pip and other standards-based tools.
[0.807s]   warnings.warn(
[0.807s] running install_lib
[0.808s] copying /home/spider/gwpspider_ws/build/controller/build/lib/controller/joint_velocity_controller.py -> /home/spider/gwpspider_ws/install/controller/lib/python3.10/site-packages/controller
[0.808s] byte-compiling /home/spider/gwpspider_ws/install/controller/lib/python3.10/site-packages/controller/joint_velocity_controller.py to joint_velocity_controller.cpython-310.pyc
[0.810s] running install_data
[0.811s] running install_egg_info
[0.812s] removing '/home/spider/gwpspider_ws/install/controller/lib/python3.10/site-packages/controller-0.0.0-py3.10.egg-info' (and everything under it)
[0.812s] Copying ../../../build/controller/controller.egg-info to /home/spider/gwpspider_ws/install/controller/lib/python3.10/site-packages/controller-0.0.0-py3.10.egg-info
[0.813s] running install_scripts
[0.833s] Installing joint_velocity_controller script to /home/spider/gwpspider_ws/install/controller/lib/controller
[0.833s] Installing legs_states_publisher script to /home/spider/gwpspider_ws/install/controller/lib/controller
[0.833s] writing list of installed files to '/home/spider/gwpspider_ws/build/controller/install.log'
[0.855s] Invoked command in '/home/spider/gwpspider_ws/src/gwpspider/controller' returned '0': PYTHONPATH=/home/spider/gwpspider_ws/build/controller/prefix_override:/home/spider/gwpspider_ws/install/controller/lib/python3.10/site-packages:${PYTHONPATH} /usr/bin/python3 setup.py egg_info --egg-base ../../../build/controller build --build-base /home/spider/gwpspider_ws/build/controller/build install --record /home/spider/gwpspider_ws/build/controller/install.log --single-version-externally-managed
