[1.407s] Invoking command in '/home/spider/gwpspider_ws/src/gwpspider/planning': PYTHONPATH=/home/spider/gwpspider_ws/build/planning/prefix_override:/home/spider/gwpspider_ws/install/planning/lib/python3.10/site-packages:${PYTHONPATH} /usr/bin/python3 setup.py egg_info --egg-base ../../../build/planning build --build-base /home/spider/gwpspider_ws/build/planning/build install --record /home/spider/gwpspider_ws/build/planning/install.log --single-version-externally-managed
[1.765s] running egg_info
[1.766s] writing ../../../build/planning/planning.egg-info/PKG-INFO
[1.767s] writing dependency_links to ../../../build/planning/planning.egg-info/dependency_links.txt
[1.767s] writing entry points to ../../../build/planning/planning.egg-info/entry_points.txt
[1.767s] writing requirements to ../../../build/planning/planning.egg-info/requires.txt
[1.768s] writing top-level names to ../../../build/planning/planning.egg-info/top_level.txt
[1.770s] reading manifest file '../../../build/planning/planning.egg-info/SOURCES.txt'
[1.771s] writing manifest file '../../../build/planning/planning.egg-info/SOURCES.txt'
[1.771s] running build
[1.771s] running build_py
[1.771s] running install
[1.772s] /usr/lib/python3/dist-packages/setuptools/command/install.py:34: SetuptoolsDeprecationWarning: setup.py install is deprecated. Use build and pip and other standards-based tools.
[1.772s]   warnings.warn(
[1.772s] running install_lib
[1.773s] running install_data
[1.774s] running install_egg_info
[1.776s] removing '/home/spider/gwpspider_ws/install/planning/lib/python3.10/site-packages/planning-0.0.0-py3.10.egg-info' (and everything under it)
[1.776s] Copying ../../../build/planning/planning.egg-info to /home/spider/gwpspider_ws/install/planning/lib/python3.10/site-packages/planning-0.0.0-py3.10.egg-info
[1.777s] running install_scripts
[1.804s] Installing path_planner script to /home/spider/gwpspider_ws/install/planning/lib/planning
[1.805s] Installing trajectory_planner script to /home/spider/gwpspider_ws/install/planning/lib/planning
[1.805s] writing list of installed files to '/home/spider/gwpspider_ws/build/planning/install.log'
[1.834s] Invoked command in '/home/spider/gwpspider_ws/src/gwpspider/planning' returned '0': PYTHONPATH=/home/spider/gwpspider_ws/build/planning/prefix_override:/home/spider/gwpspider_ws/install/planning/lib/python3.10/site-packages:${PYTHONPATH} /usr/bin/python3 setup.py egg_info --egg-base ../../../build/planning build --build-base /home/spider/gwpspider_ws/build/planning/build install --record /home/spider/gwpspider_ws/build/planning/install.log --single-version-externally-managed
