[0.811s] Invoking command in '/home/spider/gwpspider_ws/src/gwpspider/arduino_communication': PYTHONPATH=/home/spider/gwpspider_ws/build/arduino_communication/prefix_override:/home/spider/gwpspider_ws/install/arduino_communication/lib/python3.10/site-packages:${PYTHONPATH} /usr/bin/python3 setup.py egg_info --egg-base ../../../build/arduino_communication build --build-base /home/spider/gwpspider_ws/build/arduino_communication/build install --record /home/spider/gwpspider_ws/build/arduino_communication/install.log --single-version-externally-managed
[1.051s] running egg_info
[1.052s] writing ../../../build/arduino_communication/arduino_communication.egg-info/PKG-INFO
[1.052s] writing dependency_links to ../../../build/arduino_communication/arduino_communication.egg-info/dependency_links.txt
[1.052s] writing entry points to ../../../build/arduino_communication/arduino_communication.egg-info/entry_points.txt
[1.052s] writing requirements to ../../../build/arduino_communication/arduino_communication.egg-info/requires.txt
[1.053s] writing top-level names to ../../../build/arduino_communication/arduino_communication.egg-info/top_level.txt
[1.055s] reading manifest file '../../../build/arduino_communication/arduino_communication.egg-info/SOURCES.txt'
[1.056s] writing manifest file '../../../build/arduino_communication/arduino_communication.egg-info/SOURCES.txt'
[1.056s] running build
[1.056s] running build_py
[1.057s] copying arduino_communication/water_pumps_bno.py -> /home/spider/gwpspider_ws/build/arduino_communication/build/lib/arduino_communication
[1.057s] running install
[1.057s] /usr/lib/python3/dist-packages/setuptools/command/install.py:34: SetuptoolsDeprecationWarning: setup.py install is deprecated. Use build and pip and other standards-based tools.
[1.057s]   warnings.warn(
[1.057s] running install_lib
[1.058s] copying /home/spider/gwpspider_ws/build/arduino_communication/build/lib/arduino_communication/water_pumps_bno.py -> /home/spider/gwpspider_ws/install/arduino_communication/lib/python3.10/site-packages/arduino_communication
[1.059s] byte-compiling /home/spider/gwpspider_ws/install/arduino_communication/lib/python3.10/site-packages/arduino_communication/water_pumps_bno.py to water_pumps_bno.cpython-310.pyc
[1.060s] running install_data
[1.061s] running install_egg_info
[1.063s] removing '/home/spider/gwpspider_ws/install/arduino_communication/lib/python3.10/site-packages/arduino_communication-0.0.0-py3.10.egg-info' (and everything under it)
[1.063s] Copying ../../../build/arduino_communication/arduino_communication.egg-info to /home/spider/gwpspider_ws/install/arduino_communication/lib/python3.10/site-packages/arduino_communication-0.0.0-py3.10.egg-info
[1.064s] running install_scripts
[1.095s] Installing grippers_controller script to /home/spider/gwpspider_ws/install/arduino_communication/lib/arduino_communication
[1.095s] Installing water_pumps_bno_controller script to /home/spider/gwpspider_ws/install/arduino_communication/lib/arduino_communication
[1.095s] writing list of installed files to '/home/spider/gwpspider_ws/build/arduino_communication/install.log'
[1.124s] Invoked command in '/home/spider/gwpspider_ws/src/gwpspider/arduino_communication' returned '0': PYTHONPATH=/home/spider/gwpspider_ws/build/arduino_communication/prefix_override:/home/spider/gwpspider_ws/install/arduino_communication/lib/python3.10/site-packages:${PYTHONPATH} /usr/bin/python3 setup.py egg_info --egg-base ../../../build/arduino_communication build --build-base /home/spider/gwpspider_ws/build/arduino_communication/build install --record /home/spider/gwpspider_ws/build/arduino_communication/install.log --single-version-externally-managed
