[2.374s] Invoking command in '/home/spider/gwpspider_ws/src/gwpspider/controller': PYTHONPATH=/home/spider/gwpspider_ws/build/controller/prefix_override:/home/spider/gwpspider_ws/install/controller/lib/python3.10/site-packages:${PYTHONPATH} /usr/bin/python3 setup.py egg_info --egg-base ../../../build/controller build --build-base /home/spider/gwpspider_ws/build/controller/build install --record /home/spider/gwpspider_ws/build/controller/install.log --single-version-externally-managed
[2.919s] running egg_info
[2.920s] writing ../../../build/controller/controller.egg-info/PKG-INFO
[2.920s] writing dependency_links to ../../../build/controller/controller.egg-info/dependency_links.txt
[2.920s] writing entry points to ../../../build/controller/controller.egg-info/entry_points.txt
[2.920s] writing requirements to ../../../build/controller/controller.egg-info/requires.txt
[2.921s] writing top-level names to ../../../build/controller/controller.egg-info/top_level.txt
[2.924s] reading manifest file '../../../build/controller/controller.egg-info/SOURCES.txt'
[2.925s] writing manifest file '../../../build/controller/controller.egg-info/SOURCES.txt'
[2.925s] running build
[2.925s] running build_py
[2.925s] copying controller/joint_velocity_controller.py -> /home/spider/gwpspider_ws/build/controller/build/lib/controller
[2.926s] /usr/lib/python3/dist-packages/setuptools/command/install.py:34: SetuptoolsDeprecationWarning: setup.py install is deprecated. Use build and pip and other standards-based tools.
[2.926s]   warnings.warn(
[2.926s] running install
[2.926s] running install_lib
[2.927s] copying /home/spider/gwpspider_ws/build/controller/build/lib/controller/joint_velocity_controller.py -> /home/spider/gwpspider_ws/install/controller/lib/python3.10/site-packages/controller
[2.928s] byte-compiling /home/spider/gwpspider_ws/install/controller/lib/python3.10/site-packages/controller/joint_velocity_controller.py to joint_velocity_controller.cpython-310.pyc
[2.943s] running install_data
[2.943s] running install_egg_info
[2.943s] removing '/home/spider/gwpspider_ws/install/controller/lib/python3.10/site-packages/controller-0.0.0-py3.10.egg-info' (and everything under it)
[2.943s] Copying ../../../build/controller/controller.egg-info to /home/spider/gwpspider_ws/install/controller/lib/python3.10/site-packages/controller-0.0.0-py3.10.egg-info
[2.949s] running install_scripts
[3.015s] Installing joint_velocity_controller script to /home/spider/gwpspider_ws/install/controller/lib/controller
[3.015s] Installing legs_states_publisher script to /home/spider/gwpspider_ws/install/controller/lib/controller
[3.015s] writing list of installed files to '/home/spider/gwpspider_ws/build/controller/install.log'
[3.050s] Invoked command in '/home/spider/gwpspider_ws/src/gwpspider/controller' returned '0': PYTHONPATH=/home/spider/gwpspider_ws/build/controller/prefix_override:/home/spider/gwpspider_ws/install/controller/lib/python3.10/site-packages:${PYTHONPATH} /usr/bin/python3 setup.py egg_info --egg-base ../../../build/controller build --build-base /home/spider/gwpspider_ws/build/controller/build install --record /home/spider/gwpspider_ws/build/controller/install.log --single-version-externally-managed
