[2.338s] Invoking command in '/home/spider/gwpspider_ws/src/gwpspider/connection': PYTHONPATH=/home/spider/gwpspider_ws/build/connection/prefix_override:/home/spider/gwpspider_ws/install/connection/lib/python3.10/site-packages:${PYTHONPATH} /usr/bin/python3 setup.py egg_info --egg-base ../../../build/connection build --build-base /home/spider/gwpspider_ws/build/connection/build install --record /home/spider/gwpspider_ws/build/connection/install.log --single-version-externally-managed
[2.793s] running egg_info
[2.794s] writing ../../../build/connection/connection.egg-info/PKG-INFO
[2.794s] writing dependency_links to ../../../build/connection/connection.egg-info/dependency_links.txt
[2.794s] writing entry points to ../../../build/connection/connection.egg-info/entry_points.txt
[2.794s] writing requirements to ../../../build/connection/connection.egg-info/requires.txt
[2.794s] writing top-level names to ../../../build/connection/connection.egg-info/top_level.txt
[2.797s] reading manifest file '../../../build/connection/connection.egg-info/SOURCES.txt'
[2.798s] writing manifest file '../../../build/connection/connection.egg-info/SOURCES.txt'
[2.799s] running build
[2.799s] running build_py
[2.799s] running install
[2.799s] /usr/lib/python3/dist-packages/setuptools/command/install.py:34: SetuptoolsDeprecationWarning: setup.py install is deprecated. Use build and pip and other standards-based tools.
[2.799s]   warnings.warn(
[2.800s] running install_lib
[2.803s] running install_data
[2.816s] running install_egg_info
[2.818s] removing '/home/spider/gwpspider_ws/install/connection/lib/python3.10/site-packages/connection-0.0.0-py3.10.egg-info' (and everything under it)
[2.824s] Copying ../../../build/connection/connection.egg-info to /home/spider/gwpspider_ws/install/connection/lib/python3.10/site-packages/connection-0.0.0-py3.10.egg-info
[2.824s] running install_scripts
[2.860s] Installing backend script to /home/spider/gwpspider_ws/install/connection/lib/connection
[2.861s] Installing fastapi script to /home/spider/gwpspider_ws/install/connection/lib/connection
[2.861s] writing list of installed files to '/home/spider/gwpspider_ws/build/connection/install.log'
[2.910s] Invoked command in '/home/spider/gwpspider_ws/src/gwpspider/connection' returned '0': PYTHONPATH=/home/spider/gwpspider_ws/build/connection/prefix_override:/home/spider/gwpspider_ws/install/connection/lib/python3.10/site-packages:${PYTHONPATH} /usr/bin/python3 setup.py egg_info --egg-base ../../../build/connection build --build-base /home/spider/gwpspider_ws/build/connection/build install --record /home/spider/gwpspider_ws/build/connection/install.log --single-version-externally-managed
