[0.763s] Invoking command in '/home/spider/gwpspider_ws/src/gwpspider/configuration': PYTHONPATH=/home/spider/gwpspider_ws/build/configuration/prefix_override:/home/spider/gwpspider_ws/install/configuration/lib/python3.10/site-packages:${PYTHONPATH} /usr/bin/python3 setup.py egg_info --egg-base ../../../build/configuration build --build-base /home/spider/gwpspider_ws/build/configuration/build install --record /home/spider/gwpspider_ws/build/configuration/install.log --single-version-externally-managed
[0.983s] running egg_info
[0.984s] writing ../../../build/configuration/configuration.egg-info/PKG-INFO
[0.984s] writing dependency_links to ../../../build/configuration/configuration.egg-info/dependency_links.txt
[0.984s] writing entry points to ../../../build/configuration/configuration.egg-info/entry_points.txt
[0.984s] writing requirements to ../../../build/configuration/configuration.egg-info/requires.txt
[0.984s] writing top-level names to ../../../build/configuration/configuration.egg-info/top_level.txt
[0.986s] reading manifest file '../../../build/configuration/configuration.egg-info/SOURCES.txt'
[0.987s] writing manifest file '../../../build/configuration/configuration.egg-info/SOURCES.txt'
[0.987s] running build
[0.987s] running build_py
[0.987s] running install
[0.987s] /usr/lib/python3/dist-packages/setuptools/command/install.py:34: SetuptoolsDeprecationWarning: setup.py install is deprecated. Use build and pip and other standards-based tools.
[0.987s]   warnings.warn(
[0.988s] running install_lib
[0.989s] running install_data
[0.989s] running install_egg_info
[0.991s] removing '/home/spider/gwpspider_ws/install/configuration/lib/python3.10/site-packages/configuration-0.0.0-py3.10.egg-info' (and everything under it)
[0.991s] Copying ../../../build/configuration/configuration.egg-info to /home/spider/gwpspider_ws/install/configuration/lib/python3.10/site-packages/configuration-0.0.0-py3.10.egg-info
[0.992s] running install_scripts
[1.012s] writing list of installed files to '/home/spider/gwpspider_ws/build/configuration/install.log'
