[2.121s] Invoking command in '/home/spider/gwpspider_ws/src/gwpspider/controller': PYTHONPATH=/home/spider/gwpspider_ws/build/controller/prefix_override:/home/spider/gwpspider_ws/install/controller/lib/python3.10/site-packages:${PYTHONPATH} /usr/bin/python3 setup.py egg_info --egg-base ../../../build/controller build --build-base /home/spider/gwpspider_ws/build/controller/build install --record /home/spider/gwpspider_ws/build/controller/install.log --single-version-externally-managed
[2.513s] running egg_info
[2.514s] writing ../../../build/controller/controller.egg-info/PKG-INFO
[2.515s] writing dependency_links to ../../../build/controller/controller.egg-info/dependency_links.txt
[2.515s] writing entry points to ../../../build/controller/controller.egg-info/entry_points.txt
[2.515s] writing requirements to ../../../build/controller/controller.egg-info/requires.txt
[2.515s] writing top-level names to ../../../build/controller/controller.egg-info/top_level.txt
[2.518s] reading manifest file '../../../build/controller/controller.egg-info/SOURCES.txt'
[2.519s] writing manifest file '../../../build/controller/controller.egg-info/SOURCES.txt'
[2.520s] running build
[2.520s] running build_py
[2.520s] running install
[2.521s] /usr/lib/python3/dist-packages/setuptools/command/install.py:34: SetuptoolsDeprecationWarning: setup.py install is deprecated. Use build and pip and other standards-based tools.
[2.521s]   warnings.warn(
[2.521s] running install_lib
[2.523s] running install_data
[2.524s] running install_egg_info
[2.526s] removing '/home/spider/gwpspider_ws/install/controller/lib/python3.10/site-packages/controller-0.0.0-py3.10.egg-info' (and everything under it)
[2.527s] Copying ../../../build/controller/controller.egg-info to /home/spider/gwpspider_ws/install/controller/lib/python3.10/site-packages/controller-0.0.0-py3.10.egg-info
[2.528s] running install_scripts
[2.563s] Installing joint_velocity_controller script to /home/spider/gwpspider_ws/install/controller/lib/controller
[2.564s] Installing legs_states_publisher script to /home/spider/gwpspider_ws/install/controller/lib/controller
[2.564s] writing list of installed files to '/home/spider/gwpspider_ws/build/controller/install.log'
[2.675s] Invoked command in '/home/spider/gwpspider_ws/src/gwpspider/controller' returned '0': PYTHONPATH=/home/spider/gwpspider_ws/build/controller/prefix_override:/home/spider/gwpspider_ws/install/controller/lib/python3.10/site-packages:${PYTHONPATH} /usr/bin/python3 setup.py egg_info --egg-base ../../../build/controller build --build-base /home/spider/gwpspider_ws/build/controller/build install --record /home/spider/gwpspider_ws/build/controller/install.log --single-version-externally-managed
