[2.543s] Invoking command in '/home/spider/gwpspider_ws/src/gwpspider/configuration': PYTHONPATH=/home/spider/gwpspider_ws/build/configuration/prefix_override:/home/spider/gwpspider_ws/install/configuration/lib/python3.10/site-packages:${PYTHONPATH} /usr/bin/python3 setup.py egg_info --egg-base ../../../build/configuration build --build-base /home/spider/gwpspider_ws/build/configuration/build install --record /home/spider/gwpspider_ws/build/configuration/install.log --single-version-externally-managed
[2.972s] running egg_info
[2.974s] writing ../../../build/configuration/configuration.egg-info/PKG-INFO
[2.975s] writing dependency_links to ../../../build/configuration/configuration.egg-info/dependency_links.txt
[2.976s] writing entry points to ../../../build/configuration/configuration.egg-info/entry_points.txt
[2.977s] writing requirements to ../../../build/configuration/configuration.egg-info/requires.txt
[2.979s] writing top-level names to ../../../build/configuration/configuration.egg-info/top_level.txt
[2.982s] reading manifest file '../../../build/configuration/configuration.egg-info/SOURCES.txt'
[2.984s] writing manifest file '../../../build/configuration/configuration.egg-info/SOURCES.txt'
[2.984s] running build
[2.984s] running build_py
[2.984s] copying configuration/spider.py -> /home/spider/gwpspider_ws/build/configuration/build/lib/configuration
[2.985s] running install
[2.985s] /usr/lib/python3/dist-packages/setuptools/command/install.py:34: SetuptoolsDeprecationWarning: setup.py install is deprecated. Use build and pip and other standards-based tools.
[2.985s]   warnings.warn(
[2.985s] running install_lib
[2.986s] copying /home/spider/gwpspider_ws/build/configuration/build/lib/configuration/spider.py -> /home/spider/gwpspider_ws/install/configuration/lib/python3.10/site-packages/configuration
[2.990s] byte-compiling /home/spider/gwpspider_ws/install/configuration/lib/python3.10/site-packages/configuration/spider.py to spider.cpython-310.pyc
[2.991s] running install_data
[2.992s] running install_egg_info
[3.001s] removing '/home/spider/gwpspider_ws/install/configuration/lib/python3.10/site-packages/configuration-0.0.0-py3.10.egg-info' (and everything under it)
[3.001s] Copying ../../../build/configuration/configuration.egg-info to /home/spider/gwpspider_ws/install/configuration/lib/python3.10/site-packages/configuration-0.0.0-py3.10.egg-info
[3.002s] running install_scripts
[3.063s] writing list of installed files to '/home/spider/gwpspider_ws/build/configuration/install.log'
[3.537s] Invoked command in '/home/spider/gwpspider_ws/src/gwpspider/configuration' returned '0': PYTHONPATH=/home/spider/gwpspider_ws/build/configuration/prefix_override:/home/spider/gwpspider_ws/install/configuration/lib/python3.10/site-packages:${PYTHONPATH} /usr/bin/python3 setup.py egg_info --egg-base ../../../build/configuration build --build-base /home/spider/gwpspider_ws/build/configuration/build install --record /home/spider/gwpspider_ws/build/configuration/install.log --single-version-externally-managed
