[0.699s] Invoking command in '/home/spider/gwpspider_ws/src/gwpspider/application': PYTHONPATH=/home/spider/gwpspider_ws/build/application/prefix_override:/home/spider/gwpspider_ws/install/application/lib/python3.10/site-packages:${PYTHONPATH} /usr/bin/python3 setup.py egg_info --egg-base ../../../build/application build --build-base /home/spider/gwpspider_ws/build/application/build install --record /home/spider/gwpspider_ws/build/application/install.log --single-version-externally-managed
[0.991s] running egg_info
[0.992s] writing ../../../build/application/application.egg-info/PKG-INFO
[0.992s] writing dependency_links to ../../../build/application/application.egg-info/dependency_links.txt
[0.992s] writing entry points to ../../../build/application/application.egg-info/entry_points.txt
[0.992s] writing requirements to ../../../build/application/application.egg-info/requires.txt
[0.992s] writing top-level names to ../../../build/application/application.egg-info/top_level.txt
[0.994s] reading manifest file '../../../build/application/application.egg-info/SOURCES.txt'
[0.995s] writing manifest file '../../../build/application/application.egg-info/SOURCES.txt'
[0.995s] running build
[0.995s] running build_py
[0.996s] copying application/app.py -> /home/spider/gwpspider_ws/build/application/build/lib/application
[0.996s] running install
[0.996s] /usr/lib/python3/dist-packages/setuptools/command/install.py:34: SetuptoolsDeprecationWarning: setup.py install is deprecated. Use build and pip and other standards-based tools.
[0.996s]   warnings.warn(
[0.996s] running install_lib
[0.997s] copying /home/spider/gwpspider_ws/build/application/build/lib/application/app.py -> /home/spider/gwpspider_ws/install/application/lib/python3.10/site-packages/application
[0.998s] byte-compiling /home/spider/gwpspider_ws/install/application/lib/python3.10/site-packages/application/app.py to app.cpython-310.pyc
[1.000s] running install_data
[1.000s] running install_egg_info
[1.002s] removing '/home/spider/gwpspider_ws/install/application/lib/python3.10/site-packages/application-0.0.0-py3.10.egg-info' (and everything under it)
[1.002s] Copying ../../../build/application/application.egg-info to /home/spider/gwpspider_ws/install/application/lib/python3.10/site-packages/application-0.0.0-py3.10.egg-info
[1.003s] running install_scripts
[1.027s] Installing app script to /home/spider/gwpspider_ws/install/application/lib/application
[1.027s] writing list of installed files to '/home/spider/gwpspider_ws/build/application/install.log'
[1.051s] Invoked command in '/home/spider/gwpspider_ws/src/gwpspider/application' returned '0': PYTHONPATH=/home/spider/gwpspider_ws/build/application/prefix_override:/home/spider/gwpspider_ws/install/application/lib/python3.10/site-packages:${PYTHONPATH} /usr/bin/python3 setup.py egg_info --egg-base ../../../build/application build --build-base /home/spider/gwpspider_ws/build/application/build install --record /home/spider/gwpspider_ws/build/application/install.log --single-version-externally-managed
