running egg_info
writing ../../../build/application/application.egg-info/PKG-INFO
writing dependency_links to ../../../build/application/application.egg-info/dependency_links.txt
writing entry points to ../../../build/application/application.egg-info/entry_points.txt
writing requirements to ../../../build/application/application.egg-info/requires.txt
writing top-level names to ../../../build/application/application.egg-info/top_level.txt
reading manifest file '../../../build/application/application.egg-info/SOURCES.txt'
/usr/lib/python3/dist-packages/setuptools/command/install.py:34: SetuptoolsDeprecationWarning: setup.py install is deprecated. Use build and pip and other standards-based tools.
  warnings.warn(
writing manifest file '../../../build/application/application.egg-info/SOURCES.txt'
running build
running build_py
copying application/app.py -> /home/spider/gwpspider_ws/build/application/build/lib/application
running install
running install_lib
copying /home/spider/gwpspider_ws/build/application/build/lib/application/app.py -> /home/spider/gwpspider_ws/install/application/lib/python3.10/site-packages/application
byte-compiling /home/spider/gwpspider_ws/install/application/lib/python3.10/site-packages/application/app.py to app.cpython-310.pyc
running install_data
running install_egg_info
removing '/home/spider/gwpspider_ws/install/application/lib/python3.10/site-packages/application-0.0.0-py3.10.egg-info' (and everything under it)
Copying ../../../build/application/application.egg-info to /home/spider/gwpspider_ws/install/application/lib/python3.10/site-packages/application-0.0.0-py3.10.egg-info
running install_scripts
Installing app script to /home/spider/gwpspider_ws/install/application/lib/application
writing list of installed files to '/home/spider/gwpspider_ws/build/application/install.log'
