[2.504s] Invoking command in '/home/spider/gwpspider_ws/src/gwpspider/calculations': PYTHONPATH=/home/spider/gwpspider_ws/build/calculations/prefix_override:/home/spider/gwpspider_ws/install/calculations/lib/python3.10/site-packages:${PYTHONPATH} /usr/bin/python3 setup.py egg_info --egg-base ../../../build/calculations build --build-base /home/spider/gwpspider_ws/build/calculations/build install --record /home/spider/gwpspider_ws/build/calculations/install.log --single-version-externally-managed
[2.928s] running egg_info
[2.935s] writing ../../../build/calculations/calculations.egg-info/PKG-INFO
[2.936s] writing dependency_links to ../../../build/calculations/calculations.egg-info/dependency_links.txt
[2.936s] writing entry points to ../../../build/calculations/calculations.egg-info/entry_points.txt
[2.936s] writing requirements to ../../../build/calculations/calculations.egg-info/requires.txt
[2.936s] writing top-level names to ../../../build/calculations/calculations.egg-info/top_level.txt
[2.937s] reading manifest file '../../../build/calculations/calculations.egg-info/SOURCES.txt'
[2.939s] writing manifest file '../../../build/calculations/calculations.egg-info/SOURCES.txt'
[2.939s] running build
[2.939s] running build_py
[2.939s] running install
[2.940s] /usr/lib/python3/dist-packages/setuptools/command/install.py:34: SetuptoolsDeprecationWarning: setup.py install is deprecated. Use build and pip and other standards-based tools.
[2.940s]   warnings.warn(
[2.940s] running install_lib
[2.942s] running install_data
[2.943s] running install_egg_info
[2.945s] removing '/home/spider/gwpspider_ws/install/calculations/lib/python3.10/site-packages/calculations-0.0.0-py3.10.egg-info' (and everything under it)
[2.955s] Copying ../../../build/calculations/calculations.egg-info to /home/spider/gwpspider_ws/install/calculations/lib/python3.10/site-packages/calculations-0.0.0-py3.10.egg-info
[2.956s] running install_scripts
[2.987s] writing list of installed files to '/home/spider/gwpspider_ws/build/calculations/install.log'
[3.078s] Invoked command in '/home/spider/gwpspider_ws/src/gwpspider/calculations' returned '0': PYTHONPATH=/home/spider/gwpspider_ws/build/calculations/prefix_override:/home/spider/gwpspider_ws/install/calculations/lib/python3.10/site-packages:${PYTHONPATH} /usr/bin/python3 setup.py egg_info --egg-base ../../../build/calculations build --build-base /home/spider/gwpspider_ws/build/calculations/build install --record /home/spider/gwpspider_ws/build/calculations/install.log --single-version-externally-managed
