[0.542s] Invoking command in '/home/spider/gwpspider_ws/src/gwpspider/arduino_communication': PYTHONPATH=/home/spider/gwpspider_ws/build/arduino_communication/prefix_override:/home/spider/gwpspider_ws/install/arduino_communication/lib/python3.10/site-packages:${PYTHONPATH} /usr/bin/python3 setup.py egg_info --egg-base ../../../build/arduino_communication build --build-base /home/spider/gwpspider_ws/build/arduino_communication/build install --record /home/spider/gwpspider_ws/build/arduino_communication/install.log --single-version-externally-managed
[0.747s] running egg_info
[0.748s] writing ../../../build/arduino_communication/arduino_communication.egg-info/PKG-INFO
[0.748s] writing dependency_links to ../../../build/arduino_communication/arduino_communication.egg-info/dependency_links.txt
[0.748s] writing entry points to ../../../build/arduino_communication/arduino_communication.egg-info/entry_points.txt
[0.748s] writing requirements to ../../../build/arduino_communication/arduino_communication.egg-info/requires.txt
[0.748s] writing top-level names to ../../../build/arduino_communication/arduino_communication.egg-info/top_level.txt
[0.750s] reading manifest file '../../../build/arduino_communication/arduino_communication.egg-info/SOURCES.txt'
[0.751s] writing manifest file '../../../build/arduino_communication/arduino_communication.egg-info/SOURCES.txt'
[0.751s] running build
[0.751s] running build_py
[0.751s] copying arduino_communication/water_pumps_bno.py -> /home/spider/gwpspider_ws/build/arduino_communication/build/lib/arduino_communication
[0.751s] running install
[0.752s] /usr/lib/python3/dist-packages/setuptools/command/install.py:34: SetuptoolsDeprecationWarning: setup.py install is deprecated. Use build and pip and other standards-based tools.
[0.752s]   warnings.warn(
[0.752s] running install_lib
[0.753s] copying /home/spider/gwpspider_ws/build/arduino_communication/build/lib/arduino_communication/water_pumps_bno.py -> /home/spider/gwpspider_ws/install/arduino_communication/lib/python3.10/site-packages/arduino_communication
[0.753s] byte-compiling /home/spider/gwpspider_ws/install/arduino_communication/lib/python3.10/site-packages/arduino_communication/water_pumps_bno.py to water_pumps_bno.cpython-310.pyc
[0.754s] running install_data
[0.754s] running install_egg_info
[0.755s] removing '/home/spider/gwpspider_ws/install/arduino_communication/lib/python3.10/site-packages/arduino_communication-0.0.0-py3.10.egg-info' (and everything under it)
[0.756s] Copying ../../../build/arduino_communication/arduino_communication.egg-info to /home/spider/gwpspider_ws/install/arduino_communication/lib/python3.10/site-packages/arduino_communication-0.0.0-py3.10.egg-info
[0.756s] running install_scripts
[0.776s] Installing grippers_controller script to /home/spider/gwpspider_ws/install/arduino_communication/lib/arduino_communication
[0.776s] Installing water_pumps_bno_controller script to /home/spider/gwpspider_ws/install/arduino_communication/lib/arduino_communication
[0.777s] writing list of installed files to '/home/spider/gwpspider_ws/build/arduino_communication/install.log'
[0.798s] Invoked command in '/home/spider/gwpspider_ws/src/gwpspider/arduino_communication' returned '0': PYTHONPATH=/home/spider/gwpspider_ws/build/arduino_communication/prefix_override:/home/spider/gwpspider_ws/install/arduino_communication/lib/python3.10/site-packages:${PYTHONPATH} /usr/bin/python3 setup.py egg_info --egg-base ../../../build/arduino_communication build --build-base /home/spider/gwpspider_ws/build/arduino_communication/build install --record /home/spider/gwpspider_ws/build/arduino_communication/install.log --single-version-externally-managed
