[1.472s] Invoking command in '/home/spider/gwpspider_ws/build/gwpspider_interfaces': CMAKE_PREFIX_PATH=${CMAKE_PREFIX_PATH}:/home/spider/gwpspider_ws/install/utils:/home/spider/gwpspider_ws/install/planning:/home/spider/gwpspider_ws/install/dynamixel_interface:/home/spider/gwpspider_ws/install/controller:/home/spider/gwpspider_ws/install/configuration:/home/spider/gwpspider_ws/install/calculations:/home/spider/gwpspider_ws/install/arduino_communication:/home/spider/gwpspider_ws/install/application:/opt/ros/humble /home/spider/.local/bin/cmake --build /home/spider/gwpspider_ws/build/gwpspider_interfaces -- -j8 -l8
[1.545s] -- Found ament_cmake: 1.3.4 (/opt/ros/humble/share/ament_cmake/cmake)
[1.753s] -- Found rclcpp: 16.0.4 (/opt/ros/humble/share/rclcpp/cmake)
[1.827s] -- Found rosidl_generator_c: 3.1.4 (/opt/ros/humble/share/rosidl_generator_c/cmake)
[1.832s] -- Found rosidl_adapter: 3.1.4 (/opt/ros/humble/share/rosidl_adapter/cmake)
[1.845s] -- Found rosidl_generator_cpp: 3.1.4 (/opt/ros/humble/share/rosidl_generator_cpp/cmake)
[1.871s] -- Using all available rosidl_typesupport_c: rosidl_typesupport_fastrtps_c;rosidl_typesupport_introspection_c
[1.907s] -- Using all available rosidl_typesupport_cpp: rosidl_typesupport_fastrtps_cpp;rosidl_typesupport_introspection_cpp
[2.032s] -- Found rmw_implementation_cmake: 6.1.1 (/opt/ros/humble/share/rmw_implementation_cmake/cmake)
[2.033s] -- Found rmw_fastrtps_cpp: 6.2.2 (/opt/ros/humble/share/rmw_fastrtps_cpp/cmake)
[2.158s] -- Using RMW implementation 'rmw_fastrtps_cpp' as default
[2.448s] -- Found rclpy: 3.3.8 (/opt/ros/humble/share/rclpy/cmake)
[2.449s] -- Found rosidl_default_generators: 1.2.0 (/opt/ros/humble/share/rosidl_default_generators/cmake)
[3.091s] -- Found ament_cmake_ros: 0.10.0 (/opt/ros/humble/share/ament_cmake_ros/cmake)
[3.340s] -- Using all available rosidl_typesupport_c: rosidl_typesupport_fastrtps_c;rosidl_typesupport_introspection_c
[3.441s] -- Using all available rosidl_typesupport_cpp: rosidl_typesupport_fastrtps_cpp;rosidl_typesupport_introspection_cpp
[3.465s] -- Found python_cmake_module: 0.10.0 (/opt/ros/humble/share/python_cmake_module/cmake)
[3.489s] -- Using PYTHON_EXECUTABLE: /usr/bin/python3
[3.489s] -- Using PYTHON_INCLUDE_DIRS: /usr/include/python3.10
[3.489s] -- Using PYTHON_LIBRARIES: /usr/lib/x86_64-linux-gnu/libpython3.10.so
[3.532s] [31mCMake Error at /opt/ros/humble/share/ament_cmake_python/cmake/ament_python_install_package.cmake:122 (add_custom_target):
[3.532s]   add_custom_target cannot create target
[3.532s]   "ament_cmake_python_copy_gwpspider_interfaces" because another target with
[3.532s]   the same name already exists.  The existing target is a custom target
[3.532s]   created in source directory
[3.533s]   "/home/spider/gwpspider_ws/src/gwpspider/gwpspider_interfaces".  See
[3.533s]   documentation for policy CMP0002 for more details.
[3.533s] Call Stack (most recent call first):
[3.533s]   /opt/ros/humble/share/ament_cmake_python/cmake/ament_python_install_package.cmake:39 (_ament_cmake_python_install_package)
[3.533s]   CMakeLists.txt:56 (ament_python_install_package)
[3.533s] 
[3.533s] [0m
[3.533s] [31mCMake Error at /opt/ros/humble/share/ament_cmake_python/cmake/ament_python_install_package.cmake:141 (add_custom_target):
[3.533s]   add_custom_target cannot create target
[3.533s]   "ament_cmake_python_build_gwpspider_interfaces_egg" because another target
[3.533s]   with the same name already exists.  The existing target is a custom target
[3.533s]   created in source directory
[3.533s]   "/home/spider/gwpspider_ws/src/gwpspider/gwpspider_interfaces".  See
[3.533s]   documentation for policy CMP0002 for more details.
[3.533s] Call Stack (most recent call first):
[3.533s]   /opt/ros/humble/share/ament_cmake_python/cmake/ament_python_install_package.cmake:39 (_ament_cmake_python_install_package)
[3.533s]   CMakeLists.txt:56 (ament_python_install_package)
[3.533s] 
[3.533s] [0m
[3.534s] -- Found ament_lint_auto: 0.12.6 (/opt/ros/humble/share/ament_lint_auto/cmake)
[3.542s] -- Added test 'flake8' to check Python code syntax and style conventions
[3.543s] -- Added test 'lint_cmake' to check CMake code style
[3.544s] -- Added test 'pep257' to check Python code against some of the docstring style conventions in PEP 257
[3.546s] -- Added test 'xmllint' to check XML markup files
[3.547s] -- Configuring incomplete, errors occurred!
[3.556s] gmake: *** [Makefile:6147: cmake_check_build_system] Error 1
[3.561s] Invoked command in '/home/spider/gwpspider_ws/build/gwpspider_interfaces' returned '2': CMAKE_PREFIX_PATH=${CMAKE_PREFIX_PATH}:/home/spider/gwpspider_ws/install/utils:/home/spider/gwpspider_ws/install/planning:/home/spider/gwpspider_ws/install/dynamixel_interface:/home/spider/gwpspider_ws/install/controller:/home/spider/gwpspider_ws/install/configuration:/home/spider/gwpspider_ws/install/calculations:/home/spider/gwpspider_ws/install/arduino_communication:/home/spider/gwpspider_ws/install/application:/opt/ros/humble /home/spider/.local/bin/cmake --build /home/spider/gwpspider_ws/build/gwpspider_interfaces -- -j8 -l8
