[2.298s] Invoking command in '/home/spider/gwpspider_ws/src/gwpspider/controller': PYTHONPATH=/home/spider/gwpspider_ws/build/controller/prefix_override:/home/spider/gwpspider_ws/install/controller/lib/python3.10/site-packages:${PYTHONPATH} /usr/bin/python3 setup.py egg_info --egg-base ../../../build/controller build --build-base /home/spider/gwpspider_ws/build/controller/build install --record /home/spider/gwpspider_ws/build/controller/install.log --single-version-externally-managed
[2.739s] running egg_info
[2.741s] writing ../../../build/controller/controller.egg-info/PKG-INFO
[2.741s] writing dependency_links to ../../../build/controller/controller.egg-info/dependency_links.txt
[2.741s] writing entry points to ../../../build/controller/controller.egg-info/entry_points.txt
[2.741s] writing requirements to ../../../build/controller/controller.egg-info/requires.txt
[2.742s] writing top-level names to ../../../build/controller/controller.egg-info/top_level.txt
[2.745s] reading manifest file '../../../build/controller/controller.egg-info/SOURCES.txt'
[2.746s] writing manifest file '../../../build/controller/controller.egg-info/SOURCES.txt'
[2.746s] running build
[2.746s] running build_py
[2.747s] copying controller/joint_velocity_controller.py -> /home/spider/gwpspider_ws/build/controller/build/lib/controller
[2.747s] running install
[2.747s] /usr/lib/python3/dist-packages/setuptools/command/install.py:34: SetuptoolsDeprecationWarning: setup.py install is deprecated. Use build and pip and other standards-based tools.
[2.748s]   warnings.warn(
[2.748s] running install_lib
[2.749s] copying /home/spider/gwpspider_ws/build/controller/build/lib/controller/joint_velocity_controller.py -> /home/spider/gwpspider_ws/install/controller/lib/python3.10/site-packages/controller
[2.750s] byte-compiling /home/spider/gwpspider_ws/install/controller/lib/python3.10/site-packages/controller/joint_velocity_controller.py to joint_velocity_controller.cpython-310.pyc
[2.759s] running install_data
[2.760s] running install_egg_info
[2.762s] removing '/home/spider/gwpspider_ws/install/controller/lib/python3.10/site-packages/controller-0.0.0-py3.10.egg-info' (and everything under it)
[2.768s] Copying ../../../build/controller/controller.egg-info to /home/spider/gwpspider_ws/install/controller/lib/python3.10/site-packages/controller-0.0.0-py3.10.egg-info
[2.772s] running install_scripts
[2.818s] Installing joint_velocity_controller script to /home/spider/gwpspider_ws/install/controller/lib/controller
[2.818s] Installing legs_states_publisher script to /home/spider/gwpspider_ws/install/controller/lib/controller
[2.819s] writing list of installed files to '/home/spider/gwpspider_ws/build/controller/install.log'
[2.933s] Invoked command in '/home/spider/gwpspider_ws/src/gwpspider/controller' returned '0': PYTHONPATH=/home/spider/gwpspider_ws/build/controller/prefix_override:/home/spider/gwpspider_ws/install/controller/lib/python3.10/site-packages:${PYTHONPATH} /usr/bin/python3 setup.py egg_info --egg-base ../../../build/controller build --build-base /home/spider/gwpspider_ws/build/controller/build install --record /home/spider/gwpspider_ws/build/controller/install.log --single-version-externally-managed
