[1.009s] Invoking command in '/home/spider/gwpspider_ws/src/gwpspider/planning': PYTHONPATH=/home/spider/gwpspider_ws/build/planning/prefix_override:/home/spider/gwpspider_ws/install/planning/lib/python3.10/site-packages:${PYTHONPATH} /usr/bin/python3 setup.py egg_info --egg-base ../../../build/planning build --build-base /home/spider/gwpspider_ws/build/planning/build install --record /home/spider/gwpspider_ws/build/planning/install.log --single-version-externally-managed
[1.392s] running egg_info
[1.393s] writing ../../../build/planning/planning.egg-info/PKG-INFO
[1.394s] writing dependency_links to ../../../build/planning/planning.egg-info/dependency_links.txt
[1.394s] writing entry points to ../../../build/planning/planning.egg-info/entry_points.txt
[1.394s] writing requirements to ../../../build/planning/planning.egg-info/requires.txt
[1.394s] writing top-level names to ../../../build/planning/planning.egg-info/top_level.txt
[1.397s] reading manifest file '../../../build/planning/planning.egg-info/SOURCES.txt'
[1.398s] writing manifest file '../../../build/planning/planning.egg-info/SOURCES.txt'
[1.398s] running build
[1.398s] running build_py
[1.398s] copying planning/path_planner.py -> /home/spider/gwpspider_ws/build/planning/build/lib/planning
[1.399s] running install
[1.399s] /usr/lib/python3/dist-packages/setuptools/command/install.py:34: SetuptoolsDeprecationWarning: setup.py install is deprecated. Use build and pip and other standards-based tools.
[1.399s]   warnings.warn(
[1.399s] running install_lib
[1.400s] copying /home/spider/gwpspider_ws/build/planning/build/lib/planning/path_planner.py -> /home/spider/gwpspider_ws/install/planning/lib/python3.10/site-packages/planning
[1.401s] byte-compiling /home/spider/gwpspider_ws/install/planning/lib/python3.10/site-packages/planning/path_planner.py to path_planner.cpython-310.pyc
[1.402s]   File "/home/spider/gwpspider_ws/install/planning/lib/python3.10/site-packages/planning/path_planner.py", line 5
[1.402s]     from rclpy.executors import SingleThreadedExecutor()
[1.402s]                                                       ^
[1.402s] SyntaxError: invalid syntax
[1.402s] 
[1.402s] running install_data
[1.402s] running install_egg_info
[1.405s] removing '/home/spider/gwpspider_ws/install/planning/lib/python3.10/site-packages/planning-0.0.0-py3.10.egg-info' (and everything under it)
[1.405s] Copying ../../../build/planning/planning.egg-info to /home/spider/gwpspider_ws/install/planning/lib/python3.10/site-packages/planning-0.0.0-py3.10.egg-info
[1.406s] running install_scripts
[1.439s] Installing path_planner script to /home/spider/gwpspider_ws/install/planning/lib/planning
[1.439s] Installing trajectory_planner script to /home/spider/gwpspider_ws/install/planning/lib/planning
[1.440s] writing list of installed files to '/home/spider/gwpspider_ws/build/planning/install.log'
[1.502s] Invoked command in '/home/spider/gwpspider_ws/src/gwpspider/planning' returned '0': PYTHONPATH=/home/spider/gwpspider_ws/build/planning/prefix_override:/home/spider/gwpspider_ws/install/planning/lib/python3.10/site-packages:${PYTHONPATH} /usr/bin/python3 setup.py egg_info --egg-base ../../../build/planning build --build-base /home/spider/gwpspider_ws/build/planning/build install --record /home/spider/gwpspider_ws/build/planning/install.log --single-version-externally-managed
