[0.726s] Invoking command in '/home/spider/gwpspider_ws/src/gwpspider/application': PYTHONPATH=/home/spider/gwpspider_ws/build/application/prefix_override:/home/spider/gwpspider_ws/install/application/lib/python3.10/site-packages:${PYTHONPATH} /usr/bin/python3 setup.py egg_info --egg-base ../../../build/application build --build-base /home/spider/gwpspider_ws/build/application/build install --record /home/spider/gwpspider_ws/build/application/install.log --single-version-externally-managed
[1.014s] running egg_info
[1.015s] writing ../../../build/application/application.egg-info/PKG-INFO
[1.015s] writing dependency_links to ../../../build/application/application.egg-info/dependency_links.txt
[1.015s] writing entry points to ../../../build/application/application.egg-info/entry_points.txt
[1.016s] writing requirements to ../../../build/application/application.egg-info/requires.txt
[1.016s] writing top-level names to ../../../build/application/application.egg-info/top_level.txt
[1.018s] reading manifest file '../../../build/application/application.egg-info/SOURCES.txt'
[1.019s] writing manifest file '../../../build/application/application.egg-info/SOURCES.txt'
[1.019s] running build
[1.020s] running build_py
[1.020s] running install
[1.020s] /usr/lib/python3/dist-packages/setuptools/command/install.py:34: SetuptoolsDeprecationWarning: setup.py install is deprecated. Use build and pip and other standards-based tools.
[1.020s]   warnings.warn(
[1.020s] running install_lib
[1.022s] running install_data
[1.023s] running install_egg_info
[1.025s] removing '/home/spider/gwpspider_ws/install/application/lib/python3.10/site-packages/application-0.0.0-py3.10.egg-info' (and everything under it)
[1.025s] Copying ../../../build/application/application.egg-info to /home/spider/gwpspider_ws/install/application/lib/python3.10/site-packages/application-0.0.0-py3.10.egg-info
[1.026s] running install_scripts
[1.052s] Installing app script to /home/spider/gwpspider_ws/install/application/lib/application
[1.052s] writing list of installed files to '/home/spider/gwpspider_ws/build/application/install.log'
[1.077s] Invoked command in '/home/spider/gwpspider_ws/src/gwpspider/application' returned '0': PYTHONPATH=/home/spider/gwpspider_ws/build/application/prefix_override:/home/spider/gwpspider_ws/install/application/lib/python3.10/site-packages:${PYTHONPATH} /usr/bin/python3 setup.py egg_info --egg-base ../../../build/application build --build-base /home/spider/gwpspider_ws/build/application/build install --record /home/spider/gwpspider_ws/build/application/install.log --single-version-externally-managed
