[2.519s] Invoking command in '/home/spider/gwpspider_ws/src/gwpspider/configuration': PYTHONPATH=/home/spider/gwpspider_ws/build/configuration/prefix_override:/home/spider/gwpspider_ws/install/configuration/lib/python3.10/site-packages:${PYTHONPATH} /usr/bin/python3 setup.py egg_info --egg-base ../../../build/configuration build --build-base /home/spider/gwpspider_ws/build/configuration/build install --record /home/spider/gwpspider_ws/build/configuration/install.log --single-version-externally-managed
[3.028s] running egg_info
[3.029s] writing ../../../build/configuration/configuration.egg-info/PKG-INFO
[3.031s] writing dependency_links to ../../../build/configuration/configuration.egg-info/dependency_links.txt
[3.031s] writing entry points to ../../../build/configuration/configuration.egg-info/entry_points.txt
[3.031s] writing requirements to ../../../build/configuration/configuration.egg-info/requires.txt
[3.034s] writing top-level names to ../../../build/configuration/configuration.egg-info/top_level.txt
[3.035s] reading manifest file '../../../build/configuration/configuration.egg-info/SOURCES.txt'
[3.036s] writing manifest file '../../../build/configuration/configuration.egg-info/SOURCES.txt'
[3.036s] running build
[3.036s] running build_py
[3.036s] copying configuration/ros_config.py -> /home/spider/gwpspider_ws/build/configuration/build/lib/configuration
[3.037s] running install
[3.037s] /usr/lib/python3/dist-packages/setuptools/command/install.py:34: SetuptoolsDeprecationWarning: setup.py install is deprecated. Use build and pip and other standards-based tools.
[3.037s]   warnings.warn(
[3.038s] running install_lib
[3.041s] copying /home/spider/gwpspider_ws/build/configuration/build/lib/configuration/ros_config.py -> /home/spider/gwpspider_ws/install/configuration/lib/python3.10/site-packages/configuration
[3.041s] byte-compiling /home/spider/gwpspider_ws/install/configuration/lib/python3.10/site-packages/configuration/ros_config.py to ros_config.cpython-310.pyc
[3.041s] running install_data
[3.041s] running install_egg_info
[3.044s] removing '/home/spider/gwpspider_ws/install/configuration/lib/python3.10/site-packages/configuration-0.0.0-py3.10.egg-info' (and everything under it)
[3.044s] Copying ../../../build/configuration/configuration.egg-info to /home/spider/gwpspider_ws/install/configuration/lib/python3.10/site-packages/configuration-0.0.0-py3.10.egg-info
[3.046s] running install_scripts
[3.076s] writing list of installed files to '/home/spider/gwpspider_ws/build/configuration/install.log'
[3.103s] Invoked command in '/home/spider/gwpspider_ws/src/gwpspider/configuration' returned '0': PYTHONPATH=/home/spider/gwpspider_ws/build/configuration/prefix_override:/home/spider/gwpspider_ws/install/configuration/lib/python3.10/site-packages:${PYTHONPATH} /usr/bin/python3 setup.py egg_info --egg-base ../../../build/configuration build --build-base /home/spider/gwpspider_ws/build/configuration/build install --record /home/spider/gwpspider_ws/build/configuration/install.log --single-version-externally-managed
