[2.416s] Invoking command in '/home/spider/gwpspider_ws/src/gwpspider/calculations': PYTHONPATH=/home/spider/gwpspider_ws/build/calculations/prefix_override:/home/spider/gwpspider_ws/install/calculations/lib/python3.10/site-packages:${PYTHONPATH} /usr/bin/python3 setup.py egg_info --egg-base ../../../build/calculations build --build-base /home/spider/gwpspider_ws/build/calculations/build install --record /home/spider/gwpspider_ws/build/calculations/install.log --single-version-externally-managed
[2.993s] running egg_info
[2.995s] writing ../../../build/calculations/calculations.egg-info/PKG-INFO
[2.995s] writing dependency_links to ../../../build/calculations/calculations.egg-info/dependency_links.txt
[2.995s] writing entry points to ../../../build/calculations/calculations.egg-info/entry_points.txt
[2.995s] writing requirements to ../../../build/calculations/calculations.egg-info/requires.txt
[2.995s] writing top-level names to ../../../build/calculations/calculations.egg-info/top_level.txt
[2.999s] reading manifest file '../../../build/calculations/calculations.egg-info/SOURCES.txt'
[3.009s] writing manifest file '../../../build/calculations/calculations.egg-info/SOURCES.txt'
[3.009s] running build
[3.009s] running build_py
[3.012s] running install
[3.012s] /usr/lib/python3/dist-packages/setuptools/command/install.py:34: SetuptoolsDeprecationWarning: setup.py install is deprecated. Use build and pip and other standards-based tools.
[3.013s]   warnings.warn(
[3.014s] running install_lib
[3.017s] running install_data
[3.018s] running install_egg_info
[3.031s] removing '/home/spider/gwpspider_ws/install/calculations/lib/python3.10/site-packages/calculations-0.0.0-py3.10.egg-info' (and everything under it)
[3.032s] Copying ../../../build/calculations/calculations.egg-info to /home/spider/gwpspider_ws/install/calculations/lib/python3.10/site-packages/calculations-0.0.0-py3.10.egg-info
[3.033s] running install_scripts
[3.087s] writing list of installed files to '/home/spider/gwpspider_ws/build/calculations/install.log'
[3.434s] Invoked command in '/home/spider/gwpspider_ws/src/gwpspider/calculations' returned '0': PYTHONPATH=/home/spider/gwpspider_ws/build/calculations/prefix_override:/home/spider/gwpspider_ws/install/calculations/lib/python3.10/site-packages:${PYTHONPATH} /usr/bin/python3 setup.py egg_info --egg-base ../../../build/calculations build --build-base /home/spider/gwpspider_ws/build/calculations/build install --record /home/spider/gwpspider_ws/build/calculations/install.log --single-version-externally-managed
