[3.359s] Invoking command in '/home/spider/gwpspider_ws/src/gwpspider/arduino_communication': PYTHONPATH=/home/spider/gwpspider_ws/build/arduino_communication/prefix_override:/home/spider/gwpspider_ws/install/arduino_communication/lib/python3.10/site-packages:${PYTHONPATH} /usr/bin/python3 setup.py egg_info --egg-base ../../../build/arduino_communication build --build-base /home/spider/gwpspider_ws/build/arduino_communication/build install --record /home/spider/gwpspider_ws/build/arduino_communication/install.log --single-version-externally-managed
[4.011s] running egg_info
[4.012s] writing ../../../build/arduino_communication/arduino_communication.egg-info/PKG-INFO
[4.012s] writing dependency_links to ../../../build/arduino_communication/arduino_communication.egg-info/dependency_links.txt
[4.012s] writing entry points to ../../../build/arduino_communication/arduino_communication.egg-info/entry_points.txt
[4.013s] writing requirements to ../../../build/arduino_communication/arduino_communication.egg-info/requires.txt
[4.013s] writing top-level names to ../../../build/arduino_communication/arduino_communication.egg-info/top_level.txt
[4.013s] reading manifest file '../../../build/arduino_communication/arduino_communication.egg-info/SOURCES.txt'
[4.021s] writing manifest file '../../../build/arduino_communication/arduino_communication.egg-info/SOURCES.txt'
[4.021s] running build
[4.021s] running build_py
[4.021s] /usr/lib/python3/dist-packages/setuptools/command/install.py:34: SetuptoolsDeprecationWarning: setup.py install is deprecated. Use build and pip and other standards-based tools.
[4.021s]   warnings.warn(
[4.021s] running install
[4.022s] running install_lib
[4.022s] running install_data
[4.022s] running install_egg_info
[4.028s] removing '/home/spider/gwpspider_ws/install/arduino_communication/lib/python3.10/site-packages/arduino_communication-0.0.0-py3.10.egg-info' (and everything under it)
[4.028s] Copying ../../../build/arduino_communication/arduino_communication.egg-info to /home/spider/gwpspider_ws/install/arduino_communication/lib/python3.10/site-packages/arduino_communication-0.0.0-py3.10.egg-info
[4.028s] running install_scripts
[4.066s] Installing grippers_controller script to /home/spider/gwpspider_ws/install/arduino_communication/lib/arduino_communication
[4.067s] Installing water_pumps_bno_controller script to /home/spider/gwpspider_ws/install/arduino_communication/lib/arduino_communication
[4.068s] writing list of installed files to '/home/spider/gwpspider_ws/build/arduino_communication/install.log'
[4.098s] Invoked command in '/home/spider/gwpspider_ws/src/gwpspider/arduino_communication' returned '0': PYTHONPATH=/home/spider/gwpspider_ws/build/arduino_communication/prefix_override:/home/spider/gwpspider_ws/install/arduino_communication/lib/python3.10/site-packages:${PYTHONPATH} /usr/bin/python3 setup.py egg_info --egg-base ../../../build/arduino_communication build --build-base /home/spider/gwpspider_ws/build/arduino_communication/build install --record /home/spider/gwpspider_ws/build/arduino_communication/install.log --single-version-externally-managed
