[2.467s] Invoking command in '/home/spider/gwpspider_ws/src/gwpspider/application': PYTHONPATH=/home/spider/gwpspider_ws/build/application/prefix_override:/home/spider/gwpspider_ws/install/application/lib/python3.10/site-packages:${PYTHONPATH} /usr/bin/python3 setup.py egg_info --egg-base ../../../build/application build --build-base /home/spider/gwpspider_ws/build/application/build install --record /home/spider/gwpspider_ws/build/application/install.log --single-version-externally-managed
[3.328s] running egg_info
[3.329s] writing ../../../build/application/application.egg-info/PKG-INFO
[3.329s] writing dependency_links to ../../../build/application/application.egg-info/dependency_links.txt
[3.329s] writing entry points to ../../../build/application/application.egg-info/entry_points.txt
[3.329s] writing requirements to ../../../build/application/application.egg-info/requires.txt
[3.329s] writing top-level names to ../../../build/application/application.egg-info/top_level.txt
[3.333s] reading manifest file '../../../build/application/application.egg-info/SOURCES.txt'
[3.334s] writing manifest file '../../../build/application/application.egg-info/SOURCES.txt'
[3.334s] running build
[3.335s] running build_py
[3.335s] running install
[3.336s] /usr/lib/python3/dist-packages/setuptools/command/install.py:34: SetuptoolsDeprecationWarning: setup.py install is deprecated. Use build and pip and other standards-based tools.
[3.336s]   warnings.warn(
[3.337s] running install_lib
[3.339s] running install_data
[3.340s] running install_egg_info
[3.342s] removing '/home/spider/gwpspider_ws/install/application/lib/python3.10/site-packages/application-0.0.0-py3.10.egg-info' (and everything under it)
[3.349s] Copying ../../../build/application/application.egg-info to /home/spider/gwpspider_ws/install/application/lib/python3.10/site-packages/application-0.0.0-py3.10.egg-info
[3.350s] running install_scripts
[3.383s] Installing app script to /home/spider/gwpspider_ws/install/application/lib/application
[3.384s] writing list of installed files to '/home/spider/gwpspider_ws/build/application/install.log'
[3.672s] Invoked command in '/home/spider/gwpspider_ws/src/gwpspider/application' returned '0': PYTHONPATH=/home/spider/gwpspider_ws/build/application/prefix_override:/home/spider/gwpspider_ws/install/application/lib/python3.10/site-packages:${PYTHONPATH} /usr/bin/python3 setup.py egg_info --egg-base ../../../build/application build --build-base /home/spider/gwpspider_ws/build/application/build install --record /home/spider/gwpspider_ws/build/application/install.log --single-version-externally-managed
