[1.581s] Invoking command in '/home/spider/gwpspider_ws/src/gwpspider/utils': PYTHONPATH=/home/spider/gwpspider_ws/build/utils/prefix_override:/home/spider/gwpspider_ws/install/utils/lib/python3.10/site-packages:${PYTHONPATH} /usr/bin/python3 setup.py egg_info --egg-base ../../../build/utils build --build-base /home/spider/gwpspider_ws/build/utils/build install --record /home/spider/gwpspider_ws/build/utils/install.log --single-version-externally-managed
[1.898s] running egg_info
[1.899s] writing ../../../build/utils/utils.egg-info/PKG-INFO
[1.900s] writing dependency_links to ../../../build/utils/utils.egg-info/dependency_links.txt
[1.900s] writing entry points to ../../../build/utils/utils.egg-info/entry_points.txt
[1.901s] writing requirements to ../../../build/utils/utils.egg-info/requires.txt
[1.902s] writing top-level names to ../../../build/utils/utils.egg-info/top_level.txt
[1.902s] reading manifest file '../../../build/utils/utils.egg-info/SOURCES.txt'
[1.902s] writing manifest file '../../../build/utils/utils.egg-info/SOURCES.txt'
[1.903s] running build
[1.903s] running build_py
[1.903s] running install
[1.903s] /usr/lib/python3/dist-packages/setuptools/command/install.py:34: SetuptoolsDeprecationWarning: setup.py install is deprecated. Use build and pip and other standards-based tools.
[1.904s]   warnings.warn(
[1.904s] running install_lib
[1.906s] running install_data
[1.906s] running install_egg_info
[1.908s] removing '/home/spider/gwpspider_ws/install/utils/lib/python3.10/site-packages/utils-0.0.0-py3.10.egg-info' (and everything under it)
[1.909s] Copying ../../../build/utils/utils.egg-info to /home/spider/gwpspider_ws/install/utils/lib/python3.10/site-packages/utils-0.0.0-py3.10.egg-info
[1.910s] running install_scripts
[1.941s] writing list of installed files to '/home/spider/gwpspider_ws/build/utils/install.log'
[1.974s] Invoked command in '/home/spider/gwpspider_ws/src/gwpspider/utils' returned '0': PYTHONPATH=/home/spider/gwpspider_ws/build/utils/prefix_override:/home/spider/gwpspider_ws/install/utils/lib/python3.10/site-packages:${PYTHONPATH} /usr/bin/python3 setup.py egg_info --egg-base ../../../build/utils build --build-base /home/spider/gwpspider_ws/build/utils/build install --record /home/spider/gwpspider_ws/build/utils/install.log --single-version-externally-managed
