[2.599s] Invoking command in '/home/spider/gwpspider_ws/src/gwpspider/connection': PYTHONPATH=/home/spider/gwpspider_ws/build/connection/prefix_override:/home/spider/gwpspider_ws/install/connection/lib/python3.10/site-packages:${PYTHONPATH} /usr/bin/python3 setup.py egg_info --egg-base ../../../build/connection build --build-base /home/spider/gwpspider_ws/build/connection/build install --record /home/spider/gwpspider_ws/build/connection/install.log --single-version-externally-managed
[3.062s] running egg_info
[3.062s] writing ../../../build/connection/connection.egg-info/PKG-INFO
[3.062s] writing dependency_links to ../../../build/connection/connection.egg-info/dependency_links.txt
[3.062s] writing entry points to ../../../build/connection/connection.egg-info/entry_points.txt
[3.062s] writing requirements to ../../../build/connection/connection.egg-info/requires.txt
[3.063s] writing top-level names to ../../../build/connection/connection.egg-info/top_level.txt
[3.066s] reading manifest file '../../../build/connection/connection.egg-info/SOURCES.txt'
[3.072s] writing manifest file '../../../build/connection/connection.egg-info/SOURCES.txt'
[3.072s] running build
[3.073s] running build_py
[3.073s] running install
[3.073s] running install_lib
[3.080s] running install_data
[3.081s] running install_egg_info
[3.081s] /usr/lib/python3/dist-packages/setuptools/command/install.py:34: SetuptoolsDeprecationWarning: setup.py install is deprecated. Use build and pip and other standards-based tools.
[3.081s]   warnings.warn(
[3.082s] removing '/home/spider/gwpspider_ws/install/connection/lib/python3.10/site-packages/connection-0.0.0-py3.10.egg-info' (and everything under it)
[3.082s] Copying ../../../build/connection/connection.egg-info to /home/spider/gwpspider_ws/install/connection/lib/python3.10/site-packages/connection-0.0.0-py3.10.egg-info
[3.082s] running install_scripts
[3.120s] Installing backend script to /home/spider/gwpspider_ws/install/connection/lib/connection
[3.120s] Installing fastapi script to /home/spider/gwpspider_ws/install/connection/lib/connection
[3.124s] writing list of installed files to '/home/spider/gwpspider_ws/build/connection/install.log'
[3.466s] Invoked command in '/home/spider/gwpspider_ws/src/gwpspider/connection' returned '0': PYTHONPATH=/home/spider/gwpspider_ws/build/connection/prefix_override:/home/spider/gwpspider_ws/install/connection/lib/python3.10/site-packages:${PYTHONPATH} /usr/bin/python3 setup.py egg_info --egg-base ../../../build/connection build --build-base /home/spider/gwpspider_ws/build/connection/build install --record /home/spider/gwpspider_ws/build/connection/install.log --single-version-externally-managed
