[1.145s] Invoking command in '/home/spider/gwpspider_ws/src/gwpspider/offset_prediction_model': PYTHONPATH=/home/spider/gwpspider_ws/build/offset_prediction_model/prefix_override:/home/spider/gwpspider_ws/install/offset_prediction_model/lib/python3.10/site-packages:${PYTHONPATH} /usr/bin/python3 setup.py egg_info --egg-base ../../../build/offset_prediction_model build --build-base /home/spider/gwpspider_ws/build/offset_prediction_model/build install --record /home/spider/gwpspider_ws/build/offset_prediction_model/install.log --single-version-externally-managed
[1.497s] running egg_info
[1.498s] writing ../../../build/offset_prediction_model/offset_prediction_model.egg-info/PKG-INFO
[1.499s] writing dependency_links to ../../../build/offset_prediction_model/offset_prediction_model.egg-info/dependency_links.txt
[1.499s] writing entry points to ../../../build/offset_prediction_model/offset_prediction_model.egg-info/entry_points.txt
[1.499s] writing requirements to ../../../build/offset_prediction_model/offset_prediction_model.egg-info/requires.txt
[1.499s] writing top-level names to ../../../build/offset_prediction_model/offset_prediction_model.egg-info/top_level.txt
[1.502s] reading manifest file '../../../build/offset_prediction_model/offset_prediction_model.egg-info/SOURCES.txt'
[1.503s] writing manifest file '../../../build/offset_prediction_model/offset_prediction_model.egg-info/SOURCES.txt'
[1.503s] running build
[1.504s] running build_py
[1.505s] running install
[1.505s] /usr/lib/python3/dist-packages/setuptools/command/install.py:34: SetuptoolsDeprecationWarning: setup.py install is deprecated. Use build and pip and other standards-based tools.
[1.505s]   warnings.warn(
[1.506s] running install_lib
[1.506s] running install_data
[1.508s] running install_egg_info
[1.510s] removing '/home/spider/gwpspider_ws/install/offset_prediction_model/lib/python3.10/site-packages/offset_prediction_model-0.0.0-py3.10.egg-info' (and everything under it)
[1.511s] Copying ../../../build/offset_prediction_model/offset_prediction_model.egg-info to /home/spider/gwpspider_ws/install/offset_prediction_model/lib/python3.10/site-packages/offset_prediction_model-0.0.0-py3.10.egg-info
[1.512s] running install_scripts
[1.542s] Installing offset_predictor script to /home/spider/gwpspider_ws/install/offset_prediction_model/lib/offset_prediction_model
[1.543s] writing list of installed files to '/home/spider/gwpspider_ws/build/offset_prediction_model/install.log'
[1.600s] Invoked command in '/home/spider/gwpspider_ws/src/gwpspider/offset_prediction_model' returned '0': PYTHONPATH=/home/spider/gwpspider_ws/build/offset_prediction_model/prefix_override:/home/spider/gwpspider_ws/install/offset_prediction_model/lib/python3.10/site-packages:${PYTHONPATH} /usr/bin/python3 setup.py egg_info --egg-base ../../../build/offset_prediction_model build --build-base /home/spider/gwpspider_ws/build/offset_prediction_model/build install --record /home/spider/gwpspider_ws/build/offset_prediction_model/install.log --single-version-externally-managed
