[2.712s] Invoking command in '/home/spider/gwpspider_ws/src/gwpspider/controller': PYTHONPATH=/home/spider/gwpspider_ws/build/controller/prefix_override:/home/spider/gwpspider_ws/install/controller/lib/python3.10/site-packages:${PYTHONPATH} /usr/bin/python3 setup.py egg_info --egg-base ../../../build/controller build --build-base /home/spider/gwpspider_ws/build/controller/build install --record /home/spider/gwpspider_ws/build/controller/install.log --single-version-externally-managed
[3.422s] running egg_info
[3.422s] writing ../../../build/controller/controller.egg-info/PKG-INFO
[3.422s] writing dependency_links to ../../../build/controller/controller.egg-info/dependency_links.txt
[3.422s] writing entry points to ../../../build/controller/controller.egg-info/entry_points.txt
[3.422s] writing requirements to ../../../build/controller/controller.egg-info/requires.txt
[3.422s] writing top-level names to ../../../build/controller/controller.egg-info/top_level.txt
[3.422s] reading manifest file '../../../build/controller/controller.egg-info/SOURCES.txt'
[3.423s] writing manifest file '../../../build/controller/controller.egg-info/SOURCES.txt'
[3.424s] running build
[3.424s] running build_py
[3.424s] copying controller/joint_velocity_controller.py -> /home/spider/gwpspider_ws/build/controller/build/lib/controller
[3.424s] running install
[3.424s] /usr/lib/python3/dist-packages/setuptools/command/install.py:34: SetuptoolsDeprecationWarning: setup.py install is deprecated. Use build and pip and other standards-based tools.
[3.425s]   warnings.warn(
[3.425s] running install_lib
[3.430s] copying /home/spider/gwpspider_ws/build/controller/build/lib/controller/joint_velocity_controller.py -> /home/spider/gwpspider_ws/install/controller/lib/python3.10/site-packages/controller
[3.430s] byte-compiling /home/spider/gwpspider_ws/install/controller/lib/python3.10/site-packages/controller/joint_velocity_controller.py to joint_velocity_controller.cpython-310.pyc
[3.434s] running install_data
[3.435s] running install_egg_info
[3.450s] removing '/home/spider/gwpspider_ws/install/controller/lib/python3.10/site-packages/controller-0.0.0-py3.10.egg-info' (and everything under it)
[3.451s] Copying ../../../build/controller/controller.egg-info to /home/spider/gwpspider_ws/install/controller/lib/python3.10/site-packages/controller-0.0.0-py3.10.egg-info
[3.462s] running install_scripts
[3.519s] Installing joint_velocity_controller script to /home/spider/gwpspider_ws/install/controller/lib/controller
[3.520s] Installing legs_states_publisher script to /home/spider/gwpspider_ws/install/controller/lib/controller
[3.520s] writing list of installed files to '/home/spider/gwpspider_ws/build/controller/install.log'
[3.819s] Invoked command in '/home/spider/gwpspider_ws/src/gwpspider/controller' returned '0': PYTHONPATH=/home/spider/gwpspider_ws/build/controller/prefix_override:/home/spider/gwpspider_ws/install/controller/lib/python3.10/site-packages:${PYTHONPATH} /usr/bin/python3 setup.py egg_info --egg-base ../../../build/controller build --build-base /home/spider/gwpspider_ws/build/controller/build install --record /home/spider/gwpspider_ws/build/controller/install.log --single-version-externally-managed
