[3.000s] Invoking command in '/home/spider/gwpspider_ws/src/gwpspider/controller': PYTHONPATH=/home/spider/gwpspider_ws/build/controller/prefix_override:/home/spider/gwpspider_ws/install/controller/lib/python3.10/site-packages:${PYTHONPATH} /usr/bin/python3 setup.py egg_info --egg-base ../../../build/controller build --build-base /home/spider/gwpspider_ws/build/controller/build install --record /home/spider/gwpspider_ws/build/controller/install.log --single-version-externally-managed
[3.988s] running egg_info
[3.988s] writing ../../../build/controller/controller.egg-info/PKG-INFO
[3.988s] writing dependency_links to ../../../build/controller/controller.egg-info/dependency_links.txt
[3.989s] writing entry points to ../../../build/controller/controller.egg-info/entry_points.txt
[3.989s] writing requirements to ../../../build/controller/controller.egg-info/requires.txt
[3.989s] writing top-level names to ../../../build/controller/controller.egg-info/top_level.txt
[3.991s] reading manifest file '../../../build/controller/controller.egg-info/SOURCES.txt'
[3.993s] writing manifest file '../../../build/controller/controller.egg-info/SOURCES.txt'
[3.993s] running build
[3.993s] running build_py
[3.996s] /usr/lib/python3/dist-packages/setuptools/command/install.py:34: SetuptoolsDeprecationWarning: setup.py install is deprecated. Use build and pip and other standards-based tools.
[3.996s]   warnings.warn(
[3.996s] running install
[3.996s] running install_lib
[4.000s] running install_data
[4.000s] running install_egg_info
[4.000s] removing '/home/spider/gwpspider_ws/install/controller/lib/python3.10/site-packages/controller-0.0.0-py3.10.egg-info' (and everything under it)
[4.000s] Copying ../../../build/controller/controller.egg-info to /home/spider/gwpspider_ws/install/controller/lib/python3.10/site-packages/controller-0.0.0-py3.10.egg-info
[4.004s] running install_scripts
[4.039s] Installing joint_velocity_controller script to /home/spider/gwpspider_ws/install/controller/lib/controller
[4.039s] Installing legs_states_publisher script to /home/spider/gwpspider_ws/install/controller/lib/controller
[4.039s] writing list of installed files to '/home/spider/gwpspider_ws/build/controller/install.log'
[4.227s] Invoked command in '/home/spider/gwpspider_ws/src/gwpspider/controller' returned '0': PYTHONPATH=/home/spider/gwpspider_ws/build/controller/prefix_override:/home/spider/gwpspider_ws/install/controller/lib/python3.10/site-packages:${PYTHONPATH} /usr/bin/python3 setup.py egg_info --egg-base ../../../build/controller build --build-base /home/spider/gwpspider_ws/build/controller/build install --record /home/spider/gwpspider_ws/build/controller/install.log --single-version-externally-managed
