[2.953s] Invoking command in '/home/spider/gwpspider_ws/src/gwpspider/configuration': PYTHONPATH=/home/spider/gwpspider_ws/build/configuration/prefix_override:/home/spider/gwpspider_ws/install/configuration/lib/python3.10/site-packages:${PYTHONPATH} /usr/bin/python3 setup.py egg_info --egg-base ../../../build/configuration build --build-base /home/spider/gwpspider_ws/build/configuration/build install --record /home/spider/gwpspider_ws/build/configuration/install.log --single-version-externally-managed
[3.807s] running egg_info
[3.812s] writing ../../../build/configuration/configuration.egg-info/PKG-INFO
[3.814s] writing dependency_links to ../../../build/configuration/configuration.egg-info/dependency_links.txt
[3.815s] writing entry points to ../../../build/configuration/configuration.egg-info/entry_points.txt
[3.816s] writing requirements to ../../../build/configuration/configuration.egg-info/requires.txt
[3.817s] writing top-level names to ../../../build/configuration/configuration.egg-info/top_level.txt
[3.820s] reading manifest file '../../../build/configuration/configuration.egg-info/SOURCES.txt'
[3.822s] writing manifest file '../../../build/configuration/configuration.egg-info/SOURCES.txt'
[3.824s] running build
[3.824s] running build_py
[3.825s] running install
[3.826s] /usr/lib/python3/dist-packages/setuptools/command/install.py:34: SetuptoolsDeprecationWarning: setup.py install is deprecated. Use build and pip and other standards-based tools.
[3.827s]   warnings.warn(
[3.839s] running install_lib
[3.839s] running install_data
[3.839s] running install_egg_info
[3.839s] removing '/home/spider/gwpspider_ws/install/configuration/lib/python3.10/site-packages/configuration-0.0.0-py3.10.egg-info' (and everything under it)
[3.839s] Copying ../../../build/configuration/configuration.egg-info to /home/spider/gwpspider_ws/install/configuration/lib/python3.10/site-packages/configuration-0.0.0-py3.10.egg-info
[3.853s] running install_scripts
[3.928s] writing list of installed files to '/home/spider/gwpspider_ws/build/configuration/install.log'
[3.976s] Invoked command in '/home/spider/gwpspider_ws/src/gwpspider/configuration' returned '0': PYTHONPATH=/home/spider/gwpspider_ws/build/configuration/prefix_override:/home/spider/gwpspider_ws/install/configuration/lib/python3.10/site-packages:${PYTHONPATH} /usr/bin/python3 setup.py egg_info --egg-base ../../../build/configuration build --build-base /home/spider/gwpspider_ws/build/configuration/build install --record /home/spider/gwpspider_ws/build/configuration/install.log --single-version-externally-managed
