[0.707s] Invoking command in '/home/spider/gwpspider_ws/src/gwpspider/utils': PYTHONPATH=/home/spider/gwpspider_ws/build/utils/prefix_override:/home/spider/gwpspider_ws/install/utils/lib/python3.10/site-packages:${PYTHONPATH} /usr/bin/python3 setup.py egg_info --egg-base ../../../build/utils build --build-base /home/spider/gwpspider_ws/build/utils/build install --record /home/spider/gwpspider_ws/build/utils/install.log --single-version-externally-managed
[0.969s] running egg_info
[0.970s] writing ../../../build/utils/utils.egg-info/PKG-INFO
[0.971s] writing dependency_links to ../../../build/utils/utils.egg-info/dependency_links.txt
[0.971s] writing entry points to ../../../build/utils/utils.egg-info/entry_points.txt
[0.971s] writing requirements to ../../../build/utils/utils.egg-info/requires.txt
[0.972s] writing top-level names to ../../../build/utils/utils.egg-info/top_level.txt
[0.973s] reading manifest file '../../../build/utils/utils.egg-info/SOURCES.txt'
[0.974s] writing manifest file '../../../build/utils/utils.egg-info/SOURCES.txt'
[0.974s] running build
[0.974s] running build_py
[0.975s] running install
[0.975s] /usr/lib/python3/dist-packages/setuptools/command/install.py:34: SetuptoolsDeprecationWarning: setup.py install is deprecated. Use build and pip and other standards-based tools.
[0.975s]   warnings.warn(
[0.975s] running install_lib
[0.977s] running install_data
[0.977s] running install_egg_info
[0.979s] removing '/home/spider/gwpspider_ws/install/utils/lib/python3.10/site-packages/utils-0.0.0-py3.10.egg-info' (and everything under it)
[0.979s] Copying ../../../build/utils/utils.egg-info to /home/spider/gwpspider_ws/install/utils/lib/python3.10/site-packages/utils-0.0.0-py3.10.egg-info
[0.980s] running install_scripts
[1.011s] writing list of installed files to '/home/spider/gwpspider_ws/build/utils/install.log'
[1.041s] Invoked command in '/home/spider/gwpspider_ws/src/gwpspider/utils' returned '0': PYTHONPATH=/home/spider/gwpspider_ws/build/utils/prefix_override:/home/spider/gwpspider_ws/install/utils/lib/python3.10/site-packages:${PYTHONPATH} /usr/bin/python3 setup.py egg_info --egg-base ../../../build/utils build --build-base /home/spider/gwpspider_ws/build/utils/build install --record /home/spider/gwpspider_ws/build/utils/install.log --single-version-externally-managed
