[2.352s] Invoking command in '/home/spider/gwpspider_ws/src/gwpspider/application': PYTHONPATH=/home/spider/gwpspider_ws/build/application/prefix_override:/home/spider/gwpspider_ws/install/application/lib/python3.10/site-packages:${PYTHONPATH} /usr/bin/python3 setup.py egg_info --egg-base ../../../build/application build --build-base /home/spider/gwpspider_ws/build/application/build install --record /home/spider/gwpspider_ws/build/application/install.log --single-version-externally-managed
[2.863s] running egg_info
[2.864s] writing ../../../build/application/application.egg-info/PKG-INFO
[2.864s] writing dependency_links to ../../../build/application/application.egg-info/dependency_links.txt
[2.864s] writing entry points to ../../../build/application/application.egg-info/entry_points.txt
[2.864s] writing requirements to ../../../build/application/application.egg-info/requires.txt
[2.864s] writing top-level names to ../../../build/application/application.egg-info/top_level.txt
[2.865s] reading manifest file '../../../build/application/application.egg-info/SOURCES.txt'
[2.867s] writing manifest file '../../../build/application/application.egg-info/SOURCES.txt'
[2.867s] running build
[2.868s] running build_py
[2.868s] copying application/app.py -> /home/spider/gwpspider_ws/build/application/build/lib/application
[2.869s] running install
[2.870s] running install_lib
[2.871s] copying /home/spider/gwpspider_ws/build/application/build/lib/application/app.py -> /home/spider/gwpspider_ws/install/application/lib/python3.10/site-packages/application
[2.872s] /usr/lib/python3/dist-packages/setuptools/command/install.py:34: SetuptoolsDeprecationWarning: setup.py install is deprecated. Use build and pip and other standards-based tools.
[2.872s]   warnings.warn(
[2.872s] byte-compiling /home/spider/gwpspider_ws/install/application/lib/python3.10/site-packages/application/app.py to app.cpython-310.pyc
[2.880s] running install_data
[2.882s] running install_egg_info
[2.885s] removing '/home/spider/gwpspider_ws/install/application/lib/python3.10/site-packages/application-0.0.0-py3.10.egg-info' (and everything under it)
[2.891s] Copying ../../../build/application/application.egg-info to /home/spider/gwpspider_ws/install/application/lib/python3.10/site-packages/application-0.0.0-py3.10.egg-info
[2.894s] running install_scripts
[2.937s] Installing app script to /home/spider/gwpspider_ws/install/application/lib/application
[2.938s] writing list of installed files to '/home/spider/gwpspider_ws/build/application/install.log'
[3.169s] Invoked command in '/home/spider/gwpspider_ws/src/gwpspider/application' returned '0': PYTHONPATH=/home/spider/gwpspider_ws/build/application/prefix_override:/home/spider/gwpspider_ws/install/application/lib/python3.10/site-packages:${PYTHONPATH} /usr/bin/python3 setup.py egg_info --egg-base ../../../build/application build --build-base /home/spider/gwpspider_ws/build/application/build install --record /home/spider/gwpspider_ws/build/application/install.log --single-version-externally-managed
