[2.349s] Invoking command in '/home/spider/gwpspider_ws/src/gwpspider/utils': PYTHONPATH=/home/spider/gwpspider_ws/build/utils/prefix_override:/home/spider/gwpspider_ws/install/utils/lib/python3.10/site-packages:${PYTHONPATH} /usr/bin/python3 setup.py egg_info --egg-base ../../../build/utils build --build-base /home/spider/gwpspider_ws/build/utils/build install --record /home/spider/gwpspider_ws/build/utils/install.log --single-version-externally-managed
[2.743s] running egg_info
[2.745s] writing ../../../build/utils/utils.egg-info/PKG-INFO
[2.745s] writing dependency_links to ../../../build/utils/utils.egg-info/dependency_links.txt
[2.745s] writing entry points to ../../../build/utils/utils.egg-info/entry_points.txt
[2.745s] writing requirements to ../../../build/utils/utils.egg-info/requires.txt
[2.746s] writing top-level names to ../../../build/utils/utils.egg-info/top_level.txt
[2.748s] reading manifest file '../../../build/utils/utils.egg-info/SOURCES.txt'
[2.750s] writing manifest file '../../../build/utils/utils.egg-info/SOURCES.txt'
[2.750s] running build
[2.750s] running build_py
[2.750s] running install
[2.751s] /usr/lib/python3/dist-packages/setuptools/command/install.py:34: SetuptoolsDeprecationWarning: setup.py install is deprecated. Use build and pip and other standards-based tools.
[2.751s]   warnings.warn(
[2.751s] running install_lib
[2.753s] running install_data
[2.754s] running install_egg_info
[2.756s] removing '/home/spider/gwpspider_ws/install/utils/lib/python3.10/site-packages/utils-0.0.0-py3.10.egg-info' (and everything under it)
[2.757s] Copying ../../../build/utils/utils.egg-info to /home/spider/gwpspider_ws/install/utils/lib/python3.10/site-packages/utils-0.0.0-py3.10.egg-info
[2.758s] running install_scripts
[2.801s] writing list of installed files to '/home/spider/gwpspider_ws/build/utils/install.log'
[2.848s] Invoked command in '/home/spider/gwpspider_ws/src/gwpspider/utils' returned '0': PYTHONPATH=/home/spider/gwpspider_ws/build/utils/prefix_override:/home/spider/gwpspider_ws/install/utils/lib/python3.10/site-packages:${PYTHONPATH} /usr/bin/python3 setup.py egg_info --egg-base ../../../build/utils build --build-base /home/spider/gwpspider_ws/build/utils/build install --record /home/spider/gwpspider_ws/build/utils/install.log --single-version-externally-managed
