[1.645s] Invoking command in '/home/spider/gwpspider_ws/src/gwpspider/calculations': PYTHONPATH=/home/spider/gwpspider_ws/build/calculations/prefix_override:/home/spider/gwpspider_ws/install/calculations/lib/python3.10/site-packages:${PYTHONPATH} /usr/bin/python3 setup.py egg_info --egg-base ../../../build/calculations build --build-base /home/spider/gwpspider_ws/build/calculations/build install --record /home/spider/gwpspider_ws/build/calculations/install.log --single-version-externally-managed
[1.982s] running egg_info
[1.982s] writing ../../../build/calculations/calculations.egg-info/PKG-INFO
[1.983s] writing dependency_links to ../../../build/calculations/calculations.egg-info/dependency_links.txt
[1.983s] writing entry points to ../../../build/calculations/calculations.egg-info/entry_points.txt
[1.983s] writing requirements to ../../../build/calculations/calculations.egg-info/requires.txt
[1.983s] writing top-level names to ../../../build/calculations/calculations.egg-info/top_level.txt
[1.984s] reading manifest file '../../../build/calculations/calculations.egg-info/SOURCES.txt'
[1.984s] writing manifest file '../../../build/calculations/calculations.egg-info/SOURCES.txt'
[1.984s] running build
[1.984s] running build_py
[1.985s] running install
[1.985s] /usr/lib/python3/dist-packages/setuptools/command/install.py:34: SetuptoolsDeprecationWarning: setup.py install is deprecated. Use build and pip and other standards-based tools.
[1.985s]   warnings.warn(
[1.986s] running install_lib
[1.987s] running install_data
[1.987s] running install_egg_info
[1.989s] removing '/home/spider/gwpspider_ws/install/calculations/lib/python3.10/site-packages/calculations-0.0.0-py3.10.egg-info' (and everything under it)
[1.990s] Copying ../../../build/calculations/calculations.egg-info to /home/spider/gwpspider_ws/install/calculations/lib/python3.10/site-packages/calculations-0.0.0-py3.10.egg-info
[1.990s] running install_scripts
[2.014s] writing list of installed files to '/home/spider/gwpspider_ws/build/calculations/install.log'
[2.036s] Invoked command in '/home/spider/gwpspider_ws/src/gwpspider/calculations' returned '0': PYTHONPATH=/home/spider/gwpspider_ws/build/calculations/prefix_override:/home/spider/gwpspider_ws/install/calculations/lib/python3.10/site-packages:${PYTHONPATH} /usr/bin/python3 setup.py egg_info --egg-base ../../../build/calculations build --build-base /home/spider/gwpspider_ws/build/calculations/build install --record /home/spider/gwpspider_ws/build/calculations/install.log --single-version-externally-managed
