[0.392s] DEBUG:colcon:Command line arguments: ['/usr/bin/colcon', 'build']
[0.392s] DEBUG:colcon:Parsed command line arguments: Namespace(log_base=None, log_level=None, verb_name='build', build_base='build', install_base='install', merge_install=False, symlink_install=False, test_result_base=None, continue_on_error=False, executor='parallel', parallel_workers=8, event_handlers=None, ignore_user_meta=False, metas=['./colcon.meta'], base_paths=['.'], packages_ignore=None, packages_ignore_regex=None, paths=None, packages_up_to=None, packages_up_to_regex=None, packages_above=None, packages_above_and_dependencies=None, packages_above_depth=None, packages_select_by_dep=None, packages_skip_by_dep=None, packages_skip_up_to=None, packages_select_build_failed=False, packages_skip_build_finished=False, packages_select_test_failures=False, packages_skip_test_passed=False, packages_select=None, packages_skip=None, packages_select_regex=None, packages_skip_regex=None, packages_start=None, packages_end=None, allow_overriding=[], cmake_args=None, cmake_target=None, cmake_target_skip_unavailable=False, cmake_clean_cache=False, cmake_clean_first=False, cmake_force_configure=False, ament_cmake_args=None, catkin_cmake_args=None, catkin_skip_building_tests=False, verb_parser=<colcon_defaults.argument_parser.defaults.DefaultArgumentsDecorator object at 0x7f18fa7ed9f0>, verb_extension=<colcon_core.verb.build.BuildVerb object at 0x7f18faf9bc40>, main=<bound method BuildVerb.main of <colcon_core.verb.build.BuildVerb object at 0x7f18faf9bc40>>)
[0.435s] Level 1:colcon.colcon_core.package_discovery:discover_packages(colcon_meta) check parameters
[0.436s] Level 1:colcon.colcon_core.package_discovery:discover_packages(recursive) check parameters
[0.436s] Level 1:colcon.colcon_core.package_discovery:discover_packages(ignore) check parameters
[0.436s] Level 1:colcon.colcon_core.package_discovery:discover_packages(path) check parameters
[0.436s] Level 1:colcon.colcon_core.package_discovery:discover_packages(colcon_meta) discover
[0.436s] Level 1:colcon.colcon_core.package_discovery:discover_packages(recursive) discover
[0.436s] INFO:colcon.colcon_core.package_discovery:Crawling recursively for packages in '/home/spider/gwpspider_ws'
[0.436s] Level 1:colcon.colcon_core.package_identification:_identify(.) by extensions ['ignore', 'ignore_ament_install']
[0.436s] Level 1:colcon.colcon_core.package_identification:_identify(.) by extension 'ignore'
[0.436s] Level 1:colcon.colcon_core.package_identification:_identify(.) by extension 'ignore_ament_install'
[0.436s] Level 1:colcon.colcon_core.package_identification:_identify(.) by extensions ['colcon_pkg']
[0.436s] Level 1:colcon.colcon_core.package_identification:_identify(.) by extension 'colcon_pkg'
[0.436s] Level 1:colcon.colcon_core.package_identification:_identify(.) by extensions ['colcon_meta']
[0.436s] Level 1:colcon.colcon_core.package_identification:_identify(.) by extension 'colcon_meta'
[0.436s] Level 1:colcon.colcon_core.package_identification:_identify(.) by extensions ['ros']
[0.436s] Level 1:colcon.colcon_core.package_identification:_identify(.) by extension 'ros'
[0.452s] Level 1:colcon.colcon_core.package_identification:_identify(.) by extensions ['cmake', 'python']
[0.452s] Level 1:colcon.colcon_core.package_identification:_identify(.) by extension 'cmake'
[0.452s] Level 1:colcon.colcon_core.package_identification:_identify(.) by extension 'python'
[0.453s] Level 1:colcon.colcon_core.package_identification:_identify(.) by extensions ['python_setup_py']
[0.453s] Level 1:colcon.colcon_core.package_identification:_identify(.) by extension 'python_setup_py'
[0.453s] Level 1:colcon.colcon_core.package_identification:_identify(build) by extensions ['ignore', 'ignore_ament_install']
[0.453s] Level 1:colcon.colcon_core.package_identification:_identify(build) by extension 'ignore'
[0.453s] Level 1:colcon.colcon_core.package_identification:_identify(build) ignored
[0.453s] Level 1:colcon.colcon_core.package_identification:_identify(install) by extensions ['ignore', 'ignore_ament_install']
[0.453s] Level 1:colcon.colcon_core.package_identification:_identify(install) by extension 'ignore'
[0.453s] Level 1:colcon.colcon_core.package_identification:_identify(install) ignored
[0.454s] Level 1:colcon.colcon_core.package_identification:_identify(log) by extensions ['ignore', 'ignore_ament_install']
[0.454s] Level 1:colcon.colcon_core.package_identification:_identify(log) by extension 'ignore'
[0.454s] Level 1:colcon.colcon_core.package_identification:_identify(log) ignored
[0.454s] Level 1:colcon.colcon_core.package_identification:_identify(src) by extensions ['ignore', 'ignore_ament_install']
[0.454s] Level 1:colcon.colcon_core.package_identification:_identify(src) by extension 'ignore'
[0.454s] Level 1:colcon.colcon_core.package_identification:_identify(src) by extension 'ignore_ament_install'
[0.454s] Level 1:colcon.colcon_core.package_identification:_identify(src) by extensions ['colcon_pkg']
[0.454s] Level 1:colcon.colcon_core.package_identification:_identify(src) by extension 'colcon_pkg'
[0.454s] Level 1:colcon.colcon_core.package_identification:_identify(src) by extensions ['colcon_meta']
[0.454s] Level 1:colcon.colcon_core.package_identification:_identify(src) by extension 'colcon_meta'
[0.454s] Level 1:colcon.colcon_core.package_identification:_identify(src) by extensions ['ros']
[0.454s] Level 1:colcon.colcon_core.package_identification:_identify(src) by extension 'ros'
[0.454s] Level 1:colcon.colcon_core.package_identification:_identify(src) by extensions ['cmake', 'python']
[0.454s] Level 1:colcon.colcon_core.package_identification:_identify(src) by extension 'cmake'
[0.454s] Level 1:colcon.colcon_core.package_identification:_identify(src) by extension 'python'
[0.454s] Level 1:colcon.colcon_core.package_identification:_identify(src) by extensions ['python_setup_py']
[0.454s] Level 1:colcon.colcon_core.package_identification:_identify(src) by extension 'python_setup_py'
[0.454s] Level 1:colcon.colcon_core.package_identification:_identify(src/gwpspider) by extensions ['ignore', 'ignore_ament_install']
[0.454s] Level 1:colcon.colcon_core.package_identification:_identify(src/gwpspider) by extension 'ignore'
[0.454s] Level 1:colcon.colcon_core.package_identification:_identify(src/gwpspider) by extension 'ignore_ament_install'
[0.454s] Level 1:colcon.colcon_core.package_identification:_identify(src/gwpspider) by extensions ['colcon_pkg']
[0.454s] Level 1:colcon.colcon_core.package_identification:_identify(src/gwpspider) by extension 'colcon_pkg'
[0.455s] Level 1:colcon.colcon_core.package_identification:_identify(src/gwpspider) by extensions ['colcon_meta']
[0.455s] Level 1:colcon.colcon_core.package_identification:_identify(src/gwpspider) by extension 'colcon_meta'
[0.455s] Level 1:colcon.colcon_core.package_identification:_identify(src/gwpspider) by extensions ['ros']
[0.455s] Level 1:colcon.colcon_core.package_identification:_identify(src/gwpspider) by extension 'ros'
[0.455s] Level 1:colcon.colcon_core.package_identification:_identify(src/gwpspider) by extensions ['cmake', 'python']
[0.455s] Level 1:colcon.colcon_core.package_identification:_identify(src/gwpspider) by extension 'cmake'
[0.455s] Level 1:colcon.colcon_core.package_identification:_identify(src/gwpspider) by extension 'python'
[0.455s] Level 1:colcon.colcon_core.package_identification:_identify(src/gwpspider) by extensions ['python_setup_py']
[0.455s] Level 1:colcon.colcon_core.package_identification:_identify(src/gwpspider) by extension 'python_setup_py'
[0.455s] Level 1:colcon.colcon_core.package_identification:_identify(src/gwpspider/arduino_communication) by extensions ['ignore', 'ignore_ament_install']
[0.455s] Level 1:colcon.colcon_core.package_identification:_identify(src/gwpspider/arduino_communication) by extension 'ignore'
[0.455s] Level 1:colcon.colcon_core.package_identification:_identify(src/gwpspider/arduino_communication) by extension 'ignore_ament_install'
[0.455s] Level 1:colcon.colcon_core.package_identification:_identify(src/gwpspider/arduino_communication) by extensions ['colcon_pkg']
[0.455s] Level 1:colcon.colcon_core.package_identification:_identify(src/gwpspider/arduino_communication) by extension 'colcon_pkg'
[0.455s] Level 1:colcon.colcon_core.package_identification:_identify(src/gwpspider/arduino_communication) by extensions ['colcon_meta']
[0.455s] Level 1:colcon.colcon_core.package_identification:_identify(src/gwpspider/arduino_communication) by extension 'colcon_meta'
[0.455s] Level 1:colcon.colcon_core.package_identification:_identify(src/gwpspider/arduino_communication) by extensions ['ros']
[0.455s] Level 1:colcon.colcon_core.package_identification:_identify(src/gwpspider/arduino_communication) by extension 'ros'
[0.457s] DEBUG:colcon.colcon_core.package_identification:Package 'src/gwpspider/arduino_communication' with type 'ros.ament_python' and name 'arduino_communication'
[0.458s] Level 1:colcon.colcon_core.package_identification:_identify(src/gwpspider/calculations) by extensions ['ignore', 'ignore_ament_install']
[0.458s] Level 1:colcon.colcon_core.package_identification:_identify(src/gwpspider/calculations) by extension 'ignore'
[0.458s] Level 1:colcon.colcon_core.package_identification:_identify(src/gwpspider/calculations) by extension 'ignore_ament_install'
[0.458s] Level 1:colcon.colcon_core.package_identification:_identify(src/gwpspider/calculations) by extensions ['colcon_pkg']
[0.458s] Level 1:colcon.colcon_core.package_identification:_identify(src/gwpspider/calculations) by extension 'colcon_pkg'
[0.458s] Level 1:colcon.colcon_core.package_identification:_identify(src/gwpspider/calculations) by extensions ['colcon_meta']
[0.458s] Level 1:colcon.colcon_core.package_identification:_identify(src/gwpspider/calculations) by extension 'colcon_meta'
[0.458s] Level 1:colcon.colcon_core.package_identification:_identify(src/gwpspider/calculations) by extensions ['ros']
[0.458s] Level 1:colcon.colcon_core.package_identification:_identify(src/gwpspider/calculations) by extension 'ros'
[0.459s] DEBUG:colcon.colcon_core.package_identification:Package 'src/gwpspider/calculations' with type 'ros.ament_python' and name 'calculations'
[0.459s] Level 1:colcon.colcon_core.package_identification:_identify(src/gwpspider/configuration) by extensions ['ignore', 'ignore_ament_install']
[0.459s] Level 1:colcon.colcon_core.package_identification:_identify(src/gwpspider/configuration) by extension 'ignore'
[0.459s] Level 1:colcon.colcon_core.package_identification:_identify(src/gwpspider/configuration) by extension 'ignore_ament_install'
[0.459s] Level 1:colcon.colcon_core.package_identification:_identify(src/gwpspider/configuration) by extensions ['colcon_pkg']
[0.459s] Level 1:colcon.colcon_core.package_identification:_identify(src/gwpspider/configuration) by extension 'colcon_pkg'
[0.460s] Level 1:colcon.colcon_core.package_identification:_identify(src/gwpspider/configuration) by extensions ['colcon_meta']
[0.460s] Level 1:colcon.colcon_core.package_identification:_identify(src/gwpspider/configuration) by extension 'colcon_meta'
[0.460s] Level 1:colcon.colcon_core.package_identification:_identify(src/gwpspider/configuration) by extensions ['ros']
[0.460s] Level 1:colcon.colcon_core.package_identification:_identify(src/gwpspider/configuration) by extension 'ros'
[0.460s] DEBUG:colcon.colcon_core.package_identification:Package 'src/gwpspider/configuration' with type 'ros.ament_python' and name 'configuration'
[0.460s] Level 1:colcon.colcon_core.package_identification:_identify(src/gwpspider/controller) by extensions ['ignore', 'ignore_ament_install']
[0.460s] Level 1:colcon.colcon_core.package_identification:_identify(src/gwpspider/controller) by extension 'ignore'
[0.460s] Level 1:colcon.colcon_core.package_identification:_identify(src/gwpspider/controller) by extension 'ignore_ament_install'
[0.461s] Level 1:colcon.colcon_core.package_identification:_identify(src/gwpspider/controller) by extensions ['colcon_pkg']
[0.461s] Level 1:colcon.colcon_core.package_identification:_identify(src/gwpspider/controller) by extension 'colcon_pkg'
[0.461s] Level 1:colcon.colcon_core.package_identification:_identify(src/gwpspider/controller) by extensions ['colcon_meta']
[0.461s] Level 1:colcon.colcon_core.package_identification:_identify(src/gwpspider/controller) by extension 'colcon_meta'
[0.461s] Level 1:colcon.colcon_core.package_identification:_identify(src/gwpspider/controller) by extensions ['ros']
[0.461s] Level 1:colcon.colcon_core.package_identification:_identify(src/gwpspider/controller) by extension 'ros'
[0.461s] DEBUG:colcon.colcon_core.package_identification:Package 'src/gwpspider/controller' with type 'ros.ament_python' and name 'controller'
[0.461s] Level 1:colcon.colcon_core.package_identification:_identify(src/gwpspider/dynamixel_interface) by extensions ['ignore', 'ignore_ament_install']
[0.462s] Level 1:colcon.colcon_core.package_identification:_identify(src/gwpspider/dynamixel_interface) by extension 'ignore'
[0.462s] Level 1:colcon.colcon_core.package_identification:_identify(src/gwpspider/dynamixel_interface) by extension 'ignore_ament_install'
[0.462s] Level 1:colcon.colcon_core.package_identification:_identify(src/gwpspider/dynamixel_interface) by extensions ['colcon_pkg']
[0.462s] Level 1:colcon.colcon_core.package_identification:_identify(src/gwpspider/dynamixel_interface) by extension 'colcon_pkg'
[0.462s] Level 1:colcon.colcon_core.package_identification:_identify(src/gwpspider/dynamixel_interface) by extensions ['colcon_meta']
[0.462s] Level 1:colcon.colcon_core.package_identification:_identify(src/gwpspider/dynamixel_interface) by extension 'colcon_meta'
[0.462s] Level 1:colcon.colcon_core.package_identification:_identify(src/gwpspider/dynamixel_interface) by extensions ['ros']
[0.462s] Level 1:colcon.colcon_core.package_identification:_identify(src/gwpspider/dynamixel_interface) by extension 'ros'
[0.462s] DEBUG:colcon.colcon_core.package_identification:Package 'src/gwpspider/dynamixel_interface' with type 'ros.ament_python' and name 'dynamixel_interface'
[0.463s] Level 1:colcon.colcon_core.package_identification:_identify(src/gwpspider/gwpspider_interfaces) by extensions ['ignore', 'ignore_ament_install']
[0.463s] Level 1:colcon.colcon_core.package_identification:_identify(src/gwpspider/gwpspider_interfaces) by extension 'ignore'
[0.463s] Level 1:colcon.colcon_core.package_identification:_identify(src/gwpspider/gwpspider_interfaces) by extension 'ignore_ament_install'
[0.463s] Level 1:colcon.colcon_core.package_identification:_identify(src/gwpspider/gwpspider_interfaces) by extensions ['colcon_pkg']
[0.463s] Level 1:colcon.colcon_core.package_identification:_identify(src/gwpspider/gwpspider_interfaces) by extension 'colcon_pkg'
[0.463s] Level 1:colcon.colcon_core.package_identification:_identify(src/gwpspider/gwpspider_interfaces) by extensions ['colcon_meta']
[0.463s] Level 1:colcon.colcon_core.package_identification:_identify(src/gwpspider/gwpspider_interfaces) by extension 'colcon_meta'
[0.463s] Level 1:colcon.colcon_core.package_identification:_identify(src/gwpspider/gwpspider_interfaces) by extensions ['ros']
[0.463s] Level 1:colcon.colcon_core.package_identification:_identify(src/gwpspider/gwpspider_interfaces) by extension 'ros'
[0.464s] DEBUG:colcon.colcon_core.package_identification:Package 'src/gwpspider/gwpspider_interfaces' with type 'ros.ament_cmake' and name 'gwpspider_interfaces'
[0.464s] Level 1:colcon.colcon_core.package_identification:_identify(src/gwpspider/planning) by extensions ['ignore', 'ignore_ament_install']
[0.464s] Level 1:colcon.colcon_core.package_identification:_identify(src/gwpspider/planning) by extension 'ignore'
[0.464s] Level 1:colcon.colcon_core.package_identification:_identify(src/gwpspider/planning) by extension 'ignore_ament_install'
[0.464s] Level 1:colcon.colcon_core.package_identification:_identify(src/gwpspider/planning) by extensions ['colcon_pkg']
[0.464s] Level 1:colcon.colcon_core.package_identification:_identify(src/gwpspider/planning) by extension 'colcon_pkg'
[0.464s] Level 1:colcon.colcon_core.package_identification:_identify(src/gwpspider/planning) by extensions ['colcon_meta']
[0.464s] Level 1:colcon.colcon_core.package_identification:_identify(src/gwpspider/planning) by extension 'colcon_meta'
[0.464s] Level 1:colcon.colcon_core.package_identification:_identify(src/gwpspider/planning) by extensions ['ros']
[0.464s] Level 1:colcon.colcon_core.package_identification:_identify(src/gwpspider/planning) by extension 'ros'
[0.465s] DEBUG:colcon.colcon_core.package_identification:Package 'src/gwpspider/planning' with type 'ros.ament_python' and name 'planning'
[0.465s] Level 1:colcon.colcon_core.package_identification:_identify(src/gwpspider/utils) by extensions ['ignore', 'ignore_ament_install']
[0.465s] Level 1:colcon.colcon_core.package_identification:_identify(src/gwpspider/utils) by extension 'ignore'
[0.465s] Level 1:colcon.colcon_core.package_identification:_identify(src/gwpspider/utils) by extension 'ignore_ament_install'
[0.465s] Level 1:colcon.colcon_core.package_identification:_identify(src/gwpspider/utils) by extensions ['colcon_pkg']
[0.465s] Level 1:colcon.colcon_core.package_identification:_identify(src/gwpspider/utils) by extension 'colcon_pkg'
[0.465s] Level 1:colcon.colcon_core.package_identification:_identify(src/gwpspider/utils) by extensions ['colcon_meta']
[0.465s] Level 1:colcon.colcon_core.package_identification:_identify(src/gwpspider/utils) by extension 'colcon_meta'
[0.465s] Level 1:colcon.colcon_core.package_identification:_identify(src/gwpspider/utils) by extensions ['ros']
[0.465s] Level 1:colcon.colcon_core.package_identification:_identify(src/gwpspider/utils) by extension 'ros'
[0.466s] DEBUG:colcon.colcon_core.package_identification:Package 'src/gwpspider/utils' with type 'ros.ament_python' and name 'utils'
[0.466s] Level 1:colcon.colcon_core.package_discovery:discover_packages(recursive) using defaults
[0.466s] Level 1:colcon.colcon_core.package_discovery:discover_packages(ignore) discover
[0.466s] Level 1:colcon.colcon_core.package_discovery:discover_packages(ignore) using defaults
[0.466s] Level 1:colcon.colcon_core.package_discovery:discover_packages(path) discover
[0.466s] Level 1:colcon.colcon_core.package_discovery:discover_packages(path) using defaults
[0.493s] Level 1:colcon.colcon_core.package_discovery:discover_packages(prefix_path) check parameters
[0.493s] Level 1:colcon.colcon_core.package_discovery:discover_packages(prefix_path) discover
[0.495s] DEBUG:colcon.colcon_installed_package_information.package_discovery:Found 8 installed packages in /home/spider/gwpspider_ws/install
[0.497s] DEBUG:colcon.colcon_installed_package_information.package_discovery:Found 270 installed packages in /opt/ros/humble
[0.499s] Level 1:colcon.colcon_core.package_discovery:discover_packages(prefix_path) using defaults
[0.570s] Level 5:colcon.colcon_core.verb:set package 'arduino_communication' build argument 'cmake_args' from command line to 'None'
[0.570s] Level 5:colcon.colcon_core.verb:set package 'arduino_communication' build argument 'cmake_target' from command line to 'None'
[0.570s] Level 5:colcon.colcon_core.verb:set package 'arduino_communication' build argument 'cmake_target_skip_unavailable' from command line to 'False'
[0.570s] Level 5:colcon.colcon_core.verb:set package 'arduino_communication' build argument 'cmake_clean_cache' from command line to 'False'
[0.570s] Level 5:colcon.colcon_core.verb:set package 'arduino_communication' build argument 'cmake_clean_first' from command line to 'False'
[0.570s] Level 5:colcon.colcon_core.verb:set package 'arduino_communication' build argument 'cmake_force_configure' from command line to 'False'
[0.570s] Level 5:colcon.colcon_core.verb:set package 'arduino_communication' build argument 'ament_cmake_args' from command line to 'None'
[0.570s] Level 5:colcon.colcon_core.verb:set package 'arduino_communication' build argument 'catkin_cmake_args' from command line to 'None'
[0.570s] Level 5:colcon.colcon_core.verb:set package 'arduino_communication' build argument 'catkin_skip_building_tests' from command line to 'False'
[0.570s] DEBUG:colcon.colcon_core.verb:Building package 'arduino_communication' with the following arguments: {'ament_cmake_args': None, 'build_base': '/home/spider/gwpspider_ws/build/arduino_communication', 'catkin_cmake_args': None, 'catkin_skip_building_tests': False, 'cmake_args': None, 'cmake_clean_cache': False, 'cmake_clean_first': False, 'cmake_force_configure': False, 'cmake_target': None, 'cmake_target_skip_unavailable': False, 'install_base': '/home/spider/gwpspider_ws/install/arduino_communication', 'merge_install': False, 'path': '/home/spider/gwpspider_ws/src/gwpspider/arduino_communication', 'symlink_install': False, 'test_result_base': None}
[0.571s] Level 5:colcon.colcon_core.verb:set package 'calculations' build argument 'cmake_args' from command line to 'None'
[0.571s] Level 5:colcon.colcon_core.verb:set package 'calculations' build argument 'cmake_target' from command line to 'None'
[0.571s] Level 5:colcon.colcon_core.verb:set package 'calculations' build argument 'cmake_target_skip_unavailable' from command line to 'False'
[0.571s] Level 5:colcon.colcon_core.verb:set package 'calculations' build argument 'cmake_clean_cache' from command line to 'False'
[0.571s] Level 5:colcon.colcon_core.verb:set package 'calculations' build argument 'cmake_clean_first' from command line to 'False'
[0.571s] Level 5:colcon.colcon_core.verb:set package 'calculations' build argument 'cmake_force_configure' from command line to 'False'
[0.571s] Level 5:colcon.colcon_core.verb:set package 'calculations' build argument 'ament_cmake_args' from command line to 'None'
[0.571s] Level 5:colcon.colcon_core.verb:set package 'calculations' build argument 'catkin_cmake_args' from command line to 'None'
[0.572s] Level 5:colcon.colcon_core.verb:set package 'calculations' build argument 'catkin_skip_building_tests' from command line to 'False'
[0.572s] DEBUG:colcon.colcon_core.verb:Building package 'calculations' with the following arguments: {'ament_cmake_args': None, 'build_base': '/home/spider/gwpspider_ws/build/calculations', 'catkin_cmake_args': None, 'catkin_skip_building_tests': False, 'cmake_args': None, 'cmake_clean_cache': False, 'cmake_clean_first': False, 'cmake_force_configure': False, 'cmake_target': None, 'cmake_target_skip_unavailable': False, 'install_base': '/home/spider/gwpspider_ws/install/calculations', 'merge_install': False, 'path': '/home/spider/gwpspider_ws/src/gwpspider/calculations', 'symlink_install': False, 'test_result_base': None}
[0.573s] Level 5:colcon.colcon_core.verb:set package 'configuration' build argument 'cmake_args' from command line to 'None'
[0.573s] Level 5:colcon.colcon_core.verb:set package 'configuration' build argument 'cmake_target' from command line to 'None'
[0.573s] Level 5:colcon.colcon_core.verb:set package 'configuration' build argument 'cmake_target_skip_unavailable' from command line to 'False'
[0.573s] Level 5:colcon.colcon_core.verb:set package 'configuration' build argument 'cmake_clean_cache' from command line to 'False'
[0.573s] Level 5:colcon.colcon_core.verb:set package 'configuration' build argument 'cmake_clean_first' from command line to 'False'
[0.573s] Level 5:colcon.colcon_core.verb:set package 'configuration' build argument 'cmake_force_configure' from command line to 'False'
[0.573s] Level 5:colcon.colcon_core.verb:set package 'configuration' build argument 'ament_cmake_args' from command line to 'None'
[0.573s] Level 5:colcon.colcon_core.verb:set package 'configuration' build argument 'catkin_cmake_args' from command line to 'None'
[0.574s] Level 5:colcon.colcon_core.verb:set package 'configuration' build argument 'catkin_skip_building_tests' from command line to 'False'
[0.574s] DEBUG:colcon.colcon_core.verb:Building package 'configuration' with the following arguments: {'ament_cmake_args': None, 'build_base': '/home/spider/gwpspider_ws/build/configuration', 'catkin_cmake_args': None, 'catkin_skip_building_tests': False, 'cmake_args': None, 'cmake_clean_cache': False, 'cmake_clean_first': False, 'cmake_force_configure': False, 'cmake_target': None, 'cmake_target_skip_unavailable': False, 'install_base': '/home/spider/gwpspider_ws/install/configuration', 'merge_install': False, 'path': '/home/spider/gwpspider_ws/src/gwpspider/configuration', 'symlink_install': False, 'test_result_base': None}
[0.575s] Level 5:colcon.colcon_core.verb:set package 'controller' build argument 'cmake_args' from command line to 'None'
[0.575s] Level 5:colcon.colcon_core.verb:set package 'controller' build argument 'cmake_target' from command line to 'None'
[0.575s] Level 5:colcon.colcon_core.verb:set package 'controller' build argument 'cmake_target_skip_unavailable' from command line to 'False'
[0.575s] Level 5:colcon.colcon_core.verb:set package 'controller' build argument 'cmake_clean_cache' from command line to 'False'
[0.575s] Level 5:colcon.colcon_core.verb:set package 'controller' build argument 'cmake_clean_first' from command line to 'False'
[0.575s] Level 5:colcon.colcon_core.verb:set package 'controller' build argument 'cmake_force_configure' from command line to 'False'
[0.575s] Level 5:colcon.colcon_core.verb:set package 'controller' build argument 'ament_cmake_args' from command line to 'None'
[0.575s] Level 5:colcon.colcon_core.verb:set package 'controller' build argument 'catkin_cmake_args' from command line to 'None'
[0.575s] Level 5:colcon.colcon_core.verb:set package 'controller' build argument 'catkin_skip_building_tests' from command line to 'False'
[0.576s] DEBUG:colcon.colcon_core.verb:Building package 'controller' with the following arguments: {'ament_cmake_args': None, 'build_base': '/home/spider/gwpspider_ws/build/controller', 'catkin_cmake_args': None, 'catkin_skip_building_tests': False, 'cmake_args': None, 'cmake_clean_cache': False, 'cmake_clean_first': False, 'cmake_force_configure': False, 'cmake_target': None, 'cmake_target_skip_unavailable': False, 'install_base': '/home/spider/gwpspider_ws/install/controller', 'merge_install': False, 'path': '/home/spider/gwpspider_ws/src/gwpspider/controller', 'symlink_install': False, 'test_result_base': None}
[0.577s] Level 5:colcon.colcon_core.verb:set package 'dynamixel_interface' build argument 'cmake_args' from command line to 'None'
[0.577s] Level 5:colcon.colcon_core.verb:set package 'dynamixel_interface' build argument 'cmake_target' from command line to 'None'
[0.577s] Level 5:colcon.colcon_core.verb:set package 'dynamixel_interface' build argument 'cmake_target_skip_unavailable' from command line to 'False'
[0.577s] Level 5:colcon.colcon_core.verb:set package 'dynamixel_interface' build argument 'cmake_clean_cache' from command line to 'False'
[0.577s] Level 5:colcon.colcon_core.verb:set package 'dynamixel_interface' build argument 'cmake_clean_first' from command line to 'False'
[0.577s] Level 5:colcon.colcon_core.verb:set package 'dynamixel_interface' build argument 'cmake_force_configure' from command line to 'False'
[0.577s] Level 5:colcon.colcon_core.verb:set package 'dynamixel_interface' build argument 'ament_cmake_args' from command line to 'None'
[0.577s] Level 5:colcon.colcon_core.verb:set package 'dynamixel_interface' build argument 'catkin_cmake_args' from command line to 'None'
[0.577s] Level 5:colcon.colcon_core.verb:set package 'dynamixel_interface' build argument 'catkin_skip_building_tests' from command line to 'False'
[0.578s] DEBUG:colcon.colcon_core.verb:Building package 'dynamixel_interface' with the following arguments: {'ament_cmake_args': None, 'build_base': '/home/spider/gwpspider_ws/build/dynamixel_interface', 'catkin_cmake_args': None, 'catkin_skip_building_tests': False, 'cmake_args': None, 'cmake_clean_cache': False, 'cmake_clean_first': False, 'cmake_force_configure': False, 'cmake_target': None, 'cmake_target_skip_unavailable': False, 'install_base': '/home/spider/gwpspider_ws/install/dynamixel_interface', 'merge_install': False, 'path': '/home/spider/gwpspider_ws/src/gwpspider/dynamixel_interface', 'symlink_install': False, 'test_result_base': None}
[0.578s] Level 5:colcon.colcon_core.verb:set package 'gwpspider_interfaces' build argument 'cmake_args' from command line to 'None'
[0.579s] Level 5:colcon.colcon_core.verb:set package 'gwpspider_interfaces' build argument 'cmake_target' from command line to 'None'
[0.579s] Level 5:colcon.colcon_core.verb:set package 'gwpspider_interfaces' build argument 'cmake_target_skip_unavailable' from command line to 'False'
[0.579s] Level 5:colcon.colcon_core.verb:set package 'gwpspider_interfaces' build argument 'cmake_clean_cache' from command line to 'False'
[0.579s] Level 5:colcon.colcon_core.verb:set package 'gwpspider_interfaces' build argument 'cmake_clean_first' from command line to 'False'
[0.579s] Level 5:colcon.colcon_core.verb:set package 'gwpspider_interfaces' build argument 'cmake_force_configure' from command line to 'False'
[0.579s] Level 5:colcon.colcon_core.verb:set package 'gwpspider_interfaces' build argument 'ament_cmake_args' from command line to 'None'
[0.579s] Level 5:colcon.colcon_core.verb:set package 'gwpspider_interfaces' build argument 'catkin_cmake_args' from command line to 'None'
[0.579s] Level 5:colcon.colcon_core.verb:set package 'gwpspider_interfaces' build argument 'catkin_skip_building_tests' from command line to 'False'
[0.579s] DEBUG:colcon.colcon_core.verb:Building package 'gwpspider_interfaces' with the following arguments: {'ament_cmake_args': None, 'build_base': '/home/spider/gwpspider_ws/build/gwpspider_interfaces', 'catkin_cmake_args': None, 'catkin_skip_building_tests': False, 'cmake_args': None, 'cmake_clean_cache': False, 'cmake_clean_first': False, 'cmake_force_configure': False, 'cmake_target': None, 'cmake_target_skip_unavailable': False, 'install_base': '/home/spider/gwpspider_ws/install/gwpspider_interfaces', 'merge_install': False, 'path': '/home/spider/gwpspider_ws/src/gwpspider/gwpspider_interfaces', 'symlink_install': False, 'test_result_base': None}
[0.580s] Level 5:colcon.colcon_core.verb:set package 'planning' build argument 'cmake_args' from command line to 'None'
[0.580s] Level 5:colcon.colcon_core.verb:set package 'planning' build argument 'cmake_target' from command line to 'None'
[0.580s] Level 5:colcon.colcon_core.verb:set package 'planning' build argument 'cmake_target_skip_unavailable' from command line to 'False'
[0.580s] Level 5:colcon.colcon_core.verb:set package 'planning' build argument 'cmake_clean_cache' from command line to 'False'
[0.580s] Level 5:colcon.colcon_core.verb:set package 'planning' build argument 'cmake_clean_first' from command line to 'False'
[0.580s] Level 5:colcon.colcon_core.verb:set package 'planning' build argument 'cmake_force_configure' from command line to 'False'
[0.580s] Level 5:colcon.colcon_core.verb:set package 'planning' build argument 'ament_cmake_args' from command line to 'None'
[0.580s] Level 5:colcon.colcon_core.verb:set package 'planning' build argument 'catkin_cmake_args' from command line to 'None'
[0.580s] Level 5:colcon.colcon_core.verb:set package 'planning' build argument 'catkin_skip_building_tests' from command line to 'False'
[0.580s] DEBUG:colcon.colcon_core.verb:Building package 'planning' with the following arguments: {'ament_cmake_args': None, 'build_base': '/home/spider/gwpspider_ws/build/planning', 'catkin_cmake_args': None, 'catkin_skip_building_tests': False, 'cmake_args': None, 'cmake_clean_cache': False, 'cmake_clean_first': False, 'cmake_force_configure': False, 'cmake_target': None, 'cmake_target_skip_unavailable': False, 'install_base': '/home/spider/gwpspider_ws/install/planning', 'merge_install': False, 'path': '/home/spider/gwpspider_ws/src/gwpspider/planning', 'symlink_install': False, 'test_result_base': None}
[0.581s] Level 5:colcon.colcon_core.verb:set package 'utils' build argument 'cmake_args' from command line to 'None'
[0.581s] Level 5:colcon.colcon_core.verb:set package 'utils' build argument 'cmake_target' from command line to 'None'
[0.581s] Level 5:colcon.colcon_core.verb:set package 'utils' build argument 'cmake_target_skip_unavailable' from command line to 'False'
[0.581s] Level 5:colcon.colcon_core.verb:set package 'utils' build argument 'cmake_clean_cache' from command line to 'False'
[0.581s] Level 5:colcon.colcon_core.verb:set package 'utils' build argument 'cmake_clean_first' from command line to 'False'
[0.581s] Level 5:colcon.colcon_core.verb:set package 'utils' build argument 'cmake_force_configure' from command line to 'False'
[0.581s] Level 5:colcon.colcon_core.verb:set package 'utils' build argument 'ament_cmake_args' from command line to 'None'
[0.581s] Level 5:colcon.colcon_core.verb:set package 'utils' build argument 'catkin_cmake_args' from command line to 'None'
[0.581s] Level 5:colcon.colcon_core.verb:set package 'utils' build argument 'catkin_skip_building_tests' from command line to 'False'
[0.581s] DEBUG:colcon.colcon_core.verb:Building package 'utils' with the following arguments: {'ament_cmake_args': None, 'build_base': '/home/spider/gwpspider_ws/build/utils', 'catkin_cmake_args': None, 'catkin_skip_building_tests': False, 'cmake_args': None, 'cmake_clean_cache': False, 'cmake_clean_first': False, 'cmake_force_configure': False, 'cmake_target': None, 'cmake_target_skip_unavailable': False, 'install_base': '/home/spider/gwpspider_ws/install/utils', 'merge_install': False, 'path': '/home/spider/gwpspider_ws/src/gwpspider/utils', 'symlink_install': False, 'test_result_base': None}
[0.582s] INFO:colcon.colcon_core.executor:Executing jobs using 'parallel' executor
[0.586s] DEBUG:colcon.colcon_parallel_executor.executor.parallel:run_until_complete
[0.586s] INFO:colcon.colcon_ros.task.ament_python.build:Building ROS package in '/home/spider/gwpspider_ws/src/gwpspider/arduino_communication' with build type 'ament_python'
[0.586s] Level 1:colcon.colcon_core.shell:create_environment_hook('arduino_communication', 'ament_prefix_path')
[0.593s] INFO:colcon.colcon_core.plugin_system:Skipping extension 'colcon_core.shell.bat': Not used on non-Windows systems
[0.593s] INFO:colcon.colcon_core.shell:Creating environment hook '/home/spider/gwpspider_ws/install/arduino_communication/share/arduino_communication/hook/ament_prefix_path.ps1'
[0.594s] INFO:colcon.colcon_core.shell:Creating environment descriptor '/home/spider/gwpspider_ws/install/arduino_communication/share/arduino_communication/hook/ament_prefix_path.dsv'
[0.594s] INFO:colcon.colcon_core.shell:Creating environment hook '/home/spider/gwpspider_ws/install/arduino_communication/share/arduino_communication/hook/ament_prefix_path.sh'
[0.597s] INFO:colcon.colcon_core.shell:Skip shell extension 'powershell' for command environment: Not usable outside of PowerShell
[0.597s] DEBUG:colcon.colcon_core.shell:Skip shell extension 'dsv' for command environment
[0.605s] INFO:colcon.colcon_ros.task.ament_python.build:Building ROS package in '/home/spider/gwpspider_ws/src/gwpspider/calculations' with build type 'ament_python'
[0.605s] Level 1:colcon.colcon_core.shell:create_environment_hook('calculations', 'ament_prefix_path')
[0.607s] INFO:colcon.colcon_core.shell:Creating environment hook '/home/spider/gwpspider_ws/install/calculations/share/calculations/hook/ament_prefix_path.ps1'
[0.608s] INFO:colcon.colcon_core.shell:Creating environment descriptor '/home/spider/gwpspider_ws/install/calculations/share/calculations/hook/ament_prefix_path.dsv'
[0.608s] INFO:colcon.colcon_core.shell:Creating environment hook '/home/spider/gwpspider_ws/install/calculations/share/calculations/hook/ament_prefix_path.sh'
[0.610s] INFO:colcon.colcon_core.shell:Skip shell extension 'powershell' for command environment: Not usable outside of PowerShell
[0.610s] DEBUG:colcon.colcon_core.shell:Skip shell extension 'dsv' for command environment
[0.617s] INFO:colcon.colcon_ros.task.ament_python.build:Building ROS package in '/home/spider/gwpspider_ws/src/gwpspider/configuration' with build type 'ament_python'
[0.618s] Level 1:colcon.colcon_core.shell:create_environment_hook('configuration', 'ament_prefix_path')
[0.620s] INFO:colcon.colcon_core.shell:Creating environment hook '/home/spider/gwpspider_ws/install/configuration/share/configuration/hook/ament_prefix_path.ps1'
[0.621s] INFO:colcon.colcon_core.shell:Creating environment descriptor '/home/spider/gwpspider_ws/install/configuration/share/configuration/hook/ament_prefix_path.dsv'
[0.621s] INFO:colcon.colcon_core.shell:Creating environment hook '/home/spider/gwpspider_ws/install/configuration/share/configuration/hook/ament_prefix_path.sh'
[0.623s] INFO:colcon.colcon_core.shell:Skip shell extension 'powershell' for command environment: Not usable outside of PowerShell
[0.623s] DEBUG:colcon.colcon_core.shell:Skip shell extension 'dsv' for command environment
[0.627s] INFO:colcon.colcon_ros.task.ament_python.build:Building ROS package in '/home/spider/gwpspider_ws/src/gwpspider/controller' with build type 'ament_python'
[0.627s] Level 1:colcon.colcon_core.shell:create_environment_hook('controller', 'ament_prefix_path')
[0.629s] INFO:colcon.colcon_core.shell:Creating environment hook '/home/spider/gwpspider_ws/install/controller/share/controller/hook/ament_prefix_path.ps1'
[0.629s] INFO:colcon.colcon_core.shell:Creating environment descriptor '/home/spider/gwpspider_ws/install/controller/share/controller/hook/ament_prefix_path.dsv'
[0.630s] INFO:colcon.colcon_core.shell:Creating environment hook '/home/spider/gwpspider_ws/install/controller/share/controller/hook/ament_prefix_path.sh'
[0.631s] INFO:colcon.colcon_core.shell:Skip shell extension 'powershell' for command environment: Not usable outside of PowerShell
[0.631s] DEBUG:colcon.colcon_core.shell:Skip shell extension 'dsv' for command environment
[0.636s] INFO:colcon.colcon_ros.task.ament_python.build:Building ROS package in '/home/spider/gwpspider_ws/src/gwpspider/dynamixel_interface' with build type 'ament_python'
[0.636s] Level 1:colcon.colcon_core.shell:create_environment_hook('dynamixel_interface', 'ament_prefix_path')
[0.638s] INFO:colcon.colcon_core.shell:Creating environment hook '/home/spider/gwpspider_ws/install/dynamixel_interface/share/dynamixel_interface/hook/ament_prefix_path.ps1'
[0.638s] INFO:colcon.colcon_core.shell:Creating environment descriptor '/home/spider/gwpspider_ws/install/dynamixel_interface/share/dynamixel_interface/hook/ament_prefix_path.dsv'
[0.638s] INFO:colcon.colcon_core.shell:Creating environment hook '/home/spider/gwpspider_ws/install/dynamixel_interface/share/dynamixel_interface/hook/ament_prefix_path.sh'
[0.640s] INFO:colcon.colcon_core.shell:Skip shell extension 'powershell' for command environment: Not usable outside of PowerShell
[0.640s] DEBUG:colcon.colcon_core.shell:Skip shell extension 'dsv' for command environment
[0.644s] INFO:colcon.colcon_ros.task.ament_cmake.build:Building ROS package in '/home/spider/gwpspider_ws/src/gwpspider/gwpspider_interfaces' with build type 'ament_cmake'
[0.645s] INFO:colcon.colcon_cmake.task.cmake.build:Building CMake package in '/home/spider/gwpspider_ws/src/gwpspider/gwpspider_interfaces'
[0.646s] INFO:colcon.colcon_core.shell:Skip shell extension 'powershell' for command environment: Not usable outside of PowerShell
[0.647s] DEBUG:colcon.colcon_core.shell:Skip shell extension 'dsv' for command environment
[0.651s] INFO:colcon.colcon_ros.task.ament_python.build:Building ROS package in '/home/spider/gwpspider_ws/src/gwpspider/planning' with build type 'ament_python'
[0.652s] Level 1:colcon.colcon_core.shell:create_environment_hook('planning', 'ament_prefix_path')
[0.653s] INFO:colcon.colcon_core.shell:Creating environment hook '/home/spider/gwpspider_ws/install/planning/share/planning/hook/ament_prefix_path.ps1'
[0.654s] INFO:colcon.colcon_core.shell:Creating environment descriptor '/home/spider/gwpspider_ws/install/planning/share/planning/hook/ament_prefix_path.dsv'
[0.654s] INFO:colcon.colcon_core.shell:Creating environment hook '/home/spider/gwpspider_ws/install/planning/share/planning/hook/ament_prefix_path.sh'
[0.656s] INFO:colcon.colcon_core.shell:Skip shell extension 'powershell' for command environment: Not usable outside of PowerShell
[0.656s] DEBUG:colcon.colcon_core.shell:Skip shell extension 'dsv' for command environment
[0.660s] INFO:colcon.colcon_ros.task.ament_python.build:Building ROS package in '/home/spider/gwpspider_ws/src/gwpspider/utils' with build type 'ament_python'
[0.660s] Level 1:colcon.colcon_core.shell:create_environment_hook('utils', 'ament_prefix_path')
[0.662s] INFO:colcon.colcon_core.shell:Creating environment hook '/home/spider/gwpspider_ws/install/utils/share/utils/hook/ament_prefix_path.ps1'
[0.663s] INFO:colcon.colcon_core.shell:Creating environment descriptor '/home/spider/gwpspider_ws/install/utils/share/utils/hook/ament_prefix_path.dsv'
[0.663s] INFO:colcon.colcon_core.shell:Creating environment hook '/home/spider/gwpspider_ws/install/utils/share/utils/hook/ament_prefix_path.sh'
[0.665s] INFO:colcon.colcon_core.shell:Skip shell extension 'powershell' for command environment: Not usable outside of PowerShell
[0.665s] DEBUG:colcon.colcon_core.shell:Skip shell extension 'dsv' for command environment
[0.953s] INFO:colcon.colcon_core.task.python.build:Building Python package in '/home/spider/gwpspider_ws/src/gwpspider/arduino_communication'
[0.955s] INFO:colcon.colcon_core.shell:Skip shell extension 'powershell' for command environment: Not usable outside of PowerShell
[0.955s] DEBUG:colcon.colcon_core.shell:Skip shell extension 'dsv' for command environment
[1.221s] INFO:colcon.colcon_core.task.python.build:Building Python package in '/home/spider/gwpspider_ws/src/gwpspider/calculations'
[1.223s] INFO:colcon.colcon_core.shell:Skip shell extension 'powershell' for command environment: Not usable outside of PowerShell
[1.223s] DEBUG:colcon.colcon_core.shell:Skip shell extension 'dsv' for command environment
[1.578s] INFO:colcon.colcon_core.task.python.build:Building Python package in '/home/spider/gwpspider_ws/src/gwpspider/configuration'
[1.580s] INFO:colcon.colcon_core.shell:Skip shell extension 'powershell' for command environment: Not usable outside of PowerShell
[1.580s] DEBUG:colcon.colcon_core.shell:Skip shell extension 'dsv' for command environment
[1.841s] INFO:colcon.colcon_core.task.python.build:Building Python package in '/home/spider/gwpspider_ws/src/gwpspider/controller'
[1.843s] INFO:colcon.colcon_core.shell:Skip shell extension 'powershell' for command environment: Not usable outside of PowerShell
[1.843s] DEBUG:colcon.colcon_core.shell:Skip shell extension 'dsv' for command environment
[2.106s] INFO:colcon.colcon_core.task.python.build:Building Python package in '/home/spider/gwpspider_ws/src/gwpspider/dynamixel_interface'
[2.108s] INFO:colcon.colcon_core.shell:Skip shell extension 'powershell' for command environment: Not usable outside of PowerShell
[2.108s] DEBUG:colcon.colcon_core.shell:Skip shell extension 'dsv' for command environment
[2.116s] DEBUG:colcon.colcon_core.event_handler.log_command:Invoking command in '/home/spider/gwpspider_ws/build/gwpspider_interfaces': CMAKE_PREFIX_PATH=${CMAKE_PREFIX_PATH}:/home/spider/gwpspider_ws/install/utils:/home/spider/gwpspider_ws/install/planning:/home/spider/gwpspider_ws/install/dynamixel_interface:/home/spider/gwpspider_ws/install/controller:/home/spider/gwpspider_ws/install/configuration:/home/spider/gwpspider_ws/install/calculations:/home/spider/gwpspider_ws/install/arduino_communication:/opt/ros/humble /home/spider/.local/bin/cmake --build /home/spider/gwpspider_ws/build/gwpspider_interfaces -- -j8 -l8
[2.529s] INFO:colcon.colcon_core.task.python.build:Building Python package in '/home/spider/gwpspider_ws/src/gwpspider/planning'
[2.531s] INFO:colcon.colcon_core.shell:Skip shell extension 'powershell' for command environment: Not usable outside of PowerShell
[2.531s] DEBUG:colcon.colcon_core.shell:Skip shell extension 'dsv' for command environment
[2.852s] INFO:colcon.colcon_core.task.python.build:Building Python package in '/home/spider/gwpspider_ws/src/gwpspider/utils'
[2.854s] INFO:colcon.colcon_core.shell:Skip shell extension 'powershell' for command environment: Not usable outside of PowerShell
[2.854s] DEBUG:colcon.colcon_core.shell:Skip shell extension 'dsv' for command environment
[2.861s] DEBUG:colcon.colcon_core.event_handler.log_command:Invoked command in '/home/spider/gwpspider_ws/build/gwpspider_interfaces' returned '0': CMAKE_PREFIX_PATH=${CMAKE_PREFIX_PATH}:/home/spider/gwpspider_ws/install/utils:/home/spider/gwpspider_ws/install/planning:/home/spider/gwpspider_ws/install/dynamixel_interface:/home/spider/gwpspider_ws/install/controller:/home/spider/gwpspider_ws/install/configuration:/home/spider/gwpspider_ws/install/calculations:/home/spider/gwpspider_ws/install/arduino_communication:/opt/ros/humble /home/spider/.local/bin/cmake --build /home/spider/gwpspider_ws/build/gwpspider_interfaces -- -j8 -l8
[3.571s] DEBUG:colcon.colcon_core.event_handler.log_command:Invoking command in '/home/spider/gwpspider_ws/src/gwpspider/configuration': PYTHONPATH=/home/spider/gwpspider_ws/build/configuration/prefix_override:/home/spider/gwpspider_ws/install/configuration/lib/python3.10/site-packages:${PYTHONPATH} /usr/bin/python3 setup.py egg_info --egg-base ../../../build/configuration build --build-base /home/spider/gwpspider_ws/build/configuration/build install --record /home/spider/gwpspider_ws/build/configuration/install.log --single-version-externally-managed
[3.705s] DEBUG:colcon.colcon_core.event_handler.log_command:Invoking command in '/home/spider/gwpspider_ws/src/gwpspider/controller': PYTHONPATH=/home/spider/gwpspider_ws/build/controller/prefix_override:/home/spider/gwpspider_ws/install/controller/lib/python3.10/site-packages:${PYTHONPATH} /usr/bin/python3 setup.py egg_info --egg-base ../../../build/controller build --build-base /home/spider/gwpspider_ws/build/controller/build install --record /home/spider/gwpspider_ws/build/controller/install.log --single-version-externally-managed
[3.720s] DEBUG:colcon.colcon_core.event_handler.log_command:Invoking command in '/home/spider/gwpspider_ws/src/gwpspider/calculations': PYTHONPATH=/home/spider/gwpspider_ws/build/calculations/prefix_override:/home/spider/gwpspider_ws/install/calculations/lib/python3.10/site-packages:${PYTHONPATH} /usr/bin/python3 setup.py egg_info --egg-base ../../../build/calculations build --build-base /home/spider/gwpspider_ws/build/calculations/build install --record /home/spider/gwpspider_ws/build/calculations/install.log --single-version-externally-managed
[3.837s] DEBUG:colcon.colcon_core.event_handler.log_command:Invoking command in '/home/spider/gwpspider_ws/src/gwpspider/utils': PYTHONPATH=/home/spider/gwpspider_ws/build/utils/prefix_override:/home/spider/gwpspider_ws/install/utils/lib/python3.10/site-packages:${PYTHONPATH} /usr/bin/python3 setup.py egg_info --egg-base ../../../build/utils build --build-base /home/spider/gwpspider_ws/build/utils/build install --record /home/spider/gwpspider_ws/build/utils/install.log --single-version-externally-managed
[3.875s] DEBUG:colcon.colcon_core.event_handler.log_command:Invoking command in '/home/spider/gwpspider_ws/src/gwpspider/dynamixel_interface': PYTHONPATH=/home/spider/gwpspider_ws/build/dynamixel_interface/prefix_override:/home/spider/gwpspider_ws/install/dynamixel_interface/lib/python3.10/site-packages:${PYTHONPATH} /usr/bin/python3 setup.py egg_info --egg-base ../../../build/dynamixel_interface build --build-base /home/spider/gwpspider_ws/build/dynamixel_interface/build install --record /home/spider/gwpspider_ws/build/dynamixel_interface/install.log --single-version-externally-managed
[3.946s] DEBUG:colcon.colcon_core.event_handler.log_command:Invoking command in '/home/spider/gwpspider_ws/src/gwpspider/arduino_communication': PYTHONPATH=/home/spider/gwpspider_ws/build/arduino_communication/prefix_override:/home/spider/gwpspider_ws/install/arduino_communication/lib/python3.10/site-packages:${PYTHONPATH} /usr/bin/python3 setup.py egg_info --egg-base ../../../build/arduino_communication build --build-base /home/spider/gwpspider_ws/build/arduino_communication/build install --record /home/spider/gwpspider_ws/build/arduino_communication/install.log --single-version-externally-managed
[3.993s] DEBUG:colcon.colcon_core.event_handler.log_command:Invoking command in '/home/spider/gwpspider_ws/src/gwpspider/planning': PYTHONPATH=/home/spider/gwpspider_ws/build/planning/prefix_override:/home/spider/gwpspider_ws/install/planning/lib/python3.10/site-packages:${PYTHONPATH} /usr/bin/python3 setup.py egg_info --egg-base ../../../build/planning build --build-base /home/spider/gwpspider_ws/build/planning/build install --record /home/spider/gwpspider_ws/build/planning/install.log --single-version-externally-managed
[4.375s] DEBUG:colcon.colcon_core.event_handler.log_command:Invoked command in '/home/spider/gwpspider_ws/src/gwpspider/controller' returned '0': PYTHONPATH=/home/spider/gwpspider_ws/build/controller/prefix_override:/home/spider/gwpspider_ws/install/controller/lib/python3.10/site-packages:${PYTHONPATH} /usr/bin/python3 setup.py egg_info --egg-base ../../../build/controller build --build-base /home/spider/gwpspider_ws/build/controller/build install --record /home/spider/gwpspider_ws/build/controller/install.log --single-version-externally-managed
[4.379s] Level 1:colcon.colcon_core.environment:checking '/home/spider/gwpspider_ws/install/controller' for CMake module files
[4.380s] Level 1:colcon.colcon_core.environment:checking '/home/spider/gwpspider_ws/install/controller' for CMake config files
[4.382s] Level 1:colcon.colcon_core.environment:checking '/home/spider/gwpspider_ws/install/controller/lib'
[4.382s] Level 1:colcon.colcon_core.environment:checking '/home/spider/gwpspider_ws/install/controller/bin'
[4.382s] Level 1:colcon.colcon_core.environment:checking '/home/spider/gwpspider_ws/install/controller/lib/pkgconfig/controller.pc'
[4.383s] Level 1:colcon.colcon_core.environment:checking '/home/spider/gwpspider_ws/install/controller/lib/python3.10/site-packages'
[4.383s] Level 1:colcon.colcon_core.shell:create_environment_hook('controller', 'pythonpath')
[4.386s] INFO:colcon.colcon_core.shell:Creating environment hook '/home/spider/gwpspider_ws/install/controller/share/controller/hook/pythonpath.ps1'
[4.389s] INFO:colcon.colcon_core.shell:Creating environment descriptor '/home/spider/gwpspider_ws/install/controller/share/controller/hook/pythonpath.dsv'
[4.390s] INFO:colcon.colcon_core.shell:Creating environment hook '/home/spider/gwpspider_ws/install/controller/share/controller/hook/pythonpath.sh'
[4.394s] Level 1:colcon.colcon_core.environment:checking '/home/spider/gwpspider_ws/install/controller/bin'
[4.395s] Level 1:colcon.colcon_core.environment:create_environment_scripts_only(controller)
[4.400s] INFO:colcon.colcon_core.shell:Creating package script '/home/spider/gwpspider_ws/install/controller/share/controller/package.ps1'
[4.411s] INFO:colcon.colcon_core.shell:Creating package descriptor '/home/spider/gwpspider_ws/install/controller/share/controller/package.dsv'
[4.418s] INFO:colcon.colcon_core.shell:Creating package script '/home/spider/gwpspider_ws/install/controller/share/controller/package.sh'
[4.421s] INFO:colcon.colcon_core.shell:Creating package script '/home/spider/gwpspider_ws/install/controller/share/controller/package.bash'
[4.422s] INFO:colcon.colcon_core.shell:Creating package script '/home/spider/gwpspider_ws/install/controller/share/controller/package.zsh'
[4.423s] Level 1:colcon.colcon_core.environment:create_file_with_runtime_dependencies(/home/spider/gwpspider_ws/install/controller/share/colcon-core/packages/controller)
[4.485s] Level 1:colcon.colcon_core.environment:checking '/home/spider/gwpspider_ws/install/calculations' for CMake module files
[4.486s] Level 1:colcon.colcon_core.environment:checking '/home/spider/gwpspider_ws/install/calculations' for CMake config files
[4.487s] Level 1:colcon.colcon_core.environment:checking '/home/spider/gwpspider_ws/install/calculations/lib'
[4.487s] Level 1:colcon.colcon_core.environment:checking '/home/spider/gwpspider_ws/install/calculations/bin'
[4.487s] Level 1:colcon.colcon_core.environment:checking '/home/spider/gwpspider_ws/install/calculations/lib/pkgconfig/calculations.pc'
[4.488s] Level 1:colcon.colcon_core.environment:checking '/home/spider/gwpspider_ws/install/calculations/lib/python3.10/site-packages'
[4.488s] Level 1:colcon.colcon_core.shell:create_environment_hook('calculations', 'pythonpath')
[4.490s] INFO:colcon.colcon_core.shell:Creating environment hook '/home/spider/gwpspider_ws/install/calculations/share/calculations/hook/pythonpath.ps1'
[4.491s] INFO:colcon.colcon_core.shell:Creating environment descriptor '/home/spider/gwpspider_ws/install/calculations/share/calculations/hook/pythonpath.dsv'
[4.492s] INFO:colcon.colcon_core.shell:Creating environment hook '/home/spider/gwpspider_ws/install/calculations/share/calculations/hook/pythonpath.sh'
[4.493s] Level 1:colcon.colcon_core.environment:checking '/home/spider/gwpspider_ws/install/calculations/bin'
[4.494s] DEBUG:colcon.colcon_core.event_handler.log_command:Invoked command in '/home/spider/gwpspider_ws/src/gwpspider/calculations' returned '0': PYTHONPATH=/home/spider/gwpspider_ws/build/calculations/prefix_override:/home/spider/gwpspider_ws/install/calculations/lib/python3.10/site-packages:${PYTHONPATH} /usr/bin/python3 setup.py egg_info --egg-base ../../../build/calculations build --build-base /home/spider/gwpspider_ws/build/calculations/build install --record /home/spider/gwpspider_ws/build/calculations/install.log --single-version-externally-managed
[4.495s] Level 1:colcon.colcon_core.environment:create_environment_scripts_only(calculations)
[4.497s] INFO:colcon.colcon_core.shell:Creating package script '/home/spider/gwpspider_ws/install/calculations/share/calculations/package.ps1'
[4.503s] INFO:colcon.colcon_core.shell:Creating package descriptor '/home/spider/gwpspider_ws/install/calculations/share/calculations/package.dsv'
[4.504s] INFO:colcon.colcon_core.shell:Creating package script '/home/spider/gwpspider_ws/install/calculations/share/calculations/package.sh'
[4.505s] INFO:colcon.colcon_core.shell:Creating package script '/home/spider/gwpspider_ws/install/calculations/share/calculations/package.bash'
[4.506s] INFO:colcon.colcon_core.shell:Creating package script '/home/spider/gwpspider_ws/install/calculations/share/calculations/package.zsh'
[4.506s] Level 1:colcon.colcon_core.environment:create_file_with_runtime_dependencies(/home/spider/gwpspider_ws/install/calculations/share/colcon-core/packages/calculations)
[4.592s] Level 1:colcon.colcon_core.environment:checking '/home/spider/gwpspider_ws/install/configuration' for CMake module files
[4.596s] Level 1:colcon.colcon_core.environment:checking '/home/spider/gwpspider_ws/install/configuration' for CMake config files
[4.594s] DEBUG:colcon.colcon_core.event_handler.log_command:Invoked command in '/home/spider/gwpspider_ws/src/gwpspider/configuration' returned '0': PYTHONPATH=/home/spider/gwpspider_ws/build/configuration/prefix_override:/home/spider/gwpspider_ws/install/configuration/lib/python3.10/site-packages:${PYTHONPATH} /usr/bin/python3 setup.py egg_info --egg-base ../../../build/configuration build --build-base /home/spider/gwpspider_ws/build/configuration/build install --record /home/spider/gwpspider_ws/build/configuration/install.log --single-version-externally-managed
[4.614s] Level 1:colcon.colcon_core.environment:checking '/home/spider/gwpspider_ws/install/configuration/lib'
[4.614s] Level 1:colcon.colcon_core.environment:checking '/home/spider/gwpspider_ws/install/configuration/bin'
[4.614s] Level 1:colcon.colcon_core.environment:checking '/home/spider/gwpspider_ws/install/configuration/lib/pkgconfig/configuration.pc'
[4.616s] Level 1:colcon.colcon_core.environment:checking '/home/spider/gwpspider_ws/install/configuration/lib/python3.10/site-packages'
[4.616s] Level 1:colcon.colcon_core.shell:create_environment_hook('configuration', 'pythonpath')
[4.629s] INFO:colcon.colcon_core.shell:Creating environment hook '/home/spider/gwpspider_ws/install/configuration/share/configuration/hook/pythonpath.ps1'
[4.630s] INFO:colcon.colcon_core.shell:Creating environment descriptor '/home/spider/gwpspider_ws/install/configuration/share/configuration/hook/pythonpath.dsv'
[4.630s] INFO:colcon.colcon_core.shell:Creating environment hook '/home/spider/gwpspider_ws/install/configuration/share/configuration/hook/pythonpath.sh'
[4.631s] Level 1:colcon.colcon_core.environment:checking '/home/spider/gwpspider_ws/install/configuration/bin'
[4.631s] Level 1:colcon.colcon_core.environment:create_environment_scripts_only(configuration)
[4.634s] INFO:colcon.colcon_core.shell:Creating package script '/home/spider/gwpspider_ws/install/configuration/share/configuration/package.ps1'
[4.635s] INFO:colcon.colcon_core.shell:Creating package descriptor '/home/spider/gwpspider_ws/install/configuration/share/configuration/package.dsv'
[4.635s] INFO:colcon.colcon_core.shell:Creating package script '/home/spider/gwpspider_ws/install/configuration/share/configuration/package.sh'
[4.636s] INFO:colcon.colcon_core.shell:Creating package script '/home/spider/gwpspider_ws/install/configuration/share/configuration/package.bash'
[4.636s] INFO:colcon.colcon_core.shell:Creating package script '/home/spider/gwpspider_ws/install/configuration/share/configuration/package.zsh'
[4.637s] Level 1:colcon.colcon_core.environment:create_file_with_runtime_dependencies(/home/spider/gwpspider_ws/install/configuration/share/colcon-core/packages/configuration)
[4.659s] Level 1:colcon.colcon_core.environment:checking '/home/spider/gwpspider_ws/install/dynamixel_interface' for CMake module files
[4.661s] DEBUG:colcon.colcon_core.event_handler.log_command:Invoked command in '/home/spider/gwpspider_ws/src/gwpspider/dynamixel_interface' returned '0': PYTHONPATH=/home/spider/gwpspider_ws/build/dynamixel_interface/prefix_override:/home/spider/gwpspider_ws/install/dynamixel_interface/lib/python3.10/site-packages:${PYTHONPATH} /usr/bin/python3 setup.py egg_info --egg-base ../../../build/dynamixel_interface build --build-base /home/spider/gwpspider_ws/build/dynamixel_interface/build install --record /home/spider/gwpspider_ws/build/dynamixel_interface/install.log --single-version-externally-managed
[4.663s] Level 1:colcon.colcon_core.environment:checking '/home/spider/gwpspider_ws/install/dynamixel_interface' for CMake config files
[4.664s] Level 1:colcon.colcon_core.environment:checking '/home/spider/gwpspider_ws/install/dynamixel_interface/lib'
[4.664s] Level 1:colcon.colcon_core.environment:checking '/home/spider/gwpspider_ws/install/dynamixel_interface/bin'
[4.664s] Level 1:colcon.colcon_core.environment:checking '/home/spider/gwpspider_ws/install/dynamixel_interface/lib/pkgconfig/dynamixel_interface.pc'
[4.665s] Level 1:colcon.colcon_core.environment:checking '/home/spider/gwpspider_ws/install/dynamixel_interface/lib/python3.10/site-packages'
[4.665s] Level 1:colcon.colcon_core.shell:create_environment_hook('dynamixel_interface', 'pythonpath')
[4.668s] INFO:colcon.colcon_core.shell:Creating environment hook '/home/spider/gwpspider_ws/install/dynamixel_interface/share/dynamixel_interface/hook/pythonpath.ps1'
[4.669s] INFO:colcon.colcon_core.shell:Creating environment descriptor '/home/spider/gwpspider_ws/install/dynamixel_interface/share/dynamixel_interface/hook/pythonpath.dsv'
[4.670s] INFO:colcon.colcon_core.shell:Creating environment hook '/home/spider/gwpspider_ws/install/dynamixel_interface/share/dynamixel_interface/hook/pythonpath.sh'
[4.671s] Level 1:colcon.colcon_core.environment:checking '/home/spider/gwpspider_ws/install/dynamixel_interface/bin'
[4.671s] Level 1:colcon.colcon_core.environment:create_environment_scripts_only(dynamixel_interface)
[4.674s] INFO:colcon.colcon_core.shell:Creating package script '/home/spider/gwpspider_ws/install/dynamixel_interface/share/dynamixel_interface/package.ps1'
[4.675s] INFO:colcon.colcon_core.shell:Creating package descriptor '/home/spider/gwpspider_ws/install/dynamixel_interface/share/dynamixel_interface/package.dsv'
[4.676s] INFO:colcon.colcon_core.shell:Creating package script '/home/spider/gwpspider_ws/install/dynamixel_interface/share/dynamixel_interface/package.sh'
[4.677s] INFO:colcon.colcon_core.shell:Creating package script '/home/spider/gwpspider_ws/install/dynamixel_interface/share/dynamixel_interface/package.bash'
[4.678s] INFO:colcon.colcon_core.shell:Creating package script '/home/spider/gwpspider_ws/install/dynamixel_interface/share/dynamixel_interface/package.zsh'
[4.679s] Level 1:colcon.colcon_core.environment:create_file_with_runtime_dependencies(/home/spider/gwpspider_ws/install/dynamixel_interface/share/colcon-core/packages/dynamixel_interface)
[4.685s] Level 1:colcon.colcon_core.environment:checking '/home/spider/gwpspider_ws/install/arduino_communication' for CMake module files
[4.685s] DEBUG:colcon.colcon_core.event_handler.log_command:Invoked command in '/home/spider/gwpspider_ws/src/gwpspider/arduino_communication' returned '0': PYTHONPATH=/home/spider/gwpspider_ws/build/arduino_communication/prefix_override:/home/spider/gwpspider_ws/install/arduino_communication/lib/python3.10/site-packages:${PYTHONPATH} /usr/bin/python3 setup.py egg_info --egg-base ../../../build/arduino_communication build --build-base /home/spider/gwpspider_ws/build/arduino_communication/build install --record /home/spider/gwpspider_ws/build/arduino_communication/install.log --single-version-externally-managed
[4.686s] Level 1:colcon.colcon_core.environment:checking '/home/spider/gwpspider_ws/install/arduino_communication' for CMake config files
[4.687s] Level 1:colcon.colcon_core.environment:checking '/home/spider/gwpspider_ws/install/arduino_communication/lib'
[4.687s] Level 1:colcon.colcon_core.environment:checking '/home/spider/gwpspider_ws/install/arduino_communication/bin'
[4.687s] Level 1:colcon.colcon_core.environment:checking '/home/spider/gwpspider_ws/install/arduino_communication/lib/pkgconfig/arduino_communication.pc'
[4.687s] Level 1:colcon.colcon_core.environment:checking '/home/spider/gwpspider_ws/install/arduino_communication/lib/python3.10/site-packages'
[4.687s] Level 1:colcon.colcon_core.shell:create_environment_hook('arduino_communication', 'pythonpath')
[4.690s] INFO:colcon.colcon_core.shell:Creating environment hook '/home/spider/gwpspider_ws/install/arduino_communication/share/arduino_communication/hook/pythonpath.ps1'
[4.691s] INFO:colcon.colcon_core.shell:Creating environment descriptor '/home/spider/gwpspider_ws/install/arduino_communication/share/arduino_communication/hook/pythonpath.dsv'
[4.692s] INFO:colcon.colcon_core.shell:Creating environment hook '/home/spider/gwpspider_ws/install/arduino_communication/share/arduino_communication/hook/pythonpath.sh'
[4.693s] Level 1:colcon.colcon_core.environment:checking '/home/spider/gwpspider_ws/install/arduino_communication/bin'
[4.693s] Level 1:colcon.colcon_core.environment:create_environment_scripts_only(arduino_communication)
[4.696s] INFO:colcon.colcon_core.shell:Creating package script '/home/spider/gwpspider_ws/install/arduino_communication/share/arduino_communication/package.ps1'
[4.698s] INFO:colcon.colcon_core.shell:Creating package descriptor '/home/spider/gwpspider_ws/install/arduino_communication/share/arduino_communication/package.dsv'
[4.699s] INFO:colcon.colcon_core.shell:Creating package script '/home/spider/gwpspider_ws/install/arduino_communication/share/arduino_communication/package.sh'
[4.700s] INFO:colcon.colcon_core.shell:Creating package script '/home/spider/gwpspider_ws/install/arduino_communication/share/arduino_communication/package.bash'
[4.701s] INFO:colcon.colcon_core.shell:Creating package script '/home/spider/gwpspider_ws/install/arduino_communication/share/arduino_communication/package.zsh'
[4.702s] Level 1:colcon.colcon_core.environment:create_file_with_runtime_dependencies(/home/spider/gwpspider_ws/install/arduino_communication/share/colcon-core/packages/arduino_communication)
[4.709s] Level 1:colcon.colcon_core.environment:checking '/home/spider/gwpspider_ws/install/utils' for CMake module files
[4.710s] DEBUG:colcon.colcon_core.event_handler.log_command:Invoked command in '/home/spider/gwpspider_ws/src/gwpspider/utils' returned '0': PYTHONPATH=/home/spider/gwpspider_ws/build/utils/prefix_override:/home/spider/gwpspider_ws/install/utils/lib/python3.10/site-packages:${PYTHONPATH} /usr/bin/python3 setup.py egg_info --egg-base ../../../build/utils build --build-base /home/spider/gwpspider_ws/build/utils/build install --record /home/spider/gwpspider_ws/build/utils/install.log --single-version-externally-managed
[4.711s] Level 1:colcon.colcon_core.environment:checking '/home/spider/gwpspider_ws/install/utils' for CMake config files
[4.712s] Level 1:colcon.colcon_core.environment:checking '/home/spider/gwpspider_ws/install/utils/lib'
[4.712s] Level 1:colcon.colcon_core.environment:checking '/home/spider/gwpspider_ws/install/utils/bin'
[4.712s] Level 1:colcon.colcon_core.environment:checking '/home/spider/gwpspider_ws/install/utils/lib/pkgconfig/utils.pc'
[4.712s] Level 1:colcon.colcon_core.environment:checking '/home/spider/gwpspider_ws/install/utils/lib/python3.10/site-packages'
[4.713s] Level 1:colcon.colcon_core.shell:create_environment_hook('utils', 'pythonpath')
[4.715s] INFO:colcon.colcon_core.shell:Creating environment hook '/home/spider/gwpspider_ws/install/utils/share/utils/hook/pythonpath.ps1'
[4.716s] INFO:colcon.colcon_core.shell:Creating environment descriptor '/home/spider/gwpspider_ws/install/utils/share/utils/hook/pythonpath.dsv'
[4.717s] INFO:colcon.colcon_core.shell:Creating environment hook '/home/spider/gwpspider_ws/install/utils/share/utils/hook/pythonpath.sh'
[4.718s] Level 1:colcon.colcon_core.environment:checking '/home/spider/gwpspider_ws/install/utils/bin'
[4.718s] Level 1:colcon.colcon_core.environment:create_environment_scripts_only(utils)
[4.721s] INFO:colcon.colcon_core.shell:Creating package script '/home/spider/gwpspider_ws/install/utils/share/utils/package.ps1'
[4.722s] INFO:colcon.colcon_core.shell:Creating package descriptor '/home/spider/gwpspider_ws/install/utils/share/utils/package.dsv'
[4.723s] INFO:colcon.colcon_core.shell:Creating package script '/home/spider/gwpspider_ws/install/utils/share/utils/package.sh'
[4.724s] INFO:colcon.colcon_core.shell:Creating package script '/home/spider/gwpspider_ws/install/utils/share/utils/package.bash'
[4.725s] INFO:colcon.colcon_core.shell:Creating package script '/home/spider/gwpspider_ws/install/utils/share/utils/package.zsh'
[4.725s] Level 1:colcon.colcon_core.environment:create_file_with_runtime_dependencies(/home/spider/gwpspider_ws/install/utils/share/colcon-core/packages/utils)
[4.797s] Level 1:colcon.colcon_core.environment:checking '/home/spider/gwpspider_ws/install/planning' for CMake module files
[4.798s] Level 1:colcon.colcon_core.environment:checking '/home/spider/gwpspider_ws/install/planning' for CMake config files
[4.798s] DEBUG:colcon.colcon_core.event_handler.log_command:Invoked command in '/home/spider/gwpspider_ws/src/gwpspider/planning' returned '0': PYTHONPATH=/home/spider/gwpspider_ws/build/planning/prefix_override:/home/spider/gwpspider_ws/install/planning/lib/python3.10/site-packages:${PYTHONPATH} /usr/bin/python3 setup.py egg_info --egg-base ../../../build/planning build --build-base /home/spider/gwpspider_ws/build/planning/build install --record /home/spider/gwpspider_ws/build/planning/install.log --single-version-externally-managed
[4.799s] Level 1:colcon.colcon_core.environment:checking '/home/spider/gwpspider_ws/install/planning/lib'
[4.799s] Level 1:colcon.colcon_core.environment:checking '/home/spider/gwpspider_ws/install/planning/bin'
[4.799s] Level 1:colcon.colcon_core.environment:checking '/home/spider/gwpspider_ws/install/planning/lib/pkgconfig/planning.pc'
[4.800s] Level 1:colcon.colcon_core.environment:checking '/home/spider/gwpspider_ws/install/planning/lib/python3.10/site-packages'
[4.800s] Level 1:colcon.colcon_core.shell:create_environment_hook('planning', 'pythonpath')
[4.801s] INFO:colcon.colcon_core.shell:Creating environment hook '/home/spider/gwpspider_ws/install/planning/share/planning/hook/pythonpath.ps1'
[4.802s] INFO:colcon.colcon_core.shell:Creating environment descriptor '/home/spider/gwpspider_ws/install/planning/share/planning/hook/pythonpath.dsv'
[4.802s] INFO:colcon.colcon_core.shell:Creating environment hook '/home/spider/gwpspider_ws/install/planning/share/planning/hook/pythonpath.sh'
[4.803s] Level 1:colcon.colcon_core.environment:checking '/home/spider/gwpspider_ws/install/planning/bin'
[4.803s] Level 1:colcon.colcon_core.environment:create_environment_scripts_only(planning)
[4.804s] INFO:colcon.colcon_core.shell:Creating package script '/home/spider/gwpspider_ws/install/planning/share/planning/package.ps1'
[4.805s] INFO:colcon.colcon_core.shell:Creating package descriptor '/home/spider/gwpspider_ws/install/planning/share/planning/package.dsv'
[4.805s] INFO:colcon.colcon_core.shell:Creating package script '/home/spider/gwpspider_ws/install/planning/share/planning/package.sh'
[4.806s] INFO:colcon.colcon_core.shell:Creating package script '/home/spider/gwpspider_ws/install/planning/share/planning/package.bash'
[4.806s] INFO:colcon.colcon_core.shell:Creating package script '/home/spider/gwpspider_ws/install/planning/share/planning/package.zsh'
[4.807s] Level 1:colcon.colcon_core.environment:create_file_with_runtime_dependencies(/home/spider/gwpspider_ws/install/planning/share/colcon-core/packages/planning)
[5.005s] DEBUG:colcon.colcon_core.event_handler.log_command:Invoking command in '/home/spider/gwpspider_ws/build/gwpspider_interfaces': CMAKE_PREFIX_PATH=${CMAKE_PREFIX_PATH}:/home/spider/gwpspider_ws/install/utils:/home/spider/gwpspider_ws/install/planning:/home/spider/gwpspider_ws/install/dynamixel_interface:/home/spider/gwpspider_ws/install/controller:/home/spider/gwpspider_ws/install/configuration:/home/spider/gwpspider_ws/install/calculations:/home/spider/gwpspider_ws/install/arduino_communication:/opt/ros/humble /home/spider/.local/bin/cmake --install /home/spider/gwpspider_ws/build/gwpspider_interfaces
[5.126s] Level 1:colcon.colcon_core.environment:create_environment_scripts_only(gwpspider_interfaces)
[5.129s] Level 1:colcon.colcon_core.environment:checking '/home/spider/gwpspider_ws/install/gwpspider_interfaces' for CMake module files
[5.130s] DEBUG:colcon.colcon_core.event_handler.log_command:Invoked command in '/home/spider/gwpspider_ws/build/gwpspider_interfaces' returned '0': CMAKE_PREFIX_PATH=${CMAKE_PREFIX_PATH}:/home/spider/gwpspider_ws/install/utils:/home/spider/gwpspider_ws/install/planning:/home/spider/gwpspider_ws/install/dynamixel_interface:/home/spider/gwpspider_ws/install/controller:/home/spider/gwpspider_ws/install/configuration:/home/spider/gwpspider_ws/install/calculations:/home/spider/gwpspider_ws/install/arduino_communication:/opt/ros/humble /home/spider/.local/bin/cmake --install /home/spider/gwpspider_ws/build/gwpspider_interfaces
[5.131s] Level 1:colcon.colcon_core.environment:checking '/home/spider/gwpspider_ws/install/gwpspider_interfaces' for CMake config files
[5.132s] Level 1:colcon.colcon_core.shell:create_environment_hook('gwpspider_interfaces', 'cmake_prefix_path')
[5.134s] INFO:colcon.colcon_core.shell:Creating environment hook '/home/spider/gwpspider_ws/install/gwpspider_interfaces/share/gwpspider_interfaces/hook/cmake_prefix_path.ps1'
[5.135s] INFO:colcon.colcon_core.shell:Creating environment descriptor '/home/spider/gwpspider_ws/install/gwpspider_interfaces/share/gwpspider_interfaces/hook/cmake_prefix_path.dsv'
[5.135s] INFO:colcon.colcon_core.shell:Creating environment hook '/home/spider/gwpspider_ws/install/gwpspider_interfaces/share/gwpspider_interfaces/hook/cmake_prefix_path.sh'
[5.136s] Level 1:colcon.colcon_core.environment:checking '/home/spider/gwpspider_ws/install/gwpspider_interfaces/lib'
[5.136s] Level 1:colcon.colcon_core.shell:create_environment_hook('gwpspider_interfaces', 'ld_library_path_lib')
[5.138s] INFO:colcon.colcon_core.shell:Creating environment hook '/home/spider/gwpspider_ws/install/gwpspider_interfaces/share/gwpspider_interfaces/hook/ld_library_path_lib.ps1'
[5.139s] INFO:colcon.colcon_core.shell:Creating environment descriptor '/home/spider/gwpspider_ws/install/gwpspider_interfaces/share/gwpspider_interfaces/hook/ld_library_path_lib.dsv'
[5.139s] INFO:colcon.colcon_core.shell:Creating environment hook '/home/spider/gwpspider_ws/install/gwpspider_interfaces/share/gwpspider_interfaces/hook/ld_library_path_lib.sh'
[5.139s] Level 1:colcon.colcon_core.environment:checking '/home/spider/gwpspider_ws/install/gwpspider_interfaces/bin'
[5.139s] Level 1:colcon.colcon_core.environment:checking '/home/spider/gwpspider_ws/install/gwpspider_interfaces/lib/pkgconfig/gwpspider_interfaces.pc'
[5.140s] Level 1:colcon.colcon_core.environment:checking '/home/spider/gwpspider_ws/install/gwpspider_interfaces/lib/python3.10/site-packages'
[5.140s] Level 1:colcon.colcon_core.environment:checking '/home/spider/gwpspider_ws/install/gwpspider_interfaces/bin'
[5.142s] INFO:colcon.colcon_core.shell:Creating package script '/home/spider/gwpspider_ws/install/gwpspider_interfaces/share/gwpspider_interfaces/package.ps1'
[5.143s] INFO:colcon.colcon_core.shell:Creating package descriptor '/home/spider/gwpspider_ws/install/gwpspider_interfaces/share/gwpspider_interfaces/package.dsv'
[5.143s] INFO:colcon.colcon_core.shell:Creating package script '/home/spider/gwpspider_ws/install/gwpspider_interfaces/share/gwpspider_interfaces/package.sh'
[5.144s] INFO:colcon.colcon_core.shell:Creating package script '/home/spider/gwpspider_ws/install/gwpspider_interfaces/share/gwpspider_interfaces/package.bash'
[5.144s] INFO:colcon.colcon_core.shell:Creating package script '/home/spider/gwpspider_ws/install/gwpspider_interfaces/share/gwpspider_interfaces/package.zsh'
[5.144s] Level 1:colcon.colcon_core.environment:create_file_with_runtime_dependencies(/home/spider/gwpspider_ws/install/gwpspider_interfaces/share/colcon-core/packages/gwpspider_interfaces)
[5.548s] Level 1:colcon.colcon_core.environment:create_environment_scripts_only(gwpspider_interfaces)
[5.551s] Level 1:colcon.colcon_core.environment:checking '/home/spider/gwpspider_ws/install/gwpspider_interfaces' for CMake module files
[5.551s] Level 1:colcon.colcon_core.environment:checking '/home/spider/gwpspider_ws/install/gwpspider_interfaces' for CMake config files
[5.551s] Level 1:colcon.colcon_core.shell:create_environment_hook('gwpspider_interfaces', 'cmake_prefix_path')
[5.553s] INFO:colcon.colcon_core.shell:Creating environment hook '/home/spider/gwpspider_ws/install/gwpspider_interfaces/share/gwpspider_interfaces/hook/cmake_prefix_path.ps1'
[5.553s] INFO:colcon.colcon_core.shell:Creating environment descriptor '/home/spider/gwpspider_ws/install/gwpspider_interfaces/share/gwpspider_interfaces/hook/cmake_prefix_path.dsv'
[5.553s] INFO:colcon.colcon_core.shell:Creating environment hook '/home/spider/gwpspider_ws/install/gwpspider_interfaces/share/gwpspider_interfaces/hook/cmake_prefix_path.sh'
[5.554s] Level 1:colcon.colcon_core.environment:checking '/home/spider/gwpspider_ws/install/gwpspider_interfaces/lib'
[5.554s] Level 1:colcon.colcon_core.shell:create_environment_hook('gwpspider_interfaces', 'ld_library_path_lib')
[5.556s] INFO:colcon.colcon_core.shell:Creating environment hook '/home/spider/gwpspider_ws/install/gwpspider_interfaces/share/gwpspider_interfaces/hook/ld_library_path_lib.ps1'
[5.556s] INFO:colcon.colcon_core.shell:Creating environment descriptor '/home/spider/gwpspider_ws/install/gwpspider_interfaces/share/gwpspider_interfaces/hook/ld_library_path_lib.dsv'
[5.556s] INFO:colcon.colcon_core.shell:Creating environment hook '/home/spider/gwpspider_ws/install/gwpspider_interfaces/share/gwpspider_interfaces/hook/ld_library_path_lib.sh'
[5.557s] Level 1:colcon.colcon_core.environment:checking '/home/spider/gwpspider_ws/install/gwpspider_interfaces/bin'
[5.557s] Level 1:colcon.colcon_core.environment:checking '/home/spider/gwpspider_ws/install/gwpspider_interfaces/lib/pkgconfig/gwpspider_interfaces.pc'
[5.557s] Level 1:colcon.colcon_core.environment:checking '/home/spider/gwpspider_ws/install/gwpspider_interfaces/lib/python3.10/site-packages'
[5.557s] Level 1:colcon.colcon_core.environment:checking '/home/spider/gwpspider_ws/install/gwpspider_interfaces/bin'
[5.559s] INFO:colcon.colcon_core.shell:Creating package script '/home/spider/gwpspider_ws/install/gwpspider_interfaces/share/gwpspider_interfaces/package.ps1'
[5.559s] INFO:colcon.colcon_core.shell:Creating package descriptor '/home/spider/gwpspider_ws/install/gwpspider_interfaces/share/gwpspider_interfaces/package.dsv'
[5.559s] INFO:colcon.colcon_core.shell:Creating package script '/home/spider/gwpspider_ws/install/gwpspider_interfaces/share/gwpspider_interfaces/package.sh'
[5.560s] INFO:colcon.colcon_core.shell:Creating package script '/home/spider/gwpspider_ws/install/gwpspider_interfaces/share/gwpspider_interfaces/package.bash'
[5.560s] INFO:colcon.colcon_core.shell:Creating package script '/home/spider/gwpspider_ws/install/gwpspider_interfaces/share/gwpspider_interfaces/package.zsh'
[5.560s] Level 1:colcon.colcon_core.environment:create_file_with_runtime_dependencies(/home/spider/gwpspider_ws/install/gwpspider_interfaces/share/colcon-core/packages/gwpspider_interfaces)
[5.561s] DEBUG:colcon.colcon_parallel_executor.executor.parallel:closing loop
[5.561s] DEBUG:colcon.colcon_parallel_executor.executor.parallel:loop closed
[5.561s] DEBUG:colcon.colcon_parallel_executor.executor.parallel:run_until_complete finished with '0'
[5.562s] DEBUG:colcon.colcon_core.event_reactor:joining thread
[5.569s] INFO:colcon.colcon_core.plugin_system:Skipping extension 'colcon_notification.desktop_notification.terminal_notifier': Not used on non-Darwin systems
[5.569s] INFO:colcon.colcon_core.plugin_system:Skipping extension 'colcon_notification.desktop_notification.win32': Not used on non-Windows systems
[5.570s] INFO:colcon.colcon_notification.desktop_notification:Sending desktop notification using 'notify2'
[5.579s] DEBUG:colcon.colcon_core.event_reactor:joined thread
[5.582s] INFO:colcon.colcon_core.shell:Creating prefix script '/home/spider/gwpspider_ws/install/local_setup.ps1'
[5.583s] INFO:colcon.colcon_core.shell:Creating prefix util module '/home/spider/gwpspider_ws/install/_local_setup_util_ps1.py'
[5.585s] INFO:colcon.colcon_core.shell:Creating prefix chain script '/home/spider/gwpspider_ws/install/setup.ps1'
[5.588s] INFO:colcon.colcon_core.shell:Creating prefix script '/home/spider/gwpspider_ws/install/local_setup.sh'
[5.588s] INFO:colcon.colcon_core.shell:Creating prefix util module '/home/spider/gwpspider_ws/install/_local_setup_util_sh.py'
[5.589s] INFO:colcon.colcon_core.shell:Creating prefix chain script '/home/spider/gwpspider_ws/install/setup.sh'
[5.591s] INFO:colcon.colcon_core.shell:Creating prefix script '/home/spider/gwpspider_ws/install/local_setup.bash'
[5.592s] INFO:colcon.colcon_core.shell:Creating prefix chain script '/home/spider/gwpspider_ws/install/setup.bash'
[5.594s] INFO:colcon.colcon_core.shell:Creating prefix script '/home/spider/gwpspider_ws/install/local_setup.zsh'
[5.594s] INFO:colcon.colcon_core.shell:Creating prefix chain script '/home/spider/gwpspider_ws/install/setup.zsh'
