[0.232s] Invoking command in '/home/spider/gwpspider_ws/build/gwpspider_interfaces': CMAKE_PREFIX_PATH=${CMAKE_PREFIX_PATH}:/home/spider/gwpspider_ws/install/arduino_communication:/opt/ros/humble /usr/bin/cmake --build /home/spider/gwpspider_ws/build/gwpspider_interfaces -- -j8 -l8
[0.251s] -- Found ament_cmake: 1.3.4 (/opt/ros/humble/share/ament_cmake/cmake)
[0.382s] -- Found rosidl_default_generators: 1.2.0 (/opt/ros/humble/share/rosidl_default_generators/cmake)
[0.384s] -- Using all available rosidl_typesupport_c: rosidl_typesupport_fastrtps_c;rosidl_typesupport_introspection_c
[0.386s] -- Found rosidl_adapter: 3.1.4 (/opt/ros/humble/share/rosidl_adapter/cmake)
[0.414s] -- Using all available rosidl_typesupport_cpp: rosidl_typesupport_fastrtps_cpp;rosidl_typesupport_introspection_cpp
[0.616s] [31mCMake Error at /opt/ros/humble/share/rosidl_adapter/cmake/rosidl_adapt_interfaces.cmake:59 (message):
[0.616s]   execute_process(/usr/bin/python3.10 -m rosidl_adapter --package-name
[0.616s]   gwpspider_interfaces --arguments-file
[0.616s]   /home/spider/gwpspider_ws/build/gwpspider_interfaces/rosidl_adapter__arguments__gwpspider_interfaces.json
[0.616s]   --output-dir
[0.616s]   /home/spider/gwpspider_ws/build/gwpspider_interfaces/rosidl_adapter/gwpspider_interfaces
[0.616s]   --output-file
[0.616s]   /home/spider/gwpspider_ws/build/gwpspider_interfaces/rosidl_adapter/gwpspider_interfaces.idls)
[0.616s]   returned error code 1:
[0.616s] 
[0.617s]   Error processing 'gwpspider_interfaces/msg/WaterPumpCommand instructions'
[0.617s]   of 'gwpspider_interfaces/ControlWaterPump_Request':
[0.617s]   'gwpspider_interfaces/msg/WaterPumpCommand'
[0.617s] 
[0.617s]   Traceback (most recent call last):
[0.617s] 
[0.617s]     File "/usr/lib/python3.10/runpy.py", line 196, in _run_module_as_main
[0.617s]       return _run_code(code, main_globals, None,
[0.617s]     File "/usr/lib/python3.10/runpy.py", line 86, in _run_code
[0.617s]       exec(code, run_globals)
[0.617s]     File "/opt/ros/humble/local/lib/python3.10/dist-packages/rosidl_adapter/__main__.py", line 19, in <module>
[0.617s]       sys.exit(main())
[0.617s]     File "/opt/ros/humble/local/lib/python3.10/dist-packages/rosidl_adapter/main.py", line 53, in main
[0.618s]       abs_idl_file = convert_to_idl(
[0.618s]     File "/opt/ros/humble/local/lib/python3.10/dist-packages/rosidl_adapter/__init__.py", line 24, in convert_to_idl
[0.618s]       return convert_srv_to_idl(
[0.618s]     File "/opt/ros/humble/local/lib/python3.10/dist-packages/rosidl_adapter/srv/__init__.py", line 28, in convert_srv_to_idl
[0.618s]       srv = parse_service_string(package_name, input_file.stem, content)
[0.618s]     File "/opt/ros/humble/local/lib/python3.10/dist-packages/rosidl_adapter/parser.py", line 859, in parse_service_string
[0.618s]       request_message = parse_message_string(
[0.618s]     File "/opt/ros/humble/local/lib/python3.10/dist-packages/rosidl_adapter/parser.py", line 520, in parse_message_string
[0.618s]       Type(type_string, context_package_name=pkg_name),
[0.618s]     File "/opt/ros/humble/local/lib/python3.10/dist-packages/rosidl_adapter/parser.py", line 277, in __init__
[0.618s]       super(Type, self).__init__(
[0.618s]     File "/opt/ros/humble/local/lib/python3.10/dist-packages/rosidl_adapter/parser.py", line 190, in __init__
[0.618s]       raise InvalidResourceName(type_string)
[0.619s] 
[0.619s]   rosidl_adapter.parser.InvalidResourceName:
[0.619s]   gwpspider_interfaces/msg/WaterPumpCommand
[0.619s] 
[0.619s] Call Stack (most recent call first):
[0.619s]   /opt/ros/humble/share/rosidl_cmake/cmake/rosidl_generate_interfaces.cmake:130 (rosidl_adapt_interfaces)
[0.619s]   CMakeLists.txt:25 (rosidl_generate_interfaces)
[0.619s] 
[0.619s] [0m
[0.619s] -- Configuring incomplete, errors occurred!
[0.619s] See also "/home/spider/gwpspider_ws/build/gwpspider_interfaces/CMakeFiles/CMakeOutput.log".
[0.620s] gmake: *** [Makefile:963: cmake_check_build_system] Error 1
[0.622s] Invoked command in '/home/spider/gwpspider_ws/build/gwpspider_interfaces' returned '2': CMAKE_PREFIX_PATH=${CMAKE_PREFIX_PATH}:/home/spider/gwpspider_ws/install/arduino_communication:/opt/ros/humble /usr/bin/cmake --build /home/spider/gwpspider_ws/build/gwpspider_interfaces -- -j8 -l8
