[0.325s] DEBUG:colcon:Command line arguments: ['/usr/bin/colcon', 'build', '--packages-select', 'dynamixel_interface']
[0.325s] DEBUG:colcon:Parsed command line arguments: Namespace(log_base=None, log_level=None, verb_name='build', build_base='build', install_base='install', merge_install=False, symlink_install=False, test_result_base=None, continue_on_error=False, executor='parallel', parallel_workers=8, event_handlers=None, ignore_user_meta=False, metas=['./colcon.meta'], base_paths=['.'], packages_ignore=None, packages_ignore_regex=None, paths=None, packages_up_to=None, packages_up_to_regex=None, packages_above=None, packages_above_and_dependencies=None, packages_above_depth=None, packages_select_by_dep=None, packages_skip_by_dep=None, packages_skip_up_to=None, packages_select_build_failed=False, packages_skip_build_finished=False, packages_select_test_failures=False, packages_skip_test_passed=False, packages_select=['dynamixel_interface'], packages_skip=None, packages_select_regex=None, packages_skip_regex=None, packages_start=None, packages_end=None, allow_overriding=[], cmake_args=None, cmake_target=None, cmake_target_skip_unavailable=False, cmake_clean_cache=False, cmake_clean_first=False, cmake_force_configure=False, ament_cmake_args=None, catkin_cmake_args=None, catkin_skip_building_tests=False, verb_parser=<colcon_defaults.argument_parser.defaults.DefaultArgumentsDecorator object at 0x7f2ddfcda770>, verb_extension=<colcon_core.verb.build.BuildVerb object at 0x7f2de04da3e0>, main=<bound method BuildVerb.main of <colcon_core.verb.build.BuildVerb object at 0x7f2de04da3e0>>)
[0.357s] Level 1:colcon.colcon_core.package_discovery:discover_packages(colcon_meta) check parameters
[0.357s] Level 1:colcon.colcon_core.package_discovery:discover_packages(recursive) check parameters
[0.357s] Level 1:colcon.colcon_core.package_discovery:discover_packages(ignore) check parameters
[0.357s] Level 1:colcon.colcon_core.package_discovery:discover_packages(path) check parameters
[0.357s] Level 1:colcon.colcon_core.package_discovery:discover_packages(colcon_meta) discover
[0.357s] Level 1:colcon.colcon_core.package_discovery:discover_packages(recursive) discover
[0.357s] INFO:colcon.colcon_core.package_discovery:Crawling recursively for packages in '/home/spider/gwpspider_ws'
[0.357s] Level 1:colcon.colcon_core.package_identification:_identify(.) by extensions ['ignore', 'ignore_ament_install']
[0.357s] Level 1:colcon.colcon_core.package_identification:_identify(.) by extension 'ignore'
[0.357s] Level 1:colcon.colcon_core.package_identification:_identify(.) by extension 'ignore_ament_install'
[0.358s] Level 1:colcon.colcon_core.package_identification:_identify(.) by extensions ['colcon_pkg']
[0.358s] Level 1:colcon.colcon_core.package_identification:_identify(.) by extension 'colcon_pkg'
[0.358s] Level 1:colcon.colcon_core.package_identification:_identify(.) by extensions ['colcon_meta']
[0.358s] Level 1:colcon.colcon_core.package_identification:_identify(.) by extension 'colcon_meta'
[0.358s] Level 1:colcon.colcon_core.package_identification:_identify(.) by extensions ['ros']
[0.358s] Level 1:colcon.colcon_core.package_identification:_identify(.) by extension 'ros'
[0.369s] Level 1:colcon.colcon_core.package_identification:_identify(.) by extensions ['cmake', 'python']
[0.370s] Level 1:colcon.colcon_core.package_identification:_identify(.) by extension 'cmake'
[0.370s] Level 1:colcon.colcon_core.package_identification:_identify(.) by extension 'python'
[0.370s] Level 1:colcon.colcon_core.package_identification:_identify(.) by extensions ['python_setup_py']
[0.370s] Level 1:colcon.colcon_core.package_identification:_identify(.) by extension 'python_setup_py'
[0.370s] Level 1:colcon.colcon_core.package_identification:_identify(build) by extensions ['ignore', 'ignore_ament_install']
[0.370s] Level 1:colcon.colcon_core.package_identification:_identify(build) by extension 'ignore'
[0.370s] Level 1:colcon.colcon_core.package_identification:_identify(build) ignored
[0.370s] Level 1:colcon.colcon_core.package_identification:_identify(install) by extensions ['ignore', 'ignore_ament_install']
[0.370s] Level 1:colcon.colcon_core.package_identification:_identify(install) by extension 'ignore'
[0.370s] Level 1:colcon.colcon_core.package_identification:_identify(install) ignored
[0.371s] Level 1:colcon.colcon_core.package_identification:_identify(log) by extensions ['ignore', 'ignore_ament_install']
[0.371s] Level 1:colcon.colcon_core.package_identification:_identify(log) by extension 'ignore'
[0.372s] Level 1:colcon.colcon_core.package_identification:_identify(log) ignored
[0.372s] Level 1:colcon.colcon_core.package_identification:_identify(src) by extensions ['ignore', 'ignore_ament_install']
[0.372s] Level 1:colcon.colcon_core.package_identification:_identify(src) by extension 'ignore'
[0.372s] Level 1:colcon.colcon_core.package_identification:_identify(src) by extension 'ignore_ament_install'
[0.372s] Level 1:colcon.colcon_core.package_identification:_identify(src) by extensions ['colcon_pkg']
[0.372s] Level 1:colcon.colcon_core.package_identification:_identify(src) by extension 'colcon_pkg'
[0.372s] Level 1:colcon.colcon_core.package_identification:_identify(src) by extensions ['colcon_meta']
[0.372s] Level 1:colcon.colcon_core.package_identification:_identify(src) by extension 'colcon_meta'
[0.372s] Level 1:colcon.colcon_core.package_identification:_identify(src) by extensions ['ros']
[0.372s] Level 1:colcon.colcon_core.package_identification:_identify(src) by extension 'ros'
[0.372s] Level 1:colcon.colcon_core.package_identification:_identify(src) by extensions ['cmake', 'python']
[0.372s] Level 1:colcon.colcon_core.package_identification:_identify(src) by extension 'cmake'
[0.372s] Level 1:colcon.colcon_core.package_identification:_identify(src) by extension 'python'
[0.372s] Level 1:colcon.colcon_core.package_identification:_identify(src) by extensions ['python_setup_py']
[0.372s] Level 1:colcon.colcon_core.package_identification:_identify(src) by extension 'python_setup_py'
[0.373s] Level 1:colcon.colcon_core.package_identification:_identify(src/gwpspider) by extensions ['ignore', 'ignore_ament_install']
[0.373s] Level 1:colcon.colcon_core.package_identification:_identify(src/gwpspider) by extension 'ignore'
[0.373s] Level 1:colcon.colcon_core.package_identification:_identify(src/gwpspider) by extension 'ignore_ament_install'
[0.373s] Level 1:colcon.colcon_core.package_identification:_identify(src/gwpspider) by extensions ['colcon_pkg']
[0.373s] Level 1:colcon.colcon_core.package_identification:_identify(src/gwpspider) by extension 'colcon_pkg'
[0.373s] Level 1:colcon.colcon_core.package_identification:_identify(src/gwpspider) by extensions ['colcon_meta']
[0.373s] Level 1:colcon.colcon_core.package_identification:_identify(src/gwpspider) by extension 'colcon_meta'
[0.373s] Level 1:colcon.colcon_core.package_identification:_identify(src/gwpspider) by extensions ['ros']
[0.373s] Level 1:colcon.colcon_core.package_identification:_identify(src/gwpspider) by extension 'ros'
[0.373s] Level 1:colcon.colcon_core.package_identification:_identify(src/gwpspider) by extensions ['cmake', 'python']
[0.373s] Level 1:colcon.colcon_core.package_identification:_identify(src/gwpspider) by extension 'cmake'
[0.373s] Level 1:colcon.colcon_core.package_identification:_identify(src/gwpspider) by extension 'python'
[0.373s] Level 1:colcon.colcon_core.package_identification:_identify(src/gwpspider) by extensions ['python_setup_py']
[0.373s] Level 1:colcon.colcon_core.package_identification:_identify(src/gwpspider) by extension 'python_setup_py'
[0.373s] Level 1:colcon.colcon_core.package_identification:_identify(src/gwpspider/application) by extensions ['ignore', 'ignore_ament_install']
[0.374s] Level 1:colcon.colcon_core.package_identification:_identify(src/gwpspider/application) by extension 'ignore'
[0.374s] Level 1:colcon.colcon_core.package_identification:_identify(src/gwpspider/application) by extension 'ignore_ament_install'
[0.374s] Level 1:colcon.colcon_core.package_identification:_identify(src/gwpspider/application) by extensions ['colcon_pkg']
[0.374s] Level 1:colcon.colcon_core.package_identification:_identify(src/gwpspider/application) by extension 'colcon_pkg'
[0.374s] Level 1:colcon.colcon_core.package_identification:_identify(src/gwpspider/application) by extensions ['colcon_meta']
[0.374s] Level 1:colcon.colcon_core.package_identification:_identify(src/gwpspider/application) by extension 'colcon_meta'
[0.374s] Level 1:colcon.colcon_core.package_identification:_identify(src/gwpspider/application) by extensions ['ros']
[0.374s] Level 1:colcon.colcon_core.package_identification:_identify(src/gwpspider/application) by extension 'ros'
[0.377s] DEBUG:colcon.colcon_core.package_identification:Package 'src/gwpspider/application' with type 'ros.ament_python' and name 'application'
[0.377s] Level 1:colcon.colcon_core.package_identification:_identify(src/gwpspider/arduino_communication) by extensions ['ignore', 'ignore_ament_install']
[0.377s] Level 1:colcon.colcon_core.package_identification:_identify(src/gwpspider/arduino_communication) by extension 'ignore'
[0.377s] Level 1:colcon.colcon_core.package_identification:_identify(src/gwpspider/arduino_communication) by extension 'ignore_ament_install'
[0.377s] Level 1:colcon.colcon_core.package_identification:_identify(src/gwpspider/arduino_communication) by extensions ['colcon_pkg']
[0.377s] Level 1:colcon.colcon_core.package_identification:_identify(src/gwpspider/arduino_communication) by extension 'colcon_pkg'
[0.377s] Level 1:colcon.colcon_core.package_identification:_identify(src/gwpspider/arduino_communication) by extensions ['colcon_meta']
[0.377s] Level 1:colcon.colcon_core.package_identification:_identify(src/gwpspider/arduino_communication) by extension 'colcon_meta'
[0.377s] Level 1:colcon.colcon_core.package_identification:_identify(src/gwpspider/arduino_communication) by extensions ['ros']
[0.377s] Level 1:colcon.colcon_core.package_identification:_identify(src/gwpspider/arduino_communication) by extension 'ros'
[0.378s] DEBUG:colcon.colcon_core.package_identification:Package 'src/gwpspider/arduino_communication' with type 'ros.ament_python' and name 'arduino_communication'
[0.378s] Level 1:colcon.colcon_core.package_identification:_identify(src/gwpspider/calculations) by extensions ['ignore', 'ignore_ament_install']
[0.378s] Level 1:colcon.colcon_core.package_identification:_identify(src/gwpspider/calculations) by extension 'ignore'
[0.378s] Level 1:colcon.colcon_core.package_identification:_identify(src/gwpspider/calculations) by extension 'ignore_ament_install'
[0.378s] Level 1:colcon.colcon_core.package_identification:_identify(src/gwpspider/calculations) by extensions ['colcon_pkg']
[0.378s] Level 1:colcon.colcon_core.package_identification:_identify(src/gwpspider/calculations) by extension 'colcon_pkg'
[0.378s] Level 1:colcon.colcon_core.package_identification:_identify(src/gwpspider/calculations) by extensions ['colcon_meta']
[0.378s] Level 1:colcon.colcon_core.package_identification:_identify(src/gwpspider/calculations) by extension 'colcon_meta'
[0.378s] Level 1:colcon.colcon_core.package_identification:_identify(src/gwpspider/calculations) by extensions ['ros']
[0.379s] Level 1:colcon.colcon_core.package_identification:_identify(src/gwpspider/calculations) by extension 'ros'
[0.379s] DEBUG:colcon.colcon_core.package_identification:Package 'src/gwpspider/calculations' with type 'ros.ament_python' and name 'calculations'
[0.379s] Level 1:colcon.colcon_core.package_identification:_identify(src/gwpspider/configuration) by extensions ['ignore', 'ignore_ament_install']
[0.379s] Level 1:colcon.colcon_core.package_identification:_identify(src/gwpspider/configuration) by extension 'ignore'
[0.379s] Level 1:colcon.colcon_core.package_identification:_identify(src/gwpspider/configuration) by extension 'ignore_ament_install'
[0.379s] Level 1:colcon.colcon_core.package_identification:_identify(src/gwpspider/configuration) by extensions ['colcon_pkg']
[0.379s] Level 1:colcon.colcon_core.package_identification:_identify(src/gwpspider/configuration) by extension 'colcon_pkg'
[0.379s] Level 1:colcon.colcon_core.package_identification:_identify(src/gwpspider/configuration) by extensions ['colcon_meta']
[0.380s] Level 1:colcon.colcon_core.package_identification:_identify(src/gwpspider/configuration) by extension 'colcon_meta'
[0.380s] Level 1:colcon.colcon_core.package_identification:_identify(src/gwpspider/configuration) by extensions ['ros']
[0.380s] Level 1:colcon.colcon_core.package_identification:_identify(src/gwpspider/configuration) by extension 'ros'
[0.380s] DEBUG:colcon.colcon_core.package_identification:Package 'src/gwpspider/configuration' with type 'ros.ament_python' and name 'configuration'
[0.380s] Level 1:colcon.colcon_core.package_identification:_identify(src/gwpspider/controller) by extensions ['ignore', 'ignore_ament_install']
[0.380s] Level 1:colcon.colcon_core.package_identification:_identify(src/gwpspider/controller) by extension 'ignore'
[0.380s] Level 1:colcon.colcon_core.package_identification:_identify(src/gwpspider/controller) by extension 'ignore_ament_install'
[0.380s] Level 1:colcon.colcon_core.package_identification:_identify(src/gwpspider/controller) by extensions ['colcon_pkg']
[0.381s] Level 1:colcon.colcon_core.package_identification:_identify(src/gwpspider/controller) by extension 'colcon_pkg'
[0.381s] Level 1:colcon.colcon_core.package_identification:_identify(src/gwpspider/controller) by extensions ['colcon_meta']
[0.381s] Level 1:colcon.colcon_core.package_identification:_identify(src/gwpspider/controller) by extension 'colcon_meta'
[0.381s] Level 1:colcon.colcon_core.package_identification:_identify(src/gwpspider/controller) by extensions ['ros']
[0.381s] Level 1:colcon.colcon_core.package_identification:_identify(src/gwpspider/controller) by extension 'ros'
[0.381s] DEBUG:colcon.colcon_core.package_identification:Package 'src/gwpspider/controller' with type 'ros.ament_python' and name 'controller'
[0.381s] Level 1:colcon.colcon_core.package_identification:_identify(src/gwpspider/data) by extensions ['ignore', 'ignore_ament_install']
[0.381s] Level 1:colcon.colcon_core.package_identification:_identify(src/gwpspider/data) by extension 'ignore'
[0.381s] Level 1:colcon.colcon_core.package_identification:_identify(src/gwpspider/data) by extension 'ignore_ament_install'
[0.382s] Level 1:colcon.colcon_core.package_identification:_identify(src/gwpspider/data) by extensions ['colcon_pkg']
[0.382s] Level 1:colcon.colcon_core.package_identification:_identify(src/gwpspider/data) by extension 'colcon_pkg'
[0.382s] Level 1:colcon.colcon_core.package_identification:_identify(src/gwpspider/data) by extensions ['colcon_meta']
[0.382s] Level 1:colcon.colcon_core.package_identification:_identify(src/gwpspider/data) by extension 'colcon_meta'
[0.382s] Level 1:colcon.colcon_core.package_identification:_identify(src/gwpspider/data) by extensions ['ros']
[0.382s] Level 1:colcon.colcon_core.package_identification:_identify(src/gwpspider/data) by extension 'ros'
[0.382s] Level 1:colcon.colcon_core.package_identification:_identify(src/gwpspider/data) by extensions ['cmake', 'python']
[0.382s] Level 1:colcon.colcon_core.package_identification:_identify(src/gwpspider/data) by extension 'cmake'
[0.382s] Level 1:colcon.colcon_core.package_identification:_identify(src/gwpspider/data) by extension 'python'
[0.382s] Level 1:colcon.colcon_core.package_identification:_identify(src/gwpspider/data) by extensions ['python_setup_py']
[0.382s] Level 1:colcon.colcon_core.package_identification:_identify(src/gwpspider/data) by extension 'python_setup_py'
[0.382s] Level 1:colcon.colcon_core.package_identification:_identify(src/gwpspider/dynamixel_interface) by extensions ['ignore', 'ignore_ament_install']
[0.382s] Level 1:colcon.colcon_core.package_identification:_identify(src/gwpspider/dynamixel_interface) by extension 'ignore'
[0.382s] Level 1:colcon.colcon_core.package_identification:_identify(src/gwpspider/dynamixel_interface) by extension 'ignore_ament_install'
[0.382s] Level 1:colcon.colcon_core.package_identification:_identify(src/gwpspider/dynamixel_interface) by extensions ['colcon_pkg']
[0.382s] Level 1:colcon.colcon_core.package_identification:_identify(src/gwpspider/dynamixel_interface) by extension 'colcon_pkg'
[0.383s] Level 1:colcon.colcon_core.package_identification:_identify(src/gwpspider/dynamixel_interface) by extensions ['colcon_meta']
[0.383s] Level 1:colcon.colcon_core.package_identification:_identify(src/gwpspider/dynamixel_interface) by extension 'colcon_meta'
[0.383s] Level 1:colcon.colcon_core.package_identification:_identify(src/gwpspider/dynamixel_interface) by extensions ['ros']
[0.383s] Level 1:colcon.colcon_core.package_identification:_identify(src/gwpspider/dynamixel_interface) by extension 'ros'
[0.383s] DEBUG:colcon.colcon_core.package_identification:Package 'src/gwpspider/dynamixel_interface' with type 'ros.ament_python' and name 'dynamixel_interface'
[0.383s] Level 1:colcon.colcon_core.package_identification:_identify(src/gwpspider/gwpspider_interfaces) by extensions ['ignore', 'ignore_ament_install']
[0.383s] Level 1:colcon.colcon_core.package_identification:_identify(src/gwpspider/gwpspider_interfaces) by extension 'ignore'
[0.383s] Level 1:colcon.colcon_core.package_identification:_identify(src/gwpspider/gwpspider_interfaces) by extension 'ignore_ament_install'
[0.383s] Level 1:colcon.colcon_core.package_identification:_identify(src/gwpspider/gwpspider_interfaces) by extensions ['colcon_pkg']
[0.384s] Level 1:colcon.colcon_core.package_identification:_identify(src/gwpspider/gwpspider_interfaces) by extension 'colcon_pkg'
[0.384s] Level 1:colcon.colcon_core.package_identification:_identify(src/gwpspider/gwpspider_interfaces) by extensions ['colcon_meta']
[0.384s] Level 1:colcon.colcon_core.package_identification:_identify(src/gwpspider/gwpspider_interfaces) by extension 'colcon_meta'
[0.384s] Level 1:colcon.colcon_core.package_identification:_identify(src/gwpspider/gwpspider_interfaces) by extensions ['ros']
[0.384s] Level 1:colcon.colcon_core.package_identification:_identify(src/gwpspider/gwpspider_interfaces) by extension 'ros'
[0.384s] DEBUG:colcon.colcon_core.package_identification:Package 'src/gwpspider/gwpspider_interfaces' with type 'ros.ament_cmake' and name 'gwpspider_interfaces'
[0.385s] Level 1:colcon.colcon_core.package_identification:_identify(src/gwpspider/gwpspider_launch) by extensions ['ignore', 'ignore_ament_install']
[0.385s] Level 1:colcon.colcon_core.package_identification:_identify(src/gwpspider/gwpspider_launch) by extension 'ignore'
[0.385s] Level 1:colcon.colcon_core.package_identification:_identify(src/gwpspider/gwpspider_launch) by extension 'ignore_ament_install'
[0.385s] Level 1:colcon.colcon_core.package_identification:_identify(src/gwpspider/gwpspider_launch) by extensions ['colcon_pkg']
[0.385s] Level 1:colcon.colcon_core.package_identification:_identify(src/gwpspider/gwpspider_launch) by extension 'colcon_pkg'
[0.385s] Level 1:colcon.colcon_core.package_identification:_identify(src/gwpspider/gwpspider_launch) by extensions ['colcon_meta']
[0.385s] Level 1:colcon.colcon_core.package_identification:_identify(src/gwpspider/gwpspider_launch) by extension 'colcon_meta'
[0.385s] Level 1:colcon.colcon_core.package_identification:_identify(src/gwpspider/gwpspider_launch) by extensions ['ros']
[0.385s] Level 1:colcon.colcon_core.package_identification:_identify(src/gwpspider/gwpspider_launch) by extension 'ros'
[0.386s] DEBUG:colcon.colcon_core.package_identification:Package 'src/gwpspider/gwpspider_launch' with type 'ros.ament_cmake' and name 'gwpspider_launch'
[0.386s] Level 1:colcon.colcon_core.package_identification:_identify(src/gwpspider/offset_prediction_model) by extensions ['ignore', 'ignore_ament_install']
[0.386s] Level 1:colcon.colcon_core.package_identification:_identify(src/gwpspider/offset_prediction_model) by extension 'ignore'
[0.386s] Level 1:colcon.colcon_core.package_identification:_identify(src/gwpspider/offset_prediction_model) by extension 'ignore_ament_install'
[0.386s] Level 1:colcon.colcon_core.package_identification:_identify(src/gwpspider/offset_prediction_model) by extensions ['colcon_pkg']
[0.386s] Level 1:colcon.colcon_core.package_identification:_identify(src/gwpspider/offset_prediction_model) by extension 'colcon_pkg'
[0.386s] Level 1:colcon.colcon_core.package_identification:_identify(src/gwpspider/offset_prediction_model) by extensions ['colcon_meta']
[0.386s] Level 1:colcon.colcon_core.package_identification:_identify(src/gwpspider/offset_prediction_model) by extension 'colcon_meta'
[0.386s] Level 1:colcon.colcon_core.package_identification:_identify(src/gwpspider/offset_prediction_model) by extensions ['ros']
[0.386s] Level 1:colcon.colcon_core.package_identification:_identify(src/gwpspider/offset_prediction_model) by extension 'ros'
[0.387s] DEBUG:colcon.colcon_core.package_identification:Package 'src/gwpspider/offset_prediction_model' with type 'ros.ament_python' and name 'offset_prediction_model'
[0.387s] Level 1:colcon.colcon_core.package_identification:_identify(src/gwpspider/planning) by extensions ['ignore', 'ignore_ament_install']
[0.387s] Level 1:colcon.colcon_core.package_identification:_identify(src/gwpspider/planning) by extension 'ignore'
[0.387s] Level 1:colcon.colcon_core.package_identification:_identify(src/gwpspider/planning) by extension 'ignore_ament_install'
[0.387s] Level 1:colcon.colcon_core.package_identification:_identify(src/gwpspider/planning) by extensions ['colcon_pkg']
[0.387s] Level 1:colcon.colcon_core.package_identification:_identify(src/gwpspider/planning) by extension 'colcon_pkg'
[0.387s] Level 1:colcon.colcon_core.package_identification:_identify(src/gwpspider/planning) by extensions ['colcon_meta']
[0.387s] Level 1:colcon.colcon_core.package_identification:_identify(src/gwpspider/planning) by extension 'colcon_meta'
[0.387s] Level 1:colcon.colcon_core.package_identification:_identify(src/gwpspider/planning) by extensions ['ros']
[0.387s] Level 1:colcon.colcon_core.package_identification:_identify(src/gwpspider/planning) by extension 'ros'
[0.388s] DEBUG:colcon.colcon_core.package_identification:Package 'src/gwpspider/planning' with type 'ros.ament_python' and name 'planning'
[0.388s] Level 1:colcon.colcon_core.package_identification:_identify(src/gwpspider/safety_layer) by extensions ['ignore', 'ignore_ament_install']
[0.388s] Level 1:colcon.colcon_core.package_identification:_identify(src/gwpspider/safety_layer) by extension 'ignore'
[0.388s] Level 1:colcon.colcon_core.package_identification:_identify(src/gwpspider/safety_layer) by extension 'ignore_ament_install'
[0.388s] Level 1:colcon.colcon_core.package_identification:_identify(src/gwpspider/safety_layer) by extensions ['colcon_pkg']
[0.388s] Level 1:colcon.colcon_core.package_identification:_identify(src/gwpspider/safety_layer) by extension 'colcon_pkg'
[0.388s] Level 1:colcon.colcon_core.package_identification:_identify(src/gwpspider/safety_layer) by extensions ['colcon_meta']
[0.388s] Level 1:colcon.colcon_core.package_identification:_identify(src/gwpspider/safety_layer) by extension 'colcon_meta'
[0.388s] Level 1:colcon.colcon_core.package_identification:_identify(src/gwpspider/safety_layer) by extensions ['ros']
[0.388s] Level 1:colcon.colcon_core.package_identification:_identify(src/gwpspider/safety_layer) by extension 'ros'
[0.389s] DEBUG:colcon.colcon_core.package_identification:Package 'src/gwpspider/safety_layer' with type 'ros.ament_python' and name 'safety_layer'
[0.389s] Level 1:colcon.colcon_core.package_identification:_identify(src/gwpspider/utils) by extensions ['ignore', 'ignore_ament_install']
[0.389s] Level 1:colcon.colcon_core.package_identification:_identify(src/gwpspider/utils) by extension 'ignore'
[0.389s] Level 1:colcon.colcon_core.package_identification:_identify(src/gwpspider/utils) by extension 'ignore_ament_install'
[0.389s] Level 1:colcon.colcon_core.package_identification:_identify(src/gwpspider/utils) by extensions ['colcon_pkg']
[0.389s] Level 1:colcon.colcon_core.package_identification:_identify(src/gwpspider/utils) by extension 'colcon_pkg'
[0.389s] Level 1:colcon.colcon_core.package_identification:_identify(src/gwpspider/utils) by extensions ['colcon_meta']
[0.389s] Level 1:colcon.colcon_core.package_identification:_identify(src/gwpspider/utils) by extension 'colcon_meta'
[0.389s] Level 1:colcon.colcon_core.package_identification:_identify(src/gwpspider/utils) by extensions ['ros']
[0.389s] Level 1:colcon.colcon_core.package_identification:_identify(src/gwpspider/utils) by extension 'ros'
[0.390s] DEBUG:colcon.colcon_core.package_identification:Package 'src/gwpspider/utils' with type 'ros.ament_python' and name 'utils'
[0.390s] Level 1:colcon.colcon_core.package_discovery:discover_packages(recursive) using defaults
[0.390s] Level 1:colcon.colcon_core.package_discovery:discover_packages(ignore) discover
[0.390s] Level 1:colcon.colcon_core.package_discovery:discover_packages(ignore) using defaults
[0.390s] Level 1:colcon.colcon_core.package_discovery:discover_packages(path) discover
[0.390s] Level 1:colcon.colcon_core.package_discovery:discover_packages(path) using defaults
[0.415s] INFO:colcon.colcon_core.package_selection:Skipping not selected package 'application' in 'src/gwpspider/application'
[0.415s] INFO:colcon.colcon_core.package_selection:Skipping not selected package 'arduino_communication' in 'src/gwpspider/arduino_communication'
[0.415s] INFO:colcon.colcon_core.package_selection:Skipping not selected package 'calculations' in 'src/gwpspider/calculations'
[0.415s] INFO:colcon.colcon_core.package_selection:Skipping not selected package 'configuration' in 'src/gwpspider/configuration'
[0.415s] INFO:colcon.colcon_core.package_selection:Skipping not selected package 'controller' in 'src/gwpspider/controller'
[0.415s] INFO:colcon.colcon_core.package_selection:Skipping not selected package 'gwpspider_interfaces' in 'src/gwpspider/gwpspider_interfaces'
[0.415s] INFO:colcon.colcon_core.package_selection:Skipping not selected package 'gwpspider_launch' in 'src/gwpspider/gwpspider_launch'
[0.415s] INFO:colcon.colcon_core.package_selection:Skipping not selected package 'offset_prediction_model' in 'src/gwpspider/offset_prediction_model'
[0.415s] INFO:colcon.colcon_core.package_selection:Skipping not selected package 'planning' in 'src/gwpspider/planning'
[0.415s] INFO:colcon.colcon_core.package_selection:Skipping not selected package 'safety_layer' in 'src/gwpspider/safety_layer'
[0.415s] INFO:colcon.colcon_core.package_selection:Skipping not selected package 'utils' in 'src/gwpspider/utils'
[0.416s] Level 1:colcon.colcon_core.package_discovery:discover_packages(prefix_path) check parameters
[0.416s] Level 1:colcon.colcon_core.package_discovery:discover_packages(prefix_path) discover
[0.419s] DEBUG:colcon.colcon_installed_package_information.package_discovery:Found 12 installed packages in /home/spider/gwpspider_ws/install
[0.420s] DEBUG:colcon.colcon_installed_package_information.package_discovery:Found 270 installed packages in /opt/ros/humble
[0.422s] Level 1:colcon.colcon_core.package_discovery:discover_packages(prefix_path) using defaults
[0.476s] Level 5:colcon.colcon_core.verb:set package 'dynamixel_interface' build argument 'cmake_args' from command line to 'None'
[0.476s] Level 5:colcon.colcon_core.verb:set package 'dynamixel_interface' build argument 'cmake_target' from command line to 'None'
[0.476s] Level 5:colcon.colcon_core.verb:set package 'dynamixel_interface' build argument 'cmake_target_skip_unavailable' from command line to 'False'
[0.476s] Level 5:colcon.colcon_core.verb:set package 'dynamixel_interface' build argument 'cmake_clean_cache' from command line to 'False'
[0.476s] Level 5:colcon.colcon_core.verb:set package 'dynamixel_interface' build argument 'cmake_clean_first' from command line to 'False'
[0.476s] Level 5:colcon.colcon_core.verb:set package 'dynamixel_interface' build argument 'cmake_force_configure' from command line to 'False'
[0.476s] Level 5:colcon.colcon_core.verb:set package 'dynamixel_interface' build argument 'ament_cmake_args' from command line to 'None'
[0.476s] Level 5:colcon.colcon_core.verb:set package 'dynamixel_interface' build argument 'catkin_cmake_args' from command line to 'None'
[0.476s] Level 5:colcon.colcon_core.verb:set package 'dynamixel_interface' build argument 'catkin_skip_building_tests' from command line to 'False'
[0.476s] DEBUG:colcon.colcon_core.verb:Building package 'dynamixel_interface' with the following arguments: {'ament_cmake_args': None, 'build_base': '/home/spider/gwpspider_ws/build/dynamixel_interface', 'catkin_cmake_args': None, 'catkin_skip_building_tests': False, 'cmake_args': None, 'cmake_clean_cache': False, 'cmake_clean_first': False, 'cmake_force_configure': False, 'cmake_target': None, 'cmake_target_skip_unavailable': False, 'install_base': '/home/spider/gwpspider_ws/install/dynamixel_interface', 'merge_install': False, 'path': '/home/spider/gwpspider_ws/src/gwpspider/dynamixel_interface', 'symlink_install': False, 'test_result_base': None}
[0.477s] INFO:colcon.colcon_core.executor:Executing jobs using 'parallel' executor
[0.480s] DEBUG:colcon.colcon_parallel_executor.executor.parallel:run_until_complete
[0.480s] INFO:colcon.colcon_ros.task.ament_python.build:Building ROS package in '/home/spider/gwpspider_ws/src/gwpspider/dynamixel_interface' with build type 'ament_python'
[0.481s] Level 1:colcon.colcon_core.shell:create_environment_hook('dynamixel_interface', 'ament_prefix_path')
[0.485s] INFO:colcon.colcon_core.plugin_system:Skipping extension 'colcon_core.shell.bat': Not used on non-Windows systems
[0.485s] INFO:colcon.colcon_core.shell:Creating environment hook '/home/spider/gwpspider_ws/install/dynamixel_interface/share/dynamixel_interface/hook/ament_prefix_path.ps1'
[0.486s] INFO:colcon.colcon_core.shell:Creating environment descriptor '/home/spider/gwpspider_ws/install/dynamixel_interface/share/dynamixel_interface/hook/ament_prefix_path.dsv'
[0.486s] INFO:colcon.colcon_core.shell:Creating environment hook '/home/spider/gwpspider_ws/install/dynamixel_interface/share/dynamixel_interface/hook/ament_prefix_path.sh'
[0.488s] INFO:colcon.colcon_core.shell:Skip shell extension 'powershell' for command environment: Not usable outside of PowerShell
[0.488s] DEBUG:colcon.colcon_core.shell:Skip shell extension 'dsv' for command environment
[0.742s] INFO:colcon.colcon_core.task.python.build:Building Python package in '/home/spider/gwpspider_ws/src/gwpspider/dynamixel_interface'
[0.744s] INFO:colcon.colcon_core.shell:Skip shell extension 'powershell' for command environment: Not usable outside of PowerShell
[0.744s] DEBUG:colcon.colcon_core.shell:Skip shell extension 'dsv' for command environment
[1.057s] DEBUG:colcon.colcon_core.event_handler.log_command:Invoking command in '/home/spider/gwpspider_ws/src/gwpspider/dynamixel_interface': PYTHONPATH=/home/spider/gwpspider_ws/build/dynamixel_interface/prefix_override:/home/spider/gwpspider_ws/install/dynamixel_interface/lib/python3.10/site-packages:${PYTHONPATH} /usr/bin/python3 setup.py egg_info --egg-base ../../../build/dynamixel_interface build --build-base /home/spider/gwpspider_ws/build/dynamixel_interface/build install --record /home/spider/gwpspider_ws/build/dynamixel_interface/install.log --single-version-externally-managed
[1.337s] DEBUG:colcon.colcon_core.event_handler.log_command:Invoked command in '/home/spider/gwpspider_ws/src/gwpspider/dynamixel_interface' returned '0': PYTHONPATH=/home/spider/gwpspider_ws/build/dynamixel_interface/prefix_override:/home/spider/gwpspider_ws/install/dynamixel_interface/lib/python3.10/site-packages:${PYTHONPATH} /usr/bin/python3 setup.py egg_info --egg-base ../../../build/dynamixel_interface build --build-base /home/spider/gwpspider_ws/build/dynamixel_interface/build install --record /home/spider/gwpspider_ws/build/dynamixel_interface/install.log --single-version-externally-managed
[1.341s] Level 1:colcon.colcon_core.environment:checking '/home/spider/gwpspider_ws/install/dynamixel_interface' for CMake module files
[1.342s] Level 1:colcon.colcon_core.environment:checking '/home/spider/gwpspider_ws/install/dynamixel_interface' for CMake config files
[1.342s] Level 1:colcon.colcon_core.environment:checking '/home/spider/gwpspider_ws/install/dynamixel_interface/lib'
[1.342s] Level 1:colcon.colcon_core.environment:checking '/home/spider/gwpspider_ws/install/dynamixel_interface/bin'
[1.342s] Level 1:colcon.colcon_core.environment:checking '/home/spider/gwpspider_ws/install/dynamixel_interface/lib/pkgconfig/dynamixel_interface.pc'
[1.343s] Level 1:colcon.colcon_core.environment:checking '/home/spider/gwpspider_ws/install/dynamixel_interface/lib/python3.10/site-packages'
[1.343s] Level 1:colcon.colcon_core.shell:create_environment_hook('dynamixel_interface', 'pythonpath')
[1.344s] INFO:colcon.colcon_core.shell:Creating environment hook '/home/spider/gwpspider_ws/install/dynamixel_interface/share/dynamixel_interface/hook/pythonpath.ps1'
[1.345s] INFO:colcon.colcon_core.shell:Creating environment descriptor '/home/spider/gwpspider_ws/install/dynamixel_interface/share/dynamixel_interface/hook/pythonpath.dsv'
[1.345s] INFO:colcon.colcon_core.shell:Creating environment hook '/home/spider/gwpspider_ws/install/dynamixel_interface/share/dynamixel_interface/hook/pythonpath.sh'
[1.346s] Level 1:colcon.colcon_core.environment:checking '/home/spider/gwpspider_ws/install/dynamixel_interface/bin'
[1.346s] Level 1:colcon.colcon_core.environment:create_environment_scripts_only(dynamixel_interface)
[1.347s] INFO:colcon.colcon_core.shell:Creating package script '/home/spider/gwpspider_ws/install/dynamixel_interface/share/dynamixel_interface/package.ps1'
[1.348s] INFO:colcon.colcon_core.shell:Creating package descriptor '/home/spider/gwpspider_ws/install/dynamixel_interface/share/dynamixel_interface/package.dsv'
[1.348s] INFO:colcon.colcon_core.shell:Creating package script '/home/spider/gwpspider_ws/install/dynamixel_interface/share/dynamixel_interface/package.sh'
[1.349s] INFO:colcon.colcon_core.shell:Creating package script '/home/spider/gwpspider_ws/install/dynamixel_interface/share/dynamixel_interface/package.bash'
[1.350s] INFO:colcon.colcon_core.shell:Creating package script '/home/spider/gwpspider_ws/install/dynamixel_interface/share/dynamixel_interface/package.zsh'
[1.351s] Level 1:colcon.colcon_core.environment:create_file_with_runtime_dependencies(/home/spider/gwpspider_ws/install/dynamixel_interface/share/colcon-core/packages/dynamixel_interface)
[1.351s] DEBUG:colcon.colcon_parallel_executor.executor.parallel:closing loop
[1.351s] DEBUG:colcon.colcon_parallel_executor.executor.parallel:loop closed
[1.351s] DEBUG:colcon.colcon_parallel_executor.executor.parallel:run_until_complete finished with '0'
[1.351s] DEBUG:colcon.colcon_core.event_reactor:joining thread
[1.356s] INFO:colcon.colcon_core.plugin_system:Skipping extension 'colcon_notification.desktop_notification.terminal_notifier': Not used on non-Darwin systems
[1.356s] INFO:colcon.colcon_core.plugin_system:Skipping extension 'colcon_notification.desktop_notification.win32': Not used on non-Windows systems
[1.356s] INFO:colcon.colcon_notification.desktop_notification:Sending desktop notification using 'notify2'
[1.364s] DEBUG:colcon.colcon_core.event_reactor:joined thread
[1.365s] INFO:colcon.colcon_core.shell:Creating prefix script '/home/spider/gwpspider_ws/install/local_setup.ps1'
[1.366s] INFO:colcon.colcon_core.shell:Creating prefix util module '/home/spider/gwpspider_ws/install/_local_setup_util_ps1.py'
[1.368s] INFO:colcon.colcon_core.shell:Creating prefix chain script '/home/spider/gwpspider_ws/install/setup.ps1'
[1.369s] INFO:colcon.colcon_core.shell:Creating prefix script '/home/spider/gwpspider_ws/install/local_setup.sh'
[1.370s] INFO:colcon.colcon_core.shell:Creating prefix util module '/home/spider/gwpspider_ws/install/_local_setup_util_sh.py'
[1.370s] INFO:colcon.colcon_core.shell:Creating prefix chain script '/home/spider/gwpspider_ws/install/setup.sh'
[1.372s] INFO:colcon.colcon_core.shell:Creating prefix script '/home/spider/gwpspider_ws/install/local_setup.bash'
[1.373s] INFO:colcon.colcon_core.shell:Creating prefix chain script '/home/spider/gwpspider_ws/install/setup.bash'
[1.374s] INFO:colcon.colcon_core.shell:Creating prefix script '/home/spider/gwpspider_ws/install/local_setup.zsh'
[1.375s] INFO:colcon.colcon_core.shell:Creating prefix chain script '/home/spider/gwpspider_ws/install/setup.zsh'
