[2.556s] Invoking command in '/home/spider/gwpspider_ws/src/gwpspider/utils': PYTHONPATH=/home/spider/gwpspider_ws/build/utils/prefix_override:/home/spider/gwpspider_ws/install/utils/lib/python3.10/site-packages:${PYTHONPATH} /usr/bin/python3 setup.py egg_info --egg-base ../../../build/utils build --build-base /home/spider/gwpspider_ws/build/utils/build install --record /home/spider/gwpspider_ws/build/utils/install.log --single-version-externally-managed
[3.128s] running egg_info
[3.128s] writing ../../../build/utils/utils.egg-info/PKG-INFO
[3.129s] writing dependency_links to ../../../build/utils/utils.egg-info/dependency_links.txt
[3.129s] writing entry points to ../../../build/utils/utils.egg-info/entry_points.txt
[3.129s] writing requirements to ../../../build/utils/utils.egg-info/requires.txt
[3.129s] writing top-level names to ../../../build/utils/utils.egg-info/top_level.txt
[3.131s] reading manifest file '../../../build/utils/utils.egg-info/SOURCES.txt'
[3.132s] writing manifest file '../../../build/utils/utils.egg-info/SOURCES.txt'
[3.132s] running build
[3.132s] running build_py
[3.132s] running install
[3.132s] /usr/lib/python3/dist-packages/setuptools/command/install.py:34: SetuptoolsDeprecationWarning: setup.py install is deprecated. Use build and pip and other standards-based tools.
[3.133s]   warnings.warn(
[3.133s] running install_lib
[3.134s] running install_data
[3.135s] running install_egg_info
[3.136s] removing '/home/spider/gwpspider_ws/install/utils/lib/python3.10/site-packages/utils-0.0.0-py3.10.egg-info' (and everything under it)
[3.137s] Copying ../../../build/utils/utils.egg-info to /home/spider/gwpspider_ws/install/utils/lib/python3.10/site-packages/utils-0.0.0-py3.10.egg-info
[3.138s] running install_scripts
[3.158s] writing list of installed files to '/home/spider/gwpspider_ws/build/utils/install.log'
[3.197s] Invoked command in '/home/spider/gwpspider_ws/src/gwpspider/utils' returned '0': PYTHONPATH=/home/spider/gwpspider_ws/build/utils/prefix_override:/home/spider/gwpspider_ws/install/utils/lib/python3.10/site-packages:${PYTHONPATH} /usr/bin/python3 setup.py egg_info --egg-base ../../../build/utils build --build-base /home/spider/gwpspider_ws/build/utils/build install --record /home/spider/gwpspider_ws/build/utils/install.log --single-version-externally-managed
