[2.402s] Invoking command in '/home/spider/gwpspider_ws/src/gwpspider/dynamixel_interface': PYTHONPATH=/home/spider/gwpspider_ws/build/dynamixel_interface/prefix_override:/home/spider/gwpspider_ws/install/dynamixel_interface/lib/python3.10/site-packages:${PYTHONPATH} /usr/bin/python3 setup.py egg_info --egg-base ../../../build/dynamixel_interface build --build-base /home/spider/gwpspider_ws/build/dynamixel_interface/build install --record /home/spider/gwpspider_ws/build/dynamixel_interface/install.log --single-version-externally-managed
[2.727s] running egg_info
[2.728s] writing ../../../build/dynamixel_interface/dynamixel_interface.egg-info/PKG-INFO
[2.728s] writing dependency_links to ../../../build/dynamixel_interface/dynamixel_interface.egg-info/dependency_links.txt
[2.728s] writing entry points to ../../../build/dynamixel_interface/dynamixel_interface.egg-info/entry_points.txt
[2.728s] writing requirements to ../../../build/dynamixel_interface/dynamixel_interface.egg-info/requires.txt
[2.728s] writing top-level names to ../../../build/dynamixel_interface/dynamixel_interface.egg-info/top_level.txt
[2.731s] reading manifest file '../../../build/dynamixel_interface/dynamixel_interface.egg-info/SOURCES.txt'
[2.732s] writing manifest file '../../../build/dynamixel_interface/dynamixel_interface.egg-info/SOURCES.txt'
[2.732s] running build
[2.732s] running build_py
[2.733s] copying dynamixel_interface/dynamixel.py -> /home/spider/gwpspider_ws/build/dynamixel_interface/build/lib/dynamixel_interface
[2.733s] running install
[2.733s] running install_lib
[2.734s] copying /home/spider/gwpspider_ws/build/dynamixel_interface/build/lib/dynamixel_interface/dynamixel.py -> /home/spider/gwpspider_ws/install/dynamixel_interface/lib/python3.10/site-packages/dynamixel_interface
[2.736s] byte-compiling /home/spider/gwpspider_ws/install/dynamixel_interface/lib/python3.10/site-packages/dynamixel_interface/dynamixel.py to dynamixel.cpython-310.pyc
[2.737s] /usr/lib/python3/dist-packages/setuptools/command/install.py:34: SetuptoolsDeprecationWarning: setup.py install is deprecated. Use build and pip and other standards-based tools.
[2.737s]   warnings.warn(
[2.740s] running install_data
[2.741s] running install_egg_info
[2.742s] removing '/home/spider/gwpspider_ws/install/dynamixel_interface/lib/python3.10/site-packages/dynamixel_interface-0.0.0-py3.10.egg-info' (and everything under it)
[2.742s] Copying ../../../build/dynamixel_interface/dynamixel_interface.egg-info to /home/spider/gwpspider_ws/install/dynamixel_interface/lib/python3.10/site-packages/dynamixel_interface-0.0.0-py3.10.egg-info
[2.743s] running install_scripts
[2.771s] Installing dynamixel_driver script to /home/spider/gwpspider_ws/install/dynamixel_interface/lib/dynamixel_interface
[2.773s] writing list of installed files to '/home/spider/gwpspider_ws/build/dynamixel_interface/install.log'
[2.910s] Invoked command in '/home/spider/gwpspider_ws/src/gwpspider/dynamixel_interface' returned '0': PYTHONPATH=/home/spider/gwpspider_ws/build/dynamixel_interface/prefix_override:/home/spider/gwpspider_ws/install/dynamixel_interface/lib/python3.10/site-packages:${PYTHONPATH} /usr/bin/python3 setup.py egg_info --egg-base ../../../build/dynamixel_interface build --build-base /home/spider/gwpspider_ws/build/dynamixel_interface/build install --record /home/spider/gwpspider_ws/build/dynamixel_interface/install.log --single-version-externally-managed
