[2.328s] Invoking command in '/home/spider/gwpspider_ws/src/gwpspider/application': PYTHONPATH=/home/spider/gwpspider_ws/build/application/prefix_override:/home/spider/gwpspider_ws/install/application/lib/python3.10/site-packages:${PYTHONPATH} /usr/bin/python3 setup.py egg_info --egg-base ../../../build/application build --build-base /home/spider/gwpspider_ws/build/application/build install --record /home/spider/gwpspider_ws/build/application/install.log --single-version-externally-managed
[2.789s] running egg_info
[2.794s] writing ../../../build/application/application.egg-info/PKG-INFO
[2.794s] writing dependency_links to ../../../build/application/application.egg-info/dependency_links.txt
[2.794s] writing entry points to ../../../build/application/application.egg-info/entry_points.txt
[2.794s] writing requirements to ../../../build/application/application.egg-info/requires.txt
[2.794s] writing top-level names to ../../../build/application/application.egg-info/top_level.txt
[2.796s] reading manifest file '../../../build/application/application.egg-info/SOURCES.txt'
[2.797s] writing manifest file '../../../build/application/application.egg-info/SOURCES.txt'
[2.797s] running build
[2.798s] running build_py
[2.798s] copying application/app.py -> /home/spider/gwpspider_ws/build/application/build/lib/application
[2.798s] running install
[2.798s] /usr/lib/python3/dist-packages/setuptools/command/install.py:34: SetuptoolsDeprecationWarning: setup.py install is deprecated. Use build and pip and other standards-based tools.
[2.798s]   warnings.warn(
[2.799s] running install_lib
[2.800s] copying /home/spider/gwpspider_ws/build/application/build/lib/application/app.py -> /home/spider/gwpspider_ws/install/application/lib/python3.10/site-packages/application
[2.801s] byte-compiling /home/spider/gwpspider_ws/install/application/lib/python3.10/site-packages/application/app.py to app.cpython-310.pyc
[2.809s] running install_data
[2.810s] running install_egg_info
[2.813s] removing '/home/spider/gwpspider_ws/install/application/lib/python3.10/site-packages/application-0.0.0-py3.10.egg-info' (and everything under it)
[2.817s] Copying ../../../build/application/application.egg-info to /home/spider/gwpspider_ws/install/application/lib/python3.10/site-packages/application-0.0.0-py3.10.egg-info
[2.819s] running install_scripts
[2.859s] Installing app script to /home/spider/gwpspider_ws/install/application/lib/application
[2.860s] writing list of installed files to '/home/spider/gwpspider_ws/build/application/install.log'
[3.183s] Invoked command in '/home/spider/gwpspider_ws/src/gwpspider/application' returned '0': PYTHONPATH=/home/spider/gwpspider_ws/build/application/prefix_override:/home/spider/gwpspider_ws/install/application/lib/python3.10/site-packages:${PYTHONPATH} /usr/bin/python3 setup.py egg_info --egg-base ../../../build/application build --build-base /home/spider/gwpspider_ws/build/application/build install --record /home/spider/gwpspider_ws/build/application/install.log --single-version-externally-managed
