[2.377s] Invoking command in '/home/spider/gwpspider_ws/src/gwpspider/configuration': PYTHONPATH=/home/spider/gwpspider_ws/build/configuration/prefix_override:/home/spider/gwpspider_ws/install/configuration/lib/python3.10/site-packages:${PYTHONPATH} /usr/bin/python3 setup.py egg_info --egg-base ../../../build/configuration build --build-base /home/spider/gwpspider_ws/build/configuration/build install --record /home/spider/gwpspider_ws/build/configuration/install.log --single-version-externally-managed
[2.752s] running egg_info
[2.753s] writing ../../../build/configuration/configuration.egg-info/PKG-INFO
[2.754s] writing dependency_links to ../../../build/configuration/configuration.egg-info/dependency_links.txt
[2.755s] writing entry points to ../../../build/configuration/configuration.egg-info/entry_points.txt
[2.756s] writing requirements to ../../../build/configuration/configuration.egg-info/requires.txt
[2.757s] writing top-level names to ../../../build/configuration/configuration.egg-info/top_level.txt
[2.761s] reading manifest file '../../../build/configuration/configuration.egg-info/SOURCES.txt'
[2.762s] writing manifest file '../../../build/configuration/configuration.egg-info/SOURCES.txt'
[2.763s] running build
[2.764s] running build_py
[2.765s] running install
[2.781s] /usr/lib/python3/dist-packages/setuptools/command/install.py:34: SetuptoolsDeprecationWarning: setup.py install is deprecated. Use build and pip and other standards-based tools.
[2.782s]   warnings.warn(
[2.782s] running install_lib
[2.784s] running install_data
[2.785s] running install_egg_info
[2.787s] removing '/home/spider/gwpspider_ws/install/configuration/lib/python3.10/site-packages/configuration-0.0.0-py3.10.egg-info' (and everything under it)
[2.788s] Copying ../../../build/configuration/configuration.egg-info to /home/spider/gwpspider_ws/install/configuration/lib/python3.10/site-packages/configuration-0.0.0-py3.10.egg-info
[2.789s] running install_scripts
[2.823s] writing list of installed files to '/home/spider/gwpspider_ws/build/configuration/install.log'
[2.966s] Invoked command in '/home/spider/gwpspider_ws/src/gwpspider/configuration' returned '0': PYTHONPATH=/home/spider/gwpspider_ws/build/configuration/prefix_override:/home/spider/gwpspider_ws/install/configuration/lib/python3.10/site-packages:${PYTHONPATH} /usr/bin/python3 setup.py egg_info --egg-base ../../../build/configuration build --build-base /home/spider/gwpspider_ws/build/configuration/build install --record /home/spider/gwpspider_ws/build/configuration/install.log --single-version-externally-managed
