[2.040s] Invoking command in '/home/spider/gwpspider_ws/src/gwpspider/application': PYTHONPATH=/home/spider/gwpspider_ws/build/application/prefix_override:/home/spider/gwpspider_ws/install/application/lib/python3.10/site-packages:${PYTHONPATH} /usr/bin/python3 setup.py egg_info --egg-base ../../../build/application build --build-base /home/spider/gwpspider_ws/build/application/build install --record /home/spider/gwpspider_ws/build/application/install.log --single-version-externally-managed
[2.442s] running egg_info
[2.444s] writing ../../../build/application/application.egg-info/PKG-INFO
[2.445s] writing dependency_links to ../../../build/application/application.egg-info/dependency_links.txt
[2.445s] writing entry points to ../../../build/application/application.egg-info/entry_points.txt
[2.446s] writing requirements to ../../../build/application/application.egg-info/requires.txt
[2.447s] writing top-level names to ../../../build/application/application.egg-info/top_level.txt
[2.448s] reading manifest file '../../../build/application/application.egg-info/SOURCES.txt'
[2.448s] writing manifest file '../../../build/application/application.egg-info/SOURCES.txt'
[2.449s] running build
[2.450s] running build_py
[2.450s] running install
[2.451s] /usr/lib/python3/dist-packages/setuptools/command/install.py:34: SetuptoolsDeprecationWarning: setup.py install is deprecated. Use build and pip and other standards-based tools.
[2.452s]   warnings.warn(
[2.452s] running install_lib
[2.454s] running install_data
[2.455s] running install_egg_info
[2.455s] removing '/home/spider/gwpspider_ws/install/application/lib/python3.10/site-packages/application-0.0.0-py3.10.egg-info' (and everything under it)
[2.460s] Copying ../../../build/application/application.egg-info to /home/spider/gwpspider_ws/install/application/lib/python3.10/site-packages/application-0.0.0-py3.10.egg-info
[2.464s] running install_scripts
[2.498s] Installing app script to /home/spider/gwpspider_ws/install/application/lib/application
[2.498s] writing list of installed files to '/home/spider/gwpspider_ws/build/application/install.log'
[2.677s] Invoked command in '/home/spider/gwpspider_ws/src/gwpspider/application' returned '0': PYTHONPATH=/home/spider/gwpspider_ws/build/application/prefix_override:/home/spider/gwpspider_ws/install/application/lib/python3.10/site-packages:${PYTHONPATH} /usr/bin/python3 setup.py egg_info --egg-base ../../../build/application build --build-base /home/spider/gwpspider_ws/build/application/build install --record /home/spider/gwpspider_ws/build/application/install.log --single-version-externally-managed
