[2.422s] Invoking command in '/home/spider/gwpspider_ws/src/gwpspider/arduino_communication': PYTHONPATH=/home/spider/gwpspider_ws/build/arduino_communication/prefix_override:/home/spider/gwpspider_ws/install/arduino_communication/lib/python3.10/site-packages:${PYTHONPATH} /usr/bin/python3 setup.py egg_info --egg-base ../../../build/arduino_communication build --build-base /home/spider/gwpspider_ws/build/arduino_communication/build install --record /home/spider/gwpspider_ws/build/arduino_communication/install.log --single-version-externally-managed
[3.041s] running egg_info
[3.041s] writing ../../../build/arduino_communication/arduino_communication.egg-info/PKG-INFO
[3.042s] writing dependency_links to ../../../build/arduino_communication/arduino_communication.egg-info/dependency_links.txt
[3.042s] writing entry points to ../../../build/arduino_communication/arduino_communication.egg-info/entry_points.txt
[3.042s] writing requirements to ../../../build/arduino_communication/arduino_communication.egg-info/requires.txt
[3.042s] writing top-level names to ../../../build/arduino_communication/arduino_communication.egg-info/top_level.txt
[3.042s] reading manifest file '../../../build/arduino_communication/arduino_communication.egg-info/SOURCES.txt'
[3.044s] writing manifest file '../../../build/arduino_communication/arduino_communication.egg-info/SOURCES.txt'
[3.044s] running build
[3.044s] running build_py
[3.044s] copying arduino_communication/grippers.py -> /home/spider/gwpspider_ws/build/arduino_communication/build/lib/arduino_communication
[3.045s] running install
[3.045s] /usr/lib/python3/dist-packages/setuptools/command/install.py:34: SetuptoolsDeprecationWarning: setup.py install is deprecated. Use build and pip and other standards-based tools.
[3.045s]   warnings.warn(
[3.047s] running install_lib
[3.047s] copying /home/spider/gwpspider_ws/build/arduino_communication/build/lib/arduino_communication/grippers.py -> /home/spider/gwpspider_ws/install/arduino_communication/lib/python3.10/site-packages/arduino_communication
[3.048s] byte-compiling /home/spider/gwpspider_ws/install/arduino_communication/lib/python3.10/site-packages/arduino_communication/grippers.py to grippers.cpython-310.pyc
[3.050s] running install_data
[3.051s] running install_egg_info
[3.057s] removing '/home/spider/gwpspider_ws/install/arduino_communication/lib/python3.10/site-packages/arduino_communication-0.0.0-py3.10.egg-info' (and everything under it)
[3.057s] Copying ../../../build/arduino_communication/arduino_communication.egg-info to /home/spider/gwpspider_ws/install/arduino_communication/lib/python3.10/site-packages/arduino_communication-0.0.0-py3.10.egg-info
[3.059s] running install_scripts
[3.089s] Installing grippers_controller script to /home/spider/gwpspider_ws/install/arduino_communication/lib/arduino_communication
[3.089s] Installing water_pumps_bno_controller script to /home/spider/gwpspider_ws/install/arduino_communication/lib/arduino_communication
[3.089s] writing list of installed files to '/home/spider/gwpspider_ws/build/arduino_communication/install.log'
[3.127s] Invoked command in '/home/spider/gwpspider_ws/src/gwpspider/arduino_communication' returned '0': PYTHONPATH=/home/spider/gwpspider_ws/build/arduino_communication/prefix_override:/home/spider/gwpspider_ws/install/arduino_communication/lib/python3.10/site-packages:${PYTHONPATH} /usr/bin/python3 setup.py egg_info --egg-base ../../../build/arduino_communication build --build-base /home/spider/gwpspider_ws/build/arduino_communication/build install --record /home/spider/gwpspider_ws/build/arduino_communication/install.log --single-version-externally-managed
