/home/spider/gwpspider_ws/install/calculations/lib/python3.10/site-packages/calculations/init_numba.py
/home/spider/gwpspider_ws/install/calculations/lib/python3.10/site-packages/calculations/kinematics.py
/home/spider/gwpspider_ws/install/calculations/lib/python3.10/site-packages/calculations/dynamics.py
/home/spider/gwpspider_ws/install/calculations/lib/python3.10/site-packages/calculations/__init__.py
/home/spider/gwpspider_ws/install/calculations/lib/python3.10/site-packages/calculations/transformations.py
/home/spider/gwpspider_ws/install/calculations/lib/python3.10/site-packages/calculations/mathtools.py
/home/spider/gwpspider_ws/install/calculations/lib/python3.10/site-packages/calculations/__pycache__/init_numba.cpython-310.pyc
/home/spider/gwpspider_ws/install/calculations/lib/python3.10/site-packages/calculations/__pycache__/kinematics.cpython-310.pyc
/home/spider/gwpspider_ws/install/calculations/lib/python3.10/site-packages/calculations/__pycache__/dynamics.cpython-310.pyc
/home/spider/gwpspider_ws/install/calculations/lib/python3.10/site-packages/calculations/__pycache__/__init__.cpython-310.pyc
/home/spider/gwpspider_ws/install/calculations/lib/python3.10/site-packages/calculations/__pycache__/transformations.cpython-310.pyc
/home/spider/gwpspider_ws/install/calculations/lib/python3.10/site-packages/calculations/__pycache__/mathtools.cpython-310.pyc
/home/spider/gwpspider_ws/install/calculations/share/ament_index/resource_index/packages/calculations
/home/spider/gwpspider_ws/install/calculations/share/calculations/package.xml
/home/spider/gwpspider_ws/install/calculations/lib/python3.10/site-packages/calculations-0.0.0-py3.10.egg-info/entry_points.txt
/home/spider/gwpspider_ws/install/calculations/lib/python3.10/site-packages/calculations-0.0.0-py3.10.egg-info/dependency_links.txt
/home/spider/gwpspider_ws/install/calculations/lib/python3.10/site-packages/calculations-0.0.0-py3.10.egg-info/top_level.txt
/home/spider/gwpspider_ws/install/calculations/lib/python3.10/site-packages/calculations-0.0.0-py3.10.egg-info/SOURCES.txt
/home/spider/gwpspider_ws/install/calculations/lib/python3.10/site-packages/calculations-0.0.0-py3.10.egg-info/zip-safe
/home/spider/gwpspider_ws/install/calculations/lib/python3.10/site-packages/calculations-0.0.0-py3.10.egg-info/PKG-INFO
/home/spider/gwpspider_ws/install/calculations/lib/python3.10/site-packages/calculations-0.0.0-py3.10.egg-info/requires.txt
