[1.765s] Invoking command in '/home/spider/gwpspider_ws/src/gwpspider/offset_prediction_model': PYTHONPATH=/home/spider/gwpspider_ws/build/offset_prediction_model/prefix_override:/home/spider/gwpspider_ws/install/offset_prediction_model/lib/python3.10/site-packages:${PYTHONPATH} /usr/bin/python3 setup.py egg_info --egg-base ../../../build/offset_prediction_model build --build-base /home/spider/gwpspider_ws/build/offset_prediction_model/build install --record /home/spider/gwpspider_ws/build/offset_prediction_model/install.log --single-version-externally-managed
[2.169s] running egg_info
[2.170s] writing ../../../build/offset_prediction_model/offset_prediction_model.egg-info/PKG-INFO
[2.171s] writing dependency_links to ../../../build/offset_prediction_model/offset_prediction_model.egg-info/dependency_links.txt
[2.171s] writing entry points to ../../../build/offset_prediction_model/offset_prediction_model.egg-info/entry_points.txt
[2.171s] writing requirements to ../../../build/offset_prediction_model/offset_prediction_model.egg-info/requires.txt
[2.171s] writing top-level names to ../../../build/offset_prediction_model/offset_prediction_model.egg-info/top_level.txt
[2.174s] reading manifest file '../../../build/offset_prediction_model/offset_prediction_model.egg-info/SOURCES.txt'
[2.176s] writing manifest file '../../../build/offset_prediction_model/offset_prediction_model.egg-info/SOURCES.txt'
[2.176s] running build
[2.176s] running build_py
[2.176s] running install
[2.176s] /usr/lib/python3/dist-packages/setuptools/command/install.py:34: SetuptoolsDeprecationWarning: setup.py install is deprecated. Use build and pip and other standards-based tools.
[2.176s]   warnings.warn(
[2.177s] running install_lib
[2.182s] running install_data
[2.182s] running install_egg_info
[2.182s] removing '/home/spider/gwpspider_ws/install/offset_prediction_model/lib/python3.10/site-packages/offset_prediction_model-0.0.0-py3.10.egg-info' (and everything under it)
[2.184s] Copying ../../../build/offset_prediction_model/offset_prediction_model.egg-info to /home/spider/gwpspider_ws/install/offset_prediction_model/lib/python3.10/site-packages/offset_prediction_model-0.0.0-py3.10.egg-info
[2.184s] running install_scripts
[2.219s] Installing offset_predictor script to /home/spider/gwpspider_ws/install/offset_prediction_model/lib/offset_prediction_model
[2.220s] writing list of installed files to '/home/spider/gwpspider_ws/build/offset_prediction_model/install.log'
[2.257s] Invoked command in '/home/spider/gwpspider_ws/src/gwpspider/offset_prediction_model' returned '0': PYTHONPATH=/home/spider/gwpspider_ws/build/offset_prediction_model/prefix_override:/home/spider/gwpspider_ws/install/offset_prediction_model/lib/python3.10/site-packages:${PYTHONPATH} /usr/bin/python3 setup.py egg_info --egg-base ../../../build/offset_prediction_model build --build-base /home/spider/gwpspider_ws/build/offset_prediction_model/build install --record /home/spider/gwpspider_ws/build/offset_prediction_model/install.log --single-version-externally-managed
