[1.806s] Invoking command in '/home/spider/gwpspider_ws/src/gwpspider/safety_layer': PYTHONPATH=/home/spider/gwpspider_ws/build/safety_layer/prefix_override:/home/spider/gwpspider_ws/install/safety_layer/lib/python3.10/site-packages:${PYTHONPATH} /usr/bin/python3 setup.py egg_info --egg-base ../../../build/safety_layer build --build-base /home/spider/gwpspider_ws/build/safety_layer/build install --record /home/spider/gwpspider_ws/build/safety_layer/install.log --single-version-externally-managed
[2.198s] running egg_info
[2.200s] writing ../../../build/safety_layer/safety_layer.egg-info/PKG-INFO
[2.200s] writing dependency_links to ../../../build/safety_layer/safety_layer.egg-info/dependency_links.txt
[2.200s] writing entry points to ../../../build/safety_layer/safety_layer.egg-info/entry_points.txt
[2.200s] writing requirements to ../../../build/safety_layer/safety_layer.egg-info/requires.txt
[2.201s] writing top-level names to ../../../build/safety_layer/safety_layer.egg-info/top_level.txt
[2.203s] reading manifest file '../../../build/safety_layer/safety_layer.egg-info/SOURCES.txt'
[2.205s] writing manifest file '../../../build/safety_layer/safety_layer.egg-info/SOURCES.txt'
[2.205s] running build
[2.205s] running build_py
[2.205s] running install
[2.206s] /usr/lib/python3/dist-packages/setuptools/command/install.py:34: SetuptoolsDeprecationWarning: setup.py install is deprecated. Use build and pip and other standards-based tools.
[2.206s]   warnings.warn(
[2.209s] running install_lib
[2.210s] running install_data
[2.210s] running install_egg_info
[2.212s] removing '/home/spider/gwpspider_ws/install/safety_layer/lib/python3.10/site-packages/safety_layer-0.0.0-py3.10.egg-info' (and everything under it)
[2.213s] Copying ../../../build/safety_layer/safety_layer.egg-info to /home/spider/gwpspider_ws/install/safety_layer/lib/python3.10/site-packages/safety_layer-0.0.0-py3.10.egg-info
[2.214s] running install_scripts
[2.252s] Installing safety script to /home/spider/gwpspider_ws/install/safety_layer/lib/safety_layer
[2.259s] writing list of installed files to '/home/spider/gwpspider_ws/build/safety_layer/install.log'
[2.288s] Invoked command in '/home/spider/gwpspider_ws/src/gwpspider/safety_layer' returned '0': PYTHONPATH=/home/spider/gwpspider_ws/build/safety_layer/prefix_override:/home/spider/gwpspider_ws/install/safety_layer/lib/python3.10/site-packages:${PYTHONPATH} /usr/bin/python3 setup.py egg_info --egg-base ../../../build/safety_layer build --build-base /home/spider/gwpspider_ws/build/safety_layer/build install --record /home/spider/gwpspider_ws/build/safety_layer/install.log --single-version-externally-managed
