[1.525s] Invoking command in '/home/spider/gwpspider_ws/src/gwpspider/arduino_communication': PYTHONPATH=/home/spider/gwpspider_ws/build/arduino_communication/prefix_override:/home/spider/gwpspider_ws/install/arduino_communication/lib/python3.10/site-packages:${PYTHONPATH} /usr/bin/python3 setup.py egg_info --egg-base ../../../build/arduino_communication build --build-base /home/spider/gwpspider_ws/build/arduino_communication/build install --record /home/spider/gwpspider_ws/build/arduino_communication/install.log --single-version-externally-managed
[1.880s] running egg_info
[1.881s] writing ../../../build/arduino_communication/arduino_communication.egg-info/PKG-INFO
[1.881s] writing dependency_links to ../../../build/arduino_communication/arduino_communication.egg-info/dependency_links.txt
[1.881s] writing entry points to ../../../build/arduino_communication/arduino_communication.egg-info/entry_points.txt
[1.881s] writing requirements to ../../../build/arduino_communication/arduino_communication.egg-info/requires.txt
[1.882s] writing top-level names to ../../../build/arduino_communication/arduino_communication.egg-info/top_level.txt
[1.884s] reading manifest file '../../../build/arduino_communication/arduino_communication.egg-info/SOURCES.txt'
[1.886s] writing manifest file '../../../build/arduino_communication/arduino_communication.egg-info/SOURCES.txt'
[1.886s] running build
[1.886s] running build_py
[1.886s] running install
[1.886s] /usr/lib/python3/dist-packages/setuptools/command/install.py:34: SetuptoolsDeprecationWarning: setup.py install is deprecated. Use build and pip and other standards-based tools.
[1.886s]   warnings.warn(
[1.887s] running install_lib
[1.888s] running install_data
[1.889s] running install_egg_info
[1.891s] removing '/home/spider/gwpspider_ws/install/arduino_communication/lib/python3.10/site-packages/arduino_communication-0.0.0-py3.10.egg-info' (and everything under it)
[1.892s] Copying ../../../build/arduino_communication/arduino_communication.egg-info to /home/spider/gwpspider_ws/install/arduino_communication/lib/python3.10/site-packages/arduino_communication-0.0.0-py3.10.egg-info
[1.893s] running install_scripts
[1.926s] Installing grippers_controller script to /home/spider/gwpspider_ws/install/arduino_communication/lib/arduino_communication
[1.926s] Installing water_pumps_bno_controller script to /home/spider/gwpspider_ws/install/arduino_communication/lib/arduino_communication
[1.927s] writing list of installed files to '/home/spider/gwpspider_ws/build/arduino_communication/install.log'
[1.958s] Invoked command in '/home/spider/gwpspider_ws/src/gwpspider/arduino_communication' returned '0': PYTHONPATH=/home/spider/gwpspider_ws/build/arduino_communication/prefix_override:/home/spider/gwpspider_ws/install/arduino_communication/lib/python3.10/site-packages:${PYTHONPATH} /usr/bin/python3 setup.py egg_info --egg-base ../../../build/arduino_communication build --build-base /home/spider/gwpspider_ws/build/arduino_communication/build install --record /home/spider/gwpspider_ws/build/arduino_communication/install.log --single-version-externally-managed
