[2.468s] Invoking command in '/home/spider/gwpspider_ws/src/gwpspider/controller': PYTHONPATH=/home/spider/gwpspider_ws/build/controller/prefix_override:/home/spider/gwpspider_ws/install/controller/lib/python3.10/site-packages:${PYTHONPATH} /usr/bin/python3 setup.py egg_info --egg-base ../../../build/controller build --build-base /home/spider/gwpspider_ws/build/controller/build install --record /home/spider/gwpspider_ws/build/controller/install.log --single-version-externally-managed
[2.980s] running egg_info
[2.981s] writing ../../../build/controller/controller.egg-info/PKG-INFO
[2.983s] writing dependency_links to ../../../build/controller/controller.egg-info/dependency_links.txt
[2.983s] writing entry points to ../../../build/controller/controller.egg-info/entry_points.txt
[2.983s] writing requirements to ../../../build/controller/controller.egg-info/requires.txt
[2.983s] writing top-level names to ../../../build/controller/controller.egg-info/top_level.txt
[2.992s] reading manifest file '../../../build/controller/controller.egg-info/SOURCES.txt'
[2.993s] writing manifest file '../../../build/controller/controller.egg-info/SOURCES.txt'
[2.993s] running build
[2.993s] running build_py
[2.993s] running install
[2.994s] /usr/lib/python3/dist-packages/setuptools/command/install.py:34: SetuptoolsDeprecationWarning: setup.py install is deprecated. Use build and pip and other standards-based tools.
[2.994s]   warnings.warn(
[2.997s] running install_lib
[3.008s] running install_data
[3.009s] running install_egg_info
[3.012s] removing '/home/spider/gwpspider_ws/install/controller/lib/python3.10/site-packages/controller-0.0.0-py3.10.egg-info' (and everything under it)
[3.019s] Copying ../../../build/controller/controller.egg-info to /home/spider/gwpspider_ws/install/controller/lib/python3.10/site-packages/controller-0.0.0-py3.10.egg-info
[3.020s] running install_scripts
[3.056s] Installing joint_velocity_controller script to /home/spider/gwpspider_ws/install/controller/lib/controller
[3.056s] Installing legs_states_publisher script to /home/spider/gwpspider_ws/install/controller/lib/controller
[3.057s] writing list of installed files to '/home/spider/gwpspider_ws/build/controller/install.log'
[3.144s] Invoked command in '/home/spider/gwpspider_ws/src/gwpspider/controller' returned '0': PYTHONPATH=/home/spider/gwpspider_ws/build/controller/prefix_override:/home/spider/gwpspider_ws/install/controller/lib/python3.10/site-packages:${PYTHONPATH} /usr/bin/python3 setup.py egg_info --egg-base ../../../build/controller build --build-base /home/spider/gwpspider_ws/build/controller/build install --record /home/spider/gwpspider_ws/build/controller/install.log --single-version-externally-managed
