[0.559s] Invoking command in '/home/spider/gwpspider_ws/src/gwpspider/arduino_communication': PYTHONPATH=/home/spider/gwpspider_ws/build/arduino_communication/prefix_override:/home/spider/gwpspider_ws/install/arduino_communication/lib/python3.10/site-packages:${PYTHONPATH} /usr/bin/python3 setup.py egg_info --egg-base ../../../build/arduino_communication build --build-base /home/spider/gwpspider_ws/build/arduino_communication/build install --record /home/spider/gwpspider_ws/build/arduino_communication/install.log --single-version-externally-managed
[0.774s] running egg_info
[0.774s] writing ../../../build/arduino_communication/arduino_communication.egg-info/PKG-INFO
[0.774s] writing dependency_links to ../../../build/arduino_communication/arduino_communication.egg-info/dependency_links.txt
[0.775s] writing entry points to ../../../build/arduino_communication/arduino_communication.egg-info/entry_points.txt
[0.775s] writing requirements to ../../../build/arduino_communication/arduino_communication.egg-info/requires.txt
[0.775s] writing top-level names to ../../../build/arduino_communication/arduino_communication.egg-info/top_level.txt
[0.776s] reading manifest file '../../../build/arduino_communication/arduino_communication.egg-info/SOURCES.txt'
[0.777s] writing manifest file '../../../build/arduino_communication/arduino_communication.egg-info/SOURCES.txt'
[0.778s] running build
[0.778s] running build_py
[0.778s] copying arduino_communication/grippers.py -> /home/spider/gwpspider_ws/build/arduino_communication/build/lib/arduino_communication
[0.778s] copying arduino_communication/water_pumps_bno.py -> /home/spider/gwpspider_ws/build/arduino_communication/build/lib/arduino_communication
[0.778s] running install
[0.778s] /usr/lib/python3/dist-packages/setuptools/command/install.py:34: SetuptoolsDeprecationWarning: setup.py install is deprecated. Use build and pip and other standards-based tools.
[0.778s]   warnings.warn(
[0.779s] running install_lib
[0.779s] copying /home/spider/gwpspider_ws/build/arduino_communication/build/lib/arduino_communication/grippers.py -> /home/spider/gwpspider_ws/install/arduino_communication/lib/python3.10/site-packages/arduino_communication
[0.779s] copying /home/spider/gwpspider_ws/build/arduino_communication/build/lib/arduino_communication/water_pumps_bno.py -> /home/spider/gwpspider_ws/install/arduino_communication/lib/python3.10/site-packages/arduino_communication
[0.780s] byte-compiling /home/spider/gwpspider_ws/install/arduino_communication/lib/python3.10/site-packages/arduino_communication/grippers.py to grippers.cpython-310.pyc
[0.780s] byte-compiling /home/spider/gwpspider_ws/install/arduino_communication/lib/python3.10/site-packages/arduino_communication/water_pumps_bno.py to water_pumps_bno.cpython-310.pyc
[0.780s] running install_data
[0.781s] running install_egg_info
[0.782s] removing '/home/spider/gwpspider_ws/install/arduino_communication/lib/python3.10/site-packages/arduino_communication-0.0.0-py3.10.egg-info' (and everything under it)
[0.782s] Copying ../../../build/arduino_communication/arduino_communication.egg-info to /home/spider/gwpspider_ws/install/arduino_communication/lib/python3.10/site-packages/arduino_communication-0.0.0-py3.10.egg-info
[0.783s] running install_scripts
[0.802s] Installing grippers_controller = arduino_communication.grippers:mainwater_pumps_bno_controller script to /home/spider/gwpspider_ws/install/arduino_communication/lib/arduino_communication
[0.802s] writing list of installed files to '/home/spider/gwpspider_ws/build/arduino_communication/install.log'
[0.824s] Invoked command in '/home/spider/gwpspider_ws/src/gwpspider/arduino_communication' returned '0': PYTHONPATH=/home/spider/gwpspider_ws/build/arduino_communication/prefix_override:/home/spider/gwpspider_ws/install/arduino_communication/lib/python3.10/site-packages:${PYTHONPATH} /usr/bin/python3 setup.py egg_info --egg-base ../../../build/arduino_communication build --build-base /home/spider/gwpspider_ws/build/arduino_communication/build install --record /home/spider/gwpspider_ws/build/arduino_communication/install.log --single-version-externally-managed
