[2.082s] Invoking command in '/home/spider/gwpspider_ws/src/gwpspider/controller': PYTHONPATH=/home/spider/gwpspider_ws/build/controller/prefix_override:/home/spider/gwpspider_ws/install/controller/lib/python3.10/site-packages:${PYTHONPATH} /usr/bin/python3 setup.py egg_info --egg-base ../../../build/controller build --build-base /home/spider/gwpspider_ws/build/controller/build install --record /home/spider/gwpspider_ws/build/controller/install.log --single-version-externally-managed
[2.545s] running egg_info
[2.546s] writing ../../../build/controller/controller.egg-info/PKG-INFO
[2.548s] writing dependency_links to ../../../build/controller/controller.egg-info/dependency_links.txt
[2.548s] writing entry points to ../../../build/controller/controller.egg-info/entry_points.txt
[2.548s] writing requirements to ../../../build/controller/controller.egg-info/requires.txt
[2.548s] writing top-level names to ../../../build/controller/controller.egg-info/top_level.txt
[2.564s] reading manifest file '../../../build/controller/controller.egg-info/SOURCES.txt'
[2.565s] writing manifest file '../../../build/controller/controller.egg-info/SOURCES.txt'
[2.565s] running build
[2.565s] running build_py
[2.566s] copying controller/joint_velocity_controller.py -> /home/spider/gwpspider_ws/build/controller/build/lib/controller
[2.566s] running install
[2.566s] /usr/lib/python3/dist-packages/setuptools/command/install.py:34: SetuptoolsDeprecationWarning: setup.py install is deprecated. Use build and pip and other standards-based tools.
[2.566s]   warnings.warn(
[2.567s] running install_lib
[2.568s] copying /home/spider/gwpspider_ws/build/controller/build/lib/controller/joint_velocity_controller.py -> /home/spider/gwpspider_ws/install/controller/lib/python3.10/site-packages/controller
[2.569s] byte-compiling /home/spider/gwpspider_ws/install/controller/lib/python3.10/site-packages/controller/joint_velocity_controller.py to joint_velocity_controller.cpython-310.pyc
[2.577s] running install_data
[2.578s] running install_egg_info
[2.580s] removing '/home/spider/gwpspider_ws/install/controller/lib/python3.10/site-packages/controller-0.0.0-py3.10.egg-info' (and everything under it)
[2.580s] Copying ../../../build/controller/controller.egg-info to /home/spider/gwpspider_ws/install/controller/lib/python3.10/site-packages/controller-0.0.0-py3.10.egg-info
[2.581s] running install_scripts
[2.615s] Installing joint_velocity_controller script to /home/spider/gwpspider_ws/install/controller/lib/controller
[2.615s] Installing legs_states_publisher script to /home/spider/gwpspider_ws/install/controller/lib/controller
[2.616s] writing list of installed files to '/home/spider/gwpspider_ws/build/controller/install.log'
[2.736s] Invoked command in '/home/spider/gwpspider_ws/src/gwpspider/controller' returned '0': PYTHONPATH=/home/spider/gwpspider_ws/build/controller/prefix_override:/home/spider/gwpspider_ws/install/controller/lib/python3.10/site-packages:${PYTHONPATH} /usr/bin/python3 setup.py egg_info --egg-base ../../../build/controller build --build-base /home/spider/gwpspider_ws/build/controller/build install --record /home/spider/gwpspider_ws/build/controller/install.log --single-version-externally-managed
