[2.572s] Invoking command in '/home/spider/gwpspider_ws/src/gwpspider/arduino_communication': PYTHONPATH=/home/spider/gwpspider_ws/build/arduino_communication/prefix_override:/home/spider/gwpspider_ws/install/arduino_communication/lib/python3.10/site-packages:${PYTHONPATH} /usr/bin/python3 setup.py egg_info --egg-base ../../../build/arduino_communication build --build-base /home/spider/gwpspider_ws/build/arduino_communication/build install --record /home/spider/gwpspider_ws/build/arduino_communication/install.log --single-version-externally-managed
[3.054s] running egg_info
[3.056s] writing ../../../build/arduino_communication/arduino_communication.egg-info/PKG-INFO
[3.057s] writing dependency_links to ../../../build/arduino_communication/arduino_communication.egg-info/dependency_links.txt
[3.057s] writing entry points to ../../../build/arduino_communication/arduino_communication.egg-info/entry_points.txt
[3.057s] writing requirements to ../../../build/arduino_communication/arduino_communication.egg-info/requires.txt
[3.058s] writing top-level names to ../../../build/arduino_communication/arduino_communication.egg-info/top_level.txt
[3.061s] reading manifest file '../../../build/arduino_communication/arduino_communication.egg-info/SOURCES.txt'
[3.063s] writing manifest file '../../../build/arduino_communication/arduino_communication.egg-info/SOURCES.txt'
[3.063s] running build
[3.063s] running build_py
[3.064s] running install
[3.065s] /usr/lib/python3/dist-packages/setuptools/command/install.py:34: SetuptoolsDeprecationWarning: setup.py install is deprecated. Use build and pip and other standards-based tools.
[3.065s]   warnings.warn(
[3.066s] running install_lib
[3.080s] running install_data
[3.080s] running install_egg_info
[3.080s] removing '/home/spider/gwpspider_ws/install/arduino_communication/lib/python3.10/site-packages/arduino_communication-0.0.0-py3.10.egg-info' (and everything under it)
[3.081s] Copying ../../../build/arduino_communication/arduino_communication.egg-info to /home/spider/gwpspider_ws/install/arduino_communication/lib/python3.10/site-packages/arduino_communication-0.0.0-py3.10.egg-info
[3.081s] running install_scripts
[3.111s] Installing grippers_controller script to /home/spider/gwpspider_ws/install/arduino_communication/lib/arduino_communication
[3.111s] Installing water_pumps_bno_controller script to /home/spider/gwpspider_ws/install/arduino_communication/lib/arduino_communication
[3.111s] writing list of installed files to '/home/spider/gwpspider_ws/build/arduino_communication/install.log'
[3.207s] Invoked command in '/home/spider/gwpspider_ws/src/gwpspider/arduino_communication' returned '0': PYTHONPATH=/home/spider/gwpspider_ws/build/arduino_communication/prefix_override:/home/spider/gwpspider_ws/install/arduino_communication/lib/python3.10/site-packages:${PYTHONPATH} /usr/bin/python3 setup.py egg_info --egg-base ../../../build/arduino_communication build --build-base /home/spider/gwpspider_ws/build/arduino_communication/build install --record /home/spider/gwpspider_ws/build/arduino_communication/install.log --single-version-externally-managed
