[2.107s] Invoking command in '/home/spider/gwpspider_ws/src/gwpspider/configuration': PYTHONPATH=/home/spider/gwpspider_ws/build/configuration/prefix_override:/home/spider/gwpspider_ws/install/configuration/lib/python3.10/site-packages:${PYTHONPATH} /usr/bin/python3 setup.py egg_info --egg-base ../../../build/configuration build --build-base /home/spider/gwpspider_ws/build/configuration/build install --record /home/spider/gwpspider_ws/build/configuration/install.log --single-version-externally-managed
[2.357s] running egg_info
[2.358s] writing ../../../build/configuration/configuration.egg-info/PKG-INFO
[2.358s] writing dependency_links to ../../../build/configuration/configuration.egg-info/dependency_links.txt
[2.358s] writing entry points to ../../../build/configuration/configuration.egg-info/entry_points.txt
[2.359s] writing requirements to ../../../build/configuration/configuration.egg-info/requires.txt
[2.359s] writing top-level names to ../../../build/configuration/configuration.egg-info/top_level.txt
[2.360s] reading manifest file '../../../build/configuration/configuration.egg-info/SOURCES.txt'
[2.361s] writing manifest file '../../../build/configuration/configuration.egg-info/SOURCES.txt'
[2.361s] running build
[2.361s] running build_py
[2.361s] running install
[2.362s] /usr/lib/python3/dist-packages/setuptools/command/install.py:34: SetuptoolsDeprecationWarning: setup.py install is deprecated. Use build and pip and other standards-based tools.
[2.362s]   warnings.warn(
[2.362s] running install_lib
[2.363s] running install_data
[2.364s] running install_egg_info
[2.365s] removing '/home/spider/gwpspider_ws/install/configuration/lib/python3.10/site-packages/configuration-0.0.0-py3.10.egg-info' (and everything under it)
[2.366s] Copying ../../../build/configuration/configuration.egg-info to /home/spider/gwpspider_ws/install/configuration/lib/python3.10/site-packages/configuration-0.0.0-py3.10.egg-info
[2.366s] running install_scripts
[2.401s] writing list of installed files to '/home/spider/gwpspider_ws/build/configuration/install.log'
[2.454s] Invoked command in '/home/spider/gwpspider_ws/src/gwpspider/configuration' returned '0': PYTHONPATH=/home/spider/gwpspider_ws/build/configuration/prefix_override:/home/spider/gwpspider_ws/install/configuration/lib/python3.10/site-packages:${PYTHONPATH} /usr/bin/python3 setup.py egg_info --egg-base ../../../build/configuration build --build-base /home/spider/gwpspider_ws/build/configuration/build install --record /home/spider/gwpspider_ws/build/configuration/install.log --single-version-externally-managed
