[2.580s] Invoking command in '/home/spider/gwpspider_ws/src/gwpspider/controller': PYTHONPATH=/home/spider/gwpspider_ws/build/controller/prefix_override:/home/spider/gwpspider_ws/install/controller/lib/python3.10/site-packages:${PYTHONPATH} /usr/bin/python3 setup.py egg_info --egg-base ../../../build/controller build --build-base /home/spider/gwpspider_ws/build/controller/build install --record /home/spider/gwpspider_ws/build/controller/install.log --single-version-externally-managed
[2.996s] running egg_info
[2.998s] writing ../../../build/controller/controller.egg-info/PKG-INFO
[2.998s] writing dependency_links to ../../../build/controller/controller.egg-info/dependency_links.txt
[2.998s] writing entry points to ../../../build/controller/controller.egg-info/entry_points.txt
[2.998s] writing requirements to ../../../build/controller/controller.egg-info/requires.txt
[2.998s] writing top-level names to ../../../build/controller/controller.egg-info/top_level.txt
[3.001s] reading manifest file '../../../build/controller/controller.egg-info/SOURCES.txt'
[3.003s] writing manifest file '../../../build/controller/controller.egg-info/SOURCES.txt'
[3.003s] running build
[3.003s] running build_py
[3.004s] copying controller/joint_velocity_controller.py -> /home/spider/gwpspider_ws/build/controller/build/lib/controller
[3.004s] running install
[3.004s] /usr/lib/python3/dist-packages/setuptools/command/install.py:34: SetuptoolsDeprecationWarning: setup.py install is deprecated. Use build and pip and other standards-based tools.
[3.004s]   warnings.warn(
[3.005s] running install_lib
[3.007s] copying /home/spider/gwpspider_ws/build/controller/build/lib/controller/joint_velocity_controller.py -> /home/spider/gwpspider_ws/install/controller/lib/python3.10/site-packages/controller
[3.008s] byte-compiling /home/spider/gwpspider_ws/install/controller/lib/python3.10/site-packages/controller/joint_velocity_controller.py to joint_velocity_controller.cpython-310.pyc
[3.014s] running install_data
[3.015s] running install_egg_info
[3.017s] removing '/home/spider/gwpspider_ws/install/controller/lib/python3.10/site-packages/controller-0.0.0-py3.10.egg-info' (and everything under it)
[3.023s] Copying ../../../build/controller/controller.egg-info to /home/spider/gwpspider_ws/install/controller/lib/python3.10/site-packages/controller-0.0.0-py3.10.egg-info
[3.024s] running install_scripts
[3.057s] Installing joint_velocity_controller script to /home/spider/gwpspider_ws/install/controller/lib/controller
[3.058s] Installing legs_states_publisher script to /home/spider/gwpspider_ws/install/controller/lib/controller
[3.058s] writing list of installed files to '/home/spider/gwpspider_ws/build/controller/install.log'
[3.091s] Invoked command in '/home/spider/gwpspider_ws/src/gwpspider/controller' returned '0': PYTHONPATH=/home/spider/gwpspider_ws/build/controller/prefix_override:/home/spider/gwpspider_ws/install/controller/lib/python3.10/site-packages:${PYTHONPATH} /usr/bin/python3 setup.py egg_info --egg-base ../../../build/controller build --build-base /home/spider/gwpspider_ws/build/controller/build install --record /home/spider/gwpspider_ws/build/controller/install.log --single-version-externally-managed
