running egg_info
writing ../../../build/calculations/calculations.egg-info/PKG-INFO
writing dependency_links to ../../../build/calculations/calculations.egg-info/dependency_links.txt
writing entry points to ../../../build/calculations/calculations.egg-info/entry_points.txt
writing requirements to ../../../build/calculations/calculations.egg-info/requires.txt
writing top-level names to ../../../build/calculations/calculations.egg-info/top_level.txt
reading manifest file '../../../build/calculations/calculations.egg-info/SOURCES.txt'
writing manifest file '../../../build/calculations/calculations.egg-info/SOURCES.txt'
running build
running build_py
copying calculations/init_numba.py -> /home/spider/gwpspider_ws/build/calculations/build/lib/calculations
copying calculations/__init__.py -> /home/spider/gwpspider_ws/build/calculations/build/lib/calculations
running install
running install_lib
copying /home/spider/gwpspider_ws/build/calculations/build/lib/calculations/init_numba.py -> /home/spider/gwpspider_ws/install/calculations/lib/python3.10/site-packages/calculations
copying /home/spider/gwpspider_ws/build/calculations/build/lib/calculations/__init__.py -> /home/spider/gwpspider_ws/install/calculations/lib/python3.10/site-packages/calculations
byte-compiling /home/spider/gwpspider_ws/install/calculations/lib/python3.10/site-packages/calculations/init_numba.py to init_numba.cpython-310.pyc
byte-compiling /home/spider/gwpspider_ws/install/calculations/lib/python3.10/site-packages/calculations/__init__.py to __init__.cpython-310.pyc
running install_data
running install_egg_info
removing '/home/spider/gwpspider_ws/install/calculations/lib/python3.10/site-packages/calculations-0.0.0-py3.10.egg-info' (and everything under it)
Copying ../../../build/calculations/calculations.egg-info to /home/spider/gwpspider_ws/install/calculations/lib/python3.10/site-packages/calculations-0.0.0-py3.10.egg-info
running install_scripts
writing list of installed files to '/home/spider/gwpspider_ws/build/calculations/install.log'
