[1.725s] Invoking command in '/home/spider/gwpspider_ws/src/gwpspider/calculations': PYTHONPATH=/home/spider/gwpspider_ws/build/calculations/prefix_override:/home/spider/gwpspider_ws/install/calculations/lib/python3.10/site-packages:${PYTHONPATH} /usr/bin/python3 setup.py egg_info --egg-base ../../../build/calculations build --build-base /home/spider/gwpspider_ws/build/calculations/build install --record /home/spider/gwpspider_ws/build/calculations/install.log --single-version-externally-managed
[2.080s] running egg_info
[2.081s] writing ../../../build/calculations/calculations.egg-info/PKG-INFO
[2.081s] writing dependency_links to ../../../build/calculations/calculations.egg-info/dependency_links.txt
[2.081s] writing entry points to ../../../build/calculations/calculations.egg-info/entry_points.txt
[2.081s] writing requirements to ../../../build/calculations/calculations.egg-info/requires.txt
[2.081s] writing top-level names to ../../../build/calculations/calculations.egg-info/top_level.txt
[2.083s] reading manifest file '../../../build/calculations/calculations.egg-info/SOURCES.txt'
[2.084s] writing manifest file '../../../build/calculations/calculations.egg-info/SOURCES.txt'
[2.084s] running build
[2.084s] running build_py
[2.084s] copying calculations/init_numba.py -> /home/spider/gwpspider_ws/build/calculations/build/lib/calculations
[2.084s] copying calculations/__init__.py -> /home/spider/gwpspider_ws/build/calculations/build/lib/calculations
[2.084s] running install
[2.085s] /usr/lib/python3/dist-packages/setuptools/command/install.py:34: SetuptoolsDeprecationWarning: setup.py install is deprecated. Use build and pip and other standards-based tools.
[2.085s]   warnings.warn(
[2.085s] running install_lib
[2.085s] copying /home/spider/gwpspider_ws/build/calculations/build/lib/calculations/init_numba.py -> /home/spider/gwpspider_ws/install/calculations/lib/python3.10/site-packages/calculations
[2.086s] copying /home/spider/gwpspider_ws/build/calculations/build/lib/calculations/__init__.py -> /home/spider/gwpspider_ws/install/calculations/lib/python3.10/site-packages/calculations
[2.086s] byte-compiling /home/spider/gwpspider_ws/install/calculations/lib/python3.10/site-packages/calculations/init_numba.py to init_numba.cpython-310.pyc
[2.087s] byte-compiling /home/spider/gwpspider_ws/install/calculations/lib/python3.10/site-packages/calculations/__init__.py to __init__.cpython-310.pyc
[2.087s] running install_data
[2.087s] running install_egg_info
[2.089s] removing '/home/spider/gwpspider_ws/install/calculations/lib/python3.10/site-packages/calculations-0.0.0-py3.10.egg-info' (and everything under it)
[2.089s] Copying ../../../build/calculations/calculations.egg-info to /home/spider/gwpspider_ws/install/calculations/lib/python3.10/site-packages/calculations-0.0.0-py3.10.egg-info
[2.090s] running install_scripts
[2.113s] writing list of installed files to '/home/spider/gwpspider_ws/build/calculations/install.log'
[2.157s] Invoked command in '/home/spider/gwpspider_ws/src/gwpspider/calculations' returned '0': PYTHONPATH=/home/spider/gwpspider_ws/build/calculations/prefix_override:/home/spider/gwpspider_ws/install/calculations/lib/python3.10/site-packages:${PYTHONPATH} /usr/bin/python3 setup.py egg_info --egg-base ../../../build/calculations build --build-base /home/spider/gwpspider_ws/build/calculations/build install --record /home/spider/gwpspider_ws/build/calculations/install.log --single-version-externally-managed
