[0.295s] DEBUG:colcon:Command line arguments: ['/usr/bin/colcon', 'build']
[0.295s] DEBUG:colcon:Parsed command line arguments: Namespace(log_base=None, log_level=None, verb_name='build', build_base='build', install_base='install', merge_install=False, symlink_install=False, test_result_base=None, continue_on_error=False, executor='parallel', parallel_workers=8, event_handlers=None, ignore_user_meta=False, metas=['./colcon.meta'], base_paths=['.'], packages_ignore=None, packages_ignore_regex=None, paths=None, packages_up_to=None, packages_up_to_regex=None, packages_above=None, packages_above_and_dependencies=None, packages_above_depth=None, packages_select_by_dep=None, packages_skip_by_dep=None, packages_skip_up_to=None, packages_select_build_failed=False, packages_skip_build_finished=False, packages_select_test_failures=False, packages_skip_test_passed=False, packages_select=None, packages_skip=None, packages_select_regex=None, packages_skip_regex=None, packages_start=None, packages_end=None, allow_overriding=[], cmake_args=None, cmake_target=None, cmake_target_skip_unavailable=False, cmake_clean_cache=False, cmake_clean_first=False, cmake_force_configure=False, ament_cmake_args=None, catkin_cmake_args=None, catkin_skip_building_tests=False, verb_parser=<colcon_defaults.argument_parser.defaults.DefaultArgumentsDecorator object at 0x7f4282ce1a20>, verb_extension=<colcon_core.verb.build.BuildVerb object at 0x7f42834dbc10>, main=<bound method BuildVerb.main of <colcon_core.verb.build.BuildVerb object at 0x7f42834dbc10>>)
[0.325s] Level 1:colcon.colcon_core.package_discovery:discover_packages(colcon_meta) check parameters
[0.325s] Level 1:colcon.colcon_core.package_discovery:discover_packages(recursive) check parameters
[0.325s] Level 1:colcon.colcon_core.package_discovery:discover_packages(ignore) check parameters
[0.325s] Level 1:colcon.colcon_core.package_discovery:discover_packages(path) check parameters
[0.325s] Level 1:colcon.colcon_core.package_discovery:discover_packages(colcon_meta) discover
[0.325s] Level 1:colcon.colcon_core.package_discovery:discover_packages(recursive) discover
[0.325s] INFO:colcon.colcon_core.package_discovery:Crawling recursively for packages in '/home/spider/gwpspider_ws'
[0.325s] Level 1:colcon.colcon_core.package_identification:_identify(.) by extensions ['ignore', 'ignore_ament_install']
[0.325s] Level 1:colcon.colcon_core.package_identification:_identify(.) by extension 'ignore'
[0.325s] Level 1:colcon.colcon_core.package_identification:_identify(.) by extension 'ignore_ament_install'
[0.325s] Level 1:colcon.colcon_core.package_identification:_identify(.) by extensions ['colcon_pkg']
[0.325s] Level 1:colcon.colcon_core.package_identification:_identify(.) by extension 'colcon_pkg'
[0.325s] Level 1:colcon.colcon_core.package_identification:_identify(.) by extensions ['colcon_meta']
[0.325s] Level 1:colcon.colcon_core.package_identification:_identify(.) by extension 'colcon_meta'
[0.325s] Level 1:colcon.colcon_core.package_identification:_identify(.) by extensions ['ros']
[0.326s] Level 1:colcon.colcon_core.package_identification:_identify(.) by extension 'ros'
[0.336s] Level 1:colcon.colcon_core.package_identification:_identify(.) by extensions ['cmake', 'python']
[0.337s] Level 1:colcon.colcon_core.package_identification:_identify(.) by extension 'cmake'
[0.337s] Level 1:colcon.colcon_core.package_identification:_identify(.) by extension 'python'
[0.337s] Level 1:colcon.colcon_core.package_identification:_identify(.) by extensions ['python_setup_py']
[0.337s] Level 1:colcon.colcon_core.package_identification:_identify(.) by extension 'python_setup_py'
[0.337s] Level 1:colcon.colcon_core.package_identification:_identify(build) by extensions ['ignore', 'ignore_ament_install']
[0.337s] Level 1:colcon.colcon_core.package_identification:_identify(build) by extension 'ignore'
[0.337s] Level 1:colcon.colcon_core.package_identification:_identify(build) ignored
[0.337s] Level 1:colcon.colcon_core.package_identification:_identify(install) by extensions ['ignore', 'ignore_ament_install']
[0.337s] Level 1:colcon.colcon_core.package_identification:_identify(install) by extension 'ignore'
[0.337s] Level 1:colcon.colcon_core.package_identification:_identify(install) ignored
[0.337s] Level 1:colcon.colcon_core.package_identification:_identify(log) by extensions ['ignore', 'ignore_ament_install']
[0.337s] Level 1:colcon.colcon_core.package_identification:_identify(log) by extension 'ignore'
[0.337s] Level 1:colcon.colcon_core.package_identification:_identify(log) ignored
[0.338s] Level 1:colcon.colcon_core.package_identification:_identify(src) by extensions ['ignore', 'ignore_ament_install']
[0.338s] Level 1:colcon.colcon_core.package_identification:_identify(src) by extension 'ignore'
[0.338s] Level 1:colcon.colcon_core.package_identification:_identify(src) by extension 'ignore_ament_install'
[0.338s] Level 1:colcon.colcon_core.package_identification:_identify(src) by extensions ['colcon_pkg']
[0.338s] Level 1:colcon.colcon_core.package_identification:_identify(src) by extension 'colcon_pkg'
[0.338s] Level 1:colcon.colcon_core.package_identification:_identify(src) by extensions ['colcon_meta']
[0.338s] Level 1:colcon.colcon_core.package_identification:_identify(src) by extension 'colcon_meta'
[0.338s] Level 1:colcon.colcon_core.package_identification:_identify(src) by extensions ['ros']
[0.338s] Level 1:colcon.colcon_core.package_identification:_identify(src) by extension 'ros'
[0.338s] Level 1:colcon.colcon_core.package_identification:_identify(src) by extensions ['cmake', 'python']
[0.338s] Level 1:colcon.colcon_core.package_identification:_identify(src) by extension 'cmake'
[0.338s] Level 1:colcon.colcon_core.package_identification:_identify(src) by extension 'python'
[0.338s] Level 1:colcon.colcon_core.package_identification:_identify(src) by extensions ['python_setup_py']
[0.338s] Level 1:colcon.colcon_core.package_identification:_identify(src) by extension 'python_setup_py'
[0.338s] Level 1:colcon.colcon_core.package_identification:_identify(src/gwpspider) by extensions ['ignore', 'ignore_ament_install']
[0.338s] Level 1:colcon.colcon_core.package_identification:_identify(src/gwpspider) by extension 'ignore'
[0.338s] Level 1:colcon.colcon_core.package_identification:_identify(src/gwpspider) by extension 'ignore_ament_install'
[0.338s] Level 1:colcon.colcon_core.package_identification:_identify(src/gwpspider) by extensions ['colcon_pkg']
[0.338s] Level 1:colcon.colcon_core.package_identification:_identify(src/gwpspider) by extension 'colcon_pkg'
[0.338s] Level 1:colcon.colcon_core.package_identification:_identify(src/gwpspider) by extensions ['colcon_meta']
[0.338s] Level 1:colcon.colcon_core.package_identification:_identify(src/gwpspider) by extension 'colcon_meta'
[0.338s] Level 1:colcon.colcon_core.package_identification:_identify(src/gwpspider) by extensions ['ros']
[0.338s] Level 1:colcon.colcon_core.package_identification:_identify(src/gwpspider) by extension 'ros'
[0.339s] Level 1:colcon.colcon_core.package_identification:_identify(src/gwpspider) by extensions ['cmake', 'python']
[0.339s] Level 1:colcon.colcon_core.package_identification:_identify(src/gwpspider) by extension 'cmake'
[0.339s] Level 1:colcon.colcon_core.package_identification:_identify(src/gwpspider) by extension 'python'
[0.339s] Level 1:colcon.colcon_core.package_identification:_identify(src/gwpspider) by extensions ['python_setup_py']
[0.339s] Level 1:colcon.colcon_core.package_identification:_identify(src/gwpspider) by extension 'python_setup_py'
[0.339s] Level 1:colcon.colcon_core.package_identification:_identify(src/gwpspider/arduino_communication) by extensions ['ignore', 'ignore_ament_install']
[0.339s] Level 1:colcon.colcon_core.package_identification:_identify(src/gwpspider/arduino_communication) by extension 'ignore'
[0.339s] Level 1:colcon.colcon_core.package_identification:_identify(src/gwpspider/arduino_communication) by extension 'ignore_ament_install'
[0.339s] Level 1:colcon.colcon_core.package_identification:_identify(src/gwpspider/arduino_communication) by extensions ['colcon_pkg']
[0.339s] Level 1:colcon.colcon_core.package_identification:_identify(src/gwpspider/arduino_communication) by extension 'colcon_pkg'
[0.339s] Level 1:colcon.colcon_core.package_identification:_identify(src/gwpspider/arduino_communication) by extensions ['colcon_meta']
[0.339s] Level 1:colcon.colcon_core.package_identification:_identify(src/gwpspider/arduino_communication) by extension 'colcon_meta'
[0.339s] Level 1:colcon.colcon_core.package_identification:_identify(src/gwpspider/arduino_communication) by extensions ['ros']
[0.339s] Level 1:colcon.colcon_core.package_identification:_identify(src/gwpspider/arduino_communication) by extension 'ros'
[0.341s] DEBUG:colcon.colcon_core.package_identification:Package 'src/gwpspider/arduino_communication' with type 'ros.ament_python' and name 'arduino_communication'
[0.341s] Level 1:colcon.colcon_core.package_identification:_identify(src/gwpspider/calculations) by extensions ['ignore', 'ignore_ament_install']
[0.341s] Level 1:colcon.colcon_core.package_identification:_identify(src/gwpspider/calculations) by extension 'ignore'
[0.341s] Level 1:colcon.colcon_core.package_identification:_identify(src/gwpspider/calculations) by extension 'ignore_ament_install'
[0.341s] Level 1:colcon.colcon_core.package_identification:_identify(src/gwpspider/calculations) by extensions ['colcon_pkg']
[0.342s] Level 1:colcon.colcon_core.package_identification:_identify(src/gwpspider/calculations) by extension 'colcon_pkg'
[0.342s] Level 1:colcon.colcon_core.package_identification:_identify(src/gwpspider/calculations) by extensions ['colcon_meta']
[0.342s] Level 1:colcon.colcon_core.package_identification:_identify(src/gwpspider/calculations) by extension 'colcon_meta'
[0.342s] Level 1:colcon.colcon_core.package_identification:_identify(src/gwpspider/calculations) by extensions ['ros']
[0.342s] Level 1:colcon.colcon_core.package_identification:_identify(src/gwpspider/calculations) by extension 'ros'
[0.342s] DEBUG:colcon.colcon_core.package_identification:Package 'src/gwpspider/calculations' with type 'ros.ament_python' and name 'calculations'
[0.342s] Level 1:colcon.colcon_core.package_identification:_identify(src/gwpspider/configuration) by extensions ['ignore', 'ignore_ament_install']
[0.342s] Level 1:colcon.colcon_core.package_identification:_identify(src/gwpspider/configuration) by extension 'ignore'
[0.342s] Level 1:colcon.colcon_core.package_identification:_identify(src/gwpspider/configuration) by extension 'ignore_ament_install'
[0.342s] Level 1:colcon.colcon_core.package_identification:_identify(src/gwpspider/configuration) by extensions ['colcon_pkg']
[0.342s] Level 1:colcon.colcon_core.package_identification:_identify(src/gwpspider/configuration) by extension 'colcon_pkg'
[0.343s] Level 1:colcon.colcon_core.package_identification:_identify(src/gwpspider/configuration) by extensions ['colcon_meta']
[0.343s] Level 1:colcon.colcon_core.package_identification:_identify(src/gwpspider/configuration) by extension 'colcon_meta'
[0.343s] Level 1:colcon.colcon_core.package_identification:_identify(src/gwpspider/configuration) by extensions ['ros']
[0.343s] Level 1:colcon.colcon_core.package_identification:_identify(src/gwpspider/configuration) by extension 'ros'
[0.343s] DEBUG:colcon.colcon_core.package_identification:Package 'src/gwpspider/configuration' with type 'ros.ament_python' and name 'configuration'
[0.343s] Level 1:colcon.colcon_core.package_identification:_identify(src/gwpspider/controller) by extensions ['ignore', 'ignore_ament_install']
[0.343s] Level 1:colcon.colcon_core.package_identification:_identify(src/gwpspider/controller) by extension 'ignore'
[0.343s] Level 1:colcon.colcon_core.package_identification:_identify(src/gwpspider/controller) by extension 'ignore_ament_install'
[0.343s] Level 1:colcon.colcon_core.package_identification:_identify(src/gwpspider/controller) by extensions ['colcon_pkg']
[0.343s] Level 1:colcon.colcon_core.package_identification:_identify(src/gwpspider/controller) by extension 'colcon_pkg'
[0.343s] Level 1:colcon.colcon_core.package_identification:_identify(src/gwpspider/controller) by extensions ['colcon_meta']
[0.343s] Level 1:colcon.colcon_core.package_identification:_identify(src/gwpspider/controller) by extension 'colcon_meta'
[0.343s] Level 1:colcon.colcon_core.package_identification:_identify(src/gwpspider/controller) by extensions ['ros']
[0.343s] Level 1:colcon.colcon_core.package_identification:_identify(src/gwpspider/controller) by extension 'ros'
[0.344s] DEBUG:colcon.colcon_core.package_identification:Package 'src/gwpspider/controller' with type 'ros.ament_python' and name 'controller'
[0.344s] Level 1:colcon.colcon_core.package_identification:_identify(src/gwpspider/dynamixel_interface) by extensions ['ignore', 'ignore_ament_install']
[0.344s] Level 1:colcon.colcon_core.package_identification:_identify(src/gwpspider/dynamixel_interface) by extension 'ignore'
[0.344s] Level 1:colcon.colcon_core.package_identification:_identify(src/gwpspider/dynamixel_interface) by extension 'ignore_ament_install'
[0.344s] Level 1:colcon.colcon_core.package_identification:_identify(src/gwpspider/dynamixel_interface) by extensions ['colcon_pkg']
[0.344s] Level 1:colcon.colcon_core.package_identification:_identify(src/gwpspider/dynamixel_interface) by extension 'colcon_pkg'
[0.344s] Level 1:colcon.colcon_core.package_identification:_identify(src/gwpspider/dynamixel_interface) by extensions ['colcon_meta']
[0.344s] Level 1:colcon.colcon_core.package_identification:_identify(src/gwpspider/dynamixel_interface) by extension 'colcon_meta'
[0.344s] Level 1:colcon.colcon_core.package_identification:_identify(src/gwpspider/dynamixel_interface) by extensions ['ros']
[0.344s] Level 1:colcon.colcon_core.package_identification:_identify(src/gwpspider/dynamixel_interface) by extension 'ros'
[0.345s] DEBUG:colcon.colcon_core.package_identification:Package 'src/gwpspider/dynamixel_interface' with type 'ros.ament_python' and name 'dynamixel_interface'
[0.345s] Level 1:colcon.colcon_core.package_identification:_identify(src/gwpspider/gwpspider_interfaces) by extensions ['ignore', 'ignore_ament_install']
[0.345s] Level 1:colcon.colcon_core.package_identification:_identify(src/gwpspider/gwpspider_interfaces) by extension 'ignore'
[0.345s] Level 1:colcon.colcon_core.package_identification:_identify(src/gwpspider/gwpspider_interfaces) by extension 'ignore_ament_install'
[0.345s] Level 1:colcon.colcon_core.package_identification:_identify(src/gwpspider/gwpspider_interfaces) by extensions ['colcon_pkg']
[0.345s] Level 1:colcon.colcon_core.package_identification:_identify(src/gwpspider/gwpspider_interfaces) by extension 'colcon_pkg'
[0.345s] Level 1:colcon.colcon_core.package_identification:_identify(src/gwpspider/gwpspider_interfaces) by extensions ['colcon_meta']
[0.345s] Level 1:colcon.colcon_core.package_identification:_identify(src/gwpspider/gwpspider_interfaces) by extension 'colcon_meta'
[0.345s] Level 1:colcon.colcon_core.package_identification:_identify(src/gwpspider/gwpspider_interfaces) by extensions ['ros']
[0.345s] Level 1:colcon.colcon_core.package_identification:_identify(src/gwpspider/gwpspider_interfaces) by extension 'ros'
[0.346s] DEBUG:colcon.colcon_core.package_identification:Package 'src/gwpspider/gwpspider_interfaces' with type 'ros.ament_cmake' and name 'gwpspider_interfaces'
[0.346s] Level 1:colcon.colcon_core.package_identification:_identify(src/gwpspider/planning) by extensions ['ignore', 'ignore_ament_install']
[0.346s] Level 1:colcon.colcon_core.package_identification:_identify(src/gwpspider/planning) by extension 'ignore'
[0.346s] Level 1:colcon.colcon_core.package_identification:_identify(src/gwpspider/planning) by extension 'ignore_ament_install'
[0.346s] Level 1:colcon.colcon_core.package_identification:_identify(src/gwpspider/planning) by extensions ['colcon_pkg']
[0.346s] Level 1:colcon.colcon_core.package_identification:_identify(src/gwpspider/planning) by extension 'colcon_pkg'
[0.346s] Level 1:colcon.colcon_core.package_identification:_identify(src/gwpspider/planning) by extensions ['colcon_meta']
[0.346s] Level 1:colcon.colcon_core.package_identification:_identify(src/gwpspider/planning) by extension 'colcon_meta'
[0.346s] Level 1:colcon.colcon_core.package_identification:_identify(src/gwpspider/planning) by extensions ['ros']
[0.346s] Level 1:colcon.colcon_core.package_identification:_identify(src/gwpspider/planning) by extension 'ros'
[0.346s] DEBUG:colcon.colcon_core.package_identification:Package 'src/gwpspider/planning' with type 'ros.ament_python' and name 'planning'
[0.347s] Level 1:colcon.colcon_core.package_identification:_identify(src/gwpspider/utils) by extensions ['ignore', 'ignore_ament_install']
[0.347s] Level 1:colcon.colcon_core.package_identification:_identify(src/gwpspider/utils) by extension 'ignore'
[0.347s] Level 1:colcon.colcon_core.package_identification:_identify(src/gwpspider/utils) by extension 'ignore_ament_install'
[0.347s] Level 1:colcon.colcon_core.package_identification:_identify(src/gwpspider/utils) by extensions ['colcon_pkg']
[0.347s] Level 1:colcon.colcon_core.package_identification:_identify(src/gwpspider/utils) by extension 'colcon_pkg'
[0.347s] Level 1:colcon.colcon_core.package_identification:_identify(src/gwpspider/utils) by extensions ['colcon_meta']
[0.347s] Level 1:colcon.colcon_core.package_identification:_identify(src/gwpspider/utils) by extension 'colcon_meta'
[0.347s] Level 1:colcon.colcon_core.package_identification:_identify(src/gwpspider/utils) by extensions ['ros']
[0.347s] Level 1:colcon.colcon_core.package_identification:_identify(src/gwpspider/utils) by extension 'ros'
[0.347s] DEBUG:colcon.colcon_core.package_identification:Package 'src/gwpspider/utils' with type 'ros.ament_python' and name 'utils'
[0.347s] Level 1:colcon.colcon_core.package_discovery:discover_packages(recursive) using defaults
[0.347s] Level 1:colcon.colcon_core.package_discovery:discover_packages(ignore) discover
[0.347s] Level 1:colcon.colcon_core.package_discovery:discover_packages(ignore) using defaults
[0.348s] Level 1:colcon.colcon_core.package_discovery:discover_packages(path) discover
[0.348s] Level 1:colcon.colcon_core.package_discovery:discover_packages(path) using defaults
[0.371s] Level 1:colcon.colcon_core.package_discovery:discover_packages(prefix_path) check parameters
[0.371s] Level 1:colcon.colcon_core.package_discovery:discover_packages(prefix_path) discover
[0.373s] DEBUG:colcon.colcon_installed_package_information.package_discovery:Found 8 installed packages in /home/spider/gwpspider_ws/install
[0.375s] DEBUG:colcon.colcon_installed_package_information.package_discovery:Found 270 installed packages in /opt/ros/humble
[0.376s] Level 1:colcon.colcon_core.package_discovery:discover_packages(prefix_path) using defaults
[0.429s] Level 5:colcon.colcon_core.verb:set package 'arduino_communication' build argument 'cmake_args' from command line to 'None'
[0.429s] Level 5:colcon.colcon_core.verb:set package 'arduino_communication' build argument 'cmake_target' from command line to 'None'
[0.429s] Level 5:colcon.colcon_core.verb:set package 'arduino_communication' build argument 'cmake_target_skip_unavailable' from command line to 'False'
[0.429s] Level 5:colcon.colcon_core.verb:set package 'arduino_communication' build argument 'cmake_clean_cache' from command line to 'False'
[0.429s] Level 5:colcon.colcon_core.verb:set package 'arduino_communication' build argument 'cmake_clean_first' from command line to 'False'
[0.429s] Level 5:colcon.colcon_core.verb:set package 'arduino_communication' build argument 'cmake_force_configure' from command line to 'False'
[0.429s] Level 5:colcon.colcon_core.verb:set package 'arduino_communication' build argument 'ament_cmake_args' from command line to 'None'
[0.429s] Level 5:colcon.colcon_core.verb:set package 'arduino_communication' build argument 'catkin_cmake_args' from command line to 'None'
[0.429s] Level 5:colcon.colcon_core.verb:set package 'arduino_communication' build argument 'catkin_skip_building_tests' from command line to 'False'
[0.429s] DEBUG:colcon.colcon_core.verb:Building package 'arduino_communication' with the following arguments: {'ament_cmake_args': None, 'build_base': '/home/spider/gwpspider_ws/build/arduino_communication', 'catkin_cmake_args': None, 'catkin_skip_building_tests': False, 'cmake_args': None, 'cmake_clean_cache': False, 'cmake_clean_first': False, 'cmake_force_configure': False, 'cmake_target': None, 'cmake_target_skip_unavailable': False, 'install_base': '/home/spider/gwpspider_ws/install/arduino_communication', 'merge_install': False, 'path': '/home/spider/gwpspider_ws/src/gwpspider/arduino_communication', 'symlink_install': False, 'test_result_base': None}
[0.430s] Level 5:colcon.colcon_core.verb:set package 'calculations' build argument 'cmake_args' from command line to 'None'
[0.430s] Level 5:colcon.colcon_core.verb:set package 'calculations' build argument 'cmake_target' from command line to 'None'
[0.430s] Level 5:colcon.colcon_core.verb:set package 'calculations' build argument 'cmake_target_skip_unavailable' from command line to 'False'
[0.430s] Level 5:colcon.colcon_core.verb:set package 'calculations' build argument 'cmake_clean_cache' from command line to 'False'
[0.430s] Level 5:colcon.colcon_core.verb:set package 'calculations' build argument 'cmake_clean_first' from command line to 'False'
[0.430s] Level 5:colcon.colcon_core.verb:set package 'calculations' build argument 'cmake_force_configure' from command line to 'False'
[0.430s] Level 5:colcon.colcon_core.verb:set package 'calculations' build argument 'ament_cmake_args' from command line to 'None'
[0.430s] Level 5:colcon.colcon_core.verb:set package 'calculations' build argument 'catkin_cmake_args' from command line to 'None'
[0.430s] Level 5:colcon.colcon_core.verb:set package 'calculations' build argument 'catkin_skip_building_tests' from command line to 'False'
[0.430s] DEBUG:colcon.colcon_core.verb:Building package 'calculations' with the following arguments: {'ament_cmake_args': None, 'build_base': '/home/spider/gwpspider_ws/build/calculations', 'catkin_cmake_args': None, 'catkin_skip_building_tests': False, 'cmake_args': None, 'cmake_clean_cache': False, 'cmake_clean_first': False, 'cmake_force_configure': False, 'cmake_target': None, 'cmake_target_skip_unavailable': False, 'install_base': '/home/spider/gwpspider_ws/install/calculations', 'merge_install': False, 'path': '/home/spider/gwpspider_ws/src/gwpspider/calculations', 'symlink_install': False, 'test_result_base': None}
[0.431s] Level 5:colcon.colcon_core.verb:set package 'configuration' build argument 'cmake_args' from command line to 'None'
[0.431s] Level 5:colcon.colcon_core.verb:set package 'configuration' build argument 'cmake_target' from command line to 'None'
[0.431s] Level 5:colcon.colcon_core.verb:set package 'configuration' build argument 'cmake_target_skip_unavailable' from command line to 'False'
[0.431s] Level 5:colcon.colcon_core.verb:set package 'configuration' build argument 'cmake_clean_cache' from command line to 'False'
[0.431s] Level 5:colcon.colcon_core.verb:set package 'configuration' build argument 'cmake_clean_first' from command line to 'False'
[0.431s] Level 5:colcon.colcon_core.verb:set package 'configuration' build argument 'cmake_force_configure' from command line to 'False'
[0.431s] Level 5:colcon.colcon_core.verb:set package 'configuration' build argument 'ament_cmake_args' from command line to 'None'
[0.431s] Level 5:colcon.colcon_core.verb:set package 'configuration' build argument 'catkin_cmake_args' from command line to 'None'
[0.431s] Level 5:colcon.colcon_core.verb:set package 'configuration' build argument 'catkin_skip_building_tests' from command line to 'False'
[0.431s] DEBUG:colcon.colcon_core.verb:Building package 'configuration' with the following arguments: {'ament_cmake_args': None, 'build_base': '/home/spider/gwpspider_ws/build/configuration', 'catkin_cmake_args': None, 'catkin_skip_building_tests': False, 'cmake_args': None, 'cmake_clean_cache': False, 'cmake_clean_first': False, 'cmake_force_configure': False, 'cmake_target': None, 'cmake_target_skip_unavailable': False, 'install_base': '/home/spider/gwpspider_ws/install/configuration', 'merge_install': False, 'path': '/home/spider/gwpspider_ws/src/gwpspider/configuration', 'symlink_install': False, 'test_result_base': None}
[0.432s] Level 5:colcon.colcon_core.verb:set package 'controller' build argument 'cmake_args' from command line to 'None'
[0.432s] Level 5:colcon.colcon_core.verb:set package 'controller' build argument 'cmake_target' from command line to 'None'
[0.432s] Level 5:colcon.colcon_core.verb:set package 'controller' build argument 'cmake_target_skip_unavailable' from command line to 'False'
[0.432s] Level 5:colcon.colcon_core.verb:set package 'controller' build argument 'cmake_clean_cache' from command line to 'False'
[0.432s] Level 5:colcon.colcon_core.verb:set package 'controller' build argument 'cmake_clean_first' from command line to 'False'
[0.432s] Level 5:colcon.colcon_core.verb:set package 'controller' build argument 'cmake_force_configure' from command line to 'False'
[0.432s] Level 5:colcon.colcon_core.verb:set package 'controller' build argument 'ament_cmake_args' from command line to 'None'
[0.432s] Level 5:colcon.colcon_core.verb:set package 'controller' build argument 'catkin_cmake_args' from command line to 'None'
[0.432s] Level 5:colcon.colcon_core.verb:set package 'controller' build argument 'catkin_skip_building_tests' from command line to 'False'
[0.432s] DEBUG:colcon.colcon_core.verb:Building package 'controller' with the following arguments: {'ament_cmake_args': None, 'build_base': '/home/spider/gwpspider_ws/build/controller', 'catkin_cmake_args': None, 'catkin_skip_building_tests': False, 'cmake_args': None, 'cmake_clean_cache': False, 'cmake_clean_first': False, 'cmake_force_configure': False, 'cmake_target': None, 'cmake_target_skip_unavailable': False, 'install_base': '/home/spider/gwpspider_ws/install/controller', 'merge_install': False, 'path': '/home/spider/gwpspider_ws/src/gwpspider/controller', 'symlink_install': False, 'test_result_base': None}
[0.433s] Level 5:colcon.colcon_core.verb:set package 'dynamixel_interface' build argument 'cmake_args' from command line to 'None'
[0.433s] Level 5:colcon.colcon_core.verb:set package 'dynamixel_interface' build argument 'cmake_target' from command line to 'None'
[0.433s] Level 5:colcon.colcon_core.verb:set package 'dynamixel_interface' build argument 'cmake_target_skip_unavailable' from command line to 'False'
[0.433s] Level 5:colcon.colcon_core.verb:set package 'dynamixel_interface' build argument 'cmake_clean_cache' from command line to 'False'
[0.433s] Level 5:colcon.colcon_core.verb:set package 'dynamixel_interface' build argument 'cmake_clean_first' from command line to 'False'
[0.433s] Level 5:colcon.colcon_core.verb:set package 'dynamixel_interface' build argument 'cmake_force_configure' from command line to 'False'
[0.433s] Level 5:colcon.colcon_core.verb:set package 'dynamixel_interface' build argument 'ament_cmake_args' from command line to 'None'
[0.433s] Level 5:colcon.colcon_core.verb:set package 'dynamixel_interface' build argument 'catkin_cmake_args' from command line to 'None'
[0.433s] Level 5:colcon.colcon_core.verb:set package 'dynamixel_interface' build argument 'catkin_skip_building_tests' from command line to 'False'
[0.433s] DEBUG:colcon.colcon_core.verb:Building package 'dynamixel_interface' with the following arguments: {'ament_cmake_args': None, 'build_base': '/home/spider/gwpspider_ws/build/dynamixel_interface', 'catkin_cmake_args': None, 'catkin_skip_building_tests': False, 'cmake_args': None, 'cmake_clean_cache': False, 'cmake_clean_first': False, 'cmake_force_configure': False, 'cmake_target': None, 'cmake_target_skip_unavailable': False, 'install_base': '/home/spider/gwpspider_ws/install/dynamixel_interface', 'merge_install': False, 'path': '/home/spider/gwpspider_ws/src/gwpspider/dynamixel_interface', 'symlink_install': False, 'test_result_base': None}
[0.434s] Level 5:colcon.colcon_core.verb:set package 'gwpspider_interfaces' build argument 'cmake_args' from command line to 'None'
[0.434s] Level 5:colcon.colcon_core.verb:set package 'gwpspider_interfaces' build argument 'cmake_target' from command line to 'None'
[0.434s] Level 5:colcon.colcon_core.verb:set package 'gwpspider_interfaces' build argument 'cmake_target_skip_unavailable' from command line to 'False'
[0.434s] Level 5:colcon.colcon_core.verb:set package 'gwpspider_interfaces' build argument 'cmake_clean_cache' from command line to 'False'
[0.434s] Level 5:colcon.colcon_core.verb:set package 'gwpspider_interfaces' build argument 'cmake_clean_first' from command line to 'False'
[0.434s] Level 5:colcon.colcon_core.verb:set package 'gwpspider_interfaces' build argument 'cmake_force_configure' from command line to 'False'
[0.434s] Level 5:colcon.colcon_core.verb:set package 'gwpspider_interfaces' build argument 'ament_cmake_args' from command line to 'None'
[0.434s] Level 5:colcon.colcon_core.verb:set package 'gwpspider_interfaces' build argument 'catkin_cmake_args' from command line to 'None'
[0.434s] Level 5:colcon.colcon_core.verb:set package 'gwpspider_interfaces' build argument 'catkin_skip_building_tests' from command line to 'False'
[0.434s] DEBUG:colcon.colcon_core.verb:Building package 'gwpspider_interfaces' with the following arguments: {'ament_cmake_args': None, 'build_base': '/home/spider/gwpspider_ws/build/gwpspider_interfaces', 'catkin_cmake_args': None, 'catkin_skip_building_tests': False, 'cmake_args': None, 'cmake_clean_cache': False, 'cmake_clean_first': False, 'cmake_force_configure': False, 'cmake_target': None, 'cmake_target_skip_unavailable': False, 'install_base': '/home/spider/gwpspider_ws/install/gwpspider_interfaces', 'merge_install': False, 'path': '/home/spider/gwpspider_ws/src/gwpspider/gwpspider_interfaces', 'symlink_install': False, 'test_result_base': None}
[0.435s] Level 5:colcon.colcon_core.verb:set package 'planning' build argument 'cmake_args' from command line to 'None'
[0.435s] Level 5:colcon.colcon_core.verb:set package 'planning' build argument 'cmake_target' from command line to 'None'
[0.435s] Level 5:colcon.colcon_core.verb:set package 'planning' build argument 'cmake_target_skip_unavailable' from command line to 'False'
[0.435s] Level 5:colcon.colcon_core.verb:set package 'planning' build argument 'cmake_clean_cache' from command line to 'False'
[0.435s] Level 5:colcon.colcon_core.verb:set package 'planning' build argument 'cmake_clean_first' from command line to 'False'
[0.435s] Level 5:colcon.colcon_core.verb:set package 'planning' build argument 'cmake_force_configure' from command line to 'False'
[0.435s] Level 5:colcon.colcon_core.verb:set package 'planning' build argument 'ament_cmake_args' from command line to 'None'
[0.435s] Level 5:colcon.colcon_core.verb:set package 'planning' build argument 'catkin_cmake_args' from command line to 'None'
[0.435s] Level 5:colcon.colcon_core.verb:set package 'planning' build argument 'catkin_skip_building_tests' from command line to 'False'
[0.435s] DEBUG:colcon.colcon_core.verb:Building package 'planning' with the following arguments: {'ament_cmake_args': None, 'build_base': '/home/spider/gwpspider_ws/build/planning', 'catkin_cmake_args': None, 'catkin_skip_building_tests': False, 'cmake_args': None, 'cmake_clean_cache': False, 'cmake_clean_first': False, 'cmake_force_configure': False, 'cmake_target': None, 'cmake_target_skip_unavailable': False, 'install_base': '/home/spider/gwpspider_ws/install/planning', 'merge_install': False, 'path': '/home/spider/gwpspider_ws/src/gwpspider/planning', 'symlink_install': False, 'test_result_base': None}
[0.436s] Level 5:colcon.colcon_core.verb:set package 'utils' build argument 'cmake_args' from command line to 'None'
[0.436s] Level 5:colcon.colcon_core.verb:set package 'utils' build argument 'cmake_target' from command line to 'None'
[0.436s] Level 5:colcon.colcon_core.verb:set package 'utils' build argument 'cmake_target_skip_unavailable' from command line to 'False'
[0.436s] Level 5:colcon.colcon_core.verb:set package 'utils' build argument 'cmake_clean_cache' from command line to 'False'
[0.436s] Level 5:colcon.colcon_core.verb:set package 'utils' build argument 'cmake_clean_first' from command line to 'False'
[0.436s] Level 5:colcon.colcon_core.verb:set package 'utils' build argument 'cmake_force_configure' from command line to 'False'
[0.436s] Level 5:colcon.colcon_core.verb:set package 'utils' build argument 'ament_cmake_args' from command line to 'None'
[0.436s] Level 5:colcon.colcon_core.verb:set package 'utils' build argument 'catkin_cmake_args' from command line to 'None'
[0.436s] Level 5:colcon.colcon_core.verb:set package 'utils' build argument 'catkin_skip_building_tests' from command line to 'False'
[0.436s] DEBUG:colcon.colcon_core.verb:Building package 'utils' with the following arguments: {'ament_cmake_args': None, 'build_base': '/home/spider/gwpspider_ws/build/utils', 'catkin_cmake_args': None, 'catkin_skip_building_tests': False, 'cmake_args': None, 'cmake_clean_cache': False, 'cmake_clean_first': False, 'cmake_force_configure': False, 'cmake_target': None, 'cmake_target_skip_unavailable': False, 'install_base': '/home/spider/gwpspider_ws/install/utils', 'merge_install': False, 'path': '/home/spider/gwpspider_ws/src/gwpspider/utils', 'symlink_install': False, 'test_result_base': None}
[0.437s] INFO:colcon.colcon_core.executor:Executing jobs using 'parallel' executor
[0.440s] DEBUG:colcon.colcon_parallel_executor.executor.parallel:run_until_complete
[0.440s] INFO:colcon.colcon_ros.task.ament_python.build:Building ROS package in '/home/spider/gwpspider_ws/src/gwpspider/arduino_communication' with build type 'ament_python'
[0.440s] Level 1:colcon.colcon_core.shell:create_environment_hook('arduino_communication', 'ament_prefix_path')
[0.444s] INFO:colcon.colcon_core.plugin_system:Skipping extension 'colcon_core.shell.bat': Not used on non-Windows systems
[0.444s] INFO:colcon.colcon_core.shell:Creating environment hook '/home/spider/gwpspider_ws/install/arduino_communication/share/arduino_communication/hook/ament_prefix_path.ps1'
[0.445s] INFO:colcon.colcon_core.shell:Creating environment descriptor '/home/spider/gwpspider_ws/install/arduino_communication/share/arduino_communication/hook/ament_prefix_path.dsv'
[0.445s] INFO:colcon.colcon_core.shell:Creating environment hook '/home/spider/gwpspider_ws/install/arduino_communication/share/arduino_communication/hook/ament_prefix_path.sh'
[0.447s] INFO:colcon.colcon_core.shell:Skip shell extension 'powershell' for command environment: Not usable outside of PowerShell
[0.447s] DEBUG:colcon.colcon_core.shell:Skip shell extension 'dsv' for command environment
[0.451s] INFO:colcon.colcon_ros.task.ament_python.build:Building ROS package in '/home/spider/gwpspider_ws/src/gwpspider/calculations' with build type 'ament_python'
[0.451s] Level 1:colcon.colcon_core.shell:create_environment_hook('calculations', 'ament_prefix_path')
[0.452s] INFO:colcon.colcon_core.shell:Creating environment hook '/home/spider/gwpspider_ws/install/calculations/share/calculations/hook/ament_prefix_path.ps1'
[0.453s] INFO:colcon.colcon_core.shell:Creating environment descriptor '/home/spider/gwpspider_ws/install/calculations/share/calculations/hook/ament_prefix_path.dsv'
[0.453s] INFO:colcon.colcon_core.shell:Creating environment hook '/home/spider/gwpspider_ws/install/calculations/share/calculations/hook/ament_prefix_path.sh'
[0.454s] INFO:colcon.colcon_core.shell:Skip shell extension 'powershell' for command environment: Not usable outside of PowerShell
[0.454s] DEBUG:colcon.colcon_core.shell:Skip shell extension 'dsv' for command environment
[0.458s] INFO:colcon.colcon_ros.task.ament_python.build:Building ROS package in '/home/spider/gwpspider_ws/src/gwpspider/configuration' with build type 'ament_python'
[0.458s] Level 1:colcon.colcon_core.shell:create_environment_hook('configuration', 'ament_prefix_path')
[0.459s] INFO:colcon.colcon_core.shell:Creating environment hook '/home/spider/gwpspider_ws/install/configuration/share/configuration/hook/ament_prefix_path.ps1'
[0.460s] INFO:colcon.colcon_core.shell:Creating environment descriptor '/home/spider/gwpspider_ws/install/configuration/share/configuration/hook/ament_prefix_path.dsv'
[0.460s] INFO:colcon.colcon_core.shell:Creating environment hook '/home/spider/gwpspider_ws/install/configuration/share/configuration/hook/ament_prefix_path.sh'
[0.462s] INFO:colcon.colcon_core.shell:Skip shell extension 'powershell' for command environment: Not usable outside of PowerShell
[0.462s] DEBUG:colcon.colcon_core.shell:Skip shell extension 'dsv' for command environment
[0.465s] INFO:colcon.colcon_ros.task.ament_python.build:Building ROS package in '/home/spider/gwpspider_ws/src/gwpspider/controller' with build type 'ament_python'
[0.465s] Level 1:colcon.colcon_core.shell:create_environment_hook('controller', 'ament_prefix_path')
[0.466s] INFO:colcon.colcon_core.shell:Creating environment hook '/home/spider/gwpspider_ws/install/controller/share/controller/hook/ament_prefix_path.ps1'
[0.467s] INFO:colcon.colcon_core.shell:Creating environment descriptor '/home/spider/gwpspider_ws/install/controller/share/controller/hook/ament_prefix_path.dsv'
[0.467s] INFO:colcon.colcon_core.shell:Creating environment hook '/home/spider/gwpspider_ws/install/controller/share/controller/hook/ament_prefix_path.sh'
[0.468s] INFO:colcon.colcon_core.shell:Skip shell extension 'powershell' for command environment: Not usable outside of PowerShell
[0.469s] DEBUG:colcon.colcon_core.shell:Skip shell extension 'dsv' for command environment
[0.472s] INFO:colcon.colcon_ros.task.ament_python.build:Building ROS package in '/home/spider/gwpspider_ws/src/gwpspider/dynamixel_interface' with build type 'ament_python'
[0.472s] Level 1:colcon.colcon_core.shell:create_environment_hook('dynamixel_interface', 'ament_prefix_path')
[0.473s] INFO:colcon.colcon_core.shell:Creating environment hook '/home/spider/gwpspider_ws/install/dynamixel_interface/share/dynamixel_interface/hook/ament_prefix_path.ps1'
[0.474s] INFO:colcon.colcon_core.shell:Creating environment descriptor '/home/spider/gwpspider_ws/install/dynamixel_interface/share/dynamixel_interface/hook/ament_prefix_path.dsv'
[0.474s] INFO:colcon.colcon_core.shell:Creating environment hook '/home/spider/gwpspider_ws/install/dynamixel_interface/share/dynamixel_interface/hook/ament_prefix_path.sh'
[0.475s] INFO:colcon.colcon_core.shell:Skip shell extension 'powershell' for command environment: Not usable outside of PowerShell
[0.476s] DEBUG:colcon.colcon_core.shell:Skip shell extension 'dsv' for command environment
[0.479s] INFO:colcon.colcon_ros.task.ament_cmake.build:Building ROS package in '/home/spider/gwpspider_ws/src/gwpspider/gwpspider_interfaces' with build type 'ament_cmake'
[0.479s] INFO:colcon.colcon_cmake.task.cmake.build:Building CMake package in '/home/spider/gwpspider_ws/src/gwpspider/gwpspider_interfaces'
[0.480s] INFO:colcon.colcon_core.shell:Skip shell extension 'powershell' for command environment: Not usable outside of PowerShell
[0.480s] DEBUG:colcon.colcon_core.shell:Skip shell extension 'dsv' for command environment
[0.484s] INFO:colcon.colcon_ros.task.ament_python.build:Building ROS package in '/home/spider/gwpspider_ws/src/gwpspider/planning' with build type 'ament_python'
[0.484s] Level 1:colcon.colcon_core.shell:create_environment_hook('planning', 'ament_prefix_path')
[0.485s] INFO:colcon.colcon_core.shell:Creating environment hook '/home/spider/gwpspider_ws/install/planning/share/planning/hook/ament_prefix_path.ps1'
[0.486s] INFO:colcon.colcon_core.shell:Creating environment descriptor '/home/spider/gwpspider_ws/install/planning/share/planning/hook/ament_prefix_path.dsv'
[0.486s] INFO:colcon.colcon_core.shell:Creating environment hook '/home/spider/gwpspider_ws/install/planning/share/planning/hook/ament_prefix_path.sh'
[0.487s] INFO:colcon.colcon_core.shell:Skip shell extension 'powershell' for command environment: Not usable outside of PowerShell
[0.488s] DEBUG:colcon.colcon_core.shell:Skip shell extension 'dsv' for command environment
[0.491s] INFO:colcon.colcon_ros.task.ament_python.build:Building ROS package in '/home/spider/gwpspider_ws/src/gwpspider/utils' with build type 'ament_python'
[0.491s] Level 1:colcon.colcon_core.shell:create_environment_hook('utils', 'ament_prefix_path')
[0.492s] INFO:colcon.colcon_core.shell:Creating environment hook '/home/spider/gwpspider_ws/install/utils/share/utils/hook/ament_prefix_path.ps1'
[0.493s] INFO:colcon.colcon_core.shell:Creating environment descriptor '/home/spider/gwpspider_ws/install/utils/share/utils/hook/ament_prefix_path.dsv'
[0.493s] INFO:colcon.colcon_core.shell:Creating environment hook '/home/spider/gwpspider_ws/install/utils/share/utils/hook/ament_prefix_path.sh'
[0.494s] INFO:colcon.colcon_core.shell:Skip shell extension 'powershell' for command environment: Not usable outside of PowerShell
[0.495s] DEBUG:colcon.colcon_core.shell:Skip shell extension 'dsv' for command environment
[0.734s] INFO:colcon.colcon_core.task.python.build:Building Python package in '/home/spider/gwpspider_ws/src/gwpspider/arduino_communication'
[0.735s] INFO:colcon.colcon_core.shell:Skip shell extension 'powershell' for command environment: Not usable outside of PowerShell
[0.735s] DEBUG:colcon.colcon_core.shell:Skip shell extension 'dsv' for command environment
[0.980s] INFO:colcon.colcon_core.task.python.build:Building Python package in '/home/spider/gwpspider_ws/src/gwpspider/calculations'
[0.982s] INFO:colcon.colcon_core.shell:Skip shell extension 'powershell' for command environment: Not usable outside of PowerShell
[0.982s] DEBUG:colcon.colcon_core.shell:Skip shell extension 'dsv' for command environment
[1.222s] INFO:colcon.colcon_core.task.python.build:Building Python package in '/home/spider/gwpspider_ws/src/gwpspider/configuration'
[1.223s] INFO:colcon.colcon_core.shell:Skip shell extension 'powershell' for command environment: Not usable outside of PowerShell
[1.223s] DEBUG:colcon.colcon_core.shell:Skip shell extension 'dsv' for command environment
[1.463s] INFO:colcon.colcon_core.task.python.build:Building Python package in '/home/spider/gwpspider_ws/src/gwpspider/controller'
[1.465s] INFO:colcon.colcon_core.shell:Skip shell extension 'powershell' for command environment: Not usable outside of PowerShell
[1.465s] DEBUG:colcon.colcon_core.shell:Skip shell extension 'dsv' for command environment
[1.705s] INFO:colcon.colcon_core.task.python.build:Building Python package in '/home/spider/gwpspider_ws/src/gwpspider/dynamixel_interface'
[1.706s] INFO:colcon.colcon_core.shell:Skip shell extension 'powershell' for command environment: Not usable outside of PowerShell
[1.706s] DEBUG:colcon.colcon_core.shell:Skip shell extension 'dsv' for command environment
[1.714s] DEBUG:colcon.colcon_core.event_handler.log_command:Invoking command in '/home/spider/gwpspider_ws/build/gwpspider_interfaces': CMAKE_PREFIX_PATH=${CMAKE_PREFIX_PATH}:/home/spider/gwpspider_ws/install/utils:/home/spider/gwpspider_ws/install/planning:/home/spider/gwpspider_ws/install/dynamixel_interface:/home/spider/gwpspider_ws/install/controller:/home/spider/gwpspider_ws/install/configuration:/home/spider/gwpspider_ws/install/calculations:/home/spider/gwpspider_ws/install/arduino_communication:/opt/ros/humble /home/spider/.local/bin/cmake --build /home/spider/gwpspider_ws/build/gwpspider_interfaces -- -j8 -l8
[1.952s] INFO:colcon.colcon_core.task.python.build:Building Python package in '/home/spider/gwpspider_ws/src/gwpspider/planning'
[1.954s] INFO:colcon.colcon_core.shell:Skip shell extension 'powershell' for command environment: Not usable outside of PowerShell
[1.954s] DEBUG:colcon.colcon_core.shell:Skip shell extension 'dsv' for command environment
[2.196s] INFO:colcon.colcon_core.task.python.build:Building Python package in '/home/spider/gwpspider_ws/src/gwpspider/utils'
[2.198s] INFO:colcon.colcon_core.shell:Skip shell extension 'powershell' for command environment: Not usable outside of PowerShell
[2.198s] DEBUG:colcon.colcon_core.shell:Skip shell extension 'dsv' for command environment
[2.752s] DEBUG:colcon.colcon_core.event_handler.log_command:Invoking command in '/home/spider/gwpspider_ws/src/gwpspider/dynamixel_interface': PYTHONPATH=/home/spider/gwpspider_ws/build/dynamixel_interface/prefix_override:/home/spider/gwpspider_ws/install/dynamixel_interface/lib/python3.10/site-packages:${PYTHONPATH} /usr/bin/python3 setup.py egg_info --egg-base ../../../build/dynamixel_interface build --build-base /home/spider/gwpspider_ws/build/dynamixel_interface/build install --record /home/spider/gwpspider_ws/build/dynamixel_interface/install.log --single-version-externally-managed
[2.762s] DEBUG:colcon.colcon_core.event_handler.log_command:Invoking command in '/home/spider/gwpspider_ws/src/gwpspider/configuration': PYTHONPATH=/home/spider/gwpspider_ws/build/configuration/prefix_override:/home/spider/gwpspider_ws/install/configuration/lib/python3.10/site-packages:${PYTHONPATH} /usr/bin/python3 setup.py egg_info --egg-base ../../../build/configuration build --build-base /home/spider/gwpspider_ws/build/configuration/build install --record /home/spider/gwpspider_ws/build/configuration/install.log --single-version-externally-managed
[2.770s] DEBUG:colcon.colcon_core.event_handler.log_command:Invoking command in '/home/spider/gwpspider_ws/src/gwpspider/calculations': PYTHONPATH=/home/spider/gwpspider_ws/build/calculations/prefix_override:/home/spider/gwpspider_ws/install/calculations/lib/python3.10/site-packages:${PYTHONPATH} /usr/bin/python3 setup.py egg_info --egg-base ../../../build/calculations build --build-base /home/spider/gwpspider_ws/build/calculations/build install --record /home/spider/gwpspider_ws/build/calculations/install.log --single-version-externally-managed
[2.774s] DEBUG:colcon.colcon_core.event_handler.log_command:Invoking command in '/home/spider/gwpspider_ws/src/gwpspider/arduino_communication': PYTHONPATH=/home/spider/gwpspider_ws/build/arduino_communication/prefix_override:/home/spider/gwpspider_ws/install/arduino_communication/lib/python3.10/site-packages:${PYTHONPATH} /usr/bin/python3 setup.py egg_info --egg-base ../../../build/arduino_communication build --build-base /home/spider/gwpspider_ws/build/arduino_communication/build install --record /home/spider/gwpspider_ws/build/arduino_communication/install.log --single-version-externally-managed
[2.776s] DEBUG:colcon.colcon_core.event_handler.log_command:Invoking command in '/home/spider/gwpspider_ws/src/gwpspider/planning': PYTHONPATH=/home/spider/gwpspider_ws/build/planning/prefix_override:/home/spider/gwpspider_ws/install/planning/lib/python3.10/site-packages:${PYTHONPATH} /usr/bin/python3 setup.py egg_info --egg-base ../../../build/planning build --build-base /home/spider/gwpspider_ws/build/planning/build install --record /home/spider/gwpspider_ws/build/planning/install.log --single-version-externally-managed
[2.791s] DEBUG:colcon.colcon_core.event_handler.log_command:Invoking command in '/home/spider/gwpspider_ws/src/gwpspider/utils': PYTHONPATH=/home/spider/gwpspider_ws/build/utils/prefix_override:/home/spider/gwpspider_ws/install/utils/lib/python3.10/site-packages:${PYTHONPATH} /usr/bin/python3 setup.py egg_info --egg-base ../../../build/utils build --build-base /home/spider/gwpspider_ws/build/utils/build install --record /home/spider/gwpspider_ws/build/utils/install.log --single-version-externally-managed
[2.808s] DEBUG:colcon.colcon_core.event_handler.log_command:Invoking command in '/home/spider/gwpspider_ws/src/gwpspider/controller': PYTHONPATH=/home/spider/gwpspider_ws/build/controller/prefix_override:/home/spider/gwpspider_ws/install/controller/lib/python3.10/site-packages:${PYTHONPATH} /usr/bin/python3 setup.py egg_info --egg-base ../../../build/controller build --build-base /home/spider/gwpspider_ws/build/controller/build install --record /home/spider/gwpspider_ws/build/controller/install.log --single-version-externally-managed
[3.287s] DEBUG:colcon.colcon_core.event_handler.log_command:Invoked command in '/home/spider/gwpspider_ws/src/gwpspider/arduino_communication' returned '0': PYTHONPATH=/home/spider/gwpspider_ws/build/arduino_communication/prefix_override:/home/spider/gwpspider_ws/install/arduino_communication/lib/python3.10/site-packages:${PYTHONPATH} /usr/bin/python3 setup.py egg_info --egg-base ../../../build/arduino_communication build --build-base /home/spider/gwpspider_ws/build/arduino_communication/build install --record /home/spider/gwpspider_ws/build/arduino_communication/install.log --single-version-externally-managed
[3.291s] Level 1:colcon.colcon_core.environment:checking '/home/spider/gwpspider_ws/install/arduino_communication' for CMake module files
[3.291s] Level 1:colcon.colcon_core.environment:checking '/home/spider/gwpspider_ws/install/arduino_communication' for CMake config files
[3.293s] Level 1:colcon.colcon_core.environment:checking '/home/spider/gwpspider_ws/install/arduino_communication/lib'
[3.294s] Level 1:colcon.colcon_core.environment:checking '/home/spider/gwpspider_ws/install/arduino_communication/bin'
[3.294s] Level 1:colcon.colcon_core.environment:checking '/home/spider/gwpspider_ws/install/arduino_communication/lib/pkgconfig/arduino_communication.pc'
[3.294s] Level 1:colcon.colcon_core.environment:checking '/home/spider/gwpspider_ws/install/arduino_communication/lib/python3.10/site-packages'
[3.294s] Level 1:colcon.colcon_core.shell:create_environment_hook('arduino_communication', 'pythonpath')
[3.297s] INFO:colcon.colcon_core.shell:Creating environment hook '/home/spider/gwpspider_ws/install/arduino_communication/share/arduino_communication/hook/pythonpath.ps1'
[3.298s] INFO:colcon.colcon_core.shell:Creating environment descriptor '/home/spider/gwpspider_ws/install/arduino_communication/share/arduino_communication/hook/pythonpath.dsv'
[3.298s] INFO:colcon.colcon_core.shell:Creating environment hook '/home/spider/gwpspider_ws/install/arduino_communication/share/arduino_communication/hook/pythonpath.sh'
[3.299s] Level 1:colcon.colcon_core.environment:checking '/home/spider/gwpspider_ws/install/arduino_communication/bin'
[3.299s] Level 1:colcon.colcon_core.environment:create_environment_scripts_only(arduino_communication)
[3.302s] INFO:colcon.colcon_core.shell:Creating package script '/home/spider/gwpspider_ws/install/arduino_communication/share/arduino_communication/package.ps1'
[3.303s] INFO:colcon.colcon_core.shell:Creating package descriptor '/home/spider/gwpspider_ws/install/arduino_communication/share/arduino_communication/package.dsv'
[3.304s] INFO:colcon.colcon_core.shell:Creating package script '/home/spider/gwpspider_ws/install/arduino_communication/share/arduino_communication/package.sh'
[3.306s] INFO:colcon.colcon_core.shell:Creating package script '/home/spider/gwpspider_ws/install/arduino_communication/share/arduino_communication/package.bash'
[3.307s] INFO:colcon.colcon_core.shell:Creating package script '/home/spider/gwpspider_ws/install/arduino_communication/share/arduino_communication/package.zsh'
[3.308s] Level 1:colcon.colcon_core.environment:create_file_with_runtime_dependencies(/home/spider/gwpspider_ws/install/arduino_communication/share/colcon-core/packages/arduino_communication)
[3.317s] Level 1:colcon.colcon_core.environment:checking '/home/spider/gwpspider_ws/install/utils' for CMake module files
[3.318s] DEBUG:colcon.colcon_core.event_handler.log_command:Invoked command in '/home/spider/gwpspider_ws/src/gwpspider/utils' returned '0': PYTHONPATH=/home/spider/gwpspider_ws/build/utils/prefix_override:/home/spider/gwpspider_ws/install/utils/lib/python3.10/site-packages:${PYTHONPATH} /usr/bin/python3 setup.py egg_info --egg-base ../../../build/utils build --build-base /home/spider/gwpspider_ws/build/utils/build install --record /home/spider/gwpspider_ws/build/utils/install.log --single-version-externally-managed
[3.318s] Level 1:colcon.colcon_core.environment:checking '/home/spider/gwpspider_ws/install/utils' for CMake config files
[3.319s] Level 1:colcon.colcon_core.environment:checking '/home/spider/gwpspider_ws/install/utils/lib'
[3.319s] Level 1:colcon.colcon_core.environment:checking '/home/spider/gwpspider_ws/install/utils/bin'
[3.319s] Level 1:colcon.colcon_core.environment:checking '/home/spider/gwpspider_ws/install/utils/lib/pkgconfig/utils.pc'
[3.319s] Level 1:colcon.colcon_core.environment:checking '/home/spider/gwpspider_ws/install/utils/lib/python3.10/site-packages'
[3.319s] Level 1:colcon.colcon_core.shell:create_environment_hook('utils', 'pythonpath')
[3.321s] INFO:colcon.colcon_core.shell:Creating environment hook '/home/spider/gwpspider_ws/install/utils/share/utils/hook/pythonpath.ps1'
[3.322s] INFO:colcon.colcon_core.shell:Creating environment descriptor '/home/spider/gwpspider_ws/install/utils/share/utils/hook/pythonpath.dsv'
[3.322s] INFO:colcon.colcon_core.shell:Creating environment hook '/home/spider/gwpspider_ws/install/utils/share/utils/hook/pythonpath.sh'
[3.323s] Level 1:colcon.colcon_core.environment:checking '/home/spider/gwpspider_ws/install/utils/bin'
[3.323s] Level 1:colcon.colcon_core.environment:create_environment_scripts_only(utils)
[3.324s] INFO:colcon.colcon_core.shell:Creating package script '/home/spider/gwpspider_ws/install/utils/share/utils/package.ps1'
[3.325s] INFO:colcon.colcon_core.shell:Creating package descriptor '/home/spider/gwpspider_ws/install/utils/share/utils/package.dsv'
[3.325s] INFO:colcon.colcon_core.shell:Creating package script '/home/spider/gwpspider_ws/install/utils/share/utils/package.sh'
[3.326s] INFO:colcon.colcon_core.shell:Creating package script '/home/spider/gwpspider_ws/install/utils/share/utils/package.bash'
[3.326s] INFO:colcon.colcon_core.shell:Creating package script '/home/spider/gwpspider_ws/install/utils/share/utils/package.zsh'
[3.326s] Level 1:colcon.colcon_core.environment:create_file_with_runtime_dependencies(/home/spider/gwpspider_ws/install/utils/share/colcon-core/packages/utils)
[3.328s] Level 1:colcon.colcon_core.environment:checking '/home/spider/gwpspider_ws/install/dynamixel_interface' for CMake module files
[3.329s] Level 1:colcon.colcon_core.environment:checking '/home/spider/gwpspider_ws/install/dynamixel_interface' for CMake config files
[3.330s] DEBUG:colcon.colcon_core.event_handler.log_command:Invoked command in '/home/spider/gwpspider_ws/src/gwpspider/dynamixel_interface' returned '0': PYTHONPATH=/home/spider/gwpspider_ws/build/dynamixel_interface/prefix_override:/home/spider/gwpspider_ws/install/dynamixel_interface/lib/python3.10/site-packages:${PYTHONPATH} /usr/bin/python3 setup.py egg_info --egg-base ../../../build/dynamixel_interface build --build-base /home/spider/gwpspider_ws/build/dynamixel_interface/build install --record /home/spider/gwpspider_ws/build/dynamixel_interface/install.log --single-version-externally-managed
[3.330s] Level 1:colcon.colcon_core.environment:checking '/home/spider/gwpspider_ws/install/dynamixel_interface/lib'
[3.330s] Level 1:colcon.colcon_core.environment:checking '/home/spider/gwpspider_ws/install/dynamixel_interface/bin'
[3.330s] Level 1:colcon.colcon_core.environment:checking '/home/spider/gwpspider_ws/install/dynamixel_interface/lib/pkgconfig/dynamixel_interface.pc'
[3.331s] Level 1:colcon.colcon_core.environment:checking '/home/spider/gwpspider_ws/install/dynamixel_interface/lib/python3.10/site-packages'
[3.331s] Level 1:colcon.colcon_core.shell:create_environment_hook('dynamixel_interface', 'pythonpath')
[3.332s] INFO:colcon.colcon_core.shell:Creating environment hook '/home/spider/gwpspider_ws/install/dynamixel_interface/share/dynamixel_interface/hook/pythonpath.ps1'
[3.332s] INFO:colcon.colcon_core.shell:Creating environment descriptor '/home/spider/gwpspider_ws/install/dynamixel_interface/share/dynamixel_interface/hook/pythonpath.dsv'
[3.333s] INFO:colcon.colcon_core.shell:Creating environment hook '/home/spider/gwpspider_ws/install/dynamixel_interface/share/dynamixel_interface/hook/pythonpath.sh'
[3.333s] Level 1:colcon.colcon_core.environment:checking '/home/spider/gwpspider_ws/install/dynamixel_interface/bin'
[3.333s] Level 1:colcon.colcon_core.environment:create_environment_scripts_only(dynamixel_interface)
[3.335s] INFO:colcon.colcon_core.shell:Creating package script '/home/spider/gwpspider_ws/install/dynamixel_interface/share/dynamixel_interface/package.ps1'
[3.335s] INFO:colcon.colcon_core.shell:Creating package descriptor '/home/spider/gwpspider_ws/install/dynamixel_interface/share/dynamixel_interface/package.dsv'
[3.335s] INFO:colcon.colcon_core.shell:Creating package script '/home/spider/gwpspider_ws/install/dynamixel_interface/share/dynamixel_interface/package.sh'
[3.336s] INFO:colcon.colcon_core.shell:Creating package script '/home/spider/gwpspider_ws/install/dynamixel_interface/share/dynamixel_interface/package.bash'
[3.336s] INFO:colcon.colcon_core.shell:Creating package script '/home/spider/gwpspider_ws/install/dynamixel_interface/share/dynamixel_interface/package.zsh'
[3.336s] Level 1:colcon.colcon_core.environment:create_file_with_runtime_dependencies(/home/spider/gwpspider_ws/install/dynamixel_interface/share/colcon-core/packages/dynamixel_interface)
[3.339s] Level 1:colcon.colcon_core.environment:checking '/home/spider/gwpspider_ws/install/calculations' for CMake module files
[3.340s] Level 1:colcon.colcon_core.environment:checking '/home/spider/gwpspider_ws/install/calculations' for CMake config files
[3.340s] DEBUG:colcon.colcon_core.event_handler.log_command:Invoked command in '/home/spider/gwpspider_ws/src/gwpspider/calculations' returned '0': PYTHONPATH=/home/spider/gwpspider_ws/build/calculations/prefix_override:/home/spider/gwpspider_ws/install/calculations/lib/python3.10/site-packages:${PYTHONPATH} /usr/bin/python3 setup.py egg_info --egg-base ../../../build/calculations build --build-base /home/spider/gwpspider_ws/build/calculations/build install --record /home/spider/gwpspider_ws/build/calculations/install.log --single-version-externally-managed
[3.341s] Level 1:colcon.colcon_core.environment:checking '/home/spider/gwpspider_ws/install/calculations/lib'
[3.341s] Level 1:colcon.colcon_core.environment:checking '/home/spider/gwpspider_ws/install/calculations/bin'
[3.341s] Level 1:colcon.colcon_core.environment:checking '/home/spider/gwpspider_ws/install/calculations/lib/pkgconfig/calculations.pc'
[3.341s] Level 1:colcon.colcon_core.environment:checking '/home/spider/gwpspider_ws/install/calculations/lib/python3.10/site-packages'
[3.341s] Level 1:colcon.colcon_core.shell:create_environment_hook('calculations', 'pythonpath')
[3.342s] INFO:colcon.colcon_core.shell:Creating environment hook '/home/spider/gwpspider_ws/install/calculations/share/calculations/hook/pythonpath.ps1'
[3.343s] INFO:colcon.colcon_core.shell:Creating environment descriptor '/home/spider/gwpspider_ws/install/calculations/share/calculations/hook/pythonpath.dsv'
[3.343s] INFO:colcon.colcon_core.shell:Creating environment hook '/home/spider/gwpspider_ws/install/calculations/share/calculations/hook/pythonpath.sh'
[3.343s] Level 1:colcon.colcon_core.environment:checking '/home/spider/gwpspider_ws/install/calculations/bin'
[3.343s] Level 1:colcon.colcon_core.environment:create_environment_scripts_only(calculations)
[3.345s] INFO:colcon.colcon_core.shell:Creating package script '/home/spider/gwpspider_ws/install/calculations/share/calculations/package.ps1'
[3.345s] INFO:colcon.colcon_core.shell:Creating package descriptor '/home/spider/gwpspider_ws/install/calculations/share/calculations/package.dsv'
[3.345s] INFO:colcon.colcon_core.shell:Creating package script '/home/spider/gwpspider_ws/install/calculations/share/calculations/package.sh'
[3.346s] INFO:colcon.colcon_core.shell:Creating package script '/home/spider/gwpspider_ws/install/calculations/share/calculations/package.bash'
[3.346s] INFO:colcon.colcon_core.shell:Creating package script '/home/spider/gwpspider_ws/install/calculations/share/calculations/package.zsh'
[3.346s] Level 1:colcon.colcon_core.environment:create_file_with_runtime_dependencies(/home/spider/gwpspider_ws/install/calculations/share/colcon-core/packages/calculations)
[3.348s] Level 1:colcon.colcon_core.environment:checking '/home/spider/gwpspider_ws/install/configuration' for CMake module files
[3.348s] Level 1:colcon.colcon_core.environment:checking '/home/spider/gwpspider_ws/install/configuration' for CMake config files
[3.349s] DEBUG:colcon.colcon_core.event_handler.log_command:Invoked command in '/home/spider/gwpspider_ws/src/gwpspider/configuration' returned '0': PYTHONPATH=/home/spider/gwpspider_ws/build/configuration/prefix_override:/home/spider/gwpspider_ws/install/configuration/lib/python3.10/site-packages:${PYTHONPATH} /usr/bin/python3 setup.py egg_info --egg-base ../../../build/configuration build --build-base /home/spider/gwpspider_ws/build/configuration/build install --record /home/spider/gwpspider_ws/build/configuration/install.log --single-version-externally-managed
[3.350s] Level 1:colcon.colcon_core.environment:checking '/home/spider/gwpspider_ws/install/configuration/lib'
[3.350s] Level 1:colcon.colcon_core.environment:checking '/home/spider/gwpspider_ws/install/configuration/bin'
[3.350s] Level 1:colcon.colcon_core.environment:checking '/home/spider/gwpspider_ws/install/configuration/lib/pkgconfig/configuration.pc'
[3.350s] Level 1:colcon.colcon_core.environment:checking '/home/spider/gwpspider_ws/install/configuration/lib/python3.10/site-packages'
[3.350s] Level 1:colcon.colcon_core.shell:create_environment_hook('configuration', 'pythonpath')
[3.351s] INFO:colcon.colcon_core.shell:Creating environment hook '/home/spider/gwpspider_ws/install/configuration/share/configuration/hook/pythonpath.ps1'
[3.351s] INFO:colcon.colcon_core.shell:Creating environment descriptor '/home/spider/gwpspider_ws/install/configuration/share/configuration/hook/pythonpath.dsv'
[3.352s] INFO:colcon.colcon_core.shell:Creating environment hook '/home/spider/gwpspider_ws/install/configuration/share/configuration/hook/pythonpath.sh'
[3.352s] Level 1:colcon.colcon_core.environment:checking '/home/spider/gwpspider_ws/install/configuration/bin'
[3.352s] Level 1:colcon.colcon_core.environment:create_environment_scripts_only(configuration)
[3.353s] INFO:colcon.colcon_core.shell:Creating package script '/home/spider/gwpspider_ws/install/configuration/share/configuration/package.ps1'
[3.354s] INFO:colcon.colcon_core.shell:Creating package descriptor '/home/spider/gwpspider_ws/install/configuration/share/configuration/package.dsv'
[3.354s] INFO:colcon.colcon_core.shell:Creating package script '/home/spider/gwpspider_ws/install/configuration/share/configuration/package.sh'
[3.354s] INFO:colcon.colcon_core.shell:Creating package script '/home/spider/gwpspider_ws/install/configuration/share/configuration/package.bash'
[3.355s] INFO:colcon.colcon_core.shell:Creating package script '/home/spider/gwpspider_ws/install/configuration/share/configuration/package.zsh'
[3.355s] Level 1:colcon.colcon_core.environment:create_file_with_runtime_dependencies(/home/spider/gwpspider_ws/install/configuration/share/colcon-core/packages/configuration)
[3.357s] Level 1:colcon.colcon_core.environment:checking '/home/spider/gwpspider_ws/install/controller' for CMake module files
[3.357s] Level 1:colcon.colcon_core.environment:checking '/home/spider/gwpspider_ws/install/controller' for CMake config files
[3.358s] DEBUG:colcon.colcon_core.event_handler.log_command:Invoked command in '/home/spider/gwpspider_ws/src/gwpspider/controller' returned '0': PYTHONPATH=/home/spider/gwpspider_ws/build/controller/prefix_override:/home/spider/gwpspider_ws/install/controller/lib/python3.10/site-packages:${PYTHONPATH} /usr/bin/python3 setup.py egg_info --egg-base ../../../build/controller build --build-base /home/spider/gwpspider_ws/build/controller/build install --record /home/spider/gwpspider_ws/build/controller/install.log --single-version-externally-managed
[3.358s] Level 1:colcon.colcon_core.environment:checking '/home/spider/gwpspider_ws/install/controller/lib'
[3.358s] Level 1:colcon.colcon_core.environment:checking '/home/spider/gwpspider_ws/install/controller/bin'
[3.358s] Level 1:colcon.colcon_core.environment:checking '/home/spider/gwpspider_ws/install/controller/lib/pkgconfig/controller.pc'
[3.358s] Level 1:colcon.colcon_core.environment:checking '/home/spider/gwpspider_ws/install/controller/lib/python3.10/site-packages'
[3.358s] Level 1:colcon.colcon_core.shell:create_environment_hook('controller', 'pythonpath')
[3.360s] INFO:colcon.colcon_core.shell:Creating environment hook '/home/spider/gwpspider_ws/install/controller/share/controller/hook/pythonpath.ps1'
[3.360s] INFO:colcon.colcon_core.shell:Creating environment descriptor '/home/spider/gwpspider_ws/install/controller/share/controller/hook/pythonpath.dsv'
[3.360s] INFO:colcon.colcon_core.shell:Creating environment hook '/home/spider/gwpspider_ws/install/controller/share/controller/hook/pythonpath.sh'
[3.361s] Level 1:colcon.colcon_core.environment:checking '/home/spider/gwpspider_ws/install/controller/bin'
[3.361s] Level 1:colcon.colcon_core.environment:create_environment_scripts_only(controller)
[3.362s] INFO:colcon.colcon_core.shell:Creating package script '/home/spider/gwpspider_ws/install/controller/share/controller/package.ps1'
[3.362s] INFO:colcon.colcon_core.shell:Creating package descriptor '/home/spider/gwpspider_ws/install/controller/share/controller/package.dsv'
[3.363s] INFO:colcon.colcon_core.shell:Creating package script '/home/spider/gwpspider_ws/install/controller/share/controller/package.sh'
[3.363s] INFO:colcon.colcon_core.shell:Creating package script '/home/spider/gwpspider_ws/install/controller/share/controller/package.bash'
[3.363s] INFO:colcon.colcon_core.shell:Creating package script '/home/spider/gwpspider_ws/install/controller/share/controller/package.zsh'
[3.363s] Level 1:colcon.colcon_core.environment:create_file_with_runtime_dependencies(/home/spider/gwpspider_ws/install/controller/share/colcon-core/packages/controller)
[3.365s] Level 1:colcon.colcon_core.environment:checking '/home/spider/gwpspider_ws/install/planning' for CMake module files
[3.366s] Level 1:colcon.colcon_core.environment:checking '/home/spider/gwpspider_ws/install/planning' for CMake config files
[3.366s] DEBUG:colcon.colcon_core.event_handler.log_command:Invoked command in '/home/spider/gwpspider_ws/src/gwpspider/planning' returned '0': PYTHONPATH=/home/spider/gwpspider_ws/build/planning/prefix_override:/home/spider/gwpspider_ws/install/planning/lib/python3.10/site-packages:${PYTHONPATH} /usr/bin/python3 setup.py egg_info --egg-base ../../../build/planning build --build-base /home/spider/gwpspider_ws/build/planning/build install --record /home/spider/gwpspider_ws/build/planning/install.log --single-version-externally-managed
[3.367s] Level 1:colcon.colcon_core.environment:checking '/home/spider/gwpspider_ws/install/planning/lib'
[3.367s] Level 1:colcon.colcon_core.environment:checking '/home/spider/gwpspider_ws/install/planning/bin'
[3.367s] Level 1:colcon.colcon_core.environment:checking '/home/spider/gwpspider_ws/install/planning/lib/pkgconfig/planning.pc'
[3.367s] Level 1:colcon.colcon_core.environment:checking '/home/spider/gwpspider_ws/install/planning/lib/python3.10/site-packages'
[3.367s] Level 1:colcon.colcon_core.shell:create_environment_hook('planning', 'pythonpath')
[3.368s] INFO:colcon.colcon_core.shell:Creating environment hook '/home/spider/gwpspider_ws/install/planning/share/planning/hook/pythonpath.ps1'
[3.368s] INFO:colcon.colcon_core.shell:Creating environment descriptor '/home/spider/gwpspider_ws/install/planning/share/planning/hook/pythonpath.dsv'
[3.369s] INFO:colcon.colcon_core.shell:Creating environment hook '/home/spider/gwpspider_ws/install/planning/share/planning/hook/pythonpath.sh'
[3.369s] Level 1:colcon.colcon_core.environment:checking '/home/spider/gwpspider_ws/install/planning/bin'
[3.369s] Level 1:colcon.colcon_core.environment:create_environment_scripts_only(planning)
[3.370s] INFO:colcon.colcon_core.shell:Creating package script '/home/spider/gwpspider_ws/install/planning/share/planning/package.ps1'
[3.371s] INFO:colcon.colcon_core.shell:Creating package descriptor '/home/spider/gwpspider_ws/install/planning/share/planning/package.dsv'
[3.371s] INFO:colcon.colcon_core.shell:Creating package script '/home/spider/gwpspider_ws/install/planning/share/planning/package.sh'
[3.371s] INFO:colcon.colcon_core.shell:Creating package script '/home/spider/gwpspider_ws/install/planning/share/planning/package.bash'
[3.372s] INFO:colcon.colcon_core.shell:Creating package script '/home/spider/gwpspider_ws/install/planning/share/planning/package.zsh'
[3.372s] Level 1:colcon.colcon_core.environment:create_file_with_runtime_dependencies(/home/spider/gwpspider_ws/install/planning/share/colcon-core/packages/planning)
[17.706s] DEBUG:colcon.colcon_core.event_handler.log_command:Invoked command in '/home/spider/gwpspider_ws/build/gwpspider_interfaces' returned '0': CMAKE_PREFIX_PATH=${CMAKE_PREFIX_PATH}:/home/spider/gwpspider_ws/install/utils:/home/spider/gwpspider_ws/install/planning:/home/spider/gwpspider_ws/install/dynamixel_interface:/home/spider/gwpspider_ws/install/controller:/home/spider/gwpspider_ws/install/configuration:/home/spider/gwpspider_ws/install/calculations:/home/spider/gwpspider_ws/install/arduino_communication:/opt/ros/humble /home/spider/.local/bin/cmake --build /home/spider/gwpspider_ws/build/gwpspider_interfaces -- -j8 -l8
[18.024s] DEBUG:colcon.colcon_core.event_handler.log_command:Invoking command in '/home/spider/gwpspider_ws/build/gwpspider_interfaces': CMAKE_PREFIX_PATH=${CMAKE_PREFIX_PATH}:/home/spider/gwpspider_ws/install/utils:/home/spider/gwpspider_ws/install/planning:/home/spider/gwpspider_ws/install/dynamixel_interface:/home/spider/gwpspider_ws/install/controller:/home/spider/gwpspider_ws/install/configuration:/home/spider/gwpspider_ws/install/calculations:/home/spider/gwpspider_ws/install/arduino_communication:/opt/ros/humble /home/spider/.local/bin/cmake --install /home/spider/gwpspider_ws/build/gwpspider_interfaces
[18.178s] Level 1:colcon.colcon_core.environment:create_environment_scripts_only(gwpspider_interfaces)
[18.181s] Level 1:colcon.colcon_core.environment:checking '/home/spider/gwpspider_ws/install/gwpspider_interfaces' for CMake module files
[18.181s] DEBUG:colcon.colcon_core.event_handler.log_command:Invoked command in '/home/spider/gwpspider_ws/build/gwpspider_interfaces' returned '0': CMAKE_PREFIX_PATH=${CMAKE_PREFIX_PATH}:/home/spider/gwpspider_ws/install/utils:/home/spider/gwpspider_ws/install/planning:/home/spider/gwpspider_ws/install/dynamixel_interface:/home/spider/gwpspider_ws/install/controller:/home/spider/gwpspider_ws/install/configuration:/home/spider/gwpspider_ws/install/calculations:/home/spider/gwpspider_ws/install/arduino_communication:/opt/ros/humble /home/spider/.local/bin/cmake --install /home/spider/gwpspider_ws/build/gwpspider_interfaces
[18.182s] Level 1:colcon.colcon_core.environment:checking '/home/spider/gwpspider_ws/install/gwpspider_interfaces' for CMake config files
[18.183s] Level 1:colcon.colcon_core.shell:create_environment_hook('gwpspider_interfaces', 'cmake_prefix_path')
[18.185s] INFO:colcon.colcon_core.shell:Creating environment hook '/home/spider/gwpspider_ws/install/gwpspider_interfaces/share/gwpspider_interfaces/hook/cmake_prefix_path.ps1'
[18.185s] INFO:colcon.colcon_core.shell:Creating environment descriptor '/home/spider/gwpspider_ws/install/gwpspider_interfaces/share/gwpspider_interfaces/hook/cmake_prefix_path.dsv'
[18.186s] INFO:colcon.colcon_core.shell:Creating environment hook '/home/spider/gwpspider_ws/install/gwpspider_interfaces/share/gwpspider_interfaces/hook/cmake_prefix_path.sh'
[18.186s] Level 1:colcon.colcon_core.environment:checking '/home/spider/gwpspider_ws/install/gwpspider_interfaces/lib'
[18.187s] Level 1:colcon.colcon_core.shell:create_environment_hook('gwpspider_interfaces', 'ld_library_path_lib')
[18.189s] INFO:colcon.colcon_core.shell:Creating environment hook '/home/spider/gwpspider_ws/install/gwpspider_interfaces/share/gwpspider_interfaces/hook/ld_library_path_lib.ps1'
[18.189s] INFO:colcon.colcon_core.shell:Creating environment descriptor '/home/spider/gwpspider_ws/install/gwpspider_interfaces/share/gwpspider_interfaces/hook/ld_library_path_lib.dsv'
[18.190s] INFO:colcon.colcon_core.shell:Creating environment hook '/home/spider/gwpspider_ws/install/gwpspider_interfaces/share/gwpspider_interfaces/hook/ld_library_path_lib.sh'
[18.190s] Level 1:colcon.colcon_core.environment:checking '/home/spider/gwpspider_ws/install/gwpspider_interfaces/bin'
[18.190s] Level 1:colcon.colcon_core.environment:checking '/home/spider/gwpspider_ws/install/gwpspider_interfaces/lib/pkgconfig/gwpspider_interfaces.pc'
[18.190s] Level 1:colcon.colcon_core.environment:checking '/home/spider/gwpspider_ws/install/gwpspider_interfaces/lib/python3.10/site-packages'
[18.191s] Level 1:colcon.colcon_core.environment:checking '/home/spider/gwpspider_ws/install/gwpspider_interfaces/bin'
[18.193s] INFO:colcon.colcon_core.shell:Creating package script '/home/spider/gwpspider_ws/install/gwpspider_interfaces/share/gwpspider_interfaces/package.ps1'
[18.194s] INFO:colcon.colcon_core.shell:Creating package descriptor '/home/spider/gwpspider_ws/install/gwpspider_interfaces/share/gwpspider_interfaces/package.dsv'
[18.194s] INFO:colcon.colcon_core.shell:Creating package script '/home/spider/gwpspider_ws/install/gwpspider_interfaces/share/gwpspider_interfaces/package.sh'
[18.195s] INFO:colcon.colcon_core.shell:Creating package script '/home/spider/gwpspider_ws/install/gwpspider_interfaces/share/gwpspider_interfaces/package.bash'
[18.195s] INFO:colcon.colcon_core.shell:Creating package script '/home/spider/gwpspider_ws/install/gwpspider_interfaces/share/gwpspider_interfaces/package.zsh'
[18.195s] Level 1:colcon.colcon_core.environment:create_file_with_runtime_dependencies(/home/spider/gwpspider_ws/install/gwpspider_interfaces/share/colcon-core/packages/gwpspider_interfaces)
[18.481s] Level 1:colcon.colcon_core.environment:create_environment_scripts_only(gwpspider_interfaces)
[18.483s] Level 1:colcon.colcon_core.environment:checking '/home/spider/gwpspider_ws/install/gwpspider_interfaces' for CMake module files
[18.483s] Level 1:colcon.colcon_core.environment:checking '/home/spider/gwpspider_ws/install/gwpspider_interfaces' for CMake config files
[18.484s] Level 1:colcon.colcon_core.shell:create_environment_hook('gwpspider_interfaces', 'cmake_prefix_path')
[18.485s] INFO:colcon.colcon_core.shell:Creating environment hook '/home/spider/gwpspider_ws/install/gwpspider_interfaces/share/gwpspider_interfaces/hook/cmake_prefix_path.ps1'
[18.485s] INFO:colcon.colcon_core.shell:Creating environment descriptor '/home/spider/gwpspider_ws/install/gwpspider_interfaces/share/gwpspider_interfaces/hook/cmake_prefix_path.dsv'
[18.485s] INFO:colcon.colcon_core.shell:Creating environment hook '/home/spider/gwpspider_ws/install/gwpspider_interfaces/share/gwpspider_interfaces/hook/cmake_prefix_path.sh'
[18.486s] Level 1:colcon.colcon_core.environment:checking '/home/spider/gwpspider_ws/install/gwpspider_interfaces/lib'
[18.486s] Level 1:colcon.colcon_core.shell:create_environment_hook('gwpspider_interfaces', 'ld_library_path_lib')
[18.487s] INFO:colcon.colcon_core.shell:Creating environment hook '/home/spider/gwpspider_ws/install/gwpspider_interfaces/share/gwpspider_interfaces/hook/ld_library_path_lib.ps1'
[18.487s] INFO:colcon.colcon_core.shell:Creating environment descriptor '/home/spider/gwpspider_ws/install/gwpspider_interfaces/share/gwpspider_interfaces/hook/ld_library_path_lib.dsv'
[18.488s] INFO:colcon.colcon_core.shell:Creating environment hook '/home/spider/gwpspider_ws/install/gwpspider_interfaces/share/gwpspider_interfaces/hook/ld_library_path_lib.sh'
[18.488s] Level 1:colcon.colcon_core.environment:checking '/home/spider/gwpspider_ws/install/gwpspider_interfaces/bin'
[18.488s] Level 1:colcon.colcon_core.environment:checking '/home/spider/gwpspider_ws/install/gwpspider_interfaces/lib/pkgconfig/gwpspider_interfaces.pc'
[18.488s] Level 1:colcon.colcon_core.environment:checking '/home/spider/gwpspider_ws/install/gwpspider_interfaces/lib/python3.10/site-packages'
[18.488s] Level 1:colcon.colcon_core.environment:checking '/home/spider/gwpspider_ws/install/gwpspider_interfaces/bin'
[18.490s] INFO:colcon.colcon_core.shell:Creating package script '/home/spider/gwpspider_ws/install/gwpspider_interfaces/share/gwpspider_interfaces/package.ps1'
[18.490s] INFO:colcon.colcon_core.shell:Creating package descriptor '/home/spider/gwpspider_ws/install/gwpspider_interfaces/share/gwpspider_interfaces/package.dsv'
[18.490s] INFO:colcon.colcon_core.shell:Creating package script '/home/spider/gwpspider_ws/install/gwpspider_interfaces/share/gwpspider_interfaces/package.sh'
[18.491s] INFO:colcon.colcon_core.shell:Creating package script '/home/spider/gwpspider_ws/install/gwpspider_interfaces/share/gwpspider_interfaces/package.bash'
[18.491s] INFO:colcon.colcon_core.shell:Creating package script '/home/spider/gwpspider_ws/install/gwpspider_interfaces/share/gwpspider_interfaces/package.zsh'
[18.491s] Level 1:colcon.colcon_core.environment:create_file_with_runtime_dependencies(/home/spider/gwpspider_ws/install/gwpspider_interfaces/share/colcon-core/packages/gwpspider_interfaces)
[18.492s] DEBUG:colcon.colcon_parallel_executor.executor.parallel:closing loop
[18.492s] DEBUG:colcon.colcon_parallel_executor.executor.parallel:loop closed
[18.492s] DEBUG:colcon.colcon_parallel_executor.executor.parallel:run_until_complete finished with '0'
[18.492s] DEBUG:colcon.colcon_core.event_reactor:joining thread
[18.497s] INFO:colcon.colcon_core.plugin_system:Skipping extension 'colcon_notification.desktop_notification.terminal_notifier': Not used on non-Darwin systems
[18.497s] INFO:colcon.colcon_core.plugin_system:Skipping extension 'colcon_notification.desktop_notification.win32': Not used on non-Windows systems
[18.497s] INFO:colcon.colcon_notification.desktop_notification:Sending desktop notification using 'notify2'
[18.504s] DEBUG:colcon.colcon_core.event_reactor:joined thread
[18.505s] INFO:colcon.colcon_core.shell:Creating prefix script '/home/spider/gwpspider_ws/install/local_setup.ps1'
[18.506s] INFO:colcon.colcon_core.shell:Creating prefix util module '/home/spider/gwpspider_ws/install/_local_setup_util_ps1.py'
[18.507s] INFO:colcon.colcon_core.shell:Creating prefix chain script '/home/spider/gwpspider_ws/install/setup.ps1'
[18.509s] INFO:colcon.colcon_core.shell:Creating prefix script '/home/spider/gwpspider_ws/install/local_setup.sh'
[18.509s] INFO:colcon.colcon_core.shell:Creating prefix util module '/home/spider/gwpspider_ws/install/_local_setup_util_sh.py'
[18.510s] INFO:colcon.colcon_core.shell:Creating prefix chain script '/home/spider/gwpspider_ws/install/setup.sh'
[18.511s] INFO:colcon.colcon_core.shell:Creating prefix script '/home/spider/gwpspider_ws/install/local_setup.bash'
[18.511s] INFO:colcon.colcon_core.shell:Creating prefix chain script '/home/spider/gwpspider_ws/install/setup.bash'
[18.513s] INFO:colcon.colcon_core.shell:Creating prefix script '/home/spider/gwpspider_ws/install/local_setup.zsh'
[18.513s] INFO:colcon.colcon_core.shell:Creating prefix chain script '/home/spider/gwpspider_ws/install/setup.zsh'
