[2.421s] Invoking command in '/home/spider/gwpspider_ws/src/gwpspider/controller': PYTHONPATH=/home/spider/gwpspider_ws/build/controller/prefix_override:/home/spider/gwpspider_ws/install/controller/lib/python3.10/site-packages:${PYTHONPATH} /usr/bin/python3 setup.py egg_info --egg-base ../../../build/controller build --build-base /home/spider/gwpspider_ws/build/controller/build install --record /home/spider/gwpspider_ws/build/controller/install.log --single-version-externally-managed
[2.836s] running egg_info
[2.839s] writing ../../../build/controller/controller.egg-info/PKG-INFO
[2.841s] writing dependency_links to ../../../build/controller/controller.egg-info/dependency_links.txt
[2.843s] writing entry points to ../../../build/controller/controller.egg-info/entry_points.txt
[2.844s] writing requirements to ../../../build/controller/controller.egg-info/requires.txt
[2.846s] writing top-level names to ../../../build/controller/controller.egg-info/top_level.txt
[2.851s] reading manifest file '../../../build/controller/controller.egg-info/SOURCES.txt'
[2.853s] writing manifest file '../../../build/controller/controller.egg-info/SOURCES.txt'
[2.855s] running build
[2.856s] running build_py
[2.858s] copying controller/legs_states_publisher.py -> /home/spider/gwpspider_ws/build/controller/build/lib/controller
[2.859s] running install
[2.861s] /usr/lib/python3/dist-packages/setuptools/command/install.py:34: SetuptoolsDeprecationWarning: setup.py install is deprecated. Use build and pip and other standards-based tools.
[2.862s]   warnings.warn(
[2.863s] running install_lib
[2.866s] copying /home/spider/gwpspider_ws/build/controller/build/lib/controller/legs_states_publisher.py -> /home/spider/gwpspider_ws/install/controller/lib/python3.10/site-packages/controller
[2.867s] byte-compiling /home/spider/gwpspider_ws/install/controller/lib/python3.10/site-packages/controller/legs_states_publisher.py to legs_states_publisher.cpython-310.pyc
[2.868s] running install_data
[2.869s] running install_egg_info
[2.871s] removing '/home/spider/gwpspider_ws/install/controller/lib/python3.10/site-packages/controller-0.0.0-py3.10.egg-info' (and everything under it)
[2.872s] Copying ../../../build/controller/controller.egg-info to /home/spider/gwpspider_ws/install/controller/lib/python3.10/site-packages/controller-0.0.0-py3.10.egg-info
[2.881s] running install_scripts
[2.934s] Installing legs_states_publisher script to /home/spider/gwpspider_ws/install/controller/lib/controller
[2.934s] writing list of installed files to '/home/spider/gwpspider_ws/build/controller/install.log'
[2.972s] Invoked command in '/home/spider/gwpspider_ws/src/gwpspider/controller' returned '0': PYTHONPATH=/home/spider/gwpspider_ws/build/controller/prefix_override:/home/spider/gwpspider_ws/install/controller/lib/python3.10/site-packages:${PYTHONPATH} /usr/bin/python3 setup.py egg_info --egg-base ../../../build/controller build --build-base /home/spider/gwpspider_ws/build/controller/build install --record /home/spider/gwpspider_ws/build/controller/install.log --single-version-externally-managed
