[2.722s] Invoking command in '/home/spider/gwpspider_ws/src/gwpspider/controller': PYTHONPATH=/home/spider/gwpspider_ws/build/controller/prefix_override:/home/spider/gwpspider_ws/install/controller/lib/python3.10/site-packages:${PYTHONPATH} /usr/bin/python3 setup.py egg_info --egg-base ../../../build/controller build --build-base /home/spider/gwpspider_ws/build/controller/build install --record /home/spider/gwpspider_ws/build/controller/install.log --single-version-externally-managed
[3.420s] running egg_info
[3.423s] writing ../../../build/controller/controller.egg-info/PKG-INFO
[3.425s] writing dependency_links to ../../../build/controller/controller.egg-info/dependency_links.txt
[3.425s] writing entry points to ../../../build/controller/controller.egg-info/entry_points.txt
[3.425s] writing requirements to ../../../build/controller/controller.egg-info/requires.txt
[3.425s] writing top-level names to ../../../build/controller/controller.egg-info/top_level.txt
[3.433s] reading manifest file '../../../build/controller/controller.egg-info/SOURCES.txt'
[3.433s] writing manifest file '../../../build/controller/controller.egg-info/SOURCES.txt'
[3.434s] running build
[3.434s] running build_py
[3.434s] running install
[3.434s] /usr/lib/python3/dist-packages/setuptools/command/install.py:34: SetuptoolsDeprecationWarning: setup.py install is deprecated. Use build and pip and other standards-based tools.
[3.434s]   warnings.warn(
[3.434s] running install_lib
[3.437s] running install_data
[3.438s] running install_egg_info
[3.440s] removing '/home/spider/gwpspider_ws/install/controller/lib/python3.10/site-packages/controller-0.0.0-py3.10.egg-info' (and everything under it)
[3.452s] Copying ../../../build/controller/controller.egg-info to /home/spider/gwpspider_ws/install/controller/lib/python3.10/site-packages/controller-0.0.0-py3.10.egg-info
[3.454s] running install_scripts
[3.525s] Installing joint_velocity_controller script to /home/spider/gwpspider_ws/install/controller/lib/controller
[3.534s] Installing legs_states_publisher script to /home/spider/gwpspider_ws/install/controller/lib/controller
[3.534s] writing list of installed files to '/home/spider/gwpspider_ws/build/controller/install.log'
[3.767s] Invoked command in '/home/spider/gwpspider_ws/src/gwpspider/controller' returned '0': PYTHONPATH=/home/spider/gwpspider_ws/build/controller/prefix_override:/home/spider/gwpspider_ws/install/controller/lib/python3.10/site-packages:${PYTHONPATH} /usr/bin/python3 setup.py egg_info --egg-base ../../../build/controller build --build-base /home/spider/gwpspider_ws/build/controller/build install --record /home/spider/gwpspider_ws/build/controller/install.log --single-version-externally-managed
