[2.566s] Invoking command in '/home/spider/gwpspider_ws/src/gwpspider/connection': PYTHONPATH=/home/spider/gwpspider_ws/build/connection/prefix_override:/home/spider/gwpspider_ws/install/connection/lib/python3.10/site-packages:${PYTHONPATH} /usr/bin/python3 setup.py egg_info --egg-base ../../../build/connection build --build-base /home/spider/gwpspider_ws/build/connection/build install --record /home/spider/gwpspider_ws/build/connection/install.log --single-version-externally-managed
[3.072s] running egg_info
[3.088s] writing ../../../build/connection/connection.egg-info/PKG-INFO
[3.089s] writing dependency_links to ../../../build/connection/connection.egg-info/dependency_links.txt
[3.089s] writing entry points to ../../../build/connection/connection.egg-info/entry_points.txt
[3.089s] writing requirements to ../../../build/connection/connection.egg-info/requires.txt
[3.089s] writing top-level names to ../../../build/connection/connection.egg-info/top_level.txt
[3.089s] reading manifest file '../../../build/connection/connection.egg-info/SOURCES.txt'
[3.089s] writing manifest file '../../../build/connection/connection.egg-info/SOURCES.txt'
[3.089s] running build
[3.090s] running build_py
[3.090s] copying connection/fastapi.py -> /home/spider/gwpspider_ws/build/connection/build/lib/connection
[3.090s] running install
[3.090s] running install_lib
[3.090s] copying /home/spider/gwpspider_ws/build/connection/build/lib/connection/fastapi.py -> /home/spider/gwpspider_ws/install/connection/lib/python3.10/site-packages/connection
[3.090s] byte-compiling /home/spider/gwpspider_ws/install/connection/lib/python3.10/site-packages/connection/fastapi.py to fastapi.cpython-310.pyc
[3.091s] /usr/lib/python3/dist-packages/setuptools/command/install.py:34: SetuptoolsDeprecationWarning: setup.py install is deprecated. Use build and pip and other standards-based tools.
[3.091s]   warnings.warn(
[3.091s] running install_data
[3.092s] running install_egg_info
[3.118s] removing '/home/spider/gwpspider_ws/install/connection/lib/python3.10/site-packages/connection-0.0.0-py3.10.egg-info' (and everything under it)
[3.118s] Copying ../../../build/connection/connection.egg-info to /home/spider/gwpspider_ws/install/connection/lib/python3.10/site-packages/connection-0.0.0-py3.10.egg-info
[3.118s] running install_scripts
[3.137s] Installing backend script to /home/spider/gwpspider_ws/install/connection/lib/connection
[3.137s] Installing fastapi script to /home/spider/gwpspider_ws/install/connection/lib/connection
[3.138s] writing list of installed files to '/home/spider/gwpspider_ws/build/connection/install.log'
[3.490s] Invoked command in '/home/spider/gwpspider_ws/src/gwpspider/connection' returned '0': PYTHONPATH=/home/spider/gwpspider_ws/build/connection/prefix_override:/home/spider/gwpspider_ws/install/connection/lib/python3.10/site-packages:${PYTHONPATH} /usr/bin/python3 setup.py egg_info --egg-base ../../../build/connection build --build-base /home/spider/gwpspider_ws/build/connection/build install --record /home/spider/gwpspider_ws/build/connection/install.log --single-version-externally-managed
