running egg_info
writing ../../../build/offset_prediction_model/offset_prediction_model.egg-info/PKG-INFO
writing dependency_links to ../../../build/offset_prediction_model/offset_prediction_model.egg-info/dependency_links.txt
writing entry points to ../../../build/offset_prediction_model/offset_prediction_model.egg-info/entry_points.txt
writing requirements to ../../../build/offset_prediction_model/offset_prediction_model.egg-info/requires.txt
writing top-level names to ../../../build/offset_prediction_model/offset_prediction_model.egg-info/top_level.txt
reading manifest file '../../../build/offset_prediction_model/offset_prediction_model.egg-info/SOURCES.txt'
writing manifest file '../../../build/offset_prediction_model/offset_prediction_model.egg-info/SOURCES.txt'
running build
running build_py
copying offset_prediction_model/offset_predictor.py -> /home/spider/gwpspider_ws/build/offset_prediction_model/build/lib/offset_prediction_model
running install
running install_lib
copying /home/spider/gwpspider_ws/build/offset_prediction_model/build/lib/offset_prediction_model/offset_predictor.py -> /home/spider/gwpspider_ws/install/offset_prediction_model/lib/python3.10/site-packages/offset_prediction_model
byte-compiling /home/spider/gwpspider_ws/install/offset_prediction_model/lib/python3.10/site-packages/offset_prediction_model/offset_predictor.py to offset_predictor.cpython-310.pyc
running install_data
running install_egg_info
removing '/home/spider/gwpspider_ws/install/offset_prediction_model/lib/python3.10/site-packages/offset_prediction_model-0.0.0-py3.10.egg-info' (and everything under it)
Copying ../../../build/offset_prediction_model/offset_prediction_model.egg-info to /home/spider/gwpspider_ws/install/offset_prediction_model/lib/python3.10/site-packages/offset_prediction_model-0.0.0-py3.10.egg-info
running install_scripts
Installing offset_predictor script to /home/spider/gwpspider_ws/install/offset_prediction_model/lib/offset_prediction_model
writing list of installed files to '/home/spider/gwpspider_ws/build/offset_prediction_model/install.log'
