[3.006s] Invoking command in '/home/spider/gwpspider_ws/src/gwpspider/calculations': PYTHONPATH=/home/spider/gwpspider_ws/build/calculations/prefix_override:/home/spider/gwpspider_ws/install/calculations/lib/python3.10/site-packages:${PYTHONPATH} /usr/bin/python3 setup.py egg_info --egg-base ../../../build/calculations build --build-base /home/spider/gwpspider_ws/build/calculations/build install --record /home/spider/gwpspider_ws/build/calculations/install.log --single-version-externally-managed
[4.037s] running egg_info
[4.045s] writing ../../../build/calculations/calculations.egg-info/PKG-INFO
[4.045s] writing dependency_links to ../../../build/calculations/calculations.egg-info/dependency_links.txt
[4.045s] writing entry points to ../../../build/calculations/calculations.egg-info/entry_points.txt
[4.045s] writing requirements to ../../../build/calculations/calculations.egg-info/requires.txt
[4.045s] writing top-level names to ../../../build/calculations/calculations.egg-info/top_level.txt
[4.046s] reading manifest file '../../../build/calculations/calculations.egg-info/SOURCES.txt'
[4.055s] writing manifest file '../../../build/calculations/calculations.egg-info/SOURCES.txt'
[4.061s] running build
[4.061s] running build_py
[4.062s] running install
[4.062s] /usr/lib/python3/dist-packages/setuptools/command/install.py:34: SetuptoolsDeprecationWarning: setup.py install is deprecated. Use build and pip and other standards-based tools.
[4.062s]   warnings.warn(
[4.063s] running install_lib
[4.081s] running install_data
[4.081s] running install_egg_info
[4.082s] removing '/home/spider/gwpspider_ws/install/calculations/lib/python3.10/site-packages/calculations-0.0.0-py3.10.egg-info' (and everything under it)
[4.082s] Copying ../../../build/calculations/calculations.egg-info to /home/spider/gwpspider_ws/install/calculations/lib/python3.10/site-packages/calculations-0.0.0-py3.10.egg-info
[4.082s] running install_scripts
[4.160s] writing list of installed files to '/home/spider/gwpspider_ws/build/calculations/install.log'
[4.315s] Invoked command in '/home/spider/gwpspider_ws/src/gwpspider/calculations' returned '0': PYTHONPATH=/home/spider/gwpspider_ws/build/calculations/prefix_override:/home/spider/gwpspider_ws/install/calculations/lib/python3.10/site-packages:${PYTHONPATH} /usr/bin/python3 setup.py egg_info --egg-base ../../../build/calculations build --build-base /home/spider/gwpspider_ws/build/calculations/build install --record /home/spider/gwpspider_ws/build/calculations/install.log --single-version-externally-managed
