[1.475s] Invoking command in '/home/spider/gwpspider_ws/build/gwpspider_launch': CMAKE_PREFIX_PATH=${CMAKE_PREFIX_PATH}:/home/spider/gwpspider_ws/install/application:/home/spider/gwpspider_ws/install/utils:/home/spider/gwpspider_ws/install/planning:/home/spider/gwpspider_ws/install/dynamixel_interface:/home/spider/gwpspider_ws/install/controller:/home/spider/gwpspider_ws/install/configuration:/home/spider/gwpspider_ws/install/calculations:/home/spider/gwpspider_ws/install/arduino_communication:/opt/ros/humble /home/spider/.local/bin/cmake --build /home/spider/gwpspider_ws/build/gwpspider_launch -- -j8 -l8
[1.534s] Invoked command in '/home/spider/gwpspider_ws/build/gwpspider_launch' returned '0': CMAKE_PREFIX_PATH=${CMAKE_PREFIX_PATH}:/home/spider/gwpspider_ws/install/application:/home/spider/gwpspider_ws/install/utils:/home/spider/gwpspider_ws/install/planning:/home/spider/gwpspider_ws/install/dynamixel_interface:/home/spider/gwpspider_ws/install/controller:/home/spider/gwpspider_ws/install/configuration:/home/spider/gwpspider_ws/install/calculations:/home/spider/gwpspider_ws/install/arduino_communication:/opt/ros/humble /home/spider/.local/bin/cmake --build /home/spider/gwpspider_ws/build/gwpspider_launch -- -j8 -l8
[1.791s] Invoking command in '/home/spider/gwpspider_ws/build/gwpspider_launch': CMAKE_PREFIX_PATH=${CMAKE_PREFIX_PATH}:/home/spider/gwpspider_ws/install/application:/home/spider/gwpspider_ws/install/utils:/home/spider/gwpspider_ws/install/planning:/home/spider/gwpspider_ws/install/dynamixel_interface:/home/spider/gwpspider_ws/install/controller:/home/spider/gwpspider_ws/install/configuration:/home/spider/gwpspider_ws/install/calculations:/home/spider/gwpspider_ws/install/arduino_communication:/opt/ros/humble /home/spider/.local/bin/cmake --install /home/spider/gwpspider_ws/build/gwpspider_launch
[1.864s] -- Install configuration: ""
[1.865s] -- Up-to-date: /home/spider/gwpspider_ws/install/gwpspider_launch/share/gwpspider_launch//launch
[1.866s] -- Up-to-date: /home/spider/gwpspider_ws/install/gwpspider_launch/share/gwpspider_launch//launch/move_spider_launch.py
[1.866s] -- Up-to-date: /home/spider/gwpspider_ws/install/gwpspider_launch/share/ament_index/resource_index/package_run_dependencies/gwpspider_launch
[1.867s] -- Up-to-date: /home/spider/gwpspider_ws/install/gwpspider_launch/share/ament_index/resource_index/parent_prefix_path/gwpspider_launch
[1.868s] -- Up-to-date: /home/spider/gwpspider_ws/install/gwpspider_launch/share/gwpspider_launch/environment/ament_prefix_path.sh
[1.879s] -- Up-to-date: /home/spider/gwpspider_ws/install/gwpspider_launch/share/gwpspider_launch/environment/ament_prefix_path.dsv
[1.880s] -- Up-to-date: /home/spider/gwpspider_ws/install/gwpspider_launch/share/gwpspider_launch/environment/path.sh
[1.880s] -- Up-to-date: /home/spider/gwpspider_ws/install/gwpspider_launch/share/gwpspider_launch/environment/path.dsv
[1.881s] -- Up-to-date: /home/spider/gwpspider_ws/install/gwpspider_launch/share/gwpspider_launch/local_setup.bash
[1.882s] -- Up-to-date: /home/spider/gwpspider_ws/install/gwpspider_launch/share/gwpspider_launch/local_setup.sh
[1.882s] -- Up-to-date: /home/spider/gwpspider_ws/install/gwpspider_launch/share/gwpspider_launch/local_setup.zsh
[1.883s] -- Up-to-date: /home/spider/gwpspider_ws/install/gwpspider_launch/share/gwpspider_launch/local_setup.dsv
[1.891s] -- Installing: /home/spider/gwpspider_ws/install/gwpspider_launch/share/gwpspider_launch/package.dsv
[1.891s] -- Up-to-date: /home/spider/gwpspider_ws/install/gwpspider_launch/share/ament_index/resource_index/packages/gwpspider_launch
[1.891s] -- Up-to-date: /home/spider/gwpspider_ws/install/gwpspider_launch/share/gwpspider_launch/cmake/gwpspider_launchConfig.cmake
[1.891s] -- Up-to-date: /home/spider/gwpspider_ws/install/gwpspider_launch/share/gwpspider_launch/cmake/gwpspider_launchConfig-version.cmake
[1.891s] -- Up-to-date: /home/spider/gwpspider_ws/install/gwpspider_launch/share/gwpspider_launch/package.xml
[1.891s] Invoked command in '/home/spider/gwpspider_ws/build/gwpspider_launch' returned '0': CMAKE_PREFIX_PATH=${CMAKE_PREFIX_PATH}:/home/spider/gwpspider_ws/install/application:/home/spider/gwpspider_ws/install/utils:/home/spider/gwpspider_ws/install/planning:/home/spider/gwpspider_ws/install/dynamixel_interface:/home/spider/gwpspider_ws/install/controller:/home/spider/gwpspider_ws/install/configuration:/home/spider/gwpspider_ws/install/calculations:/home/spider/gwpspider_ws/install/arduino_communication:/opt/ros/humble /home/spider/.local/bin/cmake --install /home/spider/gwpspider_ws/build/gwpspider_launch
