[0.806s] Invoking command in '/home/spider/gwpspider_ws/src/gwpspider/utils': PYTHONPATH=/home/spider/gwpspider_ws/build/utils/prefix_override:/home/spider/gwpspider_ws/install/utils/lib/python3.10/site-packages:${PYTHONPATH} /usr/bin/python3 setup.py egg_info --egg-base ../../../build/utils build --build-base /home/spider/gwpspider_ws/build/utils/build install --record /home/spider/gwpspider_ws/build/utils/install.log --single-version-externally-managed
[1.061s] running egg_info
[1.061s] writing ../../../build/utils/utils.egg-info/PKG-INFO
[1.062s] writing dependency_links to ../../../build/utils/utils.egg-info/dependency_links.txt
[1.062s] writing entry points to ../../../build/utils/utils.egg-info/entry_points.txt
[1.062s] writing requirements to ../../../build/utils/utils.egg-info/requires.txt
[1.062s] writing top-level names to ../../../build/utils/utils.egg-info/top_level.txt
[1.064s] reading manifest file '../../../build/utils/utils.egg-info/SOURCES.txt'
[1.064s] writing manifest file '../../../build/utils/utils.egg-info/SOURCES.txt'
[1.064s] running build
[1.065s] running build_py
[1.065s] copying utils/custom_interface_helper.py -> /home/spider/gwpspider_ws/build/utils/build/lib/utils
[1.065s] running install
[1.065s] /usr/lib/python3/dist-packages/setuptools/command/install.py:34: SetuptoolsDeprecationWarning: setup.py install is deprecated. Use build and pip and other standards-based tools.
[1.065s]   warnings.warn(
[1.066s] running install_lib
[1.066s] copying /home/spider/gwpspider_ws/build/utils/build/lib/utils/custom_interface_helper.py -> /home/spider/gwpspider_ws/install/utils/lib/python3.10/site-packages/utils
[1.067s] byte-compiling /home/spider/gwpspider_ws/install/utils/lib/python3.10/site-packages/utils/custom_interface_helper.py to custom_interface_helper.cpython-310.pyc
[1.068s] running install_data
[1.069s] running install_egg_info
[1.071s] removing '/home/spider/gwpspider_ws/install/utils/lib/python3.10/site-packages/utils-0.0.0-py3.10.egg-info' (and everything under it)
[1.071s] Copying ../../../build/utils/utils.egg-info to /home/spider/gwpspider_ws/install/utils/lib/python3.10/site-packages/utils-0.0.0-py3.10.egg-info
[1.072s] running install_scripts
[1.097s] writing list of installed files to '/home/spider/gwpspider_ws/build/utils/install.log'
[1.122s] Invoked command in '/home/spider/gwpspider_ws/src/gwpspider/utils' returned '0': PYTHONPATH=/home/spider/gwpspider_ws/build/utils/prefix_override:/home/spider/gwpspider_ws/install/utils/lib/python3.10/site-packages:${PYTHONPATH} /usr/bin/python3 setup.py egg_info --egg-base ../../../build/utils build --build-base /home/spider/gwpspider_ws/build/utils/build install --record /home/spider/gwpspider_ws/build/utils/install.log --single-version-externally-managed
