[3.423s] Invoking command in '/home/spider/gwpspider_ws/src/gwpspider/configuration': PYTHONPATH=/home/spider/gwpspider_ws/build/configuration/prefix_override:/home/spider/gwpspider_ws/install/configuration/lib/python3.10/site-packages:${PYTHONPATH} /usr/bin/python3 setup.py egg_info --egg-base ../../../build/configuration build --build-base /home/spider/gwpspider_ws/build/configuration/build install --record /home/spider/gwpspider_ws/build/configuration/install.log --single-version-externally-managed
[4.283s] running egg_info
[4.283s] writing ../../../build/configuration/configuration.egg-info/PKG-INFO
[4.283s] writing dependency_links to ../../../build/configuration/configuration.egg-info/dependency_links.txt
[4.283s] writing entry points to ../../../build/configuration/configuration.egg-info/entry_points.txt
[4.283s] writing requirements to ../../../build/configuration/configuration.egg-info/requires.txt
[4.283s] writing top-level names to ../../../build/configuration/configuration.egg-info/top_level.txt
[4.284s] reading manifest file '../../../build/configuration/configuration.egg-info/SOURCES.txt'
[4.286s] writing manifest file '../../../build/configuration/configuration.egg-info/SOURCES.txt'
[4.286s] running build
[4.286s] running build_py
[4.297s] running install
[4.299s] /usr/lib/python3/dist-packages/setuptools/command/install.py:34: SetuptoolsDeprecationWarning: setup.py install is deprecated. Use build and pip and other standards-based tools.
[4.299s]   warnings.warn(
[4.299s] running install_lib
[4.302s] running install_data
[4.302s] running install_egg_info
[4.304s] removing '/home/spider/gwpspider_ws/install/configuration/lib/python3.10/site-packages/configuration-0.0.0-py3.10.egg-info' (and everything under it)
[4.315s] Copying ../../../build/configuration/configuration.egg-info to /home/spider/gwpspider_ws/install/configuration/lib/python3.10/site-packages/configuration-0.0.0-py3.10.egg-info
[4.327s] running install_scripts
[4.408s] writing list of installed files to '/home/spider/gwpspider_ws/build/configuration/install.log'
[4.816s] Invoked command in '/home/spider/gwpspider_ws/src/gwpspider/configuration' returned '0': PYTHONPATH=/home/spider/gwpspider_ws/build/configuration/prefix_override:/home/spider/gwpspider_ws/install/configuration/lib/python3.10/site-packages:${PYTHONPATH} /usr/bin/python3 setup.py egg_info --egg-base ../../../build/configuration build --build-base /home/spider/gwpspider_ws/build/configuration/build install --record /home/spider/gwpspider_ws/build/configuration/install.log --single-version-externally-managed
