[0.630s] Invoking command in '/home/spider/gwpspider_ws/src/gwpspider/utils': PYTHONPATH=/home/spider/gwpspider_ws/build/utils/prefix_override:/home/spider/gwpspider_ws/install/utils/lib/python3.10/site-packages:${PYTHONPATH} /usr/bin/python3 setup.py egg_info --egg-base ../../../build/utils build --build-base /home/spider/gwpspider_ws/build/utils/build install --record /home/spider/gwpspider_ws/build/utils/install.log --single-version-externally-managed
[0.880s] running egg_info
[0.881s] writing ../../../build/utils/utils.egg-info/PKG-INFO
[0.881s] writing dependency_links to ../../../build/utils/utils.egg-info/dependency_links.txt
[0.881s] writing entry points to ../../../build/utils/utils.egg-info/entry_points.txt
[0.881s] writing requirements to ../../../build/utils/utils.egg-info/requires.txt
[0.882s] writing top-level names to ../../../build/utils/utils.egg-info/top_level.txt
[0.883s] reading manifest file '../../../build/utils/utils.egg-info/SOURCES.txt'
[0.884s] writing manifest file '../../../build/utils/utils.egg-info/SOURCES.txt'
[0.884s] running build
[0.884s] running build_py
[0.884s] running install
[0.885s] /usr/lib/python3/dist-packages/setuptools/command/install.py:34: SetuptoolsDeprecationWarning: setup.py install is deprecated. Use build and pip and other standards-based tools.
[0.885s]   warnings.warn(
[0.885s] running install_lib
[0.887s] running install_data
[0.887s] running install_egg_info
[0.889s] removing '/home/spider/gwpspider_ws/install/utils/lib/python3.10/site-packages/utils-0.0.0-py3.10.egg-info' (and everything under it)
[0.889s] Copying ../../../build/utils/utils.egg-info to /home/spider/gwpspider_ws/install/utils/lib/python3.10/site-packages/utils-0.0.0-py3.10.egg-info
[0.889s] running install_scripts
[0.916s] writing list of installed files to '/home/spider/gwpspider_ws/build/utils/install.log'
[0.939s] Invoked command in '/home/spider/gwpspider_ws/src/gwpspider/utils' returned '0': PYTHONPATH=/home/spider/gwpspider_ws/build/utils/prefix_override:/home/spider/gwpspider_ws/install/utils/lib/python3.10/site-packages:${PYTHONPATH} /usr/bin/python3 setup.py egg_info --egg-base ../../../build/utils build --build-base /home/spider/gwpspider_ws/build/utils/build install --record /home/spider/gwpspider_ws/build/utils/install.log --single-version-externally-managed
