[2.650s] Invoking command in '/home/spider/gwpspider_ws/src/gwpspider/utils': PYTHONPATH=/home/spider/gwpspider_ws/build/utils/prefix_override:/home/spider/gwpspider_ws/install/utils/lib/python3.10/site-packages:${PYTHONPATH} /usr/bin/python3 setup.py egg_info --egg-base ../../../build/utils build --build-base /home/spider/gwpspider_ws/build/utils/build install --record /home/spider/gwpspider_ws/build/utils/install.log --single-version-externally-managed
[3.382s] running egg_info
[3.383s] writing ../../../build/utils/utils.egg-info/PKG-INFO
[3.384s] writing dependency_links to ../../../build/utils/utils.egg-info/dependency_links.txt
[3.384s] writing entry points to ../../../build/utils/utils.egg-info/entry_points.txt
[3.385s] writing requirements to ../../../build/utils/utils.egg-info/requires.txt
[3.385s] writing top-level names to ../../../build/utils/utils.egg-info/top_level.txt
[3.389s] reading manifest file '../../../build/utils/utils.egg-info/SOURCES.txt'
[3.390s] writing manifest file '../../../build/utils/utils.egg-info/SOURCES.txt'
[3.391s] running build
[3.391s] running build_py
[3.391s] running install
[3.392s] /usr/lib/python3/dist-packages/setuptools/command/install.py:34: SetuptoolsDeprecationWarning: setup.py install is deprecated. Use build and pip and other standards-based tools.
[3.392s]   warnings.warn(
[3.393s] running install_lib
[3.395s] running install_data
[3.396s] running install_egg_info
[3.398s] removing '/home/spider/gwpspider_ws/install/utils/lib/python3.10/site-packages/utils-0.0.0-py3.10.egg-info' (and everything under it)
[3.405s] Copying ../../../build/utils/utils.egg-info to /home/spider/gwpspider_ws/install/utils/lib/python3.10/site-packages/utils-0.0.0-py3.10.egg-info
[3.406s] running install_scripts
[3.441s] writing list of installed files to '/home/spider/gwpspider_ws/build/utils/install.log'
[3.490s] Invoked command in '/home/spider/gwpspider_ws/src/gwpspider/utils' returned '0': PYTHONPATH=/home/spider/gwpspider_ws/build/utils/prefix_override:/home/spider/gwpspider_ws/install/utils/lib/python3.10/site-packages:${PYTHONPATH} /usr/bin/python3 setup.py egg_info --egg-base ../../../build/utils build --build-base /home/spider/gwpspider_ws/build/utils/build install --record /home/spider/gwpspider_ws/build/utils/install.log --single-version-externally-managed
