[2.600s] Invoking command in '/home/spider/gwpspider_ws/src/gwpspider/dynamixel_interface': PYTHONPATH=/home/spider/gwpspider_ws/build/dynamixel_interface/prefix_override:/home/spider/gwpspider_ws/install/dynamixel_interface/lib/python3.10/site-packages:${PYTHONPATH} /usr/bin/python3 setup.py egg_info --egg-base ../../../build/dynamixel_interface build --build-base /home/spider/gwpspider_ws/build/dynamixel_interface/build install --record /home/spider/gwpspider_ws/build/dynamixel_interface/install.log --single-version-externally-managed
[2.976s] running egg_info
[2.977s] writing ../../../build/dynamixel_interface/dynamixel_interface.egg-info/PKG-INFO
[2.977s] writing dependency_links to ../../../build/dynamixel_interface/dynamixel_interface.egg-info/dependency_links.txt
[2.978s] writing entry points to ../../../build/dynamixel_interface/dynamixel_interface.egg-info/entry_points.txt
[2.978s] writing requirements to ../../../build/dynamixel_interface/dynamixel_interface.egg-info/requires.txt
[2.978s] writing top-level names to ../../../build/dynamixel_interface/dynamixel_interface.egg-info/top_level.txt
[2.981s] reading manifest file '../../../build/dynamixel_interface/dynamixel_interface.egg-info/SOURCES.txt'
[2.982s] writing manifest file '../../../build/dynamixel_interface/dynamixel_interface.egg-info/SOURCES.txt'
[2.982s] running build
[2.982s] running build_py
[2.983s] running install
[2.983s] /usr/lib/python3/dist-packages/setuptools/command/install.py:34: SetuptoolsDeprecationWarning: setup.py install is deprecated. Use build and pip and other standards-based tools.
[2.983s]   warnings.warn(
[2.984s] running install_lib
[2.986s] running install_data
[2.986s] running install_egg_info
[2.989s] removing '/home/spider/gwpspider_ws/install/dynamixel_interface/lib/python3.10/site-packages/dynamixel_interface-0.0.0-py3.10.egg-info' (and everything under it)
[2.990s] Copying ../../../build/dynamixel_interface/dynamixel_interface.egg-info to /home/spider/gwpspider_ws/install/dynamixel_interface/lib/python3.10/site-packages/dynamixel_interface-0.0.0-py3.10.egg-info
[2.996s] running install_scripts
[3.028s] Installing dynamixel_driver script to /home/spider/gwpspider_ws/install/dynamixel_interface/lib/dynamixel_interface
[3.029s] writing list of installed files to '/home/spider/gwpspider_ws/build/dynamixel_interface/install.log'
[3.335s] Invoked command in '/home/spider/gwpspider_ws/src/gwpspider/dynamixel_interface' returned '0': PYTHONPATH=/home/spider/gwpspider_ws/build/dynamixel_interface/prefix_override:/home/spider/gwpspider_ws/install/dynamixel_interface/lib/python3.10/site-packages:${PYTHONPATH} /usr/bin/python3 setup.py egg_info --egg-base ../../../build/dynamixel_interface build --build-base /home/spider/gwpspider_ws/build/dynamixel_interface/build install --record /home/spider/gwpspider_ws/build/dynamixel_interface/install.log --single-version-externally-managed
