running egg_info
writing ../../../build/dynamixel_interface/dynamixel_interface.egg-info/PKG-INFO
writing dependency_links to ../../../build/dynamixel_interface/dynamixel_interface.egg-info/dependency_links.txt
writing entry points to ../../../build/dynamixel_interface/dynamixel_interface.egg-info/entry_points.txt
writing requirements to ../../../build/dynamixel_interface/dynamixel_interface.egg-info/requires.txt
writing top-level names to ../../../build/dynamixel_interface/dynamixel_interface.egg-info/top_level.txt
reading manifest file '../../../build/dynamixel_interface/dynamixel_interface.egg-info/SOURCES.txt'
writing manifest file '../../../build/dynamixel_interface/dynamixel_interface.egg-info/SOURCES.txt'
running build
running build_py
running install
running install_lib
running install_data
running install_egg_info
removing '/home/spider/gwpspider_ws/install/dynamixel_interface/lib/python3.10/site-packages/dynamixel_interface-0.0.0-py3.10.egg-info' (and everything under it)
/usr/lib/python3/dist-packages/setuptools/command/install.py:34: SetuptoolsDeprecationWarning: setup.py install is deprecated. Use build and pip and other standards-based tools.
  warnings.warn(
Copying ../../../build/dynamixel_interface/dynamixel_interface.egg-info to /home/spider/gwpspider_ws/install/dynamixel_interface/lib/python3.10/site-packages/dynamixel_interface-0.0.0-py3.10.egg-info
running install_scripts
Installing dynamixel_driver script to /home/spider/gwpspider_ws/install/dynamixel_interface/lib/dynamixel_interface
writing list of installed files to '/home/spider/gwpspider_ws/build/dynamixel_interface/install.log'
