running egg_info
creating ../../../build/connection/connection.egg-info
writing ../../../build/connection/connection.egg-info/PKG-INFO
writing dependency_links to ../../../build/connection/connection.egg-info/dependency_links.txt
writing entry points to ../../../build/connection/connection.egg-info/entry_points.txt
writing requirements to ../../../build/connection/connection.egg-info/requires.txt
writing top-level names to ../../../build/connection/connection.egg-info/top_level.txt
writing manifest file '../../../build/connection/connection.egg-info/SOURCES.txt'
reading manifest file '../../../build/connection/connection.egg-info/SOURCES.txt'
writing manifest file '../../../build/connection/connection.egg-info/SOURCES.txt'
running build
running build_py
creating /home/spider/gwpspider_ws/build/connection/build
creating /home/spider/gwpspider_ws/build/connection/build/lib
creating /home/spider/gwpspider_ws/build/connection/build/lib/connection
copying connection/__init__.py -> /home/spider/gwpspider_ws/build/connection/build/lib/connection
running install
/usr/lib/python3/dist-packages/setuptools/command/install.py:34: SetuptoolsDeprecationWarning: setup.py install is deprecated. Use build and pip and other standards-based tools.
  warnings.warn(
running install_lib
creating /home/spider/gwpspider_ws/install/connection/lib/python3.10/site-packages/connection
copying /home/spider/gwpspider_ws/build/connection/build/lib/connection/__init__.py -> /home/spider/gwpspider_ws/install/connection/lib/python3.10/site-packages/connection
byte-compiling /home/spider/gwpspider_ws/install/connection/lib/python3.10/site-packages/connection/__init__.py to __init__.cpython-310.pyc
running install_data
creating /home/spider/gwpspider_ws/install/connection/share/ament_index
creating /home/spider/gwpspider_ws/install/connection/share/ament_index/resource_index
creating /home/spider/gwpspider_ws/install/connection/share/ament_index/resource_index/packages
copying resource/connection -> /home/spider/gwpspider_ws/install/connection/share/ament_index/resource_index/packages
copying package.xml -> /home/spider/gwpspider_ws/install/connection/share/connection
running install_egg_info
Copying ../../../build/connection/connection.egg-info to /home/spider/gwpspider_ws/install/connection/lib/python3.10/site-packages/connection-0.0.0-py3.10.egg-info
running install_scripts
writing list of installed files to '/home/spider/gwpspider_ws/build/connection/install.log'
