[2.432s] Invoking command in '/home/spider/gwpspider_ws/src/gwpspider/connection': PYTHONPATH=/home/spider/gwpspider_ws/build/connection/prefix_override:/home/spider/gwpspider_ws/install/connection/lib/python3.10/site-packages:${PYTHONPATH} /usr/bin/python3 setup.py egg_info --egg-base ../../../build/connection build --build-base /home/spider/gwpspider_ws/build/connection/build install --record /home/spider/gwpspider_ws/build/connection/install.log --single-version-externally-managed
[2.849s] running egg_info
[2.850s] creating ../../../build/connection/connection.egg-info
[2.850s] writing ../../../build/connection/connection.egg-info/PKG-INFO
[2.850s] writing dependency_links to ../../../build/connection/connection.egg-info/dependency_links.txt
[2.851s] writing entry points to ../../../build/connection/connection.egg-info/entry_points.txt
[2.851s] writing requirements to ../../../build/connection/connection.egg-info/requires.txt
[2.851s] writing top-level names to ../../../build/connection/connection.egg-info/top_level.txt
[2.851s] writing manifest file '../../../build/connection/connection.egg-info/SOURCES.txt'
[2.854s] reading manifest file '../../../build/connection/connection.egg-info/SOURCES.txt'
[2.855s] writing manifest file '../../../build/connection/connection.egg-info/SOURCES.txt'
[2.855s] running build
[2.855s] running build_py
[2.856s] creating /home/spider/gwpspider_ws/build/connection/build
[2.856s] creating /home/spider/gwpspider_ws/build/connection/build/lib
[2.856s] creating /home/spider/gwpspider_ws/build/connection/build/lib/connection
[2.856s] copying connection/__init__.py -> /home/spider/gwpspider_ws/build/connection/build/lib/connection
[2.856s] running install
[2.856s] /usr/lib/python3/dist-packages/setuptools/command/install.py:34: SetuptoolsDeprecationWarning: setup.py install is deprecated. Use build and pip and other standards-based tools.
[2.856s]   warnings.warn(
[2.857s] running install_lib
[2.862s] creating /home/spider/gwpspider_ws/install/connection/lib/python3.10/site-packages/connection
[2.862s] copying /home/spider/gwpspider_ws/build/connection/build/lib/connection/__init__.py -> /home/spider/gwpspider_ws/install/connection/lib/python3.10/site-packages/connection
[2.862s] byte-compiling /home/spider/gwpspider_ws/install/connection/lib/python3.10/site-packages/connection/__init__.py to __init__.cpython-310.pyc
[2.863s] running install_data
[2.864s] creating /home/spider/gwpspider_ws/install/connection/share/ament_index
[2.864s] creating /home/spider/gwpspider_ws/install/connection/share/ament_index/resource_index
[2.864s] creating /home/spider/gwpspider_ws/install/connection/share/ament_index/resource_index/packages
[2.864s] copying resource/connection -> /home/spider/gwpspider_ws/install/connection/share/ament_index/resource_index/packages
[2.864s] copying package.xml -> /home/spider/gwpspider_ws/install/connection/share/connection
[2.864s] running install_egg_info
[2.866s] Copying ../../../build/connection/connection.egg-info to /home/spider/gwpspider_ws/install/connection/lib/python3.10/site-packages/connection-0.0.0-py3.10.egg-info
[2.867s] running install_scripts
[2.906s] writing list of installed files to '/home/spider/gwpspider_ws/build/connection/install.log'
[3.050s] Invoked command in '/home/spider/gwpspider_ws/src/gwpspider/connection' returned '0': PYTHONPATH=/home/spider/gwpspider_ws/build/connection/prefix_override:/home/spider/gwpspider_ws/install/connection/lib/python3.10/site-packages:${PYTHONPATH} /usr/bin/python3 setup.py egg_info --egg-base ../../../build/connection build --build-base /home/spider/gwpspider_ws/build/connection/build install --record /home/spider/gwpspider_ws/build/connection/install.log --single-version-externally-managed
