running egg_info
creating ../../../build/utils/utils.egg-info
writing ../../../build/utils/utils.egg-info/PKG-INFO
writing dependency_links to ../../../build/utils/utils.egg-info/dependency_links.txt
writing entry points to ../../../build/utils/utils.egg-info/entry_points.txt
writing requirements to ../../../build/utils/utils.egg-info/requires.txt
writing top-level names to ../../../build/utils/utils.egg-info/top_level.txt
writing manifest file '../../../build/utils/utils.egg-info/SOURCES.txt'
reading manifest file '../../../build/utils/utils.egg-info/SOURCES.txt'
writing manifest file '../../../build/utils/utils.egg-info/SOURCES.txt'
running build
running build_py
creating /home/spider/gwpspider_ws/build/utils/build
creating /home/spider/gwpspider_ws/build/utils/build/lib
creating /home/spider/gwpspider_ws/build/utils/build/lib/utils
copying utils/__init__.py -> /home/spider/gwpspider_ws/build/utils/build/lib/utils
copying utils/mappers.py -> /home/spider/gwpspider_ws/build/utils/build/lib/utils
running install
/usr/lib/python3/dist-packages/setuptools/command/install.py:34: SetuptoolsDeprecationWarning: setup.py install is deprecated. Use build and pip and other standards-based tools.
  warnings.warn(
running install_lib
creating /home/spider/gwpspider_ws/install/utils/lib/python3.10/site-packages/utils
copying /home/spider/gwpspider_ws/build/utils/build/lib/utils/__init__.py -> /home/spider/gwpspider_ws/install/utils/lib/python3.10/site-packages/utils
copying /home/spider/gwpspider_ws/build/utils/build/lib/utils/mappers.py -> /home/spider/gwpspider_ws/install/utils/lib/python3.10/site-packages/utils
byte-compiling /home/spider/gwpspider_ws/install/utils/lib/python3.10/site-packages/utils/__init__.py to __init__.cpython-310.pyc
byte-compiling /home/spider/gwpspider_ws/install/utils/lib/python3.10/site-packages/utils/mappers.py to mappers.cpython-310.pyc
running install_data
creating /home/spider/gwpspider_ws/install/utils/share/ament_index
creating /home/spider/gwpspider_ws/install/utils/share/ament_index/resource_index
creating /home/spider/gwpspider_ws/install/utils/share/ament_index/resource_index/packages
copying resource/utils -> /home/spider/gwpspider_ws/install/utils/share/ament_index/resource_index/packages
copying package.xml -> /home/spider/gwpspider_ws/install/utils/share/utils
running install_egg_info
Copying ../../../build/utils/utils.egg-info to /home/spider/gwpspider_ws/install/utils/lib/python3.10/site-packages/utils-0.0.0-py3.10.egg-info
running install_scripts
writing list of installed files to '/home/spider/gwpspider_ws/build/utils/install.log'
