[1.391s] Invoking command in '/home/spider/gwpspider_ws/src/gwpspider/utils': PYTHONPATH=/home/spider/gwpspider_ws/build/utils/prefix_override:/home/spider/gwpspider_ws/install/utils/lib/python3.10/site-packages:${PYTHONPATH} /usr/bin/python3 setup.py egg_info --egg-base ../../../build/utils build --build-base /home/spider/gwpspider_ws/build/utils/build install --record /home/spider/gwpspider_ws/build/utils/install.log --single-version-externally-managed
[1.615s] running egg_info
[1.617s] creating ../../../build/utils/utils.egg-info
[1.617s] writing ../../../build/utils/utils.egg-info/PKG-INFO
[1.617s] writing dependency_links to ../../../build/utils/utils.egg-info/dependency_links.txt
[1.617s] writing entry points to ../../../build/utils/utils.egg-info/entry_points.txt
[1.618s] writing requirements to ../../../build/utils/utils.egg-info/requires.txt
[1.618s] writing top-level names to ../../../build/utils/utils.egg-info/top_level.txt
[1.618s] writing manifest file '../../../build/utils/utils.egg-info/SOURCES.txt'
[1.619s] reading manifest file '../../../build/utils/utils.egg-info/SOURCES.txt'
[1.620s] writing manifest file '../../../build/utils/utils.egg-info/SOURCES.txt'
[1.620s] running build
[1.620s] running build_py
[1.620s] creating /home/spider/gwpspider_ws/build/utils/build
[1.620s] creating /home/spider/gwpspider_ws/build/utils/build/lib
[1.621s] creating /home/spider/gwpspider_ws/build/utils/build/lib/utils
[1.621s] copying utils/__init__.py -> /home/spider/gwpspider_ws/build/utils/build/lib/utils
[1.621s] copying utils/mappers.py -> /home/spider/gwpspider_ws/build/utils/build/lib/utils
[1.621s] running install
[1.621s] /usr/lib/python3/dist-packages/setuptools/command/install.py:34: SetuptoolsDeprecationWarning: setup.py install is deprecated. Use build and pip and other standards-based tools.
[1.621s]   warnings.warn(
[1.621s] running install_lib
[1.622s] creating /home/spider/gwpspider_ws/install/utils/lib/python3.10/site-packages/utils
[1.622s] copying /home/spider/gwpspider_ws/build/utils/build/lib/utils/__init__.py -> /home/spider/gwpspider_ws/install/utils/lib/python3.10/site-packages/utils
[1.622s] copying /home/spider/gwpspider_ws/build/utils/build/lib/utils/mappers.py -> /home/spider/gwpspider_ws/install/utils/lib/python3.10/site-packages/utils
[1.622s] byte-compiling /home/spider/gwpspider_ws/install/utils/lib/python3.10/site-packages/utils/__init__.py to __init__.cpython-310.pyc
[1.622s] byte-compiling /home/spider/gwpspider_ws/install/utils/lib/python3.10/site-packages/utils/mappers.py to mappers.cpython-310.pyc
[1.623s] running install_data
[1.624s] creating /home/spider/gwpspider_ws/install/utils/share/ament_index
[1.624s] creating /home/spider/gwpspider_ws/install/utils/share/ament_index/resource_index
[1.624s] creating /home/spider/gwpspider_ws/install/utils/share/ament_index/resource_index/packages
[1.624s] copying resource/utils -> /home/spider/gwpspider_ws/install/utils/share/ament_index/resource_index/packages
[1.624s] copying package.xml -> /home/spider/gwpspider_ws/install/utils/share/utils
[1.624s] running install_egg_info
[1.626s] Copying ../../../build/utils/utils.egg-info to /home/spider/gwpspider_ws/install/utils/lib/python3.10/site-packages/utils-0.0.0-py3.10.egg-info
[1.626s] running install_scripts
[1.648s] writing list of installed files to '/home/spider/gwpspider_ws/build/utils/install.log'
[1.675s] Invoked command in '/home/spider/gwpspider_ws/src/gwpspider/utils' returned '0': PYTHONPATH=/home/spider/gwpspider_ws/build/utils/prefix_override:/home/spider/gwpspider_ws/install/utils/lib/python3.10/site-packages:${PYTHONPATH} /usr/bin/python3 setup.py egg_info --egg-base ../../../build/utils build --build-base /home/spider/gwpspider_ws/build/utils/build install --record /home/spider/gwpspider_ws/build/utils/install.log --single-version-externally-managed
