[2.198s] Invoking command in '/home/spider/gwpspider_ws/src/gwpspider/configuration': PYTHONPATH=/home/spider/gwpspider_ws/build/configuration/prefix_override:/home/spider/gwpspider_ws/install/configuration/lib/python3.10/site-packages:${PYTHONPATH} /usr/bin/python3 setup.py egg_info --egg-base ../../../build/configuration build --build-base /home/spider/gwpspider_ws/build/configuration/build install --record /home/spider/gwpspider_ws/build/configuration/install.log --single-version-externally-managed
[2.693s] running egg_info
[2.695s] writing ../../../build/configuration/configuration.egg-info/PKG-INFO
[2.695s] writing dependency_links to ../../../build/configuration/configuration.egg-info/dependency_links.txt
[2.695s] writing entry points to ../../../build/configuration/configuration.egg-info/entry_points.txt
[2.695s] writing requirements to ../../../build/configuration/configuration.egg-info/requires.txt
[2.696s] writing top-level names to ../../../build/configuration/configuration.egg-info/top_level.txt
[2.699s] reading manifest file '../../../build/configuration/configuration.egg-info/SOURCES.txt'
[2.699s] writing manifest file '../../../build/configuration/configuration.egg-info/SOURCES.txt'
[2.699s] running build
[2.700s] running build_py
[2.700s] running install
[2.701s] running install_lib
[2.704s] running install_data
[2.705s] running install_egg_info
[2.706s] /usr/lib/python3/dist-packages/setuptools/command/install.py:34: SetuptoolsDeprecationWarning: setup.py install is deprecated. Use build and pip and other standards-based tools.
[2.706s]   warnings.warn(
[2.708s] removing '/home/spider/gwpspider_ws/install/configuration/lib/python3.10/site-packages/configuration-0.0.0-py3.10.egg-info' (and everything under it)
[2.722s] Copying ../../../build/configuration/configuration.egg-info to /home/spider/gwpspider_ws/install/configuration/lib/python3.10/site-packages/configuration-0.0.0-py3.10.egg-info
[2.735s] running install_scripts
[2.770s] writing list of installed files to '/home/spider/gwpspider_ws/build/configuration/install.log'
[3.036s] Invoked command in '/home/spider/gwpspider_ws/src/gwpspider/configuration' returned '0': PYTHONPATH=/home/spider/gwpspider_ws/build/configuration/prefix_override:/home/spider/gwpspider_ws/install/configuration/lib/python3.10/site-packages:${PYTHONPATH} /usr/bin/python3 setup.py egg_info --egg-base ../../../build/configuration build --build-base /home/spider/gwpspider_ws/build/configuration/build install --record /home/spider/gwpspider_ws/build/configuration/install.log --single-version-externally-managed
