[2.751s] Invoking command in '/home/spider/gwpspider_ws/src/gwpspider/calculations': PYTHONPATH=/home/spider/gwpspider_ws/build/calculations/prefix_override:/home/spider/gwpspider_ws/install/calculations/lib/python3.10/site-packages:${PYTHONPATH} /usr/bin/python3 setup.py egg_info --egg-base ../../../build/calculations build --build-base /home/spider/gwpspider_ws/build/calculations/build install --record /home/spider/gwpspider_ws/build/calculations/install.log --single-version-externally-managed
[3.030s] running egg_info
[3.031s] writing ../../../build/calculations/calculations.egg-info/PKG-INFO
[3.031s] writing dependency_links to ../../../build/calculations/calculations.egg-info/dependency_links.txt
[3.031s] writing entry points to ../../../build/calculations/calculations.egg-info/entry_points.txt
[3.032s] writing requirements to ../../../build/calculations/calculations.egg-info/requires.txt
[3.032s] writing top-level names to ../../../build/calculations/calculations.egg-info/top_level.txt
[3.034s] reading manifest file '../../../build/calculations/calculations.egg-info/SOURCES.txt'
[3.035s] writing manifest file '../../../build/calculations/calculations.egg-info/SOURCES.txt'
[3.036s] running build
[3.036s] running build_py
[3.037s] copying calculations/transformations.py -> /home/spider/gwpspider_ws/build/calculations/build/lib/calculations
[3.038s] running install
[3.038s] /usr/lib/python3/dist-packages/setuptools/command/install.py:34: SetuptoolsDeprecationWarning: setup.py install is deprecated. Use build and pip and other standards-based tools.
[3.038s]   warnings.warn(
[3.038s] running install_lib
[3.039s] copying /home/spider/gwpspider_ws/build/calculations/build/lib/calculations/transformations.py -> /home/spider/gwpspider_ws/install/calculations/lib/python3.10/site-packages/calculations
[3.040s] byte-compiling /home/spider/gwpspider_ws/install/calculations/lib/python3.10/site-packages/calculations/transformations.py to transformations.cpython-310.pyc
[3.043s] running install_data
[3.044s] running install_egg_info
[3.046s] removing '/home/spider/gwpspider_ws/install/calculations/lib/python3.10/site-packages/calculations-0.0.0-py3.10.egg-info' (and everything under it)
[3.051s] Copying ../../../build/calculations/calculations.egg-info to /home/spider/gwpspider_ws/install/calculations/lib/python3.10/site-packages/calculations-0.0.0-py3.10.egg-info
[3.051s] running install_scripts
[3.072s] writing list of installed files to '/home/spider/gwpspider_ws/build/calculations/install.log'
[3.723s] Invoked command in '/home/spider/gwpspider_ws/src/gwpspider/calculations' returned '0': PYTHONPATH=/home/spider/gwpspider_ws/build/calculations/prefix_override:/home/spider/gwpspider_ws/install/calculations/lib/python3.10/site-packages:${PYTHONPATH} /usr/bin/python3 setup.py egg_info --egg-base ../../../build/calculations build --build-base /home/spider/gwpspider_ws/build/calculations/build install --record /home/spider/gwpspider_ws/build/calculations/install.log --single-version-externally-managed
