[0.630s] Invoking command in '/home/spider/gwpspider_ws/src/gwpspider/utils': PYTHONPATH=/home/spider/gwpspider_ws/build/utils/prefix_override:/home/spider/gwpspider_ws/install/utils/lib/python3.10/site-packages:${PYTHONPATH} /usr/bin/python3 setup.py egg_info --egg-base ../../../build/utils build --build-base /home/spider/gwpspider_ws/build/utils/build install --record /home/spider/gwpspider_ws/build/utils/install.log --single-version-externally-managed
[0.936s] running egg_info
[0.937s] writing ../../../build/utils/utils.egg-info/PKG-INFO
[0.937s] writing dependency_links to ../../../build/utils/utils.egg-info/dependency_links.txt
[0.937s] writing entry points to ../../../build/utils/utils.egg-info/entry_points.txt
[0.938s] writing requirements to ../../../build/utils/utils.egg-info/requires.txt
[0.938s] writing top-level names to ../../../build/utils/utils.egg-info/top_level.txt
[0.940s] reading manifest file '../../../build/utils/utils.egg-info/SOURCES.txt'
[0.941s] writing manifest file '../../../build/utils/utils.egg-info/SOURCES.txt'
[0.942s] running build
[0.942s] running build_py
[0.942s] copying utils/custom_interface_helper.py -> /home/spider/gwpspider_ws/build/utils/build/lib/utils
[0.942s] running install
[0.942s] /usr/lib/python3/dist-packages/setuptools/command/install.py:34: SetuptoolsDeprecationWarning: setup.py install is deprecated. Use build and pip and other standards-based tools.
[0.942s]   warnings.warn(
[0.943s] running install_lib
[0.944s] copying /home/spider/gwpspider_ws/build/utils/build/lib/utils/custom_interface_helper.py -> /home/spider/gwpspider_ws/install/utils/lib/python3.10/site-packages/utils
[0.945s] byte-compiling /home/spider/gwpspider_ws/install/utils/lib/python3.10/site-packages/utils/custom_interface_helper.py to custom_interface_helper.cpython-310.pyc
[0.946s] running install_data
[0.947s] running install_egg_info
[0.950s] removing '/home/spider/gwpspider_ws/install/utils/lib/python3.10/site-packages/utils-0.0.0-py3.10.egg-info' (and everything under it)
[0.950s] Copying ../../../build/utils/utils.egg-info to /home/spider/gwpspider_ws/install/utils/lib/python3.10/site-packages/utils-0.0.0-py3.10.egg-info
[0.951s] running install_scripts
[0.974s] writing list of installed files to '/home/spider/gwpspider_ws/build/utils/install.log'
[0.998s] Invoked command in '/home/spider/gwpspider_ws/src/gwpspider/utils' returned '0': PYTHONPATH=/home/spider/gwpspider_ws/build/utils/prefix_override:/home/spider/gwpspider_ws/install/utils/lib/python3.10/site-packages:${PYTHONPATH} /usr/bin/python3 setup.py egg_info --egg-base ../../../build/utils build --build-base /home/spider/gwpspider_ws/build/utils/build install --record /home/spider/gwpspider_ws/build/utils/install.log --single-version-externally-managed
