[1.361s] Invoking command in '/home/spider/gwpspider_ws/src/gwpspider/safety_layer': PYTHONPATH=/home/spider/gwpspider_ws/build/safety_layer/prefix_override:/home/spider/gwpspider_ws/install/safety_layer/lib/python3.10/site-packages:${PYTHONPATH} /usr/bin/python3 setup.py egg_info --egg-base ../../../build/safety_layer build --build-base /home/spider/gwpspider_ws/build/safety_layer/build install --record /home/spider/gwpspider_ws/build/safety_layer/install.log --single-version-externally-managed
[1.628s] running egg_info
[1.629s] writing ../../../build/safety_layer/safety_layer.egg-info/PKG-INFO
[1.629s] writing dependency_links to ../../../build/safety_layer/safety_layer.egg-info/dependency_links.txt
[1.629s] writing entry points to ../../../build/safety_layer/safety_layer.egg-info/entry_points.txt
[1.630s] writing requirements to ../../../build/safety_layer/safety_layer.egg-info/requires.txt
[1.630s] writing top-level names to ../../../build/safety_layer/safety_layer.egg-info/top_level.txt
[1.632s] reading manifest file '../../../build/safety_layer/safety_layer.egg-info/SOURCES.txt'
[1.636s] writing manifest file '../../../build/safety_layer/safety_layer.egg-info/SOURCES.txt'
[1.636s] running build
[1.637s] running build_py
[1.637s] running install
[1.637s] running install_lib
[1.637s] running install_data
[1.637s] /usr/lib/python3/dist-packages/setuptools/command/install.py:34: SetuptoolsDeprecationWarning: setup.py install is deprecated. Use build and pip and other standards-based tools.
[1.637s]   warnings.warn(
[1.638s] running install_egg_info
[1.649s] removing '/home/spider/gwpspider_ws/install/safety_layer/lib/python3.10/site-packages/safety_layer-0.0.0-py3.10.egg-info' (and everything under it)
[1.649s] Copying ../../../build/safety_layer/safety_layer.egg-info to /home/spider/gwpspider_ws/install/safety_layer/lib/python3.10/site-packages/safety_layer-0.0.0-py3.10.egg-info
[1.653s] running install_scripts
[1.671s] Installing safety script to /home/spider/gwpspider_ws/install/safety_layer/lib/safety_layer
[1.672s] writing list of installed files to '/home/spider/gwpspider_ws/build/safety_layer/install.log'
[1.717s] Invoked command in '/home/spider/gwpspider_ws/src/gwpspider/safety_layer' returned '0': PYTHONPATH=/home/spider/gwpspider_ws/build/safety_layer/prefix_override:/home/spider/gwpspider_ws/install/safety_layer/lib/python3.10/site-packages:${PYTHONPATH} /usr/bin/python3 setup.py egg_info --egg-base ../../../build/safety_layer build --build-base /home/spider/gwpspider_ws/build/safety_layer/build install --record /home/spider/gwpspider_ws/build/safety_layer/install.log --single-version-externally-managed
