running egg_info
creating ../../../build/dynamixel_interface/dynamixel_interface.egg-info
writing ../../../build/dynamixel_interface/dynamixel_interface.egg-info/PKG-INFO
writing dependency_links to ../../../build/dynamixel_interface/dynamixel_interface.egg-info/dependency_links.txt
writing entry points to ../../../build/dynamixel_interface/dynamixel_interface.egg-info/entry_points.txt
writing requirements to ../../../build/dynamixel_interface/dynamixel_interface.egg-info/requires.txt
writing top-level names to ../../../build/dynamixel_interface/dynamixel_interface.egg-info/top_level.txt
writing manifest file '../../../build/dynamixel_interface/dynamixel_interface.egg-info/SOURCES.txt'
reading manifest file '../../../build/dynamixel_interface/dynamixel_interface.egg-info/SOURCES.txt'
writing manifest file '../../../build/dynamixel_interface/dynamixel_interface.egg-info/SOURCES.txt'
running build
running build_py
creating /home/spider/gwpspider_ws/build/dynamixel_interface/build
creating /home/spider/gwpspider_ws/build/dynamixel_interface/build/lib
creating /home/spider/gwpspider_ws/build/dynamixel_interface/build/lib/dynamixel_interface
copying dynamixel_interface/dynamixel.py -> /home/spider/gwpspider_ws/build/dynamixel_interface/build/lib/dynamixel_interface
copying dynamixel_interface/__init__.py -> /home/spider/gwpspider_ws/build/dynamixel_interface/build/lib/dynamixel_interface
running install
running install_lib
creating /home/spider/gwpspider_ws/install/dynamixel_interface/lib/python3.10/site-packages/dynamixel_interface
copying /home/spider/gwpspider_ws/build/dynamixel_interface/build/lib/dynamixel_interface/dynamixel.py -> /home/spider/gwpspider_ws/install/dynamixel_interface/lib/python3.10/site-packages/dynamixel_interface
copying /home/spider/gwpspider_ws/build/dynamixel_interface/build/lib/dynamixel_interface/__init__.py -> /home/spider/gwpspider_ws/install/dynamixel_interface/lib/python3.10/site-packages/dynamixel_interface
byte-compiling /home/spider/gwpspider_ws/install/dynamixel_interface/lib/python3.10/site-packages/dynamixel_interface/dynamixel.py to dynamixel.cpython-310.pyc
byte-compiling /home/spider/gwpspider_ws/install/dynamixel_interface/lib/python3.10/site-packages/dynamixel_interface/__init__.py to __init__.cpython-310.pyc
running install_data
creating /home/spider/gwpspider_ws/install/dynamixel_interface/share/ament_index
creating /home/spider/gwpspider_ws/install/dynamixel_interface/share/ament_index/resource_index
creating /home/spider/gwpspider_ws/install/dynamixel_interface/share/ament_index/resource_index/packages
copying resource/dynamixel_interface -> /home/spider/gwpspider_ws/install/dynamixel_interface/share/ament_index/resource_index/packages
copying package.xml -> /home/spider/gwpspider_ws/install/dynamixel_interface/share/dynamixel_interface
running install_egg_info
Copying ../../../build/dynamixel_interface/dynamixel_interface.egg-info to /home/spider/gwpspider_ws/install/dynamixel_interface/lib/python3.10/site-packages/dynamixel_interface-0.0.0-py3.10.egg-info
running install_scripts
writing list of installed files to '/home/spider/gwpspider_ws/build/dynamixel_interface/install.log'
