[1.068s] Invoking command in '/home/spider/gwpspider_ws/src/gwpspider/dynamixel_interface': PYTHONPATH=/home/spider/gwpspider_ws/build/dynamixel_interface/prefix_override:/home/spider/gwpspider_ws/install/dynamixel_interface/lib/python3.10/site-packages:${PYTHONPATH} /usr/bin/python3 setup.py egg_info --egg-base ../../../build/dynamixel_interface build --build-base /home/spider/gwpspider_ws/build/dynamixel_interface/build install --record /home/spider/gwpspider_ws/build/dynamixel_interface/install.log --single-version-externally-managed
[1.280s] running egg_info
[1.280s] creating ../../../build/dynamixel_interface/dynamixel_interface.egg-info
[1.281s] writing ../../../build/dynamixel_interface/dynamixel_interface.egg-info/PKG-INFO
[1.281s] writing dependency_links to ../../../build/dynamixel_interface/dynamixel_interface.egg-info/dependency_links.txt
[1.281s] writing entry points to ../../../build/dynamixel_interface/dynamixel_interface.egg-info/entry_points.txt
[1.281s] writing requirements to ../../../build/dynamixel_interface/dynamixel_interface.egg-info/requires.txt
[1.281s] writing top-level names to ../../../build/dynamixel_interface/dynamixel_interface.egg-info/top_level.txt
[1.281s] writing manifest file '../../../build/dynamixel_interface/dynamixel_interface.egg-info/SOURCES.txt'
[1.283s] reading manifest file '../../../build/dynamixel_interface/dynamixel_interface.egg-info/SOURCES.txt'
[1.284s] writing manifest file '../../../build/dynamixel_interface/dynamixel_interface.egg-info/SOURCES.txt'
[1.284s] running build
[1.284s] running build_py
[1.285s] creating /home/spider/gwpspider_ws/build/dynamixel_interface/build
[1.285s] creating /home/spider/gwpspider_ws/build/dynamixel_interface/build/lib
[1.285s] creating /home/spider/gwpspider_ws/build/dynamixel_interface/build/lib/dynamixel_interface
[1.285s] copying dynamixel_interface/dynamixel.py -> /home/spider/gwpspider_ws/build/dynamixel_interface/build/lib/dynamixel_interface
[1.285s] copying dynamixel_interface/__init__.py -> /home/spider/gwpspider_ws/build/dynamixel_interface/build/lib/dynamixel_interface
[1.285s] running install
[1.286s] /usr/lib/python3/dist-packages/setuptools/command/install.py:34: SetuptoolsDeprecationWarning: setup.py install is deprecated. Use build and pip and other standards-based tools.
[1.286s]   warnings.warn(
[1.286s] running install_lib
[1.286s] creating /home/spider/gwpspider_ws/install/dynamixel_interface/lib/python3.10/site-packages/dynamixel_interface
[1.286s] copying /home/spider/gwpspider_ws/build/dynamixel_interface/build/lib/dynamixel_interface/dynamixel.py -> /home/spider/gwpspider_ws/install/dynamixel_interface/lib/python3.10/site-packages/dynamixel_interface
[1.286s] copying /home/spider/gwpspider_ws/build/dynamixel_interface/build/lib/dynamixel_interface/__init__.py -> /home/spider/gwpspider_ws/install/dynamixel_interface/lib/python3.10/site-packages/dynamixel_interface
[1.287s] byte-compiling /home/spider/gwpspider_ws/install/dynamixel_interface/lib/python3.10/site-packages/dynamixel_interface/dynamixel.py to dynamixel.cpython-310.pyc
[1.287s] byte-compiling /home/spider/gwpspider_ws/install/dynamixel_interface/lib/python3.10/site-packages/dynamixel_interface/__init__.py to __init__.cpython-310.pyc
[1.287s] running install_data
[1.288s] creating /home/spider/gwpspider_ws/install/dynamixel_interface/share/ament_index
[1.288s] creating /home/spider/gwpspider_ws/install/dynamixel_interface/share/ament_index/resource_index
[1.288s] creating /home/spider/gwpspider_ws/install/dynamixel_interface/share/ament_index/resource_index/packages
[1.288s] copying resource/dynamixel_interface -> /home/spider/gwpspider_ws/install/dynamixel_interface/share/ament_index/resource_index/packages
[1.288s] copying package.xml -> /home/spider/gwpspider_ws/install/dynamixel_interface/share/dynamixel_interface
[1.289s] running install_egg_info
[1.290s] Copying ../../../build/dynamixel_interface/dynamixel_interface.egg-info to /home/spider/gwpspider_ws/install/dynamixel_interface/lib/python3.10/site-packages/dynamixel_interface-0.0.0-py3.10.egg-info
[1.291s] running install_scripts
[1.314s] writing list of installed files to '/home/spider/gwpspider_ws/build/dynamixel_interface/install.log'
[1.340s] Invoked command in '/home/spider/gwpspider_ws/src/gwpspider/dynamixel_interface' returned '0': PYTHONPATH=/home/spider/gwpspider_ws/build/dynamixel_interface/prefix_override:/home/spider/gwpspider_ws/install/dynamixel_interface/lib/python3.10/site-packages:${PYTHONPATH} /usr/bin/python3 setup.py egg_info --egg-base ../../../build/dynamixel_interface build --build-base /home/spider/gwpspider_ws/build/dynamixel_interface/build install --record /home/spider/gwpspider_ws/build/dynamixel_interface/install.log --single-version-externally-managed
