[2.589s] Invoking command in '/home/spider/gwpspider_ws/src/gwpspider/application': PYTHONPATH=/home/spider/gwpspider_ws/build/application/prefix_override:/home/spider/gwpspider_ws/install/application/lib/python3.10/site-packages:${PYTHONPATH} /usr/bin/python3 setup.py egg_info --egg-base ../../../build/application build --build-base /home/spider/gwpspider_ws/build/application/build install --record /home/spider/gwpspider_ws/build/application/install.log --single-version-externally-managed
[3.076s] running egg_info
[3.086s] writing ../../../build/application/application.egg-info/PKG-INFO
[3.086s] writing dependency_links to ../../../build/application/application.egg-info/dependency_links.txt
[3.086s] writing entry points to ../../../build/application/application.egg-info/entry_points.txt
[3.086s] writing requirements to ../../../build/application/application.egg-info/requires.txt
[3.086s] writing top-level names to ../../../build/application/application.egg-info/top_level.txt
[3.090s] reading manifest file '../../../build/application/application.egg-info/SOURCES.txt'
[3.091s] writing manifest file '../../../build/application/application.egg-info/SOURCES.txt'
[3.091s] running build
[3.091s] running build_py
[3.091s] copying application/app.py -> /home/spider/gwpspider_ws/build/application/build/lib/application
[3.092s] running install
[3.092s] running install_lib
[3.098s] /usr/lib/python3/dist-packages/setuptools/command/install.py:34: SetuptoolsDeprecationWarning: setup.py install is deprecated. Use build and pip and other standards-based tools.
[3.098s]   warnings.warn(
[3.107s] copying /home/spider/gwpspider_ws/build/application/build/lib/application/app.py -> /home/spider/gwpspider_ws/install/application/lib/python3.10/site-packages/application
[3.107s] byte-compiling /home/spider/gwpspider_ws/install/application/lib/python3.10/site-packages/application/app.py to app.cpython-310.pyc
[3.119s] running install_data
[3.121s] running install_egg_info
[3.124s] removing '/home/spider/gwpspider_ws/install/application/lib/python3.10/site-packages/application-0.0.0-py3.10.egg-info' (and everything under it)
[3.128s] Copying ../../../build/application/application.egg-info to /home/spider/gwpspider_ws/install/application/lib/python3.10/site-packages/application-0.0.0-py3.10.egg-info
[3.139s] running install_scripts
[3.192s] Installing app script to /home/spider/gwpspider_ws/install/application/lib/application
[3.193s] writing list of installed files to '/home/spider/gwpspider_ws/build/application/install.log'
[3.363s] Invoked command in '/home/spider/gwpspider_ws/src/gwpspider/application' returned '0': PYTHONPATH=/home/spider/gwpspider_ws/build/application/prefix_override:/home/spider/gwpspider_ws/install/application/lib/python3.10/site-packages:${PYTHONPATH} /usr/bin/python3 setup.py egg_info --egg-base ../../../build/application build --build-base /home/spider/gwpspider_ws/build/application/build install --record /home/spider/gwpspider_ws/build/application/install.log --single-version-externally-managed
