[1.226s] Invoking command in '/home/spider/gwpspider_ws/build/gwpspider_interfaces': CMAKE_PREFIX_PATH=${CMAKE_PREFIX_PATH}:/home/spider/gwpspider_ws/install/utils:/home/spider/gwpspider_ws/install/planning:/home/spider/gwpspider_ws/install/dynamixel_interface:/home/spider/gwpspider_ws/install/controller:/home/spider/gwpspider_ws/install/configuration:/home/spider/gwpspider_ws/install/calculations:/home/spider/gwpspider_ws/install/arduino_communication:/opt/ros/humble /home/spider/.local/bin/cmake --build /home/spider/gwpspider_ws/build/gwpspider_interfaces -- -j8 -l8
[1.747s] [35m[1mConsolidate compiler generated dependencies of target gwpspider_interfaces__rosidl_generator_c[0m
[1.747s] [  0%] Built target gwpspider_interfaces__cpp
[1.747s] [  0%] Built target ament_cmake_python_copy_gwpspider_interfaces
[1.747s] [ 12%] Built target gwpspider_interfaces__rosidl_generator_c
[1.747s] [35m[1mConsolidate compiler generated dependencies of target gwpspider_interfaces__rosidl_typesupport_introspection_cpp[0m
[1.747s] [35m[1mConsolidate compiler generated dependencies of target gwpspider_interfaces__rosidl_typesupport_cpp[0m
[1.747s] [35m[1mConsolidate compiler generated dependencies of target gwpspider_interfaces__rosidl_typesupport_fastrtps_cpp[0m
[1.747s] [35m[1mConsolidate compiler generated dependencies of target gwpspider_interfaces__rosidl_typesupport_introspection_c[0m
[1.748s] [35m[1mConsolidate compiler generated dependencies of target gwpspider_interfaces__rosidl_typesupport_fastrtps_c[0m
[1.748s] [35m[1mConsolidate compiler generated dependencies of target gwpspider_interfaces__rosidl_typesupport_c[0m
[1.748s] [ 24%] Built target gwpspider_interfaces__rosidl_typesupport_introspection_c
[1.748s] [ 36%] Built target gwpspider_interfaces__rosidl_typesupport_cpp
[1.748s] [ 48%] Built target gwpspider_interfaces__rosidl_typesupport_introspection_cpp
[1.748s] [ 60%] Built target gwpspider_interfaces__rosidl_typesupport_fastrtps_cpp
[1.748s] [ 72%] Built target gwpspider_interfaces__rosidl_typesupport_c
[1.748s] [ 84%] Built target gwpspider_interfaces__rosidl_typesupport_fastrtps_c
[1.748s] [ 84%] Built target gwpspider_interfaces
[1.748s] [ 85%] Built target gwpspider_interfaces__py
[1.748s] [35m[1mConsolidate compiler generated dependencies of target gwpspider_interfaces__rosidl_generator_py[0m
[1.748s] [ 96%] Built target gwpspider_interfaces__rosidl_generator_py
[1.748s] [35m[1mConsolidate compiler generated dependencies of target gwpspider_interfaces__rosidl_typesupport_fastrtps_c__pyext[0m
[1.748s] [35m[1mConsolidate compiler generated dependencies of target gwpspider_interfaces__rosidl_typesupport_c__pyext[0m
[1.749s] [35m[1mConsolidate compiler generated dependencies of target gwpspider_interfaces__rosidl_typesupport_introspection_c__pyext[0m
[1.749s] [ 98%] Built target gwpspider_interfaces__rosidl_typesupport_c__pyext
[1.749s] [ 98%] Built target gwpspider_interfaces__rosidl_typesupport_fastrtps_c__pyext
[1.749s] [100%] Built target gwpspider_interfaces__rosidl_typesupport_introspection_c__pyext
[1.749s] running egg_info
[1.749s] writing gwpspider_interfaces.egg-info/PKG-INFO
[1.749s] writing dependency_links to gwpspider_interfaces.egg-info/dependency_links.txt
[1.749s] writing top-level names to gwpspider_interfaces.egg-info/top_level.txt
[1.749s] reading manifest file 'gwpspider_interfaces.egg-info/SOURCES.txt'
[1.749s] writing manifest file 'gwpspider_interfaces.egg-info/SOURCES.txt'
[1.749s] [100%] Built target ament_cmake_python_build_gwpspider_interfaces_egg
[1.751s] Invoked command in '/home/spider/gwpspider_ws/build/gwpspider_interfaces' returned '0': CMAKE_PREFIX_PATH=${CMAKE_PREFIX_PATH}:/home/spider/gwpspider_ws/install/utils:/home/spider/gwpspider_ws/install/planning:/home/spider/gwpspider_ws/install/dynamixel_interface:/home/spider/gwpspider_ws/install/controller:/home/spider/gwpspider_ws/install/configuration:/home/spider/gwpspider_ws/install/calculations:/home/spider/gwpspider_ws/install/arduino_communication:/opt/ros/humble /home/spider/.local/bin/cmake --build /home/spider/gwpspider_ws/build/gwpspider_interfaces -- -j8 -l8
[3.192s] Invoking command in '/home/spider/gwpspider_ws/build/gwpspider_interfaces': CMAKE_PREFIX_PATH=${CMAKE_PREFIX_PATH}:/home/spider/gwpspider_ws/install/utils:/home/spider/gwpspider_ws/install/planning:/home/spider/gwpspider_ws/install/dynamixel_interface:/home/spider/gwpspider_ws/install/controller:/home/spider/gwpspider_ws/install/configuration:/home/spider/gwpspider_ws/install/calculations:/home/spider/gwpspider_ws/install/arduino_communication:/opt/ros/humble /home/spider/.local/bin/cmake --install /home/spider/gwpspider_ws/build/gwpspider_interfaces
[3.219s] -- Install configuration: ""
[3.220s] -- Up-to-date: /home/spider/gwpspider_ws/install/gwpspider_interfaces/share/ament_index/resource_index/rosidl_interfaces/gwpspider_interfaces
[3.220s] -- Up-to-date: /home/spider/gwpspider_ws/install/gwpspider_interfaces/include/gwpspider_interfaces/gwpspider_interfaces
[3.220s] -- Up-to-date: /home/spider/gwpspider_ws/install/gwpspider_interfaces/include/gwpspider_interfaces/gwpspider_interfaces/srv
[3.220s] -- Up-to-date: /home/spider/gwpspider_ws/install/gwpspider_interfaces/include/gwpspider_interfaces/gwpspider_interfaces/srv/reboot_motors.h
[3.220s] -- Up-to-date: /home/spider/gwpspider_ws/install/gwpspider_interfaces/include/gwpspider_interfaces/gwpspider_interfaces/srv/get_walking_instructions.h
[3.220s] -- Up-to-date: /home/spider/gwpspider_ws/install/gwpspider_interfaces/include/gwpspider_interfaces/gwpspider_interfaces/srv/move_leg.h
[3.221s] -- Up-to-date: /home/spider/gwpspider_ws/install/gwpspider_interfaces/include/gwpspider_interfaces/gwpspider_interfaces/srv/detail
[3.221s] -- Up-to-date: /home/spider/gwpspider_ws/install/gwpspider_interfaces/include/gwpspider_interfaces/gwpspider_interfaces/srv/detail/set_bus_watchdog__struct.h
[3.221s] -- Up-to-date: /home/spider/gwpspider_ws/install/gwpspider_interfaces/include/gwpspider_interfaces/gwpspider_interfaces/srv/detail/get_leg_trajectory__functions.h
[3.221s] -- Up-to-date: /home/spider/gwpspider_ws/install/gwpspider_interfaces/include/gwpspider_interfaces/gwpspider_interfaces/srv/detail/control_water_pump__struct.h
[3.221s] -- Up-to-date: /home/spider/gwpspider_ws/install/gwpspider_interfaces/include/gwpspider_interfaces/gwpspider_interfaces/srv/detail/toggle_motors_torque__type_support.h
[3.221s] -- Up-to-date: /home/spider/gwpspider_ws/install/gwpspider_interfaces/include/gwpspider_interfaces/gwpspider_interfaces/srv/detail/get_walking_instructions__functions.c
[3.221s] -- Up-to-date: /home/spider/gwpspider_ws/install/gwpspider_interfaces/include/gwpspider_interfaces/gwpspider_interfaces/srv/detail/get_modified_walking_instructions__functions.h
[3.221s] -- Up-to-date: /home/spider/gwpspider_ws/install/gwpspider_interfaces/include/gwpspider_interfaces/gwpspider_interfaces/srv/detail/toggle_controller__struct.h
[3.222s] -- Up-to-date: /home/spider/gwpspider_ws/install/gwpspider_interfaces/include/gwpspider_interfaces/gwpspider_interfaces/srv/detail/get_leg_trajectory__functions.c
[3.222s] -- Up-to-date: /home/spider/gwpspider_ws/install/gwpspider_interfaces/include/gwpspider_interfaces/gwpspider_interfaces/srv/detail/toggle_controller__functions.c
[3.222s] -- Up-to-date: /home/spider/gwpspider_ws/install/gwpspider_interfaces/include/gwpspider_interfaces/gwpspider_interfaces/srv/detail/set_bus_watchdog__functions.h
[3.222s] -- Up-to-date: /home/spider/gwpspider_ws/install/gwpspider_interfaces/include/gwpspider_interfaces/gwpspider_interfaces/srv/detail/move_gripper__functions.c
[3.222s] -- Up-to-date: /home/spider/gwpspider_ws/install/gwpspider_interfaces/include/gwpspider_interfaces/gwpspider_interfaces/srv/detail/get_walking_instructions__functions.h
[3.222s] -- Up-to-date: /home/spider/gwpspider_ws/install/gwpspider_interfaces/include/gwpspider_interfaces/gwpspider_interfaces/srv/detail/move_spider__functions.h
[3.222s] -- Up-to-date: /home/spider/gwpspider_ws/install/gwpspider_interfaces/include/gwpspider_interfaces/gwpspider_interfaces/srv/detail/init_bno__functions.h
[3.223s] -- Up-to-date: /home/spider/gwpspider_ws/install/gwpspider_interfaces/include/gwpspider_interfaces/gwpspider_interfaces/srv/detail/get_modified_walking_instructions__functions.c
[3.223s] -- Up-to-date: /home/spider/gwpspider_ws/install/gwpspider_interfaces/include/gwpspider_interfaces/gwpspider_interfaces/srv/detail/set_bus_watchdog__type_support.h
[3.223s] -- Up-to-date: /home/spider/gwpspider_ws/install/gwpspider_interfaces/include/gwpspider_interfaces/gwpspider_interfaces/srv/detail/get_modified_walking_instructions__type_support.h
[3.223s] -- Up-to-date: /home/spider/gwpspider_ws/install/gwpspider_interfaces/include/gwpspider_interfaces/gwpspider_interfaces/srv/detail/init_bno__type_support.h
[3.223s] -- Up-to-date: /home/spider/gwpspider_ws/install/gwpspider_interfaces/include/gwpspider_interfaces/gwpspider_interfaces/srv/detail/toggle_motors_torque__functions.c
[3.223s] -- Up-to-date: /home/spider/gwpspider_ws/install/gwpspider_interfaces/include/gwpspider_interfaces/gwpspider_interfaces/srv/detail/control_water_pump__type_support.h
[3.223s] -- Up-to-date: /home/spider/gwpspider_ws/install/gwpspider_interfaces/include/gwpspider_interfaces/gwpspider_interfaces/srv/detail/get_leg_trajectory__type_support.h
[3.223s] -- Up-to-date: /home/spider/gwpspider_ws/install/gwpspider_interfaces/include/gwpspider_interfaces/gwpspider_interfaces/srv/detail/get_walking_instructions__type_support.h
[3.224s] -- Up-to-date: /home/spider/gwpspider_ws/install/gwpspider_interfaces/include/gwpspider_interfaces/gwpspider_interfaces/srv/detail/get_walking_instructions__struct.h
[3.224s] -- Up-to-date: /home/spider/gwpspider_ws/install/gwpspider_interfaces/include/gwpspider_interfaces/gwpspider_interfaces/srv/detail/move_spider__functions.c
[3.224s] -- Up-to-date: /home/spider/gwpspider_ws/install/gwpspider_interfaces/include/gwpspider_interfaces/gwpspider_interfaces/srv/detail/toggle_controller__functions.h
[3.224s] -- Up-to-date: /home/spider/gwpspider_ws/install/gwpspider_interfaces/include/gwpspider_interfaces/gwpspider_interfaces/srv/detail/set_bus_watchdog__functions.c
[3.224s] -- Up-to-date: /home/spider/gwpspider_ws/install/gwpspider_interfaces/include/gwpspider_interfaces/gwpspider_interfaces/srv/detail/init_bno__functions.c
[3.224s] -- Up-to-date: /home/spider/gwpspider_ws/install/gwpspider_interfaces/include/gwpspider_interfaces/gwpspider_interfaces/srv/detail/reboot_motors__functions.c
[3.225s] -- Up-to-date: /home/spider/gwpspider_ws/install/gwpspider_interfaces/include/gwpspider_interfaces/gwpspider_interfaces/srv/detail/toggle_motors_torque__struct.h
[3.225s] -- Up-to-date: /home/spider/gwpspider_ws/install/gwpspider_interfaces/include/gwpspider_interfaces/gwpspider_interfaces/srv/detail/reboot_motors__struct.h
[3.225s] -- Up-to-date: /home/spider/gwpspider_ws/install/gwpspider_interfaces/include/gwpspider_interfaces/gwpspider_interfaces/srv/detail/move_gripper__struct.h
[3.225s] -- Up-to-date: /home/spider/gwpspider_ws/install/gwpspider_interfaces/include/gwpspider_interfaces/gwpspider_interfaces/srv/detail/toggle_controller__type_support.h
[3.225s] -- Up-to-date: /home/spider/gwpspider_ws/install/gwpspider_interfaces/include/gwpspider_interfaces/gwpspider_interfaces/srv/detail/move_spider__type_support.h
[3.225s] -- Up-to-date: /home/spider/gwpspider_ws/install/gwpspider_interfaces/include/gwpspider_interfaces/gwpspider_interfaces/srv/detail/control_water_pump__functions.c
[3.225s] -- Up-to-date: /home/spider/gwpspider_ws/install/gwpspider_interfaces/include/gwpspider_interfaces/gwpspider_interfaces/srv/detail/move_gripper__type_support.h
[3.225s] -- Up-to-date: /home/spider/gwpspider_ws/install/gwpspider_interfaces/include/gwpspider_interfaces/gwpspider_interfaces/srv/detail/init_bno__struct.h
[3.226s] -- Up-to-date: /home/spider/gwpspider_ws/install/gwpspider_interfaces/include/gwpspider_interfaces/gwpspider_interfaces/srv/detail/move_leg__type_support.h
[3.226s] -- Up-to-date: /home/spider/gwpspider_ws/install/gwpspider_interfaces/include/gwpspider_interfaces/gwpspider_interfaces/srv/detail/reboot_motors__functions.h
[3.226s] -- Up-to-date: /home/spider/gwpspider_ws/install/gwpspider_interfaces/include/gwpspider_interfaces/gwpspider_interfaces/srv/detail/reboot_motors__type_support.h
[3.226s] -- Up-to-date: /home/spider/gwpspider_ws/install/gwpspider_interfaces/include/gwpspider_interfaces/gwpspider_interfaces/srv/detail/toggle_motors_torque__functions.h
[3.226s] -- Up-to-date: /home/spider/gwpspider_ws/install/gwpspider_interfaces/include/gwpspider_interfaces/gwpspider_interfaces/srv/detail/get_leg_trajectory__struct.h
[3.226s] -- Up-to-date: /home/spider/gwpspider_ws/install/gwpspider_interfaces/include/gwpspider_interfaces/gwpspider_interfaces/srv/detail/move_leg__functions.h
[3.226s] -- Up-to-date: /home/spider/gwpspider_ws/install/gwpspider_interfaces/include/gwpspider_interfaces/gwpspider_interfaces/srv/detail/move_leg__functions.c
[3.226s] -- Up-to-date: /home/spider/gwpspider_ws/install/gwpspider_interfaces/include/gwpspider_interfaces/gwpspider_interfaces/srv/detail/move_gripper__functions.h
[3.227s] -- Up-to-date: /home/spider/gwpspider_ws/install/gwpspider_interfaces/include/gwpspider_interfaces/gwpspider_interfaces/srv/detail/move_spider__struct.h
[3.227s] -- Up-to-date: /home/spider/gwpspider_ws/install/gwpspider_interfaces/include/gwpspider_interfaces/gwpspider_interfaces/srv/detail/move_leg__struct.h
[3.227s] -- Up-to-date: /home/spider/gwpspider_ws/install/gwpspider_interfaces/include/gwpspider_interfaces/gwpspider_interfaces/srv/detail/get_modified_walking_instructions__struct.h
[3.227s] -- Up-to-date: /home/spider/gwpspider_ws/install/gwpspider_interfaces/include/gwpspider_interfaces/gwpspider_interfaces/srv/detail/control_water_pump__functions.h
[3.227s] -- Up-to-date: /home/spider/gwpspider_ws/install/gwpspider_interfaces/include/gwpspider_interfaces/gwpspider_interfaces/srv/get_modified_walking_instructions.h
[3.227s] -- Up-to-date: /home/spider/gwpspider_ws/install/gwpspider_interfaces/include/gwpspider_interfaces/gwpspider_interfaces/srv/control_water_pump.h
[3.227s] -- Up-to-date: /home/spider/gwpspider_ws/install/gwpspider_interfaces/include/gwpspider_interfaces/gwpspider_interfaces/srv/toggle_motors_torque.h
[3.228s] -- Up-to-date: /home/spider/gwpspider_ws/install/gwpspider_interfaces/include/gwpspider_interfaces/gwpspider_interfaces/srv/move_gripper.h
[3.228s] -- Up-to-date: /home/spider/gwpspider_ws/install/gwpspider_interfaces/include/gwpspider_interfaces/gwpspider_interfaces/srv/set_bus_watchdog.h
[3.228s] -- Up-to-date: /home/spider/gwpspider_ws/install/gwpspider_interfaces/include/gwpspider_interfaces/gwpspider_interfaces/srv/init_bno.h
[3.228s] -- Up-to-date: /home/spider/gwpspider_ws/install/gwpspider_interfaces/include/gwpspider_interfaces/gwpspider_interfaces/srv/get_leg_trajectory.h
[3.228s] -- Up-to-date: /home/spider/gwpspider_ws/install/gwpspider_interfaces/include/gwpspider_interfaces/gwpspider_interfaces/srv/toggle_controller.h
[3.229s] -- Up-to-date: /home/spider/gwpspider_ws/install/gwpspider_interfaces/include/gwpspider_interfaces/gwpspider_interfaces/srv/move_spider.h
[3.229s] -- Up-to-date: /home/spider/gwpspider_ws/install/gwpspider_interfaces/include/gwpspider_interfaces/gwpspider_interfaces/msg
[3.229s] -- Up-to-date: /home/spider/gwpspider_ws/install/gwpspider_interfaces/include/gwpspider_interfaces/gwpspider_interfaces/msg/legs_states.h
[3.229s] -- Up-to-date: /home/spider/gwpspider_ws/install/gwpspider_interfaces/include/gwpspider_interfaces/gwpspider_interfaces/msg/detail
[3.229s] -- Up-to-date: /home/spider/gwpspider_ws/install/gwpspider_interfaces/include/gwpspider_interfaces/gwpspider_interfaces/msg/detail/water_pump_command__functions.c
[3.229s] -- Up-to-date: /home/spider/gwpspider_ws/install/gwpspider_interfaces/include/gwpspider_interfaces/gwpspider_interfaces/msg/detail/water_pump_command__struct.h
[3.229s] -- Up-to-date: /home/spider/gwpspider_ws/install/gwpspider_interfaces/include/gwpspider_interfaces/gwpspider_interfaces/msg/detail/bno_data__type_support.h
[3.229s] -- Up-to-date: /home/spider/gwpspider_ws/install/gwpspider_interfaces/include/gwpspider_interfaces/gwpspider_interfaces/msg/detail/bno_data__functions.c
[3.229s] -- Up-to-date: /home/spider/gwpspider_ws/install/gwpspider_interfaces/include/gwpspider_interfaces/gwpspider_interfaces/msg/detail/water_pump_command__functions.h
[3.229s] -- Up-to-date: /home/spider/gwpspider_ws/install/gwpspider_interfaces/include/gwpspider_interfaces/gwpspider_interfaces/msg/detail/gripper_command__functions.h
[3.229s] -- Up-to-date: /home/spider/gwpspider_ws/install/gwpspider_interfaces/include/gwpspider_interfaces/gwpspider_interfaces/msg/detail/leg_trajectory__functions.c
[3.229s] -- Up-to-date: /home/spider/gwpspider_ws/install/gwpspider_interfaces/include/gwpspider_interfaces/gwpspider_interfaces/msg/detail/legs_states__type_support.h
[3.230s] -- Up-to-date: /home/spider/gwpspider_ws/install/gwpspider_interfaces/include/gwpspider_interfaces/gwpspider_interfaces/msg/detail/gripper_command__functions.c
[3.230s] -- Up-to-date: /home/spider/gwpspider_ws/install/gwpspider_interfaces/include/gwpspider_interfaces/gwpspider_interfaces/msg/detail/bno_data__struct.h
[3.230s] -- Up-to-date: /home/spider/gwpspider_ws/install/gwpspider_interfaces/include/gwpspider_interfaces/gwpspider_interfaces/msg/detail/leg_trajectory__struct.h
[3.230s] -- Up-to-date: /home/spider/gwpspider_ws/install/gwpspider_interfaces/include/gwpspider_interfaces/gwpspider_interfaces/msg/detail/leg_trajectory__functions.h
[3.230s] -- Up-to-date: /home/spider/gwpspider_ws/install/gwpspider_interfaces/include/gwpspider_interfaces/gwpspider_interfaces/msg/detail/walking_instructions__type_support.h
[3.230s] -- Up-to-date: /home/spider/gwpspider_ws/install/gwpspider_interfaces/include/gwpspider_interfaces/gwpspider_interfaces/msg/detail/legs_states__struct.h
[3.230s] -- Up-to-date: /home/spider/gwpspider_ws/install/gwpspider_interfaces/include/gwpspider_interfaces/gwpspider_interfaces/msg/detail/gripper_command__type_support.h
[3.230s] -- Up-to-date: /home/spider/gwpspider_ws/install/gwpspider_interfaces/include/gwpspider_interfaces/gwpspider_interfaces/msg/detail/bno_data__functions.h
[3.230s] -- Up-to-date: /home/spider/gwpspider_ws/install/gwpspider_interfaces/include/gwpspider_interfaces/gwpspider_interfaces/msg/detail/leg_trajectory__type_support.h
[3.230s] -- Up-to-date: /home/spider/gwpspider_ws/install/gwpspider_interfaces/include/gwpspider_interfaces/gwpspider_interfaces/msg/detail/dynamixel_motors_data__functions.c
[3.230s] -- Up-to-date: /home/spider/gwpspider_ws/install/gwpspider_interfaces/include/gwpspider_interfaces/gwpspider_interfaces/msg/detail/walking_instructions__struct.h
[3.230s] -- Up-to-date: /home/spider/gwpspider_ws/install/gwpspider_interfaces/include/gwpspider_interfaces/gwpspider_interfaces/msg/detail/dynamixel_motors_data__functions.h
[3.231s] -- Up-to-date: /home/spider/gwpspider_ws/install/gwpspider_interfaces/include/gwpspider_interfaces/gwpspider_interfaces/msg/detail/dynamixel_motors_data__type_support.h
[3.231s] -- Up-to-date: /home/spider/gwpspider_ws/install/gwpspider_interfaces/include/gwpspider_interfaces/gwpspider_interfaces/msg/detail/dynamixel_motors_data__struct.h
[3.231s] -- Up-to-date: /home/spider/gwpspider_ws/install/gwpspider_interfaces/include/gwpspider_interfaces/gwpspider_interfaces/msg/detail/gripper_command__struct.h
[3.231s] -- Up-to-date: /home/spider/gwpspider_ws/install/gwpspider_interfaces/include/gwpspider_interfaces/gwpspider_interfaces/msg/detail/legs_states__functions.h
[3.231s] -- Up-to-date: /home/spider/gwpspider_ws/install/gwpspider_interfaces/include/gwpspider_interfaces/gwpspider_interfaces/msg/detail/legs_states__functions.c
[3.231s] -- Up-to-date: /home/spider/gwpspider_ws/install/gwpspider_interfaces/include/gwpspider_interfaces/gwpspider_interfaces/msg/detail/water_pump_command__type_support.h
[3.231s] -- Up-to-date: /home/spider/gwpspider_ws/install/gwpspider_interfaces/include/gwpspider_interfaces/gwpspider_interfaces/msg/detail/walking_instructions__functions.h
[3.231s] -- Up-to-date: /home/spider/gwpspider_ws/install/gwpspider_interfaces/include/gwpspider_interfaces/gwpspider_interfaces/msg/detail/walking_instructions__functions.c
[3.231s] -- Up-to-date: /home/spider/gwpspider_ws/install/gwpspider_interfaces/include/gwpspider_interfaces/gwpspider_interfaces/msg/bno_data.h
[3.231s] -- Up-to-date: /home/spider/gwpspider_ws/install/gwpspider_interfaces/include/gwpspider_interfaces/gwpspider_interfaces/msg/dynamixel_motors_data.h
[3.231s] -- Up-to-date: /home/spider/gwpspider_ws/install/gwpspider_interfaces/include/gwpspider_interfaces/gwpspider_interfaces/msg/rosidl_generator_c__visibility_control.h
[3.231s] -- Up-to-date: /home/spider/gwpspider_ws/install/gwpspider_interfaces/include/gwpspider_interfaces/gwpspider_interfaces/msg/gripper_command.h
[3.231s] -- Up-to-date: /home/spider/gwpspider_ws/install/gwpspider_interfaces/include/gwpspider_interfaces/gwpspider_interfaces/msg/water_pump_command.h
[3.232s] -- Up-to-date: /home/spider/gwpspider_ws/install/gwpspider_interfaces/include/gwpspider_interfaces/gwpspider_interfaces/msg/leg_trajectory.h
[3.232s] -- Up-to-date: /home/spider/gwpspider_ws/install/gwpspider_interfaces/include/gwpspider_interfaces/gwpspider_interfaces/msg/walking_instructions.h
[3.232s] -- Up-to-date: /home/spider/gwpspider_ws/install/gwpspider_interfaces/share/gwpspider_interfaces/environment/library_path.sh
[3.232s] -- Up-to-date: /home/spider/gwpspider_ws/install/gwpspider_interfaces/share/gwpspider_interfaces/environment/library_path.dsv
[3.232s] -- Up-to-date: /home/spider/gwpspider_ws/install/gwpspider_interfaces/lib/libgwpspider_interfaces__rosidl_generator_c.so
[3.232s] -- Up-to-date: /home/spider/gwpspider_ws/install/gwpspider_interfaces/include/gwpspider_interfaces/gwpspider_interfaces
[3.232s] -- Up-to-date: /home/spider/gwpspider_ws/install/gwpspider_interfaces/include/gwpspider_interfaces/gwpspider_interfaces/srv
[3.232s] -- Up-to-date: /home/spider/gwpspider_ws/install/gwpspider_interfaces/include/gwpspider_interfaces/gwpspider_interfaces/srv/detail
[3.232s] -- Up-to-date: /home/spider/gwpspider_ws/install/gwpspider_interfaces/include/gwpspider_interfaces/gwpspider_interfaces/srv/detail/toggle_motors_torque__rosidl_typesupport_fastrtps_c.h
[3.232s] -- Up-to-date: /home/spider/gwpspider_ws/install/gwpspider_interfaces/include/gwpspider_interfaces/gwpspider_interfaces/srv/detail/toggle_controller__rosidl_typesupport_fastrtps_c.h
[3.232s] -- Up-to-date: /home/spider/gwpspider_ws/install/gwpspider_interfaces/include/gwpspider_interfaces/gwpspider_interfaces/srv/detail/move_spider__rosidl_typesupport_fastrtps_c.h
[3.232s] -- Up-to-date: /home/spider/gwpspider_ws/install/gwpspider_interfaces/include/gwpspider_interfaces/gwpspider_interfaces/srv/detail/control_water_pump__rosidl_typesupport_fastrtps_c.h
[3.233s] -- Up-to-date: /home/spider/gwpspider_ws/install/gwpspider_interfaces/include/gwpspider_interfaces/gwpspider_interfaces/srv/detail/set_bus_watchdog__rosidl_typesupport_fastrtps_c.h
[3.233s] -- Up-to-date: /home/spider/gwpspider_ws/install/gwpspider_interfaces/include/gwpspider_interfaces/gwpspider_interfaces/srv/detail/move_leg__rosidl_typesupport_fastrtps_c.h
[3.233s] -- Up-to-date: /home/spider/gwpspider_ws/install/gwpspider_interfaces/include/gwpspider_interfaces/gwpspider_interfaces/srv/detail/init_bno__rosidl_typesupport_fastrtps_c.h
[3.233s] -- Up-to-date: /home/spider/gwpspider_ws/install/gwpspider_interfaces/include/gwpspider_interfaces/gwpspider_interfaces/srv/detail/get_modified_walking_instructions__rosidl_typesupport_fastrtps_c.h
[3.233s] -- Up-to-date: /home/spider/gwpspider_ws/install/gwpspider_interfaces/include/gwpspider_interfaces/gwpspider_interfaces/srv/detail/reboot_motors__rosidl_typesupport_fastrtps_c.h
[3.233s] -- Up-to-date: /home/spider/gwpspider_ws/install/gwpspider_interfaces/include/gwpspider_interfaces/gwpspider_interfaces/srv/detail/move_gripper__rosidl_typesupport_fastrtps_c.h
[3.233s] -- Up-to-date: /home/spider/gwpspider_ws/install/gwpspider_interfaces/include/gwpspider_interfaces/gwpspider_interfaces/srv/detail/get_walking_instructions__rosidl_typesupport_fastrtps_c.h
[3.233s] -- Up-to-date: /home/spider/gwpspider_ws/install/gwpspider_interfaces/include/gwpspider_interfaces/gwpspider_interfaces/srv/detail/get_leg_trajectory__rosidl_typesupport_fastrtps_c.h
[3.233s] -- Up-to-date: /home/spider/gwpspider_ws/install/gwpspider_interfaces/include/gwpspider_interfaces/gwpspider_interfaces/msg
[3.233s] -- Up-to-date: /home/spider/gwpspider_ws/install/gwpspider_interfaces/include/gwpspider_interfaces/gwpspider_interfaces/msg/rosidl_typesupport_fastrtps_c__visibility_control.h
[3.233s] -- Up-to-date: /home/spider/gwpspider_ws/install/gwpspider_interfaces/include/gwpspider_interfaces/gwpspider_interfaces/msg/detail
[3.233s] -- Up-to-date: /home/spider/gwpspider_ws/install/gwpspider_interfaces/include/gwpspider_interfaces/gwpspider_interfaces/msg/detail/gripper_command__rosidl_typesupport_fastrtps_c.h
[3.233s] -- Up-to-date: /home/spider/gwpspider_ws/install/gwpspider_interfaces/include/gwpspider_interfaces/gwpspider_interfaces/msg/detail/bno_data__rosidl_typesupport_fastrtps_c.h
[3.234s] -- Up-to-date: /home/spider/gwpspider_ws/install/gwpspider_interfaces/include/gwpspider_interfaces/gwpspider_interfaces/msg/detail/water_pump_command__rosidl_typesupport_fastrtps_c.h
[3.234s] -- Up-to-date: /home/spider/gwpspider_ws/install/gwpspider_interfaces/include/gwpspider_interfaces/gwpspider_interfaces/msg/detail/walking_instructions__rosidl_typesupport_fastrtps_c.h
[3.234s] -- Up-to-date: /home/spider/gwpspider_ws/install/gwpspider_interfaces/include/gwpspider_interfaces/gwpspider_interfaces/msg/detail/legs_states__rosidl_typesupport_fastrtps_c.h
[3.234s] -- Up-to-date: /home/spider/gwpspider_ws/install/gwpspider_interfaces/include/gwpspider_interfaces/gwpspider_interfaces/msg/detail/dynamixel_motors_data__rosidl_typesupport_fastrtps_c.h
[3.234s] -- Up-to-date: /home/spider/gwpspider_ws/install/gwpspider_interfaces/include/gwpspider_interfaces/gwpspider_interfaces/msg/detail/leg_trajectory__rosidl_typesupport_fastrtps_c.h
[3.234s] -- Up-to-date: /home/spider/gwpspider_ws/install/gwpspider_interfaces/lib/libgwpspider_interfaces__rosidl_typesupport_fastrtps_c.so
[3.234s] -- Up-to-date: /home/spider/gwpspider_ws/install/gwpspider_interfaces/include/gwpspider_interfaces/gwpspider_interfaces
[3.234s] -- Up-to-date: /home/spider/gwpspider_ws/install/gwpspider_interfaces/include/gwpspider_interfaces/gwpspider_interfaces/srv
[3.234s] -- Up-to-date: /home/spider/gwpspider_ws/install/gwpspider_interfaces/include/gwpspider_interfaces/gwpspider_interfaces/srv/detail
[3.234s] -- Up-to-date: /home/spider/gwpspider_ws/install/gwpspider_interfaces/include/gwpspider_interfaces/gwpspider_interfaces/srv/detail/get_walking_instructions__rosidl_typesupport_introspection_c.h
[3.234s] -- Up-to-date: /home/spider/gwpspider_ws/install/gwpspider_interfaces/include/gwpspider_interfaces/gwpspider_interfaces/srv/detail/toggle_motors_torque__type_support.c
[3.234s] -- Up-to-date: /home/spider/gwpspider_ws/install/gwpspider_interfaces/include/gwpspider_interfaces/gwpspider_interfaces/srv/detail/toggle_motors_torque__rosidl_typesupport_introspection_c.h
[3.235s] -- Up-to-date: /home/spider/gwpspider_ws/install/gwpspider_interfaces/include/gwpspider_interfaces/gwpspider_interfaces/srv/detail/control_water_pump__rosidl_typesupport_introspection_c.h
[3.235s] -- Up-to-date: /home/spider/gwpspider_ws/install/gwpspider_interfaces/include/gwpspider_interfaces/gwpspider_interfaces/srv/detail/move_leg__rosidl_typesupport_introspection_c.h
[3.235s] -- Up-to-date: /home/spider/gwpspider_ws/install/gwpspider_interfaces/include/gwpspider_interfaces/gwpspider_interfaces/srv/detail/init_bno__rosidl_typesupport_introspection_c.h
[3.235s] -- Up-to-date: /home/spider/gwpspider_ws/install/gwpspider_interfaces/include/gwpspider_interfaces/gwpspider_interfaces/srv/detail/toggle_controller__type_support.c
[3.235s] -- Up-to-date: /home/spider/gwpspider_ws/install/gwpspider_interfaces/include/gwpspider_interfaces/gwpspider_interfaces/srv/detail/move_gripper__type_support.c
[3.235s] -- Up-to-date: /home/spider/gwpspider_ws/install/gwpspider_interfaces/include/gwpspider_interfaces/gwpspider_interfaces/srv/detail/toggle_controller__rosidl_typesupport_introspection_c.h
[3.235s] -- Up-to-date: /home/spider/gwpspider_ws/install/gwpspider_interfaces/include/gwpspider_interfaces/gwpspider_interfaces/srv/detail/reboot_motors__type_support.c
[3.235s] -- Up-to-date: /home/spider/gwpspider_ws/install/gwpspider_interfaces/include/gwpspider_interfaces/gwpspider_interfaces/srv/detail/move_spider__rosidl_typesupport_introspection_c.h
[3.235s] -- Up-to-date: /home/spider/gwpspider_ws/install/gwpspider_interfaces/include/gwpspider_interfaces/gwpspider_interfaces/srv/detail/init_bno__type_support.c
[3.235s] -- Up-to-date: /home/spider/gwpspider_ws/install/gwpspider_interfaces/include/gwpspider_interfaces/gwpspider_interfaces/srv/detail/get_walking_instructions__type_support.c
[3.235s] -- Up-to-date: /home/spider/gwpspider_ws/install/gwpspider_interfaces/include/gwpspider_interfaces/gwpspider_interfaces/srv/detail/get_modified_walking_instructions__rosidl_typesupport_introspection_c.h
[3.235s] -- Up-to-date: /home/spider/gwpspider_ws/install/gwpspider_interfaces/include/gwpspider_interfaces/gwpspider_interfaces/srv/detail/move_gripper__rosidl_typesupport_introspection_c.h
[3.235s] -- Up-to-date: /home/spider/gwpspider_ws/install/gwpspider_interfaces/include/gwpspider_interfaces/gwpspider_interfaces/srv/detail/get_modified_walking_instructions__type_support.c
[3.236s] -- Up-to-date: /home/spider/gwpspider_ws/install/gwpspider_interfaces/include/gwpspider_interfaces/gwpspider_interfaces/srv/detail/set_bus_watchdog__type_support.c
[3.236s] -- Up-to-date: /home/spider/gwpspider_ws/install/gwpspider_interfaces/include/gwpspider_interfaces/gwpspider_interfaces/srv/detail/control_water_pump__type_support.c
[3.236s] -- Up-to-date: /home/spider/gwpspider_ws/install/gwpspider_interfaces/include/gwpspider_interfaces/gwpspider_interfaces/srv/detail/reboot_motors__rosidl_typesupport_introspection_c.h
[3.236s] -- Up-to-date: /home/spider/gwpspider_ws/install/gwpspider_interfaces/include/gwpspider_interfaces/gwpspider_interfaces/srv/detail/get_leg_trajectory__type_support.c
[3.236s] -- Up-to-date: /home/spider/gwpspider_ws/install/gwpspider_interfaces/include/gwpspider_interfaces/gwpspider_interfaces/srv/detail/move_leg__type_support.c
[3.236s] -- Up-to-date: /home/spider/gwpspider_ws/install/gwpspider_interfaces/include/gwpspider_interfaces/gwpspider_interfaces/srv/detail/get_leg_trajectory__rosidl_typesupport_introspection_c.h
[3.236s] -- Up-to-date: /home/spider/gwpspider_ws/install/gwpspider_interfaces/include/gwpspider_interfaces/gwpspider_interfaces/srv/detail/set_bus_watchdog__rosidl_typesupport_introspection_c.h
[3.236s] -- Up-to-date: /home/spider/gwpspider_ws/install/gwpspider_interfaces/include/gwpspider_interfaces/gwpspider_interfaces/srv/detail/move_spider__type_support.c
[3.236s] -- Up-to-date: /home/spider/gwpspider_ws/install/gwpspider_interfaces/include/gwpspider_interfaces/gwpspider_interfaces/msg
[3.236s] -- Up-to-date: /home/spider/gwpspider_ws/install/gwpspider_interfaces/include/gwpspider_interfaces/gwpspider_interfaces/msg/detail
[3.236s] -- Up-to-date: /home/spider/gwpspider_ws/install/gwpspider_interfaces/include/gwpspider_interfaces/gwpspider_interfaces/msg/detail/leg_trajectory__type_support.c
[3.236s] -- Up-to-date: /home/spider/gwpspider_ws/install/gwpspider_interfaces/include/gwpspider_interfaces/gwpspider_interfaces/msg/detail/bno_data__rosidl_typesupport_introspection_c.h
[3.237s] -- Up-to-date: /home/spider/gwpspider_ws/install/gwpspider_interfaces/include/gwpspider_interfaces/gwpspider_interfaces/msg/detail/dynamixel_motors_data__rosidl_typesupport_introspection_c.h
[3.237s] -- Up-to-date: /home/spider/gwpspider_ws/install/gwpspider_interfaces/include/gwpspider_interfaces/gwpspider_interfaces/msg/detail/gripper_command__type_support.c
[3.237s] -- Up-to-date: /home/spider/gwpspider_ws/install/gwpspider_interfaces/include/gwpspider_interfaces/gwpspider_interfaces/msg/detail/legs_states__rosidl_typesupport_introspection_c.h
[3.237s] -- Up-to-date: /home/spider/gwpspider_ws/install/gwpspider_interfaces/include/gwpspider_interfaces/gwpspider_interfaces/msg/detail/gripper_command__rosidl_typesupport_introspection_c.h
[3.237s] -- Up-to-date: /home/spider/gwpspider_ws/install/gwpspider_interfaces/include/gwpspider_interfaces/gwpspider_interfaces/msg/detail/legs_states__type_support.c
[3.237s] -- Up-to-date: /home/spider/gwpspider_ws/install/gwpspider_interfaces/include/gwpspider_interfaces/gwpspider_interfaces/msg/detail/leg_trajectory__rosidl_typesupport_introspection_c.h
[3.237s] -- Up-to-date: /home/spider/gwpspider_ws/install/gwpspider_interfaces/include/gwpspider_interfaces/gwpspider_interfaces/msg/detail/walking_instructions__type_support.c
[3.237s] -- Up-to-date: /home/spider/gwpspider_ws/install/gwpspider_interfaces/include/gwpspider_interfaces/gwpspider_interfaces/msg/detail/bno_data__type_support.c
[3.237s] -- Up-to-date: /home/spider/gwpspider_ws/install/gwpspider_interfaces/include/gwpspider_interfaces/gwpspider_interfaces/msg/detail/walking_instructions__rosidl_typesupport_introspection_c.h
[3.237s] -- Up-to-date: /home/spider/gwpspider_ws/install/gwpspider_interfaces/include/gwpspider_interfaces/gwpspider_interfaces/msg/detail/water_pump_command__type_support.c
[3.237s] -- Up-to-date: /home/spider/gwpspider_ws/install/gwpspider_interfaces/include/gwpspider_interfaces/gwpspider_interfaces/msg/detail/dynamixel_motors_data__type_support.c
[3.237s] -- Up-to-date: /home/spider/gwpspider_ws/install/gwpspider_interfaces/include/gwpspider_interfaces/gwpspider_interfaces/msg/detail/water_pump_command__rosidl_typesupport_introspection_c.h
[3.237s] -- Up-to-date: /home/spider/gwpspider_ws/install/gwpspider_interfaces/include/gwpspider_interfaces/gwpspider_interfaces/msg/rosidl_typesupport_introspection_c__visibility_control.h
[3.238s] -- Up-to-date: /home/spider/gwpspider_ws/install/gwpspider_interfaces/lib/libgwpspider_interfaces__rosidl_typesupport_introspection_c.so
[3.238s] -- Up-to-date: /home/spider/gwpspider_ws/install/gwpspider_interfaces/lib/libgwpspider_interfaces__rosidl_typesupport_c.so
[3.238s] -- Up-to-date: /home/spider/gwpspider_ws/install/gwpspider_interfaces/include/gwpspider_interfaces/gwpspider_interfaces
[3.238s] -- Up-to-date: /home/spider/gwpspider_ws/install/gwpspider_interfaces/include/gwpspider_interfaces/gwpspider_interfaces/srv
[3.238s] -- Up-to-date: /home/spider/gwpspider_ws/install/gwpspider_interfaces/include/gwpspider_interfaces/gwpspider_interfaces/srv/set_bus_watchdog.hpp
[3.238s] -- Up-to-date: /home/spider/gwpspider_ws/install/gwpspider_interfaces/include/gwpspider_interfaces/gwpspider_interfaces/srv/reboot_motors.hpp
[3.238s] -- Up-to-date: /home/spider/gwpspider_ws/install/gwpspider_interfaces/include/gwpspider_interfaces/gwpspider_interfaces/srv/toggle_controller.hpp
[3.238s] -- Up-to-date: /home/spider/gwpspider_ws/install/gwpspider_interfaces/include/gwpspider_interfaces/gwpspider_interfaces/srv/detail
[3.238s] -- Up-to-date: /home/spider/gwpspider_ws/install/gwpspider_interfaces/include/gwpspider_interfaces/gwpspider_interfaces/srv/detail/move_gripper__traits.hpp
[3.238s] -- Up-to-date: /home/spider/gwpspider_ws/install/gwpspider_interfaces/include/gwpspider_interfaces/gwpspider_interfaces/srv/detail/control_water_pump__struct.hpp
[3.238s] -- Up-to-date: /home/spider/gwpspider_ws/install/gwpspider_interfaces/include/gwpspider_interfaces/gwpspider_interfaces/srv/detail/init_bno__struct.hpp
[3.238s] -- Up-to-date: /home/spider/gwpspider_ws/install/gwpspider_interfaces/include/gwpspider_interfaces/gwpspider_interfaces/srv/detail/move_spider__builder.hpp
[3.238s] -- Up-to-date: /home/spider/gwpspider_ws/install/gwpspider_interfaces/include/gwpspider_interfaces/gwpspider_interfaces/srv/detail/move_leg__builder.hpp
[3.239s] -- Up-to-date: /home/spider/gwpspider_ws/install/gwpspider_interfaces/include/gwpspider_interfaces/gwpspider_interfaces/srv/detail/toggle_controller__struct.hpp
[3.239s] -- Up-to-date: /home/spider/gwpspider_ws/install/gwpspider_interfaces/include/gwpspider_interfaces/gwpspider_interfaces/srv/detail/toggle_motors_torque__builder.hpp
[3.239s] -- Up-to-date: /home/spider/gwpspider_ws/install/gwpspider_interfaces/include/gwpspider_interfaces/gwpspider_interfaces/srv/detail/get_modified_walking_instructions__builder.hpp
[3.239s] -- Up-to-date: /home/spider/gwpspider_ws/install/gwpspider_interfaces/include/gwpspider_interfaces/gwpspider_interfaces/srv/detail/reboot_motors__builder.hpp
[3.239s] -- Up-to-date: /home/spider/gwpspider_ws/install/gwpspider_interfaces/include/gwpspider_interfaces/gwpspider_interfaces/srv/detail/toggle_motors_torque__traits.hpp
[3.239s] -- Up-to-date: /home/spider/gwpspider_ws/install/gwpspider_interfaces/include/gwpspider_interfaces/gwpspider_interfaces/srv/detail/move_gripper__struct.hpp
[3.239s] -- Up-to-date: /home/spider/gwpspider_ws/install/gwpspider_interfaces/include/gwpspider_interfaces/gwpspider_interfaces/srv/detail/reboot_motors__traits.hpp
[3.239s] -- Up-to-date: /home/spider/gwpspider_ws/install/gwpspider_interfaces/include/gwpspider_interfaces/gwpspider_interfaces/srv/detail/get_leg_trajectory__struct.hpp
[3.239s] -- Up-to-date: /home/spider/gwpspider_ws/install/gwpspider_interfaces/include/gwpspider_interfaces/gwpspider_interfaces/srv/detail/move_leg__traits.hpp
[3.239s] -- Up-to-date: /home/spider/gwpspider_ws/install/gwpspider_interfaces/include/gwpspider_interfaces/gwpspider_interfaces/srv/detail/get_leg_trajectory__traits.hpp
[3.239s] -- Up-to-date: /home/spider/gwpspider_ws/install/gwpspider_interfaces/include/gwpspider_interfaces/gwpspider_interfaces/srv/detail/move_gripper__builder.hpp
[3.239s] -- Up-to-date: /home/spider/gwpspider_ws/install/gwpspider_interfaces/include/gwpspider_interfaces/gwpspider_interfaces/srv/detail/get_modified_walking_instructions__struct.hpp
[3.240s] -- Up-to-date: /home/spider/gwpspider_ws/install/gwpspider_interfaces/include/gwpspider_interfaces/gwpspider_interfaces/srv/detail/move_spider__struct.hpp
[3.240s] -- Up-to-date: /home/spider/gwpspider_ws/install/gwpspider_interfaces/include/gwpspider_interfaces/gwpspider_interfaces/srv/detail/set_bus_watchdog__builder.hpp
[3.240s] -- Up-to-date: /home/spider/gwpspider_ws/install/gwpspider_interfaces/include/gwpspider_interfaces/gwpspider_interfaces/srv/detail/init_bno__builder.hpp
[3.240s] -- Up-to-date: /home/spider/gwpspider_ws/install/gwpspider_interfaces/include/gwpspider_interfaces/gwpspider_interfaces/srv/detail/get_walking_instructions__builder.hpp
[3.240s] -- Up-to-date: /home/spider/gwpspider_ws/install/gwpspider_interfaces/include/gwpspider_interfaces/gwpspider_interfaces/srv/detail/init_bno__traits.hpp
[3.240s] -- Up-to-date: /home/spider/gwpspider_ws/install/gwpspider_interfaces/include/gwpspider_interfaces/gwpspider_interfaces/srv/detail/set_bus_watchdog__struct.hpp
[3.240s] -- Up-to-date: /home/spider/gwpspider_ws/install/gwpspider_interfaces/include/gwpspider_interfaces/gwpspider_interfaces/srv/detail/reboot_motors__struct.hpp
[3.240s] -- Up-to-date: /home/spider/gwpspider_ws/install/gwpspider_interfaces/include/gwpspider_interfaces/gwpspider_interfaces/srv/detail/get_walking_instructions__traits.hpp
[3.240s] -- Up-to-date: /home/spider/gwpspider_ws/install/gwpspider_interfaces/include/gwpspider_interfaces/gwpspider_interfaces/srv/detail/toggle_motors_torque__struct.hpp
[3.240s] -- Up-to-date: /home/spider/gwpspider_ws/install/gwpspider_interfaces/include/gwpspider_interfaces/gwpspider_interfaces/srv/detail/control_water_pump__traits.hpp
[3.240s] -- Up-to-date: /home/spider/gwpspider_ws/install/gwpspider_interfaces/include/gwpspider_interfaces/gwpspider_interfaces/srv/detail/move_leg__struct.hpp
[3.240s] -- Up-to-date: /home/spider/gwpspider_ws/install/gwpspider_interfaces/include/gwpspider_interfaces/gwpspider_interfaces/srv/detail/toggle_controller__traits.hpp
[3.240s] -- Up-to-date: /home/spider/gwpspider_ws/install/gwpspider_interfaces/include/gwpspider_interfaces/gwpspider_interfaces/srv/detail/get_walking_instructions__struct.hpp
[3.241s] -- Up-to-date: /home/spider/gwpspider_ws/install/gwpspider_interfaces/include/gwpspider_interfaces/gwpspider_interfaces/srv/detail/set_bus_watchdog__traits.hpp
[3.241s] -- Up-to-date: /home/spider/gwpspider_ws/install/gwpspider_interfaces/include/gwpspider_interfaces/gwpspider_interfaces/srv/detail/control_water_pump__builder.hpp
[3.241s] -- Up-to-date: /home/spider/gwpspider_ws/install/gwpspider_interfaces/include/gwpspider_interfaces/gwpspider_interfaces/srv/detail/toggle_controller__builder.hpp
[3.241s] -- Up-to-date: /home/spider/gwpspider_ws/install/gwpspider_interfaces/include/gwpspider_interfaces/gwpspider_interfaces/srv/detail/get_modified_walking_instructions__traits.hpp
[3.241s] -- Up-to-date: /home/spider/gwpspider_ws/install/gwpspider_interfaces/include/gwpspider_interfaces/gwpspider_interfaces/srv/detail/get_leg_trajectory__builder.hpp
[3.241s] -- Up-to-date: /home/spider/gwpspider_ws/install/gwpspider_interfaces/include/gwpspider_interfaces/gwpspider_interfaces/srv/detail/move_spider__traits.hpp
[3.241s] -- Up-to-date: /home/spider/gwpspider_ws/install/gwpspider_interfaces/include/gwpspider_interfaces/gwpspider_interfaces/srv/get_leg_trajectory.hpp
[3.241s] -- Up-to-date: /home/spider/gwpspider_ws/install/gwpspider_interfaces/include/gwpspider_interfaces/gwpspider_interfaces/srv/toggle_motors_torque.hpp
[3.241s] -- Up-to-date: /home/spider/gwpspider_ws/install/gwpspider_interfaces/include/gwpspider_interfaces/gwpspider_interfaces/srv/move_gripper.hpp
[3.241s] -- Up-to-date: /home/spider/gwpspider_ws/install/gwpspider_interfaces/include/gwpspider_interfaces/gwpspider_interfaces/srv/move_leg.hpp
[3.241s] -- Up-to-date: /home/spider/gwpspider_ws/install/gwpspider_interfaces/include/gwpspider_interfaces/gwpspider_interfaces/srv/move_spider.hpp
[3.241s] -- Up-to-date: /home/spider/gwpspider_ws/install/gwpspider_interfaces/include/gwpspider_interfaces/gwpspider_interfaces/srv/init_bno.hpp
[3.242s] -- Up-to-date: /home/spider/gwpspider_ws/install/gwpspider_interfaces/include/gwpspider_interfaces/gwpspider_interfaces/srv/control_water_pump.hpp
[3.242s] -- Up-to-date: /home/spider/gwpspider_ws/install/gwpspider_interfaces/include/gwpspider_interfaces/gwpspider_interfaces/srv/get_walking_instructions.hpp
[3.242s] -- Up-to-date: /home/spider/gwpspider_ws/install/gwpspider_interfaces/include/gwpspider_interfaces/gwpspider_interfaces/srv/get_modified_walking_instructions.hpp
[3.242s] -- Up-to-date: /home/spider/gwpspider_ws/install/gwpspider_interfaces/include/gwpspider_interfaces/gwpspider_interfaces/msg
[3.242s] -- Up-to-date: /home/spider/gwpspider_ws/install/gwpspider_interfaces/include/gwpspider_interfaces/gwpspider_interfaces/msg/gripper_command.hpp
[3.242s] -- Up-to-date: /home/spider/gwpspider_ws/install/gwpspider_interfaces/include/gwpspider_interfaces/gwpspider_interfaces/msg/walking_instructions.hpp
[3.242s] -- Up-to-date: /home/spider/gwpspider_ws/install/gwpspider_interfaces/include/gwpspider_interfaces/gwpspider_interfaces/msg/detail
[3.242s] -- Up-to-date: /home/spider/gwpspider_ws/install/gwpspider_interfaces/include/gwpspider_interfaces/gwpspider_interfaces/msg/detail/bno_data__traits.hpp
[3.242s] -- Up-to-date: /home/spider/gwpspider_ws/install/gwpspider_interfaces/include/gwpspider_interfaces/gwpspider_interfaces/msg/detail/water_pump_command__struct.hpp
[3.242s] -- Up-to-date: /home/spider/gwpspider_ws/install/gwpspider_interfaces/include/gwpspider_interfaces/gwpspider_interfaces/msg/detail/dynamixel_motors_data__builder.hpp
[3.242s] -- Up-to-date: /home/spider/gwpspider_ws/install/gwpspider_interfaces/include/gwpspider_interfaces/gwpspider_interfaces/msg/detail/dynamixel_motors_data__traits.hpp
[3.242s] -- Up-to-date: /home/spider/gwpspider_ws/install/gwpspider_interfaces/include/gwpspider_interfaces/gwpspider_interfaces/msg/detail/dynamixel_motors_data__struct.hpp
[3.242s] -- Up-to-date: /home/spider/gwpspider_ws/install/gwpspider_interfaces/include/gwpspider_interfaces/gwpspider_interfaces/msg/detail/walking_instructions__struct.hpp
[3.243s] -- Up-to-date: /home/spider/gwpspider_ws/install/gwpspider_interfaces/include/gwpspider_interfaces/gwpspider_interfaces/msg/detail/legs_states__builder.hpp
[3.243s] -- Up-to-date: /home/spider/gwpspider_ws/install/gwpspider_interfaces/include/gwpspider_interfaces/gwpspider_interfaces/msg/detail/gripper_command__traits.hpp
[3.243s] -- Up-to-date: /home/spider/gwpspider_ws/install/gwpspider_interfaces/include/gwpspider_interfaces/gwpspider_interfaces/msg/detail/bno_data__struct.hpp
[3.243s] -- Up-to-date: /home/spider/gwpspider_ws/install/gwpspider_interfaces/include/gwpspider_interfaces/gwpspider_interfaces/msg/detail/gripper_command__struct.hpp
[3.243s] -- Up-to-date: /home/spider/gwpspider_ws/install/gwpspider_interfaces/include/gwpspider_interfaces/gwpspider_interfaces/msg/detail/legs_states__traits.hpp
[3.243s] -- Up-to-date: /home/spider/gwpspider_ws/install/gwpspider_interfaces/include/gwpspider_interfaces/gwpspider_interfaces/msg/detail/walking_instructions__builder.hpp
[3.243s] -- Up-to-date: /home/spider/gwpspider_ws/install/gwpspider_interfaces/include/gwpspider_interfaces/gwpspider_interfaces/msg/detail/bno_data__builder.hpp
[3.243s] -- Up-to-date: /home/spider/gwpspider_ws/install/gwpspider_interfaces/include/gwpspider_interfaces/gwpspider_interfaces/msg/detail/gripper_command__builder.hpp
[3.243s] -- Up-to-date: /home/spider/gwpspider_ws/install/gwpspider_interfaces/include/gwpspider_interfaces/gwpspider_interfaces/msg/detail/leg_trajectory__traits.hpp
[3.243s] -- Up-to-date: /home/spider/gwpspider_ws/install/gwpspider_interfaces/include/gwpspider_interfaces/gwpspider_interfaces/msg/detail/legs_states__struct.hpp
[3.243s] -- Up-to-date: /home/spider/gwpspider_ws/install/gwpspider_interfaces/include/gwpspider_interfaces/gwpspider_interfaces/msg/detail/water_pump_command__traits.hpp
[3.243s] -- Up-to-date: /home/spider/gwpspider_ws/install/gwpspider_interfaces/include/gwpspider_interfaces/gwpspider_interfaces/msg/detail/leg_trajectory__builder.hpp
[3.243s] -- Up-to-date: /home/spider/gwpspider_ws/install/gwpspider_interfaces/include/gwpspider_interfaces/gwpspider_interfaces/msg/detail/leg_trajectory__struct.hpp
[3.244s] -- Up-to-date: /home/spider/gwpspider_ws/install/gwpspider_interfaces/include/gwpspider_interfaces/gwpspider_interfaces/msg/detail/walking_instructions__traits.hpp
[3.244s] -- Up-to-date: /home/spider/gwpspider_ws/install/gwpspider_interfaces/include/gwpspider_interfaces/gwpspider_interfaces/msg/detail/water_pump_command__builder.hpp
[3.244s] -- Up-to-date: /home/spider/gwpspider_ws/install/gwpspider_interfaces/include/gwpspider_interfaces/gwpspider_interfaces/msg/leg_trajectory.hpp
[3.244s] -- Up-to-date: /home/spider/gwpspider_ws/install/gwpspider_interfaces/include/gwpspider_interfaces/gwpspider_interfaces/msg/dynamixel_motors_data.hpp
[3.244s] -- Up-to-date: /home/spider/gwpspider_ws/install/gwpspider_interfaces/include/gwpspider_interfaces/gwpspider_interfaces/msg/bno_data.hpp
[3.244s] -- Up-to-date: /home/spider/gwpspider_ws/install/gwpspider_interfaces/include/gwpspider_interfaces/gwpspider_interfaces/msg/legs_states.hpp
[3.244s] -- Up-to-date: /home/spider/gwpspider_ws/install/gwpspider_interfaces/include/gwpspider_interfaces/gwpspider_interfaces/msg/water_pump_command.hpp
[3.244s] -- Up-to-date: /home/spider/gwpspider_ws/install/gwpspider_interfaces/include/gwpspider_interfaces/gwpspider_interfaces
[3.244s] -- Up-to-date: /home/spider/gwpspider_ws/install/gwpspider_interfaces/include/gwpspider_interfaces/gwpspider_interfaces/srv
[3.244s] -- Up-to-date: /home/spider/gwpspider_ws/install/gwpspider_interfaces/include/gwpspider_interfaces/gwpspider_interfaces/srv/detail
[3.244s] -- Up-to-date: /home/spider/gwpspider_ws/install/gwpspider_interfaces/include/gwpspider_interfaces/gwpspider_interfaces/srv/detail/toggle_motors_torque__rosidl_typesupport_fastrtps_cpp.hpp
[3.244s] -- Up-to-date: /home/spider/gwpspider_ws/install/gwpspider_interfaces/include/gwpspider_interfaces/gwpspider_interfaces/srv/detail/move_gripper__rosidl_typesupport_fastrtps_cpp.hpp
[3.245s] -- Up-to-date: /home/spider/gwpspider_ws/install/gwpspider_interfaces/include/gwpspider_interfaces/gwpspider_interfaces/srv/detail/move_leg__rosidl_typesupport_fastrtps_cpp.hpp
[3.245s] -- Up-to-date: /home/spider/gwpspider_ws/install/gwpspider_interfaces/include/gwpspider_interfaces/gwpspider_interfaces/srv/detail/get_walking_instructions__rosidl_typesupport_fastrtps_cpp.hpp
[3.245s] -- Up-to-date: /home/spider/gwpspider_ws/install/gwpspider_interfaces/include/gwpspider_interfaces/gwpspider_interfaces/srv/detail/init_bno__rosidl_typesupport_fastrtps_cpp.hpp
[3.245s] -- Up-to-date: /home/spider/gwpspider_ws/install/gwpspider_interfaces/include/gwpspider_interfaces/gwpspider_interfaces/srv/detail/move_spider__rosidl_typesupport_fastrtps_cpp.hpp
[3.245s] -- Up-to-date: /home/spider/gwpspider_ws/install/gwpspider_interfaces/include/gwpspider_interfaces/gwpspider_interfaces/srv/detail/control_water_pump__rosidl_typesupport_fastrtps_cpp.hpp
[3.245s] -- Up-to-date: /home/spider/gwpspider_ws/install/gwpspider_interfaces/include/gwpspider_interfaces/gwpspider_interfaces/srv/detail/reboot_motors__rosidl_typesupport_fastrtps_cpp.hpp
[3.245s] -- Up-to-date: /home/spider/gwpspider_ws/install/gwpspider_interfaces/include/gwpspider_interfaces/gwpspider_interfaces/srv/detail/set_bus_watchdog__rosidl_typesupport_fastrtps_cpp.hpp
[3.245s] -- Up-to-date: /home/spider/gwpspider_ws/install/gwpspider_interfaces/include/gwpspider_interfaces/gwpspider_interfaces/srv/detail/get_modified_walking_instructions__rosidl_typesupport_fastrtps_cpp.hpp
[3.245s] -- Up-to-date: /home/spider/gwpspider_ws/install/gwpspider_interfaces/include/gwpspider_interfaces/gwpspider_interfaces/srv/detail/dds_fastrtps
[3.245s] -- Up-to-date: /home/spider/gwpspider_ws/install/gwpspider_interfaces/include/gwpspider_interfaces/gwpspider_interfaces/srv/detail/get_leg_trajectory__rosidl_typesupport_fastrtps_cpp.hpp
[3.245s] -- Up-to-date: /home/spider/gwpspider_ws/install/gwpspider_interfaces/include/gwpspider_interfaces/gwpspider_interfaces/srv/detail/toggle_controller__rosidl_typesupport_fastrtps_cpp.hpp
[3.245s] -- Up-to-date: /home/spider/gwpspider_ws/install/gwpspider_interfaces/include/gwpspider_interfaces/gwpspider_interfaces/msg
[3.245s] -- Up-to-date: /home/spider/gwpspider_ws/install/gwpspider_interfaces/include/gwpspider_interfaces/gwpspider_interfaces/msg/rosidl_typesupport_fastrtps_cpp__visibility_control.h
[3.246s] -- Up-to-date: /home/spider/gwpspider_ws/install/gwpspider_interfaces/include/gwpspider_interfaces/gwpspider_interfaces/msg/detail
[3.246s] -- Up-to-date: /home/spider/gwpspider_ws/install/gwpspider_interfaces/include/gwpspider_interfaces/gwpspider_interfaces/msg/detail/dynamixel_motors_data__rosidl_typesupport_fastrtps_cpp.hpp
[3.246s] -- Up-to-date: /home/spider/gwpspider_ws/install/gwpspider_interfaces/include/gwpspider_interfaces/gwpspider_interfaces/msg/detail/legs_states__rosidl_typesupport_fastrtps_cpp.hpp
[3.246s] -- Up-to-date: /home/spider/gwpspider_ws/install/gwpspider_interfaces/include/gwpspider_interfaces/gwpspider_interfaces/msg/detail/walking_instructions__rosidl_typesupport_fastrtps_cpp.hpp
[3.246s] -- Up-to-date: /home/spider/gwpspider_ws/install/gwpspider_interfaces/include/gwpspider_interfaces/gwpspider_interfaces/msg/detail/bno_data__rosidl_typesupport_fastrtps_cpp.hpp
[3.246s] -- Up-to-date: /home/spider/gwpspider_ws/install/gwpspider_interfaces/include/gwpspider_interfaces/gwpspider_interfaces/msg/detail/leg_trajectory__rosidl_typesupport_fastrtps_cpp.hpp
[3.246s] -- Up-to-date: /home/spider/gwpspider_ws/install/gwpspider_interfaces/include/gwpspider_interfaces/gwpspider_interfaces/msg/detail/water_pump_command__rosidl_typesupport_fastrtps_cpp.hpp
[3.246s] -- Up-to-date: /home/spider/gwpspider_ws/install/gwpspider_interfaces/include/gwpspider_interfaces/gwpspider_interfaces/msg/detail/dds_fastrtps
[3.246s] -- Up-to-date: /home/spider/gwpspider_ws/install/gwpspider_interfaces/include/gwpspider_interfaces/gwpspider_interfaces/msg/detail/gripper_command__rosidl_typesupport_fastrtps_cpp.hpp
[3.246s] -- Up-to-date: /home/spider/gwpspider_ws/install/gwpspider_interfaces/lib/libgwpspider_interfaces__rosidl_typesupport_fastrtps_cpp.so
[3.246s] -- Up-to-date: /home/spider/gwpspider_ws/install/gwpspider_interfaces/include/gwpspider_interfaces/gwpspider_interfaces
[3.246s] -- Up-to-date: /home/spider/gwpspider_ws/install/gwpspider_interfaces/include/gwpspider_interfaces/gwpspider_interfaces/srv
[3.247s] -- Up-to-date: /home/spider/gwpspider_ws/install/gwpspider_interfaces/include/gwpspider_interfaces/gwpspider_interfaces/srv/detail
[3.247s] -- Up-to-date: /home/spider/gwpspider_ws/install/gwpspider_interfaces/include/gwpspider_interfaces/gwpspider_interfaces/srv/detail/reboot_motors__type_support.cpp
[3.247s] -- Up-to-date: /home/spider/gwpspider_ws/install/gwpspider_interfaces/include/gwpspider_interfaces/gwpspider_interfaces/srv/detail/move_leg__rosidl_typesupport_introspection_cpp.hpp
[3.247s] -- Up-to-date: /home/spider/gwpspider_ws/install/gwpspider_interfaces/include/gwpspider_interfaces/gwpspider_interfaces/srv/detail/init_bno__type_support.cpp
[3.247s] -- Up-to-date: /home/spider/gwpspider_ws/install/gwpspider_interfaces/include/gwpspider_interfaces/gwpspider_interfaces/srv/detail/get_modified_walking_instructions__rosidl_typesupport_introspection_cpp.hpp
[3.247s] -- Up-to-date: /home/spider/gwpspider_ws/install/gwpspider_interfaces/include/gwpspider_interfaces/gwpspider_interfaces/srv/detail/move_gripper__rosidl_typesupport_introspection_cpp.hpp
[3.247s] -- Up-to-date: /home/spider/gwpspider_ws/install/gwpspider_interfaces/include/gwpspider_interfaces/gwpspider_interfaces/srv/detail/move_leg__type_support.cpp
[3.247s] -- Up-to-date: /home/spider/gwpspider_ws/install/gwpspider_interfaces/include/gwpspider_interfaces/gwpspider_interfaces/srv/detail/set_bus_watchdog__type_support.cpp
[3.247s] -- Up-to-date: /home/spider/gwpspider_ws/install/gwpspider_interfaces/include/gwpspider_interfaces/gwpspider_interfaces/srv/detail/reboot_motors__rosidl_typesupport_introspection_cpp.hpp
[3.247s] -- Up-to-date: /home/spider/gwpspider_ws/install/gwpspider_interfaces/include/gwpspider_interfaces/gwpspider_interfaces/srv/detail/toggle_controller__type_support.cpp
[3.247s] -- Up-to-date: /home/spider/gwpspider_ws/install/gwpspider_interfaces/include/gwpspider_interfaces/gwpspider_interfaces/srv/detail/control_water_pump__rosidl_typesupport_introspection_cpp.hpp
[3.247s] -- Up-to-date: /home/spider/gwpspider_ws/install/gwpspider_interfaces/include/gwpspider_interfaces/gwpspider_interfaces/srv/detail/toggle_controller__rosidl_typesupport_introspection_cpp.hpp
[3.247s] -- Up-to-date: /home/spider/gwpspider_ws/install/gwpspider_interfaces/include/gwpspider_interfaces/gwpspider_interfaces/srv/detail/get_leg_trajectory__type_support.cpp
[3.248s] -- Up-to-date: /home/spider/gwpspider_ws/install/gwpspider_interfaces/include/gwpspider_interfaces/gwpspider_interfaces/srv/detail/init_bno__rosidl_typesupport_introspection_cpp.hpp
[3.248s] -- Up-to-date: /home/spider/gwpspider_ws/install/gwpspider_interfaces/include/gwpspider_interfaces/gwpspider_interfaces/srv/detail/get_leg_trajectory__rosidl_typesupport_introspection_cpp.hpp
[3.248s] -- Up-to-date: /home/spider/gwpspider_ws/install/gwpspider_interfaces/include/gwpspider_interfaces/gwpspider_interfaces/srv/detail/control_water_pump__type_support.cpp
[3.248s] -- Up-to-date: /home/spider/gwpspider_ws/install/gwpspider_interfaces/include/gwpspider_interfaces/gwpspider_interfaces/srv/detail/toggle_motors_torque__type_support.cpp
[3.248s] -- Up-to-date: /home/spider/gwpspider_ws/install/gwpspider_interfaces/include/gwpspider_interfaces/gwpspider_interfaces/srv/detail/move_spider__rosidl_typesupport_introspection_cpp.hpp
[3.248s] -- Up-to-date: /home/spider/gwpspider_ws/install/gwpspider_interfaces/include/gwpspider_interfaces/gwpspider_interfaces/srv/detail/set_bus_watchdog__rosidl_typesupport_introspection_cpp.hpp
[3.248s] -- Up-to-date: /home/spider/gwpspider_ws/install/gwpspider_interfaces/include/gwpspider_interfaces/gwpspider_interfaces/srv/detail/move_spider__type_support.cpp
[3.248s] -- Up-to-date: /home/spider/gwpspider_ws/install/gwpspider_interfaces/include/gwpspider_interfaces/gwpspider_interfaces/srv/detail/move_gripper__type_support.cpp
[3.248s] -- Up-to-date: /home/spider/gwpspider_ws/install/gwpspider_interfaces/include/gwpspider_interfaces/gwpspider_interfaces/srv/detail/get_modified_walking_instructions__type_support.cpp
[3.248s] -- Up-to-date: /home/spider/gwpspider_ws/install/gwpspider_interfaces/include/gwpspider_interfaces/gwpspider_interfaces/srv/detail/toggle_motors_torque__rosidl_typesupport_introspection_cpp.hpp
[3.248s] -- Up-to-date: /home/spider/gwpspider_ws/install/gwpspider_interfaces/include/gwpspider_interfaces/gwpspider_interfaces/srv/detail/get_walking_instructions__type_support.cpp
[3.248s] -- Up-to-date: /home/spider/gwpspider_ws/install/gwpspider_interfaces/include/gwpspider_interfaces/gwpspider_interfaces/srv/detail/get_walking_instructions__rosidl_typesupport_introspection_cpp.hpp
[3.249s] -- Up-to-date: /home/spider/gwpspider_ws/install/gwpspider_interfaces/include/gwpspider_interfaces/gwpspider_interfaces/msg
[3.249s] -- Up-to-date: /home/spider/gwpspider_ws/install/gwpspider_interfaces/include/gwpspider_interfaces/gwpspider_interfaces/msg/detail
[3.249s] -- Up-to-date: /home/spider/gwpspider_ws/install/gwpspider_interfaces/include/gwpspider_interfaces/gwpspider_interfaces/msg/detail/legs_states__rosidl_typesupport_introspection_cpp.hpp
[3.249s] -- Up-to-date: /home/spider/gwpspider_ws/install/gwpspider_interfaces/include/gwpspider_interfaces/gwpspider_interfaces/msg/detail/walking_instructions__type_support.cpp
[3.249s] -- Up-to-date: /home/spider/gwpspider_ws/install/gwpspider_interfaces/include/gwpspider_interfaces/gwpspider_interfaces/msg/detail/bno_data__type_support.cpp
[3.249s] -- Up-to-date: /home/spider/gwpspider_ws/install/gwpspider_interfaces/include/gwpspider_interfaces/gwpspider_interfaces/msg/detail/gripper_command__type_support.cpp
[3.249s] -- Up-to-date: /home/spider/gwpspider_ws/install/gwpspider_interfaces/include/gwpspider_interfaces/gwpspider_interfaces/msg/detail/dynamixel_motors_data__type_support.cpp
[3.249s] -- Up-to-date: /home/spider/gwpspider_ws/install/gwpspider_interfaces/include/gwpspider_interfaces/gwpspider_interfaces/msg/detail/dynamixel_motors_data__rosidl_typesupport_introspection_cpp.hpp
[3.249s] -- Up-to-date: /home/spider/gwpspider_ws/install/gwpspider_interfaces/include/gwpspider_interfaces/gwpspider_interfaces/msg/detail/gripper_command__rosidl_typesupport_introspection_cpp.hpp
[3.249s] -- Up-to-date: /home/spider/gwpspider_ws/install/gwpspider_interfaces/include/gwpspider_interfaces/gwpspider_interfaces/msg/detail/water_pump_command__rosidl_typesupport_introspection_cpp.hpp
[3.249s] -- Up-to-date: /home/spider/gwpspider_ws/install/gwpspider_interfaces/include/gwpspider_interfaces/gwpspider_interfaces/msg/detail/leg_trajectory__type_support.cpp
[3.249s] -- Up-to-date: /home/spider/gwpspider_ws/install/gwpspider_interfaces/include/gwpspider_interfaces/gwpspider_interfaces/msg/detail/leg_trajectory__rosidl_typesupport_introspection_cpp.hpp
[3.249s] -- Up-to-date: /home/spider/gwpspider_ws/install/gwpspider_interfaces/include/gwpspider_interfaces/gwpspider_interfaces/msg/detail/bno_data__rosidl_typesupport_introspection_cpp.hpp
[3.250s] -- Up-to-date: /home/spider/gwpspider_ws/install/gwpspider_interfaces/include/gwpspider_interfaces/gwpspider_interfaces/msg/detail/walking_instructions__rosidl_typesupport_introspection_cpp.hpp
[3.250s] -- Up-to-date: /home/spider/gwpspider_ws/install/gwpspider_interfaces/include/gwpspider_interfaces/gwpspider_interfaces/msg/detail/water_pump_command__type_support.cpp
[3.250s] -- Up-to-date: /home/spider/gwpspider_ws/install/gwpspider_interfaces/include/gwpspider_interfaces/gwpspider_interfaces/msg/detail/legs_states__type_support.cpp
[3.250s] -- Up-to-date: /home/spider/gwpspider_ws/install/gwpspider_interfaces/lib/libgwpspider_interfaces__rosidl_typesupport_introspection_cpp.so
[3.250s] -- Up-to-date: /home/spider/gwpspider_ws/install/gwpspider_interfaces/lib/libgwpspider_interfaces__rosidl_typesupport_cpp.so
[3.250s] -- Up-to-date: /home/spider/gwpspider_ws/install/gwpspider_interfaces/share/gwpspider_interfaces/environment/pythonpath.sh
[3.250s] -- Up-to-date: /home/spider/gwpspider_ws/install/gwpspider_interfaces/share/gwpspider_interfaces/environment/pythonpath.dsv
[3.250s] -- Up-to-date: /home/spider/gwpspider_ws/install/gwpspider_interfaces/local/lib/python3.10/dist-packages/gwpspider_interfaces-0.0.0-py3.10.egg-info
[3.250s] -- Installing: /home/spider/gwpspider_ws/install/gwpspider_interfaces/local/lib/python3.10/dist-packages/gwpspider_interfaces-0.0.0-py3.10.egg-info/dependency_links.txt
[3.250s] -- Installing: /home/spider/gwpspider_ws/install/gwpspider_interfaces/local/lib/python3.10/dist-packages/gwpspider_interfaces-0.0.0-py3.10.egg-info/top_level.txt
[3.250s] -- Installing: /home/spider/gwpspider_ws/install/gwpspider_interfaces/local/lib/python3.10/dist-packages/gwpspider_interfaces-0.0.0-py3.10.egg-info/SOURCES.txt
[3.250s] -- Installing: /home/spider/gwpspider_ws/install/gwpspider_interfaces/local/lib/python3.10/dist-packages/gwpspider_interfaces-0.0.0-py3.10.egg-info/PKG-INFO
[3.251s] -- Up-to-date: /home/spider/gwpspider_ws/install/gwpspider_interfaces/local/lib/python3.10/dist-packages/gwpspider_interfaces
[3.251s] -- Up-to-date: /home/spider/gwpspider_ws/install/gwpspider_interfaces/local/lib/python3.10/dist-packages/gwpspider_interfaces/_gwpspider_interfaces_s.ep.rosidl_typesupport_c.c
[3.251s] -- Up-to-date: /home/spider/gwpspider_ws/install/gwpspider_interfaces/local/lib/python3.10/dist-packages/gwpspider_interfaces/_gwpspider_interfaces_s.ep.rosidl_typesupport_fastrtps_c.c
[3.251s] -- Up-to-date: /home/spider/gwpspider_ws/install/gwpspider_interfaces/local/lib/python3.10/dist-packages/gwpspider_interfaces/libgwpspider_interfaces__rosidl_generator_py.so
[3.251s] -- Up-to-date: /home/spider/gwpspider_ws/install/gwpspider_interfaces/local/lib/python3.10/dist-packages/gwpspider_interfaces/gwpspider_interfaces_s__rosidl_typesupport_fastrtps_c.cpython-310-x86_64-linux-gnu.so
[3.251s] -- Up-to-date: /home/spider/gwpspider_ws/install/gwpspider_interfaces/local/lib/python3.10/dist-packages/gwpspider_interfaces/_gwpspider_interfaces_s.ep.rosidl_typesupport_introspection_c.c
[3.251s] -- Up-to-date: /home/spider/gwpspider_ws/install/gwpspider_interfaces/local/lib/python3.10/dist-packages/gwpspider_interfaces/__init__.py
[3.251s] -- Up-to-date: /home/spider/gwpspider_ws/install/gwpspider_interfaces/local/lib/python3.10/dist-packages/gwpspider_interfaces/srv
[3.251s] -- Up-to-date: /home/spider/gwpspider_ws/install/gwpspider_interfaces/local/lib/python3.10/dist-packages/gwpspider_interfaces/srv/_move_leg.py
[3.251s] -- Up-to-date: /home/spider/gwpspider_ws/install/gwpspider_interfaces/local/lib/python3.10/dist-packages/gwpspider_interfaces/srv/_toggle_motors_torque.py
[3.251s] -- Up-to-date: /home/spider/gwpspider_ws/install/gwpspider_interfaces/local/lib/python3.10/dist-packages/gwpspider_interfaces/srv/_toggle_controller.py
[3.251s] -- Up-to-date: /home/spider/gwpspider_ws/install/gwpspider_interfaces/local/lib/python3.10/dist-packages/gwpspider_interfaces/srv/_reboot_motors.py
[3.251s] -- Up-to-date: /home/spider/gwpspider_ws/install/gwpspider_interfaces/local/lib/python3.10/dist-packages/gwpspider_interfaces/srv/_set_bus_watchdog.py
[3.252s] -- Up-to-date: /home/spider/gwpspider_ws/install/gwpspider_interfaces/local/lib/python3.10/dist-packages/gwpspider_interfaces/srv/_init_bno.py
[3.252s] -- Up-to-date: /home/spider/gwpspider_ws/install/gwpspider_interfaces/local/lib/python3.10/dist-packages/gwpspider_interfaces/srv/_move_spider.py
[3.252s] -- Up-to-date: /home/spider/gwpspider_ws/install/gwpspider_interfaces/local/lib/python3.10/dist-packages/gwpspider_interfaces/srv/_control_water_pump.py
[3.252s] -- Up-to-date: /home/spider/gwpspider_ws/install/gwpspider_interfaces/local/lib/python3.10/dist-packages/gwpspider_interfaces/srv/_move_spider_s.c
[3.252s] -- Up-to-date: /home/spider/gwpspider_ws/install/gwpspider_interfaces/local/lib/python3.10/dist-packages/gwpspider_interfaces/srv/_move_gripper_s.c
[3.252s] -- Up-to-date: /home/spider/gwpspider_ws/install/gwpspider_interfaces/local/lib/python3.10/dist-packages/gwpspider_interfaces/srv/_reboot_motors_s.c
[3.252s] -- Up-to-date: /home/spider/gwpspider_ws/install/gwpspider_interfaces/local/lib/python3.10/dist-packages/gwpspider_interfaces/srv/__init__.py
[3.252s] -- Up-to-date: /home/spider/gwpspider_ws/install/gwpspider_interfaces/local/lib/python3.10/dist-packages/gwpspider_interfaces/srv/_set_bus_watchdog_s.c
[3.252s] -- Up-to-date: /home/spider/gwpspider_ws/install/gwpspider_interfaces/local/lib/python3.10/dist-packages/gwpspider_interfaces/srv/_get_leg_trajectory_s.c
[3.252s] -- Up-to-date: /home/spider/gwpspider_ws/install/gwpspider_interfaces/local/lib/python3.10/dist-packages/gwpspider_interfaces/srv/_get_walking_instructions.py
[3.252s] -- Up-to-date: /home/spider/gwpspider_ws/install/gwpspider_interfaces/local/lib/python3.10/dist-packages/gwpspider_interfaces/srv/_init_bno_s.c
[3.252s] -- Up-to-date: /home/spider/gwpspider_ws/install/gwpspider_interfaces/local/lib/python3.10/dist-packages/gwpspider_interfaces/srv/_move_gripper.py
[3.253s] -- Up-to-date: /home/spider/gwpspider_ws/install/gwpspider_interfaces/local/lib/python3.10/dist-packages/gwpspider_interfaces/srv/_toggle_motors_torque_s.c
[3.253s] -- Up-to-date: /home/spider/gwpspider_ws/install/gwpspider_interfaces/local/lib/python3.10/dist-packages/gwpspider_interfaces/srv/_get_modified_walking_instructions_s.c
[3.253s] -- Up-to-date: /home/spider/gwpspider_ws/install/gwpspider_interfaces/local/lib/python3.10/dist-packages/gwpspider_interfaces/srv/_get_leg_trajectory.py
[3.253s] -- Up-to-date: /home/spider/gwpspider_ws/install/gwpspider_interfaces/local/lib/python3.10/dist-packages/gwpspider_interfaces/srv/_toggle_controller_s.c
[3.253s] -- Up-to-date: /home/spider/gwpspider_ws/install/gwpspider_interfaces/local/lib/python3.10/dist-packages/gwpspider_interfaces/srv/_move_leg_s.c
[3.253s] -- Up-to-date: /home/spider/gwpspider_ws/install/gwpspider_interfaces/local/lib/python3.10/dist-packages/gwpspider_interfaces/srv/_control_water_pump_s.c
[3.253s] -- Up-to-date: /home/spider/gwpspider_ws/install/gwpspider_interfaces/local/lib/python3.10/dist-packages/gwpspider_interfaces/srv/_get_modified_walking_instructions.py
[3.253s] -- Up-to-date: /home/spider/gwpspider_ws/install/gwpspider_interfaces/local/lib/python3.10/dist-packages/gwpspider_interfaces/srv/_get_walking_instructions_s.c
[3.253s] -- Up-to-date: /home/spider/gwpspider_ws/install/gwpspider_interfaces/local/lib/python3.10/dist-packages/gwpspider_interfaces/gwpspider_interfaces_s__rosidl_typesupport_introspection_c.cpython-310-x86_64-linux-gnu.so
[3.253s] -- Up-to-date: /home/spider/gwpspider_ws/install/gwpspider_interfaces/local/lib/python3.10/dist-packages/gwpspider_interfaces/gwpspider_interfaces_s__rosidl_typesupport_c.cpython-310-x86_64-linux-gnu.so
[3.253s] -- Up-to-date: /home/spider/gwpspider_ws/install/gwpspider_interfaces/local/lib/python3.10/dist-packages/gwpspider_interfaces/msg
[3.253s] -- Up-to-date: /home/spider/gwpspider_ws/install/gwpspider_interfaces/local/lib/python3.10/dist-packages/gwpspider_interfaces/msg/_bno_data.py
[3.253s] -- Up-to-date: /home/spider/gwpspider_ws/install/gwpspider_interfaces/local/lib/python3.10/dist-packages/gwpspider_interfaces/msg/_leg_trajectory_s.c
[3.254s] -- Up-to-date: /home/spider/gwpspider_ws/install/gwpspider_interfaces/local/lib/python3.10/dist-packages/gwpspider_interfaces/msg/_bno_data_s.c
[3.254s] -- Up-to-date: /home/spider/gwpspider_ws/install/gwpspider_interfaces/local/lib/python3.10/dist-packages/gwpspider_interfaces/msg/_gripper_command.py
[3.254s] -- Up-to-date: /home/spider/gwpspider_ws/install/gwpspider_interfaces/local/lib/python3.10/dist-packages/gwpspider_interfaces/msg/_legs_states.py
[3.254s] -- Up-to-date: /home/spider/gwpspider_ws/install/gwpspider_interfaces/local/lib/python3.10/dist-packages/gwpspider_interfaces/msg/_dynamixel_motors_data_s.c
[3.254s] -- Up-to-date: /home/spider/gwpspider_ws/install/gwpspider_interfaces/local/lib/python3.10/dist-packages/gwpspider_interfaces/msg/_legs_states_s.c
[3.254s] -- Up-to-date: /home/spider/gwpspider_ws/install/gwpspider_interfaces/local/lib/python3.10/dist-packages/gwpspider_interfaces/msg/_leg_trajectory.py
[3.254s] -- Up-to-date: /home/spider/gwpspider_ws/install/gwpspider_interfaces/local/lib/python3.10/dist-packages/gwpspider_interfaces/msg/_water_pump_command_s.c
[3.254s] -- Up-to-date: /home/spider/gwpspider_ws/install/gwpspider_interfaces/local/lib/python3.10/dist-packages/gwpspider_interfaces/msg/_water_pump_command.py
[3.254s] -- Up-to-date: /home/spider/gwpspider_ws/install/gwpspider_interfaces/local/lib/python3.10/dist-packages/gwpspider_interfaces/msg/_dynamixel_motors_data.py
[3.254s] -- Up-to-date: /home/spider/gwpspider_ws/install/gwpspider_interfaces/local/lib/python3.10/dist-packages/gwpspider_interfaces/msg/_walking_instructions.py
[3.254s] -- Up-to-date: /home/spider/gwpspider_ws/install/gwpspider_interfaces/local/lib/python3.10/dist-packages/gwpspider_interfaces/msg/__init__.py
[3.254s] -- Up-to-date: /home/spider/gwpspider_ws/install/gwpspider_interfaces/local/lib/python3.10/dist-packages/gwpspider_interfaces/msg/_walking_instructions_s.c
[3.255s] -- Up-to-date: /home/spider/gwpspider_ws/install/gwpspider_interfaces/local/lib/python3.10/dist-packages/gwpspider_interfaces/msg/_gripper_command_s.c
[3.260s] Listing '/home/spider/gwpspider_ws/install/gwpspider_interfaces/local/lib/python3.10/dist-packages/gwpspider_interfaces'...
[3.260s] Listing '/home/spider/gwpspider_ws/install/gwpspider_interfaces/local/lib/python3.10/dist-packages/gwpspider_interfaces/msg'...
[3.260s] Listing '/home/spider/gwpspider_ws/install/gwpspider_interfaces/local/lib/python3.10/dist-packages/gwpspider_interfaces/srv'...
[3.263s] -- Up-to-date: /home/spider/gwpspider_ws/install/gwpspider_interfaces/local/lib/python3.10/dist-packages/gwpspider_interfaces/gwpspider_interfaces_s__rosidl_typesupport_fastrtps_c.cpython-310-x86_64-linux-gnu.so
[3.264s] -- Up-to-date: /home/spider/gwpspider_ws/install/gwpspider_interfaces/local/lib/python3.10/dist-packages/gwpspider_interfaces/gwpspider_interfaces_s__rosidl_typesupport_introspection_c.cpython-310-x86_64-linux-gnu.so
[3.264s] -- Up-to-date: /home/spider/gwpspider_ws/install/gwpspider_interfaces/local/lib/python3.10/dist-packages/gwpspider_interfaces/gwpspider_interfaces_s__rosidl_typesupport_c.cpython-310-x86_64-linux-gnu.so
[3.264s] -- Up-to-date: /home/spider/gwpspider_ws/install/gwpspider_interfaces/lib/libgwpspider_interfaces__rosidl_generator_py.so
[3.264s] -- Up-to-date: /home/spider/gwpspider_ws/install/gwpspider_interfaces/share/gwpspider_interfaces/msg/GripperCommand.idl
[3.264s] -- Up-to-date: /home/spider/gwpspider_ws/install/gwpspider_interfaces/share/gwpspider_interfaces/msg/WaterPumpCommand.idl
[3.264s] -- Up-to-date: /home/spider/gwpspider_ws/install/gwpspider_interfaces/share/gwpspider_interfaces/msg/BnoData.idl
[3.264s] -- Up-to-date: /home/spider/gwpspider_ws/install/gwpspider_interfaces/share/gwpspider_interfaces/msg/DynamixelMotorsData.idl
[3.265s] -- Up-to-date: /home/spider/gwpspider_ws/install/gwpspider_interfaces/share/gwpspider_interfaces/msg/WalkingInstructions.idl
[3.265s] -- Up-to-date: /home/spider/gwpspider_ws/install/gwpspider_interfaces/share/gwpspider_interfaces/msg/LegTrajectory.idl
[3.265s] -- Up-to-date: /home/spider/gwpspider_ws/install/gwpspider_interfaces/share/gwpspider_interfaces/msg/LegsStates.idl
[3.265s] -- Up-to-date: /home/spider/gwpspider_ws/install/gwpspider_interfaces/share/gwpspider_interfaces/srv/MoveGripper.idl
[3.265s] -- Up-to-date: /home/spider/gwpspider_ws/install/gwpspider_interfaces/share/gwpspider_interfaces/srv/ControlWaterPump.idl
[3.265s] -- Up-to-date: /home/spider/gwpspider_ws/install/gwpspider_interfaces/share/gwpspider_interfaces/srv/InitBno.idl
[3.265s] -- Up-to-date: /home/spider/gwpspider_ws/install/gwpspider_interfaces/share/gwpspider_interfaces/srv/ToggleMotorsTorque.idl
[3.265s] -- Up-to-date: /home/spider/gwpspider_ws/install/gwpspider_interfaces/share/gwpspider_interfaces/srv/SetBusWatchdog.idl
[3.266s] -- Up-to-date: /home/spider/gwpspider_ws/install/gwpspider_interfaces/share/gwpspider_interfaces/srv/GetWalkingInstructions.idl
[3.266s] -- Up-to-date: /home/spider/gwpspider_ws/install/gwpspider_interfaces/share/gwpspider_interfaces/srv/GetModifiedWalkingInstructions.idl
[3.266s] -- Up-to-date: /home/spider/gwpspider_ws/install/gwpspider_interfaces/share/gwpspider_interfaces/srv/GetLegTrajectory.idl
[3.266s] -- Up-to-date: /home/spider/gwpspider_ws/install/gwpspider_interfaces/share/gwpspider_interfaces/srv/RebootMotors.idl
[3.266s] -- Up-to-date: /home/spider/gwpspider_ws/install/gwpspider_interfaces/share/gwpspider_interfaces/srv/MoveLeg.idl
[3.266s] -- Up-to-date: /home/spider/gwpspider_ws/install/gwpspider_interfaces/share/gwpspider_interfaces/srv/MoveSpider.idl
[3.266s] -- Up-to-date: /home/spider/gwpspider_ws/install/gwpspider_interfaces/share/gwpspider_interfaces/srv/ToggleController.idl
[3.267s] -- Up-to-date: /home/spider/gwpspider_ws/install/gwpspider_interfaces/share/gwpspider_interfaces/msg/GripperCommand.msg
[3.267s] -- Up-to-date: /home/spider/gwpspider_ws/install/gwpspider_interfaces/share/gwpspider_interfaces/msg/WaterPumpCommand.msg
[3.267s] -- Up-to-date: /home/spider/gwpspider_ws/install/gwpspider_interfaces/share/gwpspider_interfaces/msg/BnoData.msg
[3.267s] -- Up-to-date: /home/spider/gwpspider_ws/install/gwpspider_interfaces/share/gwpspider_interfaces/msg/DynamixelMotorsData.msg
[3.267s] -- Up-to-date: /home/spider/gwpspider_ws/install/gwpspider_interfaces/share/gwpspider_interfaces/msg/WalkingInstructions.msg
[3.267s] -- Up-to-date: /home/spider/gwpspider_ws/install/gwpspider_interfaces/share/gwpspider_interfaces/msg/LegTrajectory.msg
[3.267s] -- Up-to-date: /home/spider/gwpspider_ws/install/gwpspider_interfaces/share/gwpspider_interfaces/msg/LegsStates.msg
[3.267s] -- Up-to-date: /home/spider/gwpspider_ws/install/gwpspider_interfaces/share/gwpspider_interfaces/srv/MoveGripper.srv
[3.267s] -- Up-to-date: /home/spider/gwpspider_ws/install/gwpspider_interfaces/share/gwpspider_interfaces/srv/MoveGripper_Request.msg
[3.268s] -- Up-to-date: /home/spider/gwpspider_ws/install/gwpspider_interfaces/share/gwpspider_interfaces/srv/MoveGripper_Response.msg
[3.268s] -- Up-to-date: /home/spider/gwpspider_ws/install/gwpspider_interfaces/share/gwpspider_interfaces/srv/ControlWaterPump.srv
[3.268s] -- Up-to-date: /home/spider/gwpspider_ws/install/gwpspider_interfaces/share/gwpspider_interfaces/srv/ControlWaterPump_Request.msg
[3.268s] -- Up-to-date: /home/spider/gwpspider_ws/install/gwpspider_interfaces/share/gwpspider_interfaces/srv/ControlWaterPump_Response.msg
[3.268s] -- Up-to-date: /home/spider/gwpspider_ws/install/gwpspider_interfaces/share/gwpspider_interfaces/srv/InitBno.srv
[3.268s] -- Up-to-date: /home/spider/gwpspider_ws/install/gwpspider_interfaces/share/gwpspider_interfaces/srv/InitBno_Request.msg
[3.268s] -- Up-to-date: /home/spider/gwpspider_ws/install/gwpspider_interfaces/share/gwpspider_interfaces/srv/InitBno_Response.msg
[3.268s] -- Up-to-date: /home/spider/gwpspider_ws/install/gwpspider_interfaces/share/gwpspider_interfaces/srv/ToggleMotorsTorque.srv
[3.268s] -- Up-to-date: /home/spider/gwpspider_ws/install/gwpspider_interfaces/share/gwpspider_interfaces/srv/ToggleMotorsTorque_Request.msg
[3.268s] -- Up-to-date: /home/spider/gwpspider_ws/install/gwpspider_interfaces/share/gwpspider_interfaces/srv/ToggleMotorsTorque_Response.msg
[3.269s] -- Up-to-date: /home/spider/gwpspider_ws/install/gwpspider_interfaces/share/gwpspider_interfaces/srv/SetBusWatchdog.srv
[3.269s] -- Up-to-date: /home/spider/gwpspider_ws/install/gwpspider_interfaces/share/gwpspider_interfaces/srv/SetBusWatchdog_Request.msg
[3.269s] -- Up-to-date: /home/spider/gwpspider_ws/install/gwpspider_interfaces/share/gwpspider_interfaces/srv/SetBusWatchdog_Response.msg
[3.269s] -- Up-to-date: /home/spider/gwpspider_ws/install/gwpspider_interfaces/share/gwpspider_interfaces/srv/GetWalkingInstructions.srv
[3.269s] -- Up-to-date: /home/spider/gwpspider_ws/install/gwpspider_interfaces/share/gwpspider_interfaces/srv/GetWalkingInstructions_Request.msg
[3.269s] -- Up-to-date: /home/spider/gwpspider_ws/install/gwpspider_interfaces/share/gwpspider_interfaces/srv/GetWalkingInstructions_Response.msg
[3.269s] -- Up-to-date: /home/spider/gwpspider_ws/install/gwpspider_interfaces/share/gwpspider_interfaces/srv/GetModifiedWalkingInstructions.srv
[3.269s] -- Up-to-date: /home/spider/gwpspider_ws/install/gwpspider_interfaces/share/gwpspider_interfaces/srv/GetModifiedWalkingInstructions_Request.msg
[3.269s] -- Up-to-date: /home/spider/gwpspider_ws/install/gwpspider_interfaces/share/gwpspider_interfaces/srv/GetModifiedWalkingInstructions_Response.msg
[3.269s] -- Up-to-date: /home/spider/gwpspider_ws/install/gwpspider_interfaces/share/gwpspider_interfaces/srv/GetLegTrajectory.srv
[3.269s] -- Up-to-date: /home/spider/gwpspider_ws/install/gwpspider_interfaces/share/gwpspider_interfaces/srv/GetLegTrajectory_Request.msg
[3.270s] -- Up-to-date: /home/spider/gwpspider_ws/install/gwpspider_interfaces/share/gwpspider_interfaces/srv/GetLegTrajectory_Response.msg
[3.270s] -- Up-to-date: /home/spider/gwpspider_ws/install/gwpspider_interfaces/share/gwpspider_interfaces/srv/RebootMotors.srv
[3.270s] -- Up-to-date: /home/spider/gwpspider_ws/install/gwpspider_interfaces/share/gwpspider_interfaces/srv/RebootMotors_Request.msg
[3.270s] -- Up-to-date: /home/spider/gwpspider_ws/install/gwpspider_interfaces/share/gwpspider_interfaces/srv/RebootMotors_Response.msg
[3.270s] -- Up-to-date: /home/spider/gwpspider_ws/install/gwpspider_interfaces/share/gwpspider_interfaces/srv/MoveLeg.srv
[3.270s] -- Up-to-date: /home/spider/gwpspider_ws/install/gwpspider_interfaces/share/gwpspider_interfaces/srv/MoveLeg_Request.msg
[3.270s] -- Up-to-date: /home/spider/gwpspider_ws/install/gwpspider_interfaces/share/gwpspider_interfaces/srv/MoveLeg_Response.msg
[3.270s] -- Up-to-date: /home/spider/gwpspider_ws/install/gwpspider_interfaces/share/gwpspider_interfaces/srv/MoveSpider.srv
[3.270s] -- Up-to-date: /home/spider/gwpspider_ws/install/gwpspider_interfaces/share/gwpspider_interfaces/srv/MoveSpider_Request.msg
[3.270s] -- Up-to-date: /home/spider/gwpspider_ws/install/gwpspider_interfaces/share/gwpspider_interfaces/srv/MoveSpider_Response.msg
[3.270s] -- Up-to-date: /home/spider/gwpspider_ws/install/gwpspider_interfaces/share/gwpspider_interfaces/srv/ToggleController.srv
[3.270s] -- Up-to-date: /home/spider/gwpspider_ws/install/gwpspider_interfaces/share/gwpspider_interfaces/srv/ToggleController_Request.msg
[3.271s] -- Up-to-date: /home/spider/gwpspider_ws/install/gwpspider_interfaces/share/gwpspider_interfaces/srv/ToggleController_Response.msg
[3.271s] -- Up-to-date: /home/spider/gwpspider_ws/install/gwpspider_interfaces/share/ament_index/resource_index/package_run_dependencies/gwpspider_interfaces
[3.271s] -- Up-to-date: /home/spider/gwpspider_ws/install/gwpspider_interfaces/share/ament_index/resource_index/parent_prefix_path/gwpspider_interfaces
[3.271s] -- Up-to-date: /home/spider/gwpspider_ws/install/gwpspider_interfaces/share/gwpspider_interfaces/environment/ament_prefix_path.sh
[3.271s] -- Up-to-date: /home/spider/gwpspider_ws/install/gwpspider_interfaces/share/gwpspider_interfaces/environment/ament_prefix_path.dsv
[3.271s] -- Up-to-date: /home/spider/gwpspider_ws/install/gwpspider_interfaces/share/gwpspider_interfaces/environment/path.sh
[3.271s] -- Up-to-date: /home/spider/gwpspider_ws/install/gwpspider_interfaces/share/gwpspider_interfaces/environment/path.dsv
[3.271s] -- Up-to-date: /home/spider/gwpspider_ws/install/gwpspider_interfaces/share/gwpspider_interfaces/local_setup.bash
[3.271s] -- Up-to-date: /home/spider/gwpspider_ws/install/gwpspider_interfaces/share/gwpspider_interfaces/local_setup.sh
[3.271s] -- Up-to-date: /home/spider/gwpspider_ws/install/gwpspider_interfaces/share/gwpspider_interfaces/local_setup.zsh
[3.271s] -- Up-to-date: /home/spider/gwpspider_ws/install/gwpspider_interfaces/share/gwpspider_interfaces/local_setup.dsv
[3.271s] -- Installing: /home/spider/gwpspider_ws/install/gwpspider_interfaces/share/gwpspider_interfaces/package.dsv
[3.272s] -- Up-to-date: /home/spider/gwpspider_ws/install/gwpspider_interfaces/share/ament_index/resource_index/packages/gwpspider_interfaces
[3.272s] -- Up-to-date: /home/spider/gwpspider_ws/install/gwpspider_interfaces/share/gwpspider_interfaces/cmake/export_gwpspider_interfaces__rosidl_generator_cExport.cmake
[3.272s] -- Up-to-date: /home/spider/gwpspider_ws/install/gwpspider_interfaces/share/gwpspider_interfaces/cmake/export_gwpspider_interfaces__rosidl_generator_cExport-noconfig.cmake
[3.272s] -- Up-to-date: /home/spider/gwpspider_ws/install/gwpspider_interfaces/share/gwpspider_interfaces/cmake/export_gwpspider_interfaces__rosidl_typesupport_fastrtps_cExport.cmake
[3.272s] -- Up-to-date: /home/spider/gwpspider_ws/install/gwpspider_interfaces/share/gwpspider_interfaces/cmake/export_gwpspider_interfaces__rosidl_typesupport_fastrtps_cExport-noconfig.cmake
[3.272s] -- Up-to-date: /home/spider/gwpspider_ws/install/gwpspider_interfaces/share/gwpspider_interfaces/cmake/gwpspider_interfaces__rosidl_typesupport_introspection_cExport.cmake
[3.272s] -- Up-to-date: /home/spider/gwpspider_ws/install/gwpspider_interfaces/share/gwpspider_interfaces/cmake/gwpspider_interfaces__rosidl_typesupport_introspection_cExport-noconfig.cmake
[3.272s] -- Up-to-date: /home/spider/gwpspider_ws/install/gwpspider_interfaces/share/gwpspider_interfaces/cmake/gwpspider_interfaces__rosidl_typesupport_cExport.cmake
[3.272s] -- Up-to-date: /home/spider/gwpspider_ws/install/gwpspider_interfaces/share/gwpspider_interfaces/cmake/gwpspider_interfaces__rosidl_typesupport_cExport-noconfig.cmake
[3.272s] -- Up-to-date: /home/spider/gwpspider_ws/install/gwpspider_interfaces/share/gwpspider_interfaces/cmake/export_gwpspider_interfaces__rosidl_generator_cppExport.cmake
[3.272s] -- Up-to-date: /home/spider/gwpspider_ws/install/gwpspider_interfaces/share/gwpspider_interfaces/cmake/export_gwpspider_interfaces__rosidl_typesupport_fastrtps_cppExport.cmake
[3.272s] -- Up-to-date: /home/spider/gwpspider_ws/install/gwpspider_interfaces/share/gwpspider_interfaces/cmake/export_gwpspider_interfaces__rosidl_typesupport_fastrtps_cppExport-noconfig.cmake
[3.273s] -- Up-to-date: /home/spider/gwpspider_ws/install/gwpspider_interfaces/share/gwpspider_interfaces/cmake/gwpspider_interfaces__rosidl_typesupport_introspection_cppExport.cmake
[3.273s] -- Up-to-date: /home/spider/gwpspider_ws/install/gwpspider_interfaces/share/gwpspider_interfaces/cmake/gwpspider_interfaces__rosidl_typesupport_introspection_cppExport-noconfig.cmake
[3.273s] -- Up-to-date: /home/spider/gwpspider_ws/install/gwpspider_interfaces/share/gwpspider_interfaces/cmake/gwpspider_interfaces__rosidl_typesupport_cppExport.cmake
[3.273s] -- Up-to-date: /home/spider/gwpspider_ws/install/gwpspider_interfaces/share/gwpspider_interfaces/cmake/gwpspider_interfaces__rosidl_typesupport_cppExport-noconfig.cmake
[3.276s] -- Up-to-date: /home/spider/gwpspider_ws/install/gwpspider_interfaces/share/gwpspider_interfaces/cmake/export_gwpspider_interfaces__rosidl_generator_pyExport.cmake
[3.276s] -- Up-to-date: /home/spider/gwpspider_ws/install/gwpspider_interfaces/share/gwpspider_interfaces/cmake/export_gwpspider_interfaces__rosidl_generator_pyExport-noconfig.cmake
[3.276s] -- Up-to-date: /home/spider/gwpspider_ws/install/gwpspider_interfaces/share/gwpspider_interfaces/cmake/rosidl_cmake-extras.cmake
[3.276s] -- Up-to-date: /home/spider/gwpspider_ws/install/gwpspider_interfaces/share/gwpspider_interfaces/cmake/ament_cmake_export_dependencies-extras.cmake
[3.276s] -- Up-to-date: /home/spider/gwpspider_ws/install/gwpspider_interfaces/share/gwpspider_interfaces/cmake/ament_cmake_export_include_directories-extras.cmake
[3.276s] -- Up-to-date: /home/spider/gwpspider_ws/install/gwpspider_interfaces/share/gwpspider_interfaces/cmake/ament_cmake_export_libraries-extras.cmake
[3.276s] -- Up-to-date: /home/spider/gwpspider_ws/install/gwpspider_interfaces/share/gwpspider_interfaces/cmake/ament_cmake_export_targets-extras.cmake
[3.276s] -- Up-to-date: /home/spider/gwpspider_ws/install/gwpspider_interfaces/share/gwpspider_interfaces/cmake/rosidl_cmake_export_typesupport_targets-extras.cmake
[3.277s] -- Up-to-date: /home/spider/gwpspider_ws/install/gwpspider_interfaces/share/gwpspider_interfaces/cmake/rosidl_cmake_export_typesupport_libraries-extras.cmake
[3.277s] -- Up-to-date: /home/spider/gwpspider_ws/install/gwpspider_interfaces/share/gwpspider_interfaces/cmake/gwpspider_interfacesConfig.cmake
[3.277s] -- Up-to-date: /home/spider/gwpspider_ws/install/gwpspider_interfaces/share/gwpspider_interfaces/cmake/gwpspider_interfacesConfig-version.cmake
[3.277s] -- Up-to-date: /home/spider/gwpspider_ws/install/gwpspider_interfaces/share/gwpspider_interfaces/package.xml
[3.277s] Invoked command in '/home/spider/gwpspider_ws/build/gwpspider_interfaces' returned '0': CMAKE_PREFIX_PATH=${CMAKE_PREFIX_PATH}:/home/spider/gwpspider_ws/install/utils:/home/spider/gwpspider_ws/install/planning:/home/spider/gwpspider_ws/install/dynamixel_interface:/home/spider/gwpspider_ws/install/controller:/home/spider/gwpspider_ws/install/configuration:/home/spider/gwpspider_ws/install/calculations:/home/spider/gwpspider_ws/install/arduino_communication:/opt/ros/humble /home/spider/.local/bin/cmake --install /home/spider/gwpspider_ws/build/gwpspider_interfaces
