[2.378s] Invoking command in '/home/spider/gwpspider_ws/src/gwpspider/calculations': PYTHONPATH=/home/spider/gwpspider_ws/build/calculations/prefix_override:/home/spider/gwpspider_ws/install/calculations/lib/python3.10/site-packages:${PYTHONPATH} /usr/bin/python3 setup.py egg_info --egg-base ../../../build/calculations build --build-base /home/spider/gwpspider_ws/build/calculations/build install --record /home/spider/gwpspider_ws/build/calculations/install.log --single-version-externally-managed
[2.855s] running egg_info
[2.857s] writing ../../../build/calculations/calculations.egg-info/PKG-INFO
[2.859s] writing dependency_links to ../../../build/calculations/calculations.egg-info/dependency_links.txt
[2.859s] writing entry points to ../../../build/calculations/calculations.egg-info/entry_points.txt
[2.859s] writing requirements to ../../../build/calculations/calculations.egg-info/requires.txt
[2.860s] writing top-level names to ../../../build/calculations/calculations.egg-info/top_level.txt
[2.868s] reading manifest file '../../../build/calculations/calculations.egg-info/SOURCES.txt'
[2.868s] writing manifest file '../../../build/calculations/calculations.egg-info/SOURCES.txt'
[2.868s] running build
[2.868s] running build_py
[2.868s] running install
[2.869s] /usr/lib/python3/dist-packages/setuptools/command/install.py:34: SetuptoolsDeprecationWarning: setup.py install is deprecated. Use build and pip and other standards-based tools.
[2.870s]   warnings.warn(
[2.870s] running install_lib
[2.870s] running install_data
[2.870s] running install_egg_info
[2.872s] removing '/home/spider/gwpspider_ws/install/calculations/lib/python3.10/site-packages/calculations-0.0.0-py3.10.egg-info' (and everything under it)
[2.878s] Copying ../../../build/calculations/calculations.egg-info to /home/spider/gwpspider_ws/install/calculations/lib/python3.10/site-packages/calculations-0.0.0-py3.10.egg-info
[2.879s] running install_scripts
[2.917s] writing list of installed files to '/home/spider/gwpspider_ws/build/calculations/install.log'
[3.027s] Invoked command in '/home/spider/gwpspider_ws/src/gwpspider/calculations' returned '0': PYTHONPATH=/home/spider/gwpspider_ws/build/calculations/prefix_override:/home/spider/gwpspider_ws/install/calculations/lib/python3.10/site-packages:${PYTHONPATH} /usr/bin/python3 setup.py egg_info --egg-base ../../../build/calculations build --build-base /home/spider/gwpspider_ws/build/calculations/build install --record /home/spider/gwpspider_ws/build/calculations/install.log --single-version-externally-managed
