[2.439s] Invoking command in '/home/spider/gwpspider_ws/src/gwpspider/connection': PYTHONPATH=/home/spider/gwpspider_ws/build/connection/prefix_override:/home/spider/gwpspider_ws/install/connection/lib/python3.10/site-packages:${PYTHONPATH} /usr/bin/python3 setup.py egg_info --egg-base ../../../build/connection build --build-base /home/spider/gwpspider_ws/build/connection/build install --record /home/spider/gwpspider_ws/build/connection/install.log --single-version-externally-managed
[2.874s] running egg_info
[2.875s] writing ../../../build/connection/connection.egg-info/PKG-INFO
[2.876s] writing dependency_links to ../../../build/connection/connection.egg-info/dependency_links.txt
[2.876s] writing entry points to ../../../build/connection/connection.egg-info/entry_points.txt
[2.876s] writing requirements to ../../../build/connection/connection.egg-info/requires.txt
[2.876s] writing top-level names to ../../../build/connection/connection.egg-info/top_level.txt
[2.879s] reading manifest file '../../../build/connection/connection.egg-info/SOURCES.txt'
[2.880s] writing manifest file '../../../build/connection/connection.egg-info/SOURCES.txt'
[2.880s] running build
[2.880s] running build_py
[2.881s] copying connection/fastapi.py -> /home/spider/gwpspider_ws/build/connection/build/lib/connection
[2.881s] running install
[2.881s] /usr/lib/python3/dist-packages/setuptools/command/install.py:34: SetuptoolsDeprecationWarning: setup.py install is deprecated. Use build and pip and other standards-based tools.
[2.882s]   warnings.warn(
[2.882s] running install_lib
[2.884s] copying /home/spider/gwpspider_ws/build/connection/build/lib/connection/fastapi.py -> /home/spider/gwpspider_ws/install/connection/lib/python3.10/site-packages/connection
[2.885s] byte-compiling /home/spider/gwpspider_ws/install/connection/lib/python3.10/site-packages/connection/fastapi.py to fastapi.cpython-310.pyc
[2.888s] running install_data
[2.889s] running install_egg_info
[2.891s] removing '/home/spider/gwpspider_ws/install/connection/lib/python3.10/site-packages/connection-0.0.0-py3.10.egg-info' (and everything under it)
[2.892s] Copying ../../../build/connection/connection.egg-info to /home/spider/gwpspider_ws/install/connection/lib/python3.10/site-packages/connection-0.0.0-py3.10.egg-info
[2.893s] running install_scripts
[2.983s] Installing backend script to /home/spider/gwpspider_ws/install/connection/lib/connection
[2.983s] Installing fastapi script to /home/spider/gwpspider_ws/install/connection/lib/connection
[2.983s] writing list of installed files to '/home/spider/gwpspider_ws/build/connection/install.log'
[3.087s] Invoked command in '/home/spider/gwpspider_ws/src/gwpspider/connection' returned '0': PYTHONPATH=/home/spider/gwpspider_ws/build/connection/prefix_override:/home/spider/gwpspider_ws/install/connection/lib/python3.10/site-packages:${PYTHONPATH} /usr/bin/python3 setup.py egg_info --egg-base ../../../build/connection build --build-base /home/spider/gwpspider_ws/build/connection/build install --record /home/spider/gwpspider_ws/build/connection/install.log --single-version-externally-managed
