[2.309s] Invoking command in '/home/spider/gwpspider_ws/src/gwpspider/calculations': PYTHONPATH=/home/spider/gwpspider_ws/build/calculations/prefix_override:/home/spider/gwpspider_ws/install/calculations/lib/python3.10/site-packages:${PYTHONPATH} /usr/bin/python3 setup.py egg_info --egg-base ../../../build/calculations build --build-base /home/spider/gwpspider_ws/build/calculations/build install --record /home/spider/gwpspider_ws/build/calculations/install.log --single-version-externally-managed
[2.679s] running egg_info
[2.681s] writing ../../../build/calculations/calculations.egg-info/PKG-INFO
[2.681s] writing dependency_links to ../../../build/calculations/calculations.egg-info/dependency_links.txt
[2.681s] writing entry points to ../../../build/calculations/calculations.egg-info/entry_points.txt
[2.682s] writing requirements to ../../../build/calculations/calculations.egg-info/requires.txt
[2.682s] writing top-level names to ../../../build/calculations/calculations.egg-info/top_level.txt
[2.685s] reading manifest file '../../../build/calculations/calculations.egg-info/SOURCES.txt'
[2.686s] writing manifest file '../../../build/calculations/calculations.egg-info/SOURCES.txt'
[2.687s] running build
[2.687s] running build_py
[2.687s] copying calculations/kinematics.py -> /home/spider/gwpspider_ws/build/calculations/build/lib/calculations
[2.688s] running install
[2.688s] /usr/lib/python3/dist-packages/setuptools/command/install.py:34: SetuptoolsDeprecationWarning: setup.py install is deprecated. Use build and pip and other standards-based tools.
[2.688s]   warnings.warn(
[2.688s] running install_lib
[2.690s] copying /home/spider/gwpspider_ws/build/calculations/build/lib/calculations/kinematics.py -> /home/spider/gwpspider_ws/install/calculations/lib/python3.10/site-packages/calculations
[2.691s] byte-compiling /home/spider/gwpspider_ws/install/calculations/lib/python3.10/site-packages/calculations/kinematics.py to kinematics.cpython-310.pyc
[2.696s] running install_data
[2.697s] running install_egg_info
[2.699s] removing '/home/spider/gwpspider_ws/install/calculations/lib/python3.10/site-packages/calculations-0.0.0-py3.10.egg-info' (and everything under it)
[2.701s] Copying ../../../build/calculations/calculations.egg-info to /home/spider/gwpspider_ws/install/calculations/lib/python3.10/site-packages/calculations-0.0.0-py3.10.egg-info
[2.701s] running install_scripts
[2.728s] writing list of installed files to '/home/spider/gwpspider_ws/build/calculations/install.log'
[2.940s] Invoked command in '/home/spider/gwpspider_ws/src/gwpspider/calculations' returned '0': PYTHONPATH=/home/spider/gwpspider_ws/build/calculations/prefix_override:/home/spider/gwpspider_ws/install/calculations/lib/python3.10/site-packages:${PYTHONPATH} /usr/bin/python3 setup.py egg_info --egg-base ../../../build/calculations build --build-base /home/spider/gwpspider_ws/build/calculations/build install --record /home/spider/gwpspider_ws/build/calculations/install.log --single-version-externally-managed
