[0.783s] Invoking command in '/home/spider/gwpspider_ws/src/gwpspider/configuration': PYTHONPATH=/home/spider/gwpspider_ws/build/configuration/prefix_override:/home/spider/gwpspider_ws/install/configuration/lib/python3.10/site-packages:${PYTHONPATH} /usr/bin/python3 setup.py egg_info --egg-base ../../../build/configuration build --build-base /home/spider/gwpspider_ws/build/configuration/build install --record /home/spider/gwpspider_ws/build/configuration/install.log --single-version-externally-managed
[1.098s] running egg_info
[1.098s] creating ../../../build/configuration/configuration.egg-info
[1.098s] writing ../../../build/configuration/configuration.egg-info/PKG-INFO
[1.098s] writing dependency_links to ../../../build/configuration/configuration.egg-info/dependency_links.txt
[1.099s] writing entry points to ../../../build/configuration/configuration.egg-info/entry_points.txt
[1.099s] writing requirements to ../../../build/configuration/configuration.egg-info/requires.txt
[1.099s] writing top-level names to ../../../build/configuration/configuration.egg-info/top_level.txt
[1.099s] writing manifest file '../../../build/configuration/configuration.egg-info/SOURCES.txt'
[1.099s] reading manifest file '../../../build/configuration/configuration.egg-info/SOURCES.txt'
[1.100s] writing manifest file '../../../build/configuration/configuration.egg-info/SOURCES.txt'
[1.100s] running build
[1.102s] running build_py
[1.103s] creating /home/spider/gwpspider_ws/build/configuration/build
[1.103s] creating /home/spider/gwpspider_ws/build/configuration/build/lib
[1.103s] creating /home/spider/gwpspider_ws/build/configuration/build/lib/configuration
[1.103s] copying configuration/config.py -> /home/spider/gwpspider_ws/build/configuration/build/lib/configuration
[1.103s] copying configuration/__init__.py -> /home/spider/gwpspider_ws/build/configuration/build/lib/configuration
[1.103s] running install
[1.103s] running install_lib
[1.103s] creating /home/spider/gwpspider_ws/install/configuration/lib/python3.10/site-packages/configuration
[1.103s] copying /home/spider/gwpspider_ws/build/configuration/build/lib/configuration/config.py -> /home/spider/gwpspider_ws/install/configuration/lib/python3.10/site-packages/configuration
[1.104s] copying /home/spider/gwpspider_ws/build/configuration/build/lib/configuration/__init__.py -> /home/spider/gwpspider_ws/install/configuration/lib/python3.10/site-packages/configuration
[1.105s] /usr/lib/python3/dist-packages/setuptools/command/install.py:34: SetuptoolsDeprecationWarning: setup.py install is deprecated. Use build and pip and other standards-based tools.
[1.105s]   warnings.warn(
[1.105s] byte-compiling /home/spider/gwpspider_ws/install/configuration/lib/python3.10/site-packages/configuration/config.py to config.cpython-310.pyc
[1.106s] byte-compiling /home/spider/gwpspider_ws/install/configuration/lib/python3.10/site-packages/configuration/__init__.py to __init__.cpython-310.pyc
[1.106s] running install_data
[1.106s] creating /home/spider/gwpspider_ws/install/configuration/share/ament_index
[1.106s] creating /home/spider/gwpspider_ws/install/configuration/share/ament_index/resource_index
[1.106s] creating /home/spider/gwpspider_ws/install/configuration/share/ament_index/resource_index/packages
[1.106s] copying resource/configuration -> /home/spider/gwpspider_ws/install/configuration/share/ament_index/resource_index/packages
[1.106s] copying package.xml -> /home/spider/gwpspider_ws/install/configuration/share/configuration
[1.106s] running install_egg_info
[1.107s] Copying ../../../build/configuration/configuration.egg-info to /home/spider/gwpspider_ws/install/configuration/lib/python3.10/site-packages/configuration-0.0.0-py3.10.egg-info
[1.108s] running install_scripts
[1.140s] writing list of installed files to '/home/spider/gwpspider_ws/build/configuration/install.log'
[1.178s] Invoked command in '/home/spider/gwpspider_ws/src/gwpspider/configuration' returned '0': PYTHONPATH=/home/spider/gwpspider_ws/build/configuration/prefix_override:/home/spider/gwpspider_ws/install/configuration/lib/python3.10/site-packages:${PYTHONPATH} /usr/bin/python3 setup.py egg_info --egg-base ../../../build/configuration build --build-base /home/spider/gwpspider_ws/build/configuration/build install --record /home/spider/gwpspider_ws/build/configuration/install.log --single-version-externally-managed
