[2.700s] Invoking command in '/home/spider/gwpspider_ws/src/gwpspider/planning': PYTHONPATH=/home/spider/gwpspider_ws/build/planning/prefix_override:/home/spider/gwpspider_ws/install/planning/lib/python3.10/site-packages:${PYTHONPATH} /usr/bin/python3 setup.py egg_info --egg-base ../../../build/planning build --build-base /home/spider/gwpspider_ws/build/planning/build install --record /home/spider/gwpspider_ws/build/planning/install.log --single-version-externally-managed
[3.353s] running egg_info
[3.357s] writing ../../../build/planning/planning.egg-info/PKG-INFO
[3.357s] writing dependency_links to ../../../build/planning/planning.egg-info/dependency_links.txt
[3.357s] writing entry points to ../../../build/planning/planning.egg-info/entry_points.txt
[3.358s] writing requirements to ../../../build/planning/planning.egg-info/requires.txt
[3.358s] writing top-level names to ../../../build/planning/planning.egg-info/top_level.txt
[3.358s] reading manifest file '../../../build/planning/planning.egg-info/SOURCES.txt'
[3.359s] writing manifest file '../../../build/planning/planning.egg-info/SOURCES.txt'
[3.359s] running build
[3.359s] running build_py
[3.359s] running install
[3.360s] /usr/lib/python3/dist-packages/setuptools/command/install.py:34: SetuptoolsDeprecationWarning: setup.py install is deprecated. Use build and pip and other standards-based tools.
[3.360s]   warnings.warn(
[3.360s] running install_lib
[3.362s] running install_data
[3.365s] running install_egg_info
[3.365s] removing '/home/spider/gwpspider_ws/install/planning/lib/python3.10/site-packages/planning-0.0.0-py3.10.egg-info' (and everything under it)
[3.366s] Copying ../../../build/planning/planning.egg-info to /home/spider/gwpspider_ws/install/planning/lib/python3.10/site-packages/planning-0.0.0-py3.10.egg-info
[3.367s] running install_scripts
[3.403s] Installing path_planner script to /home/spider/gwpspider_ws/install/planning/lib/planning
[3.403s] Installing trajectory_planner script to /home/spider/gwpspider_ws/install/planning/lib/planning
[3.403s] writing list of installed files to '/home/spider/gwpspider_ws/build/planning/install.log'
[3.452s] Invoked command in '/home/spider/gwpspider_ws/src/gwpspider/planning' returned '0': PYTHONPATH=/home/spider/gwpspider_ws/build/planning/prefix_override:/home/spider/gwpspider_ws/install/planning/lib/python3.10/site-packages:${PYTHONPATH} /usr/bin/python3 setup.py egg_info --egg-base ../../../build/planning build --build-base /home/spider/gwpspider_ws/build/planning/build install --record /home/spider/gwpspider_ws/build/planning/install.log --single-version-externally-managed
