[1.588s] Invoking command in '/home/spider/gwpspider_ws/src/gwpspider/offset_prediction_model': PYTHONPATH=/home/spider/gwpspider_ws/build/offset_prediction_model/prefix_override:/home/spider/gwpspider_ws/install/offset_prediction_model/lib/python3.10/site-packages:${PYTHONPATH} /usr/bin/python3 setup.py egg_info --egg-base ../../../build/offset_prediction_model build --build-base /home/spider/gwpspider_ws/build/offset_prediction_model/build install --record /home/spider/gwpspider_ws/build/offset_prediction_model/install.log --single-version-externally-managed
[1.946s] running egg_info
[1.947s] writing ../../../build/offset_prediction_model/offset_prediction_model.egg-info/PKG-INFO
[1.948s] writing dependency_links to ../../../build/offset_prediction_model/offset_prediction_model.egg-info/dependency_links.txt
[1.948s] writing entry points to ../../../build/offset_prediction_model/offset_prediction_model.egg-info/entry_points.txt
[1.949s] writing requirements to ../../../build/offset_prediction_model/offset_prediction_model.egg-info/requires.txt
[1.949s] writing top-level names to ../../../build/offset_prediction_model/offset_prediction_model.egg-info/top_level.txt
[1.952s] reading manifest file '../../../build/offset_prediction_model/offset_prediction_model.egg-info/SOURCES.txt'
[1.953s] writing manifest file '../../../build/offset_prediction_model/offset_prediction_model.egg-info/SOURCES.txt'
[1.954s] running build
[1.954s] running build_py
[1.955s] running install
[1.955s] /usr/lib/python3/dist-packages/setuptools/command/install.py:34: SetuptoolsDeprecationWarning: setup.py install is deprecated. Use build and pip and other standards-based tools.
[1.955s]   warnings.warn(
[1.956s] running install_lib
[1.958s] running install_data
[1.959s] running install_egg_info
[1.962s] removing '/home/spider/gwpspider_ws/install/offset_prediction_model/lib/python3.10/site-packages/offset_prediction_model-0.0.0-py3.10.egg-info' (and everything under it)
[1.968s] Copying ../../../build/offset_prediction_model/offset_prediction_model.egg-info to /home/spider/gwpspider_ws/install/offset_prediction_model/lib/python3.10/site-packages/offset_prediction_model-0.0.0-py3.10.egg-info
[1.969s] running install_scripts
[2.003s] Installing offset_predictor script to /home/spider/gwpspider_ws/install/offset_prediction_model/lib/offset_prediction_model
[2.004s] writing list of installed files to '/home/spider/gwpspider_ws/build/offset_prediction_model/install.log'
[2.061s] Invoked command in '/home/spider/gwpspider_ws/src/gwpspider/offset_prediction_model' returned '0': PYTHONPATH=/home/spider/gwpspider_ws/build/offset_prediction_model/prefix_override:/home/spider/gwpspider_ws/install/offset_prediction_model/lib/python3.10/site-packages:${PYTHONPATH} /usr/bin/python3 setup.py egg_info --egg-base ../../../build/offset_prediction_model build --build-base /home/spider/gwpspider_ws/build/offset_prediction_model/build install --record /home/spider/gwpspider_ws/build/offset_prediction_model/install.log --single-version-externally-managed
