[2.062s] Invoking command in '/home/spider/gwpspider_ws/src/gwpspider/configuration': PYTHONPATH=/home/spider/gwpspider_ws/build/configuration/prefix_override:/home/spider/gwpspider_ws/install/configuration/lib/python3.10/site-packages:${PYTHONPATH} /usr/bin/python3 setup.py egg_info --egg-base ../../../build/configuration build --build-base /home/spider/gwpspider_ws/build/configuration/build install --record /home/spider/gwpspider_ws/build/configuration/install.log --single-version-externally-managed
[2.576s] running egg_info
[2.578s] writing ../../../build/configuration/configuration.egg-info/PKG-INFO
[2.578s] writing dependency_links to ../../../build/configuration/configuration.egg-info/dependency_links.txt
[2.579s] writing entry points to ../../../build/configuration/configuration.egg-info/entry_points.txt
[2.580s] writing requirements to ../../../build/configuration/configuration.egg-info/requires.txt
[2.580s] writing top-level names to ../../../build/configuration/configuration.egg-info/top_level.txt
[2.586s] reading manifest file '../../../build/configuration/configuration.egg-info/SOURCES.txt'
[2.588s] writing manifest file '../../../build/configuration/configuration.egg-info/SOURCES.txt'
[2.588s] running build
[2.588s] running build_py
[2.589s] running install
[2.590s] /usr/lib/python3/dist-packages/setuptools/command/install.py:34: SetuptoolsDeprecationWarning: setup.py install is deprecated. Use build and pip and other standards-based tools.
[2.590s]   warnings.warn(
[2.591s] running install_lib
[2.595s] running install_data
[2.596s] running install_egg_info
[2.599s] removing '/home/spider/gwpspider_ws/install/configuration/lib/python3.10/site-packages/configuration-0.0.0-py3.10.egg-info' (and everything under it)
[2.600s] Copying ../../../build/configuration/configuration.egg-info to /home/spider/gwpspider_ws/install/configuration/lib/python3.10/site-packages/configuration-0.0.0-py3.10.egg-info
[2.601s] running install_scripts
[2.637s] writing list of installed files to '/home/spider/gwpspider_ws/build/configuration/install.log'
[2.774s] Invoked command in '/home/spider/gwpspider_ws/src/gwpspider/configuration' returned '0': PYTHONPATH=/home/spider/gwpspider_ws/build/configuration/prefix_override:/home/spider/gwpspider_ws/install/configuration/lib/python3.10/site-packages:${PYTHONPATH} /usr/bin/python3 setup.py egg_info --egg-base ../../../build/configuration build --build-base /home/spider/gwpspider_ws/build/configuration/build install --record /home/spider/gwpspider_ws/build/configuration/install.log --single-version-externally-managed
