running egg_info
creating ../../../build/application/application.egg-info
writing ../../../build/application/application.egg-info/PKG-INFO
writing dependency_links to ../../../build/application/application.egg-info/dependency_links.txt
writing entry points to ../../../build/application/application.egg-info/entry_points.txt
writing requirements to ../../../build/application/application.egg-info/requires.txt
writing top-level names to ../../../build/application/application.egg-info/top_level.txt
writing manifest file '../../../build/application/application.egg-info/SOURCES.txt'
reading manifest file '../../../build/application/application.egg-info/SOURCES.txt'
writing manifest file '../../../build/application/application.egg-info/SOURCES.txt'
running build
running build_py
creating /home/spider/gwpspider_ws/build/application/build
creating /home/spider/gwpspider_ws/build/application/build/lib
creating /home/spider/gwpspider_ws/build/application/build/lib/application
copying application/__init__.py -> /home/spider/gwpspider_ws/build/application/build/lib/application
running install
running install_lib
creating /home/spider/gwpspider_ws/install/application/lib/python3.10/site-packages/application
copying /home/spider/gwpspider_ws/build/application/build/lib/application/__init__.py -> /home/spider/gwpspider_ws/install/application/lib/python3.10/site-packages/application
byte-compiling /home/spider/gwpspider_ws/install/application/lib/python3.10/site-packages/application/__init__.py to __init__.cpython-310.pyc
running install_data
creating /home/spider/gwpspider_ws/install/application/share/ament_index
creating /home/spider/gwpspider_ws/install/application/share/ament_index/resource_index
creating /home/spider/gwpspider_ws/install/application/share/ament_index/resource_index/packages
copying resource/application -> /home/spider/gwpspider_ws/install/application/share/ament_index/resource_index/packages
copying package.xml -> /home/spider/gwpspider_ws/install/application/share/application
running install_egg_info
Copying ../../../build/application/application.egg-info to /home/spider/gwpspider_ws/install/application/lib/python3.10/site-packages/application-0.0.0-py3.10.egg-info
running install_scripts
Installing application script to /home/spider/gwpspider_ws/install/application/lib/application
writing list of installed files to '/home/spider/gwpspider_ws/build/application/install.log'
/usr/lib/python3/dist-packages/setuptools/command/install.py:34: SetuptoolsDeprecationWarning: setup.py install is deprecated. Use build and pip and other standards-based tools.
  warnings.warn(
