[2.039s] Invoking command in '/home/spider/gwpspider_ws/src/gwpspider/application': PYTHONPATH=/home/spider/gwpspider_ws/build/application/prefix_override:/home/spider/gwpspider_ws/install/application/lib/python3.10/site-packages:${PYTHONPATH} /usr/bin/python3 setup.py egg_info --egg-base ../../../build/application build --build-base /home/spider/gwpspider_ws/build/application/build install --record /home/spider/gwpspider_ws/build/application/install.log --single-version-externally-managed
[2.407s] running egg_info
[2.408s] writing ../../../build/application/application.egg-info/PKG-INFO
[2.409s] writing dependency_links to ../../../build/application/application.egg-info/dependency_links.txt
[2.409s] writing entry points to ../../../build/application/application.egg-info/entry_points.txt
[2.409s] writing requirements to ../../../build/application/application.egg-info/requires.txt
[2.409s] writing top-level names to ../../../build/application/application.egg-info/top_level.txt
[2.434s] reading manifest file '../../../build/application/application.egg-info/SOURCES.txt'
[2.434s] writing manifest file '../../../build/application/application.egg-info/SOURCES.txt'
[2.434s] running build
[2.434s] running build_py
[2.434s] running install
[2.434s] /usr/lib/python3/dist-packages/setuptools/command/install.py:34: SetuptoolsDeprecationWarning: setup.py install is deprecated. Use build and pip and other standards-based tools.
[2.435s]   warnings.warn(
[2.435s] running install_lib
[2.435s] running install_data
[2.435s] running install_egg_info
[2.446s] removing '/home/spider/gwpspider_ws/install/application/lib/python3.10/site-packages/application-0.0.0-py3.10.egg-info' (and everything under it)
[2.446s] Copying ../../../build/application/application.egg-info to /home/spider/gwpspider_ws/install/application/lib/python3.10/site-packages/application-0.0.0-py3.10.egg-info
[2.447s] running install_scripts
[2.525s] Installing app script to /home/spider/gwpspider_ws/install/application/lib/application
[2.526s] writing list of installed files to '/home/spider/gwpspider_ws/build/application/install.log'
[2.662s] Invoked command in '/home/spider/gwpspider_ws/src/gwpspider/application' returned '0': PYTHONPATH=/home/spider/gwpspider_ws/build/application/prefix_override:/home/spider/gwpspider_ws/install/application/lib/python3.10/site-packages:${PYTHONPATH} /usr/bin/python3 setup.py egg_info --egg-base ../../../build/application build --build-base /home/spider/gwpspider_ws/build/application/build install --record /home/spider/gwpspider_ws/build/application/install.log --single-version-externally-managed
