[2.744s] Invoking command in '/home/spider/gwpspider_ws/src/gwpspider/utils': PYTHONPATH=/home/spider/gwpspider_ws/build/utils/prefix_override:/home/spider/gwpspider_ws/install/utils/lib/python3.10/site-packages:${PYTHONPATH} /usr/bin/python3 setup.py egg_info --egg-base ../../../build/utils build --build-base /home/spider/gwpspider_ws/build/utils/build install --record /home/spider/gwpspider_ws/build/utils/install.log --single-version-externally-managed
[3.247s] running egg_info
[3.258s] writing ../../../build/utils/utils.egg-info/PKG-INFO
[3.258s] writing dependency_links to ../../../build/utils/utils.egg-info/dependency_links.txt
[3.258s] writing entry points to ../../../build/utils/utils.egg-info/entry_points.txt
[3.259s] writing requirements to ../../../build/utils/utils.egg-info/requires.txt
[3.259s] writing top-level names to ../../../build/utils/utils.egg-info/top_level.txt
[3.259s] reading manifest file '../../../build/utils/utils.egg-info/SOURCES.txt'
[3.267s] writing manifest file '../../../build/utils/utils.egg-info/SOURCES.txt'
[3.269s] running build
[3.270s] running build_py
[3.270s] running install
[3.270s] /usr/lib/python3/dist-packages/setuptools/command/install.py:34: SetuptoolsDeprecationWarning: setup.py install is deprecated. Use build and pip and other standards-based tools.
[3.270s]   warnings.warn(
[3.272s] running install_lib
[3.272s] running install_data
[3.273s] running install_egg_info
[3.275s] removing '/home/spider/gwpspider_ws/install/utils/lib/python3.10/site-packages/utils-0.0.0-py3.10.egg-info' (and everything under it)
[3.276s] Copying ../../../build/utils/utils.egg-info to /home/spider/gwpspider_ws/install/utils/lib/python3.10/site-packages/utils-0.0.0-py3.10.egg-info
[3.280s] running install_scripts
[3.315s] writing list of installed files to '/home/spider/gwpspider_ws/build/utils/install.log'
[3.352s] Invoked command in '/home/spider/gwpspider_ws/src/gwpspider/utils' returned '0': PYTHONPATH=/home/spider/gwpspider_ws/build/utils/prefix_override:/home/spider/gwpspider_ws/install/utils/lib/python3.10/site-packages:${PYTHONPATH} /usr/bin/python3 setup.py egg_info --egg-base ../../../build/utils build --build-base /home/spider/gwpspider_ws/build/utils/build install --record /home/spider/gwpspider_ws/build/utils/install.log --single-version-externally-managed
