[2.376s] Invoking command in '/home/spider/gwpspider_ws/src/gwpspider/configuration': PYTHONPATH=/home/spider/gwpspider_ws/build/configuration/prefix_override:/home/spider/gwpspider_ws/install/configuration/lib/python3.10/site-packages:${PYTHONPATH} /usr/bin/python3 setup.py egg_info --egg-base ../../../build/configuration build --build-base /home/spider/gwpspider_ws/build/configuration/build install --record /home/spider/gwpspider_ws/build/configuration/install.log --single-version-externally-managed
[2.767s] running egg_info
[2.768s] writing ../../../build/configuration/configuration.egg-info/PKG-INFO
[2.776s] writing dependency_links to ../../../build/configuration/configuration.egg-info/dependency_links.txt
[2.776s] writing entry points to ../../../build/configuration/configuration.egg-info/entry_points.txt
[2.777s] writing requirements to ../../../build/configuration/configuration.egg-info/requires.txt
[2.777s] writing top-level names to ../../../build/configuration/configuration.egg-info/top_level.txt
[2.780s] reading manifest file '../../../build/configuration/configuration.egg-info/SOURCES.txt'
[2.781s] writing manifest file '../../../build/configuration/configuration.egg-info/SOURCES.txt'
[2.781s] running build
[2.803s] running build_py
[2.803s] copying configuration/robot_config.py -> /home/spider/gwpspider_ws/build/configuration/build/lib/configuration
[2.804s] running install
[2.804s] running install_lib
[2.804s] /usr/lib/python3/dist-packages/setuptools/command/install.py:34: SetuptoolsDeprecationWarning: setup.py install is deprecated. Use build and pip and other standards-based tools.
[2.805s]   warnings.warn(
[2.805s] copying /home/spider/gwpspider_ws/build/configuration/build/lib/configuration/robot_config.py -> /home/spider/gwpspider_ws/install/configuration/lib/python3.10/site-packages/configuration
[2.806s] byte-compiling /home/spider/gwpspider_ws/install/configuration/lib/python3.10/site-packages/configuration/robot_config.py to robot_config.cpython-310.pyc
[2.807s] running install_data
[2.807s] running install_egg_info
[2.809s] removing '/home/spider/gwpspider_ws/install/configuration/lib/python3.10/site-packages/configuration-0.0.0-py3.10.egg-info' (and everything under it)
[2.810s] Copying ../../../build/configuration/configuration.egg-info to /home/spider/gwpspider_ws/install/configuration/lib/python3.10/site-packages/configuration-0.0.0-py3.10.egg-info
[2.811s] running install_scripts
[2.859s] writing list of installed files to '/home/spider/gwpspider_ws/build/configuration/install.log'
[2.913s] Invoked command in '/home/spider/gwpspider_ws/src/gwpspider/configuration' returned '0': PYTHONPATH=/home/spider/gwpspider_ws/build/configuration/prefix_override:/home/spider/gwpspider_ws/install/configuration/lib/python3.10/site-packages:${PYTHONPATH} /usr/bin/python3 setup.py egg_info --egg-base ../../../build/configuration build --build-base /home/spider/gwpspider_ws/build/configuration/build install --record /home/spider/gwpspider_ws/build/configuration/install.log --single-version-externally-managed
