[0.528s] Invoking command in '/home/spider/gwpspider_ws/src/gwpspider/arduino_communication': PYTHONPATH=/home/spider/gwpspider_ws/build/arduino_communication/prefix_override:/home/spider/gwpspider_ws/install/arduino_communication/lib/python3.10/site-packages:${PYTHONPATH} /usr/bin/python3 setup.py egg_info --egg-base ../../../build/arduino_communication build --build-base /home/spider/gwpspider_ws/build/arduino_communication/build install --record /home/spider/gwpspider_ws/build/arduino_communication/install.log --single-version-externally-managed
[0.732s] running egg_info
[0.732s] writing ../../../build/arduino_communication/arduino_communication.egg-info/PKG-INFO
[0.732s] writing dependency_links to ../../../build/arduino_communication/arduino_communication.egg-info/dependency_links.txt
[0.733s] writing entry points to ../../../build/arduino_communication/arduino_communication.egg-info/entry_points.txt
[0.733s] writing requirements to ../../../build/arduino_communication/arduino_communication.egg-info/requires.txt
[0.733s] writing top-level names to ../../../build/arduino_communication/arduino_communication.egg-info/top_level.txt
[0.734s] reading manifest file '../../../build/arduino_communication/arduino_communication.egg-info/SOURCES.txt'
[0.735s] writing manifest file '../../../build/arduino_communication/arduino_communication.egg-info/SOURCES.txt'
[0.736s] running build
[0.736s] running build_py
[0.736s] running install
[0.736s] /usr/lib/python3/dist-packages/setuptools/command/install.py:34: SetuptoolsDeprecationWarning: setup.py install is deprecated. Use build and pip and other standards-based tools.
[0.736s]   warnings.warn(
[0.736s] running install_lib
[0.737s] running install_data
[0.738s] running install_egg_info
[0.739s] removing '/home/spider/gwpspider_ws/install/arduino_communication/lib/python3.10/site-packages/arduino_communication-0.0.0-py3.10.egg-info' (and everything under it)
[0.740s] Copying ../../../build/arduino_communication/arduino_communication.egg-info to /home/spider/gwpspider_ws/install/arduino_communication/lib/python3.10/site-packages/arduino_communication-0.0.0-py3.10.egg-info
[0.740s] running install_scripts
[0.760s] Installing grippers_controller script to /home/spider/gwpspider_ws/install/arduino_communication/lib/arduino_communication
[0.760s] writing list of installed files to '/home/spider/gwpspider_ws/build/arduino_communication/install.log'
[0.780s] Invoked command in '/home/spider/gwpspider_ws/src/gwpspider/arduino_communication' returned '0': PYTHONPATH=/home/spider/gwpspider_ws/build/arduino_communication/prefix_override:/home/spider/gwpspider_ws/install/arduino_communication/lib/python3.10/site-packages:${PYTHONPATH} /usr/bin/python3 setup.py egg_info --egg-base ../../../build/arduino_communication build --build-base /home/spider/gwpspider_ws/build/arduino_communication/build install --record /home/spider/gwpspider_ws/build/arduino_communication/install.log --single-version-externally-managed
